[2023-12-20T20:22:41.126+0000] {processor.py:157} INFO - Started process (PID=994) to work on /usr/local/lib/python3.10/dist-packages/airflow/example_dags/plugins/event_listener.py
[2023-12-20T20:22:41.127+0000] {processor.py:829} INFO - Processing file /usr/local/lib/python3.10/dist-packages/airflow/example_dags/plugins/event_listener.py for tasks to queue
[2023-12-20T20:22:41.128+0000] {logging_mixin.py:154} INFO - [2023-12-20T20:22:41.127+0000] {dagbag.py:536} INFO - Filling up the DagBag from /usr/local/lib/python3.10/dist-packages/airflow/example_dags/plugins/event_listener.py
[2023-12-20T20:22:41.130+0000] {processor.py:841} WARNING - No viable dags retrieved from /usr/local/lib/python3.10/dist-packages/airflow/example_dags/plugins/event_listener.py
[2023-12-20T20:22:41.140+0000] {processor.py:179} INFO - Processing /usr/local/lib/python3.10/dist-packages/airflow/example_dags/plugins/event_listener.py took 0.017 seconds
[2023-12-20T20:27:04.092+0000] {processor.py:157} INFO - Started process (PID=1318) to work on /usr/local/lib/python3.10/dist-packages/airflow/example_dags/plugins/event_listener.py
[2023-12-20T20:27:04.094+0000] {processor.py:829} INFO - Processing file /usr/local/lib/python3.10/dist-packages/airflow/example_dags/plugins/event_listener.py for tasks to queue
[2023-12-20T20:27:04.095+0000] {logging_mixin.py:154} INFO - [2023-12-20T20:27:04.095+0000] {dagbag.py:536} INFO - Filling up the DagBag from /usr/local/lib/python3.10/dist-packages/airflow/example_dags/plugins/event_listener.py
[2023-12-20T20:27:04.097+0000] {processor.py:841} WARNING - No viable dags retrieved from /usr/local/lib/python3.10/dist-packages/airflow/example_dags/plugins/event_listener.py
[2023-12-20T20:27:04.107+0000] {processor.py:179} INFO - Processing /usr/local/lib/python3.10/dist-packages/airflow/example_dags/plugins/event_listener.py took 0.017 seconds
[2023-12-20T20:29:09.714+0000] {processor.py:157} INFO - Started process (PID=1472) to work on /usr/local/lib/python3.10/dist-packages/airflow/example_dags/plugins/event_listener.py
[2023-12-20T20:29:09.715+0000] {processor.py:829} INFO - Processing file /usr/local/lib/python3.10/dist-packages/airflow/example_dags/plugins/event_listener.py for tasks to queue
[2023-12-20T20:29:09.716+0000] {logging_mixin.py:154} INFO - [2023-12-20T20:29:09.715+0000] {dagbag.py:536} INFO - Filling up the DagBag from /usr/local/lib/python3.10/dist-packages/airflow/example_dags/plugins/event_listener.py
[2023-12-20T20:29:09.718+0000] {processor.py:841} WARNING - No viable dags retrieved from /usr/local/lib/python3.10/dist-packages/airflow/example_dags/plugins/event_listener.py
[2023-12-20T20:29:09.729+0000] {processor.py:179} INFO - Processing /usr/local/lib/python3.10/dist-packages/airflow/example_dags/plugins/event_listener.py took 0.019 seconds
[2023-12-20T20:31:55.597+0000] {processor.py:157} INFO - Started process (PID=1687) to work on /usr/local/lib/python3.10/dist-packages/airflow/example_dags/plugins/event_listener.py
[2023-12-20T20:31:55.599+0000] {processor.py:829} INFO - Processing file /usr/local/lib/python3.10/dist-packages/airflow/example_dags/plugins/event_listener.py for tasks to queue
[2023-12-20T20:31:55.599+0000] {logging_mixin.py:154} INFO - [2023-12-20T20:31:55.599+0000] {dagbag.py:536} INFO - Filling up the DagBag from /usr/local/lib/python3.10/dist-packages/airflow/example_dags/plugins/event_listener.py
[2023-12-20T20:31:55.602+0000] {processor.py:841} WARNING - No viable dags retrieved from /usr/local/lib/python3.10/dist-packages/airflow/example_dags/plugins/event_listener.py
[2023-12-20T20:31:55.611+0000] {processor.py:179} INFO - Processing /usr/local/lib/python3.10/dist-packages/airflow/example_dags/plugins/event_listener.py took 0.017 seconds
[2023-12-20T20:35:21.110+0000] {processor.py:157} INFO - Started process (PID=1956) to work on /usr/local/lib/python3.10/dist-packages/airflow/example_dags/plugins/event_listener.py
[2023-12-20T20:35:21.112+0000] {processor.py:829} INFO - Processing file /usr/local/lib/python3.10/dist-packages/airflow/example_dags/plugins/event_listener.py for tasks to queue
[2023-12-20T20:35:21.112+0000] {logging_mixin.py:154} INFO - [2023-12-20T20:35:21.112+0000] {dagbag.py:536} INFO - Filling up the DagBag from /usr/local/lib/python3.10/dist-packages/airflow/example_dags/plugins/event_listener.py
[2023-12-20T20:35:21.115+0000] {processor.py:841} WARNING - No viable dags retrieved from /usr/local/lib/python3.10/dist-packages/airflow/example_dags/plugins/event_listener.py
[2023-12-20T20:35:21.124+0000] {processor.py:179} INFO - Processing /usr/local/lib/python3.10/dist-packages/airflow/example_dags/plugins/event_listener.py took 0.017 seconds
[2023-12-20T20:38:40.422+0000] {processor.py:157} INFO - Started process (PID=2215) to work on /usr/local/lib/python3.10/dist-packages/airflow/example_dags/plugins/event_listener.py
[2023-12-20T20:38:40.425+0000] {processor.py:829} INFO - Processing file /usr/local/lib/python3.10/dist-packages/airflow/example_dags/plugins/event_listener.py for tasks to queue
[2023-12-20T20:38:40.426+0000] {logging_mixin.py:154} INFO - [2023-12-20T20:38:40.426+0000] {dagbag.py:536} INFO - Filling up the DagBag from /usr/local/lib/python3.10/dist-packages/airflow/example_dags/plugins/event_listener.py
[2023-12-20T20:38:40.429+0000] {processor.py:841} WARNING - No viable dags retrieved from /usr/local/lib/python3.10/dist-packages/airflow/example_dags/plugins/event_listener.py
[2023-12-20T20:38:40.438+0000] {processor.py:179} INFO - Processing /usr/local/lib/python3.10/dist-packages/airflow/example_dags/plugins/event_listener.py took 0.019 seconds
[2023-12-20T20:42:12.298+0000] {processor.py:157} INFO - Started process (PID=2477) to work on /usr/local/lib/python3.10/dist-packages/airflow/example_dags/plugins/event_listener.py
[2023-12-20T20:42:12.299+0000] {processor.py:829} INFO - Processing file /usr/local/lib/python3.10/dist-packages/airflow/example_dags/plugins/event_listener.py for tasks to queue
[2023-12-20T20:42:12.300+0000] {logging_mixin.py:154} INFO - [2023-12-20T20:42:12.300+0000] {dagbag.py:536} INFO - Filling up the DagBag from /usr/local/lib/python3.10/dist-packages/airflow/example_dags/plugins/event_listener.py
[2023-12-20T20:42:12.303+0000] {processor.py:841} WARNING - No viable dags retrieved from /usr/local/lib/python3.10/dist-packages/airflow/example_dags/plugins/event_listener.py
[2023-12-20T20:42:12.313+0000] {processor.py:179} INFO - Processing /usr/local/lib/python3.10/dist-packages/airflow/example_dags/plugins/event_listener.py took 0.019 seconds
[2023-12-20T20:45:14.246+0000] {processor.py:157} INFO - Started process (PID=2695) to work on /usr/local/lib/python3.10/dist-packages/airflow/example_dags/plugins/event_listener.py
[2023-12-20T20:45:14.247+0000] {processor.py:829} INFO - Processing file /usr/local/lib/python3.10/dist-packages/airflow/example_dags/plugins/event_listener.py for tasks to queue
[2023-12-20T20:45:14.248+0000] {logging_mixin.py:154} INFO - [2023-12-20T20:45:14.248+0000] {dagbag.py:536} INFO - Filling up the DagBag from /usr/local/lib/python3.10/dist-packages/airflow/example_dags/plugins/event_listener.py
[2023-12-20T20:45:14.250+0000] {processor.py:841} WARNING - No viable dags retrieved from /usr/local/lib/python3.10/dist-packages/airflow/example_dags/plugins/event_listener.py
[2023-12-20T20:45:14.267+0000] {processor.py:179} INFO - Processing /usr/local/lib/python3.10/dist-packages/airflow/example_dags/plugins/event_listener.py took 0.024 seconds
[2023-12-20T20:48:08.873+0000] {processor.py:157} INFO - Started process (PID=2897) to work on /usr/local/lib/python3.10/dist-packages/airflow/example_dags/plugins/event_listener.py
[2023-12-20T20:48:08.875+0000] {processor.py:829} INFO - Processing file /usr/local/lib/python3.10/dist-packages/airflow/example_dags/plugins/event_listener.py for tasks to queue
[2023-12-20T20:48:08.875+0000] {logging_mixin.py:154} INFO - [2023-12-20T20:48:08.875+0000] {dagbag.py:536} INFO - Filling up the DagBag from /usr/local/lib/python3.10/dist-packages/airflow/example_dags/plugins/event_listener.py
[2023-12-20T20:48:08.878+0000] {processor.py:841} WARNING - No viable dags retrieved from /usr/local/lib/python3.10/dist-packages/airflow/example_dags/plugins/event_listener.py
[2023-12-20T20:48:08.888+0000] {processor.py:179} INFO - Processing /usr/local/lib/python3.10/dist-packages/airflow/example_dags/plugins/event_listener.py took 0.019 seconds
[2023-12-20T20:51:04.678+0000] {processor.py:157} INFO - Started process (PID=3112) to work on /usr/local/lib/python3.10/dist-packages/airflow/example_dags/plugins/event_listener.py
[2023-12-20T20:51:04.683+0000] {processor.py:829} INFO - Processing file /usr/local/lib/python3.10/dist-packages/airflow/example_dags/plugins/event_listener.py for tasks to queue
[2023-12-20T20:51:04.684+0000] {logging_mixin.py:154} INFO - [2023-12-20T20:51:04.683+0000] {dagbag.py:536} INFO - Filling up the DagBag from /usr/local/lib/python3.10/dist-packages/airflow/example_dags/plugins/event_listener.py
[2023-12-20T20:51:04.686+0000] {processor.py:841} WARNING - No viable dags retrieved from /usr/local/lib/python3.10/dist-packages/airflow/example_dags/plugins/event_listener.py
[2023-12-20T20:51:04.696+0000] {processor.py:179} INFO - Processing /usr/local/lib/python3.10/dist-packages/airflow/example_dags/plugins/event_listener.py took 0.021 seconds
[2023-12-20T20:54:33.612+0000] {processor.py:157} INFO - Started process (PID=10749) to work on /usr/local/lib/python3.10/dist-packages/airflow/example_dags/plugins/event_listener.py
[2023-12-20T20:54:33.622+0000] {processor.py:829} INFO - Processing file /usr/local/lib/python3.10/dist-packages/airflow/example_dags/plugins/event_listener.py for tasks to queue
[2023-12-20T20:54:33.623+0000] {logging_mixin.py:154} INFO - [2023-12-20T20:54:33.623+0000] {dagbag.py:536} INFO - Filling up the DagBag from /usr/local/lib/python3.10/dist-packages/airflow/example_dags/plugins/event_listener.py
[2023-12-20T20:54:33.627+0000] {processor.py:841} WARNING - No viable dags retrieved from /usr/local/lib/python3.10/dist-packages/airflow/example_dags/plugins/event_listener.py
[2023-12-20T20:54:33.640+0000] {processor.py:179} INFO - Processing /usr/local/lib/python3.10/dist-packages/airflow/example_dags/plugins/event_listener.py took 0.032 seconds
[2023-12-20T20:57:39.102+0000] {processor.py:157} INFO - Started process (PID=20337) to work on /usr/local/lib/python3.10/dist-packages/airflow/example_dags/plugins/event_listener.py
[2023-12-20T20:57:39.103+0000] {processor.py:829} INFO - Processing file /usr/local/lib/python3.10/dist-packages/airflow/example_dags/plugins/event_listener.py for tasks to queue
[2023-12-20T20:57:39.104+0000] {logging_mixin.py:154} INFO - [2023-12-20T20:57:39.104+0000] {dagbag.py:536} INFO - Filling up the DagBag from /usr/local/lib/python3.10/dist-packages/airflow/example_dags/plugins/event_listener.py
[2023-12-20T20:57:39.107+0000] {processor.py:841} WARNING - No viable dags retrieved from /usr/local/lib/python3.10/dist-packages/airflow/example_dags/plugins/event_listener.py
[2023-12-20T20:57:39.118+0000] {processor.py:179} INFO - Processing /usr/local/lib/python3.10/dist-packages/airflow/example_dags/plugins/event_listener.py took 0.020 seconds
[2023-12-20T20:59:50.075+0000] {processor.py:157} INFO - Started process (PID=20517) to work on /usr/local/lib/python3.10/dist-packages/airflow/example_dags/plugins/event_listener.py
[2023-12-20T20:59:50.077+0000] {processor.py:829} INFO - Processing file /usr/local/lib/python3.10/dist-packages/airflow/example_dags/plugins/event_listener.py for tasks to queue
[2023-12-20T20:59:50.077+0000] {logging_mixin.py:154} INFO - [2023-12-20T20:59:50.077+0000] {dagbag.py:536} INFO - Filling up the DagBag from /usr/local/lib/python3.10/dist-packages/airflow/example_dags/plugins/event_listener.py
[2023-12-20T20:59:50.081+0000] {processor.py:841} WARNING - No viable dags retrieved from /usr/local/lib/python3.10/dist-packages/airflow/example_dags/plugins/event_listener.py
[2023-12-20T20:59:50.092+0000] {processor.py:179} INFO - Processing /usr/local/lib/python3.10/dist-packages/airflow/example_dags/plugins/event_listener.py took 0.020 seconds
[2023-12-20T21:01:49.709+0000] {processor.py:157} INFO - Started process (PID=20684) to work on /usr/local/lib/python3.10/dist-packages/airflow/example_dags/plugins/event_listener.py
[2023-12-20T21:01:49.710+0000] {processor.py:829} INFO - Processing file /usr/local/lib/python3.10/dist-packages/airflow/example_dags/plugins/event_listener.py for tasks to queue
[2023-12-20T21:01:49.711+0000] {logging_mixin.py:154} INFO - [2023-12-20T21:01:49.711+0000] {dagbag.py:536} INFO - Filling up the DagBag from /usr/local/lib/python3.10/dist-packages/airflow/example_dags/plugins/event_listener.py
[2023-12-20T21:01:49.713+0000] {processor.py:841} WARNING - No viable dags retrieved from /usr/local/lib/python3.10/dist-packages/airflow/example_dags/plugins/event_listener.py
[2023-12-20T21:01:49.724+0000] {processor.py:179} INFO - Processing /usr/local/lib/python3.10/dist-packages/airflow/example_dags/plugins/event_listener.py took 0.020 seconds
[2023-12-20T21:03:46.717+0000] {processor.py:157} INFO - Started process (PID=20852) to work on /usr/local/lib/python3.10/dist-packages/airflow/example_dags/plugins/event_listener.py
[2023-12-20T21:03:46.718+0000] {processor.py:829} INFO - Processing file /usr/local/lib/python3.10/dist-packages/airflow/example_dags/plugins/event_listener.py for tasks to queue
[2023-12-20T21:03:46.719+0000] {logging_mixin.py:154} INFO - [2023-12-20T21:03:46.719+0000] {dagbag.py:536} INFO - Filling up the DagBag from /usr/local/lib/python3.10/dist-packages/airflow/example_dags/plugins/event_listener.py
[2023-12-20T21:03:46.722+0000] {processor.py:841} WARNING - No viable dags retrieved from /usr/local/lib/python3.10/dist-packages/airflow/example_dags/plugins/event_listener.py
[2023-12-20T21:03:46.731+0000] {processor.py:179} INFO - Processing /usr/local/lib/python3.10/dist-packages/airflow/example_dags/plugins/event_listener.py took 0.017 seconds
[2023-12-20T21:05:43.264+0000] {processor.py:157} INFO - Started process (PID=21017) to work on /usr/local/lib/python3.10/dist-packages/airflow/example_dags/plugins/event_listener.py
[2023-12-20T21:05:43.266+0000] {processor.py:829} INFO - Processing file /usr/local/lib/python3.10/dist-packages/airflow/example_dags/plugins/event_listener.py for tasks to queue
[2023-12-20T21:05:43.267+0000] {logging_mixin.py:154} INFO - [2023-12-20T21:05:43.266+0000] {dagbag.py:536} INFO - Filling up the DagBag from /usr/local/lib/python3.10/dist-packages/airflow/example_dags/plugins/event_listener.py
[2023-12-20T21:05:43.269+0000] {processor.py:841} WARNING - No viable dags retrieved from /usr/local/lib/python3.10/dist-packages/airflow/example_dags/plugins/event_listener.py
[2023-12-20T21:05:43.279+0000] {processor.py:179} INFO - Processing /usr/local/lib/python3.10/dist-packages/airflow/example_dags/plugins/event_listener.py took 0.018 seconds
[2023-12-20T21:07:37.530+0000] {processor.py:157} INFO - Started process (PID=21181) to work on /usr/local/lib/python3.10/dist-packages/airflow/example_dags/plugins/event_listener.py
[2023-12-20T21:07:37.535+0000] {processor.py:829} INFO - Processing file /usr/local/lib/python3.10/dist-packages/airflow/example_dags/plugins/event_listener.py for tasks to queue
[2023-12-20T21:07:37.536+0000] {logging_mixin.py:154} INFO - [2023-12-20T21:07:37.535+0000] {dagbag.py:536} INFO - Filling up the DagBag from /usr/local/lib/python3.10/dist-packages/airflow/example_dags/plugins/event_listener.py
[2023-12-20T21:07:37.538+0000] {processor.py:841} WARNING - No viable dags retrieved from /usr/local/lib/python3.10/dist-packages/airflow/example_dags/plugins/event_listener.py
[2023-12-20T21:07:37.548+0000] {processor.py:179} INFO - Processing /usr/local/lib/python3.10/dist-packages/airflow/example_dags/plugins/event_listener.py took 0.021 seconds
[2023-12-20T21:09:32.525+0000] {processor.py:157} INFO - Started process (PID=21359) to work on /usr/local/lib/python3.10/dist-packages/airflow/example_dags/plugins/event_listener.py
[2023-12-20T21:09:32.558+0000] {processor.py:829} INFO - Processing file /usr/local/lib/python3.10/dist-packages/airflow/example_dags/plugins/event_listener.py for tasks to queue
[2023-12-20T21:09:32.559+0000] {logging_mixin.py:154} INFO - [2023-12-20T21:09:32.558+0000] {dagbag.py:536} INFO - Filling up the DagBag from /usr/local/lib/python3.10/dist-packages/airflow/example_dags/plugins/event_listener.py
[2023-12-20T21:09:32.561+0000] {processor.py:841} WARNING - No viable dags retrieved from /usr/local/lib/python3.10/dist-packages/airflow/example_dags/plugins/event_listener.py
[2023-12-20T21:09:32.583+0000] {processor.py:179} INFO - Processing /usr/local/lib/python3.10/dist-packages/airflow/example_dags/plugins/event_listener.py took 0.061 seconds
[2023-12-20T21:11:27.352+0000] {processor.py:157} INFO - Started process (PID=21527) to work on /usr/local/lib/python3.10/dist-packages/airflow/example_dags/plugins/event_listener.py
[2023-12-20T21:11:27.354+0000] {processor.py:829} INFO - Processing file /usr/local/lib/python3.10/dist-packages/airflow/example_dags/plugins/event_listener.py for tasks to queue
[2023-12-20T21:11:27.355+0000] {logging_mixin.py:154} INFO - [2023-12-20T21:11:27.354+0000] {dagbag.py:536} INFO - Filling up the DagBag from /usr/local/lib/python3.10/dist-packages/airflow/example_dags/plugins/event_listener.py
[2023-12-20T21:11:27.357+0000] {processor.py:841} WARNING - No viable dags retrieved from /usr/local/lib/python3.10/dist-packages/airflow/example_dags/plugins/event_listener.py
[2023-12-20T21:11:27.367+0000] {processor.py:179} INFO - Processing /usr/local/lib/python3.10/dist-packages/airflow/example_dags/plugins/event_listener.py took 0.017 seconds
[2023-12-20T21:13:22.645+0000] {processor.py:157} INFO - Started process (PID=21696) to work on /usr/local/lib/python3.10/dist-packages/airflow/example_dags/plugins/event_listener.py
[2023-12-20T21:13:22.673+0000] {processor.py:829} INFO - Processing file /usr/local/lib/python3.10/dist-packages/airflow/example_dags/plugins/event_listener.py for tasks to queue
[2023-12-20T21:13:22.674+0000] {logging_mixin.py:154} INFO - [2023-12-20T21:13:22.673+0000] {dagbag.py:536} INFO - Filling up the DagBag from /usr/local/lib/python3.10/dist-packages/airflow/example_dags/plugins/event_listener.py
[2023-12-20T21:13:22.676+0000] {processor.py:841} WARNING - No viable dags retrieved from /usr/local/lib/python3.10/dist-packages/airflow/example_dags/plugins/event_listener.py
[2023-12-20T21:13:22.685+0000] {processor.py:179} INFO - Processing /usr/local/lib/python3.10/dist-packages/airflow/example_dags/plugins/event_listener.py took 0.043 seconds
[2023-12-20T21:15:15.482+0000] {processor.py:157} INFO - Started process (PID=21861) to work on /usr/local/lib/python3.10/dist-packages/airflow/example_dags/plugins/event_listener.py
[2023-12-20T21:15:15.484+0000] {processor.py:829} INFO - Processing file /usr/local/lib/python3.10/dist-packages/airflow/example_dags/plugins/event_listener.py for tasks to queue
[2023-12-20T21:15:15.485+0000] {logging_mixin.py:154} INFO - [2023-12-20T21:15:15.484+0000] {dagbag.py:536} INFO - Filling up the DagBag from /usr/local/lib/python3.10/dist-packages/airflow/example_dags/plugins/event_listener.py
[2023-12-20T21:15:15.487+0000] {processor.py:841} WARNING - No viable dags retrieved from /usr/local/lib/python3.10/dist-packages/airflow/example_dags/plugins/event_listener.py
[2023-12-20T21:15:15.497+0000] {processor.py:179} INFO - Processing /usr/local/lib/python3.10/dist-packages/airflow/example_dags/plugins/event_listener.py took 0.018 seconds
[2023-12-20T21:17:11.237+0000] {processor.py:157} INFO - Started process (PID=22029) to work on /usr/local/lib/python3.10/dist-packages/airflow/example_dags/plugins/event_listener.py
[2023-12-20T21:17:11.239+0000] {processor.py:829} INFO - Processing file /usr/local/lib/python3.10/dist-packages/airflow/example_dags/plugins/event_listener.py for tasks to queue
[2023-12-20T21:17:11.240+0000] {logging_mixin.py:154} INFO - [2023-12-20T21:17:11.239+0000] {dagbag.py:536} INFO - Filling up the DagBag from /usr/local/lib/python3.10/dist-packages/airflow/example_dags/plugins/event_listener.py
[2023-12-20T21:17:11.242+0000] {processor.py:841} WARNING - No viable dags retrieved from /usr/local/lib/python3.10/dist-packages/airflow/example_dags/plugins/event_listener.py
[2023-12-20T21:17:11.254+0000] {processor.py:179} INFO - Processing /usr/local/lib/python3.10/dist-packages/airflow/example_dags/plugins/event_listener.py took 0.021 seconds
[2023-12-20T21:19:06.665+0000] {processor.py:157} INFO - Started process (PID=22194) to work on /usr/local/lib/python3.10/dist-packages/airflow/example_dags/plugins/event_listener.py
[2023-12-20T21:19:06.666+0000] {processor.py:829} INFO - Processing file /usr/local/lib/python3.10/dist-packages/airflow/example_dags/plugins/event_listener.py for tasks to queue
[2023-12-20T21:19:06.667+0000] {logging_mixin.py:154} INFO - [2023-12-20T21:19:06.666+0000] {dagbag.py:536} INFO - Filling up the DagBag from /usr/local/lib/python3.10/dist-packages/airflow/example_dags/plugins/event_listener.py
[2023-12-20T21:19:06.669+0000] {processor.py:841} WARNING - No viable dags retrieved from /usr/local/lib/python3.10/dist-packages/airflow/example_dags/plugins/event_listener.py
[2023-12-20T21:19:06.678+0000] {processor.py:179} INFO - Processing /usr/local/lib/python3.10/dist-packages/airflow/example_dags/plugins/event_listener.py took 0.017 seconds
[2023-12-20T21:21:03.142+0000] {processor.py:157} INFO - Started process (PID=22359) to work on /usr/local/lib/python3.10/dist-packages/airflow/example_dags/plugins/event_listener.py
[2023-12-20T21:21:03.143+0000] {processor.py:829} INFO - Processing file /usr/local/lib/python3.10/dist-packages/airflow/example_dags/plugins/event_listener.py for tasks to queue
[2023-12-20T21:21:03.144+0000] {logging_mixin.py:154} INFO - [2023-12-20T21:21:03.144+0000] {dagbag.py:536} INFO - Filling up the DagBag from /usr/local/lib/python3.10/dist-packages/airflow/example_dags/plugins/event_listener.py
[2023-12-20T21:21:03.146+0000] {processor.py:841} WARNING - No viable dags retrieved from /usr/local/lib/python3.10/dist-packages/airflow/example_dags/plugins/event_listener.py
[2023-12-20T21:21:03.157+0000] {processor.py:179} INFO - Processing /usr/local/lib/python3.10/dist-packages/airflow/example_dags/plugins/event_listener.py took 0.019 seconds
[2023-12-20T21:23:00.377+0000] {processor.py:157} INFO - Started process (PID=22525) to work on /usr/local/lib/python3.10/dist-packages/airflow/example_dags/plugins/event_listener.py
[2023-12-20T21:23:00.379+0000] {processor.py:829} INFO - Processing file /usr/local/lib/python3.10/dist-packages/airflow/example_dags/plugins/event_listener.py for tasks to queue
[2023-12-20T21:23:00.380+0000] {logging_mixin.py:154} INFO - [2023-12-20T21:23:00.380+0000] {dagbag.py:536} INFO - Filling up the DagBag from /usr/local/lib/python3.10/dist-packages/airflow/example_dags/plugins/event_listener.py
[2023-12-20T21:23:00.382+0000] {processor.py:841} WARNING - No viable dags retrieved from /usr/local/lib/python3.10/dist-packages/airflow/example_dags/plugins/event_listener.py
[2023-12-20T21:23:00.403+0000] {processor.py:179} INFO - Processing /usr/local/lib/python3.10/dist-packages/airflow/example_dags/plugins/event_listener.py took 0.029 seconds
[2023-12-20T21:25:42.739+0000] {processor.py:157} INFO - Started process (PID=22691) to work on /usr/local/lib/python3.10/dist-packages/airflow/example_dags/plugins/event_listener.py
[2023-12-20T21:25:42.740+0000] {processor.py:829} INFO - Processing file /usr/local/lib/python3.10/dist-packages/airflow/example_dags/plugins/event_listener.py for tasks to queue
[2023-12-20T21:25:42.741+0000] {logging_mixin.py:154} INFO - [2023-12-20T21:25:42.741+0000] {dagbag.py:536} INFO - Filling up the DagBag from /usr/local/lib/python3.10/dist-packages/airflow/example_dags/plugins/event_listener.py
[2023-12-20T21:25:42.743+0000] {processor.py:841} WARNING - No viable dags retrieved from /usr/local/lib/python3.10/dist-packages/airflow/example_dags/plugins/event_listener.py
[2023-12-20T21:25:42.811+0000] {processor.py:179} INFO - Processing /usr/local/lib/python3.10/dist-packages/airflow/example_dags/plugins/event_listener.py took 0.075 seconds
[2023-12-20T21:30:13.133+0000] {processor.py:157} INFO - Started process (PID=22875) to work on /usr/local/lib/python3.10/dist-packages/airflow/example_dags/plugins/event_listener.py
[2023-12-20T21:30:13.134+0000] {processor.py:829} INFO - Processing file /usr/local/lib/python3.10/dist-packages/airflow/example_dags/plugins/event_listener.py for tasks to queue
[2023-12-20T21:30:13.135+0000] {logging_mixin.py:154} INFO - [2023-12-20T21:30:13.134+0000] {dagbag.py:536} INFO - Filling up the DagBag from /usr/local/lib/python3.10/dist-packages/airflow/example_dags/plugins/event_listener.py
[2023-12-20T21:30:13.137+0000] {processor.py:841} WARNING - No viable dags retrieved from /usr/local/lib/python3.10/dist-packages/airflow/example_dags/plugins/event_listener.py
[2023-12-20T21:30:13.150+0000] {processor.py:179} INFO - Processing /usr/local/lib/python3.10/dist-packages/airflow/example_dags/plugins/event_listener.py took 0.020 seconds
[2023-12-20T21:34:48.986+0000] {processor.py:157} INFO - Started process (PID=23060) to work on /usr/local/lib/python3.10/dist-packages/airflow/example_dags/plugins/event_listener.py
[2023-12-20T21:34:48.987+0000] {processor.py:829} INFO - Processing file /usr/local/lib/python3.10/dist-packages/airflow/example_dags/plugins/event_listener.py for tasks to queue
[2023-12-20T21:34:48.988+0000] {logging_mixin.py:154} INFO - [2023-12-20T21:34:48.988+0000] {dagbag.py:536} INFO - Filling up the DagBag from /usr/local/lib/python3.10/dist-packages/airflow/example_dags/plugins/event_listener.py
[2023-12-20T21:34:48.991+0000] {processor.py:841} WARNING - No viable dags retrieved from /usr/local/lib/python3.10/dist-packages/airflow/example_dags/plugins/event_listener.py
[2023-12-20T21:34:49.047+0000] {processor.py:179} INFO - Processing /usr/local/lib/python3.10/dist-packages/airflow/example_dags/plugins/event_listener.py took 0.066 seconds
