[2023-12-20T20:22:30.723+0000] {processor.py:157} INFO - Started process (PID=980) to work on /usr/local/lib/python3.10/dist-packages/airflow/example_dags/plugins/listener_plugin.py
[2023-12-20T20:22:30.724+0000] {processor.py:829} INFO - Processing file /usr/local/lib/python3.10/dist-packages/airflow/example_dags/plugins/listener_plugin.py for tasks to queue
[2023-12-20T20:22:30.725+0000] {logging_mixin.py:154} INFO - [2023-12-20T20:22:30.725+0000] {dagbag.py:536} INFO - Filling up the DagBag from /usr/local/lib/python3.10/dist-packages/airflow/example_dags/plugins/listener_plugin.py
[2023-12-20T20:22:30.732+0000] {processor.py:841} WARNING - No viable dags retrieved from /usr/local/lib/python3.10/dist-packages/airflow/example_dags/plugins/listener_plugin.py
[2023-12-20T20:22:30.740+0000] {processor.py:179} INFO - Processing /usr/local/lib/python3.10/dist-packages/airflow/example_dags/plugins/listener_plugin.py took 0.019 seconds
[2023-12-20T20:26:49.526+0000] {processor.py:157} INFO - Started process (PID=1300) to work on /usr/local/lib/python3.10/dist-packages/airflow/example_dags/plugins/listener_plugin.py
[2023-12-20T20:26:49.536+0000] {processor.py:829} INFO - Processing file /usr/local/lib/python3.10/dist-packages/airflow/example_dags/plugins/listener_plugin.py for tasks to queue
[2023-12-20T20:26:49.538+0000] {logging_mixin.py:154} INFO - [2023-12-20T20:26:49.537+0000] {dagbag.py:536} INFO - Filling up the DagBag from /usr/local/lib/python3.10/dist-packages/airflow/example_dags/plugins/listener_plugin.py
[2023-12-20T20:26:49.541+0000] {processor.py:841} WARNING - No viable dags retrieved from /usr/local/lib/python3.10/dist-packages/airflow/example_dags/plugins/listener_plugin.py
[2023-12-20T20:26:49.553+0000] {processor.py:179} INFO - Processing /usr/local/lib/python3.10/dist-packages/airflow/example_dags/plugins/listener_plugin.py took 0.030 seconds
[2023-12-20T20:29:00.788+0000] {processor.py:157} INFO - Started process (PID=1459) to work on /usr/local/lib/python3.10/dist-packages/airflow/example_dags/plugins/listener_plugin.py
[2023-12-20T20:29:00.790+0000] {processor.py:829} INFO - Processing file /usr/local/lib/python3.10/dist-packages/airflow/example_dags/plugins/listener_plugin.py for tasks to queue
[2023-12-20T20:29:00.790+0000] {logging_mixin.py:154} INFO - [2023-12-20T20:29:00.790+0000] {dagbag.py:536} INFO - Filling up the DagBag from /usr/local/lib/python3.10/dist-packages/airflow/example_dags/plugins/listener_plugin.py
[2023-12-20T20:29:00.793+0000] {processor.py:841} WARNING - No viable dags retrieved from /usr/local/lib/python3.10/dist-packages/airflow/example_dags/plugins/listener_plugin.py
[2023-12-20T20:29:00.803+0000] {processor.py:179} INFO - Processing /usr/local/lib/python3.10/dist-packages/airflow/example_dags/plugins/listener_plugin.py took 0.019 seconds
[2023-12-20T20:31:46.412+0000] {processor.py:157} INFO - Started process (PID=1674) to work on /usr/local/lib/python3.10/dist-packages/airflow/example_dags/plugins/listener_plugin.py
[2023-12-20T20:31:46.413+0000] {processor.py:829} INFO - Processing file /usr/local/lib/python3.10/dist-packages/airflow/example_dags/plugins/listener_plugin.py for tasks to queue
[2023-12-20T20:31:46.414+0000] {logging_mixin.py:154} INFO - [2023-12-20T20:31:46.413+0000] {dagbag.py:536} INFO - Filling up the DagBag from /usr/local/lib/python3.10/dist-packages/airflow/example_dags/plugins/listener_plugin.py
[2023-12-20T20:31:46.416+0000] {processor.py:841} WARNING - No viable dags retrieved from /usr/local/lib/python3.10/dist-packages/airflow/example_dags/plugins/listener_plugin.py
[2023-12-20T20:31:46.427+0000] {processor.py:179} INFO - Processing /usr/local/lib/python3.10/dist-packages/airflow/example_dags/plugins/listener_plugin.py took 0.018 seconds
[2023-12-20T20:35:12.091+0000] {processor.py:157} INFO - Started process (PID=1943) to work on /usr/local/lib/python3.10/dist-packages/airflow/example_dags/plugins/listener_plugin.py
[2023-12-20T20:35:12.092+0000] {processor.py:829} INFO - Processing file /usr/local/lib/python3.10/dist-packages/airflow/example_dags/plugins/listener_plugin.py for tasks to queue
[2023-12-20T20:35:12.094+0000] {logging_mixin.py:154} INFO - [2023-12-20T20:35:12.093+0000] {dagbag.py:536} INFO - Filling up the DagBag from /usr/local/lib/python3.10/dist-packages/airflow/example_dags/plugins/listener_plugin.py
[2023-12-20T20:35:12.096+0000] {processor.py:841} WARNING - No viable dags retrieved from /usr/local/lib/python3.10/dist-packages/airflow/example_dags/plugins/listener_plugin.py
[2023-12-20T20:35:12.106+0000] {processor.py:179} INFO - Processing /usr/local/lib/python3.10/dist-packages/airflow/example_dags/plugins/listener_plugin.py took 0.018 seconds
[2023-12-20T20:38:29.954+0000] {processor.py:157} INFO - Started process (PID=2202) to work on /usr/local/lib/python3.10/dist-packages/airflow/example_dags/plugins/listener_plugin.py
[2023-12-20T20:38:29.955+0000] {processor.py:829} INFO - Processing file /usr/local/lib/python3.10/dist-packages/airflow/example_dags/plugins/listener_plugin.py for tasks to queue
[2023-12-20T20:38:29.956+0000] {logging_mixin.py:154} INFO - [2023-12-20T20:38:29.955+0000] {dagbag.py:536} INFO - Filling up the DagBag from /usr/local/lib/python3.10/dist-packages/airflow/example_dags/plugins/listener_plugin.py
[2023-12-20T20:38:29.958+0000] {processor.py:841} WARNING - No viable dags retrieved from /usr/local/lib/python3.10/dist-packages/airflow/example_dags/plugins/listener_plugin.py
[2023-12-20T20:38:29.968+0000] {processor.py:179} INFO - Processing /usr/local/lib/python3.10/dist-packages/airflow/example_dags/plugins/listener_plugin.py took 0.017 seconds
[2023-12-20T20:42:02.805+0000] {processor.py:157} INFO - Started process (PID=2464) to work on /usr/local/lib/python3.10/dist-packages/airflow/example_dags/plugins/listener_plugin.py
[2023-12-20T20:42:02.827+0000] {processor.py:829} INFO - Processing file /usr/local/lib/python3.10/dist-packages/airflow/example_dags/plugins/listener_plugin.py for tasks to queue
[2023-12-20T20:42:02.828+0000] {logging_mixin.py:154} INFO - [2023-12-20T20:42:02.827+0000] {dagbag.py:536} INFO - Filling up the DagBag from /usr/local/lib/python3.10/dist-packages/airflow/example_dags/plugins/listener_plugin.py
[2023-12-20T20:42:02.832+0000] {processor.py:841} WARNING - No viable dags retrieved from /usr/local/lib/python3.10/dist-packages/airflow/example_dags/plugins/listener_plugin.py
[2023-12-20T20:42:02.845+0000] {processor.py:179} INFO - Processing /usr/local/lib/python3.10/dist-packages/airflow/example_dags/plugins/listener_plugin.py took 0.043 seconds
[2023-12-20T20:45:04.014+0000] {processor.py:157} INFO - Started process (PID=2682) to work on /usr/local/lib/python3.10/dist-packages/airflow/example_dags/plugins/listener_plugin.py
[2023-12-20T20:45:04.041+0000] {processor.py:829} INFO - Processing file /usr/local/lib/python3.10/dist-packages/airflow/example_dags/plugins/listener_plugin.py for tasks to queue
[2023-12-20T20:45:04.042+0000] {logging_mixin.py:154} INFO - [2023-12-20T20:45:04.042+0000] {dagbag.py:536} INFO - Filling up the DagBag from /usr/local/lib/python3.10/dist-packages/airflow/example_dags/plugins/listener_plugin.py
[2023-12-20T20:45:04.057+0000] {processor.py:841} WARNING - No viable dags retrieved from /usr/local/lib/python3.10/dist-packages/airflow/example_dags/plugins/listener_plugin.py
[2023-12-20T20:45:04.077+0000] {processor.py:179} INFO - Processing /usr/local/lib/python3.10/dist-packages/airflow/example_dags/plugins/listener_plugin.py took 0.066 seconds
[2023-12-20T20:47:58.809+0000] {processor.py:157} INFO - Started process (PID=2884) to work on /usr/local/lib/python3.10/dist-packages/airflow/example_dags/plugins/listener_plugin.py
[2023-12-20T20:47:58.811+0000] {processor.py:829} INFO - Processing file /usr/local/lib/python3.10/dist-packages/airflow/example_dags/plugins/listener_plugin.py for tasks to queue
[2023-12-20T20:47:58.812+0000] {logging_mixin.py:154} INFO - [2023-12-20T20:47:58.812+0000] {dagbag.py:536} INFO - Filling up the DagBag from /usr/local/lib/python3.10/dist-packages/airflow/example_dags/plugins/listener_plugin.py
[2023-12-20T20:47:58.815+0000] {processor.py:841} WARNING - No viable dags retrieved from /usr/local/lib/python3.10/dist-packages/airflow/example_dags/plugins/listener_plugin.py
[2023-12-20T20:47:58.836+0000] {processor.py:179} INFO - Processing /usr/local/lib/python3.10/dist-packages/airflow/example_dags/plugins/listener_plugin.py took 0.030 seconds
[2023-12-20T20:50:45.811+0000] {processor.py:157} INFO - Started process (PID=3089) to work on /usr/local/lib/python3.10/dist-packages/airflow/example_dags/plugins/listener_plugin.py
[2023-12-20T20:50:45.812+0000] {processor.py:829} INFO - Processing file /usr/local/lib/python3.10/dist-packages/airflow/example_dags/plugins/listener_plugin.py for tasks to queue
[2023-12-20T20:50:45.813+0000] {logging_mixin.py:154} INFO - [2023-12-20T20:50:45.813+0000] {dagbag.py:536} INFO - Filling up the DagBag from /usr/local/lib/python3.10/dist-packages/airflow/example_dags/plugins/listener_plugin.py
[2023-12-20T20:50:45.816+0000] {processor.py:841} WARNING - No viable dags retrieved from /usr/local/lib/python3.10/dist-packages/airflow/example_dags/plugins/listener_plugin.py
[2023-12-20T20:50:45.827+0000] {processor.py:179} INFO - Processing /usr/local/lib/python3.10/dist-packages/airflow/example_dags/plugins/listener_plugin.py took 0.020 seconds
[2023-12-20T20:54:26.425+0000] {processor.py:157} INFO - Started process (PID=10529) to work on /usr/local/lib/python3.10/dist-packages/airflow/example_dags/plugins/listener_plugin.py
[2023-12-20T20:54:26.427+0000] {processor.py:829} INFO - Processing file /usr/local/lib/python3.10/dist-packages/airflow/example_dags/plugins/listener_plugin.py for tasks to queue
[2023-12-20T20:54:26.428+0000] {logging_mixin.py:154} INFO - [2023-12-20T20:54:26.427+0000] {dagbag.py:536} INFO - Filling up the DagBag from /usr/local/lib/python3.10/dist-packages/airflow/example_dags/plugins/listener_plugin.py
[2023-12-20T20:54:26.432+0000] {processor.py:841} WARNING - No viable dags retrieved from /usr/local/lib/python3.10/dist-packages/airflow/example_dags/plugins/listener_plugin.py
[2023-12-20T20:54:26.445+0000] {processor.py:179} INFO - Processing /usr/local/lib/python3.10/dist-packages/airflow/example_dags/plugins/listener_plugin.py took 0.024 seconds
[2023-12-20T20:57:33.672+0000] {processor.py:157} INFO - Started process (PID=20329) to work on /usr/local/lib/python3.10/dist-packages/airflow/example_dags/plugins/listener_plugin.py
[2023-12-20T20:57:33.674+0000] {processor.py:829} INFO - Processing file /usr/local/lib/python3.10/dist-packages/airflow/example_dags/plugins/listener_plugin.py for tasks to queue
[2023-12-20T20:57:33.675+0000] {logging_mixin.py:154} INFO - [2023-12-20T20:57:33.675+0000] {dagbag.py:536} INFO - Filling up the DagBag from /usr/local/lib/python3.10/dist-packages/airflow/example_dags/plugins/listener_plugin.py
[2023-12-20T20:57:33.680+0000] {processor.py:841} WARNING - No viable dags retrieved from /usr/local/lib/python3.10/dist-packages/airflow/example_dags/plugins/listener_plugin.py
[2023-12-20T20:57:33.694+0000] {processor.py:179} INFO - Processing /usr/local/lib/python3.10/dist-packages/airflow/example_dags/plugins/listener_plugin.py took 0.027 seconds
[2023-12-20T20:59:41.451+0000] {processor.py:157} INFO - Started process (PID=20504) to work on /usr/local/lib/python3.10/dist-packages/airflow/example_dags/plugins/listener_plugin.py
[2023-12-20T20:59:41.453+0000] {processor.py:829} INFO - Processing file /usr/local/lib/python3.10/dist-packages/airflow/example_dags/plugins/listener_plugin.py for tasks to queue
[2023-12-20T20:59:41.454+0000] {logging_mixin.py:154} INFO - [2023-12-20T20:59:41.453+0000] {dagbag.py:536} INFO - Filling up the DagBag from /usr/local/lib/python3.10/dist-packages/airflow/example_dags/plugins/listener_plugin.py
[2023-12-20T20:59:41.457+0000] {processor.py:841} WARNING - No viable dags retrieved from /usr/local/lib/python3.10/dist-packages/airflow/example_dags/plugins/listener_plugin.py
[2023-12-20T20:59:41.469+0000] {processor.py:179} INFO - Processing /usr/local/lib/python3.10/dist-packages/airflow/example_dags/plugins/listener_plugin.py took 0.021 seconds
[2023-12-20T21:01:44.260+0000] {processor.py:157} INFO - Started process (PID=20676) to work on /usr/local/lib/python3.10/dist-packages/airflow/example_dags/plugins/listener_plugin.py
[2023-12-20T21:01:44.262+0000] {processor.py:829} INFO - Processing file /usr/local/lib/python3.10/dist-packages/airflow/example_dags/plugins/listener_plugin.py for tasks to queue
[2023-12-20T21:01:44.262+0000] {logging_mixin.py:154} INFO - [2023-12-20T21:01:44.262+0000] {dagbag.py:536} INFO - Filling up the DagBag from /usr/local/lib/python3.10/dist-packages/airflow/example_dags/plugins/listener_plugin.py
[2023-12-20T21:01:44.265+0000] {processor.py:841} WARNING - No viable dags retrieved from /usr/local/lib/python3.10/dist-packages/airflow/example_dags/plugins/listener_plugin.py
[2023-12-20T21:01:44.276+0000] {processor.py:179} INFO - Processing /usr/local/lib/python3.10/dist-packages/airflow/example_dags/plugins/listener_plugin.py took 0.019 seconds
[2023-12-20T21:03:38.356+0000] {processor.py:157} INFO - Started process (PID=20839) to work on /usr/local/lib/python3.10/dist-packages/airflow/example_dags/plugins/listener_plugin.py
[2023-12-20T21:03:38.357+0000] {processor.py:829} INFO - Processing file /usr/local/lib/python3.10/dist-packages/airflow/example_dags/plugins/listener_plugin.py for tasks to queue
[2023-12-20T21:03:38.358+0000] {logging_mixin.py:154} INFO - [2023-12-20T21:03:38.358+0000] {dagbag.py:536} INFO - Filling up the DagBag from /usr/local/lib/python3.10/dist-packages/airflow/example_dags/plugins/listener_plugin.py
[2023-12-20T21:03:38.361+0000] {processor.py:841} WARNING - No viable dags retrieved from /usr/local/lib/python3.10/dist-packages/airflow/example_dags/plugins/listener_plugin.py
[2023-12-20T21:03:38.376+0000] {processor.py:179} INFO - Processing /usr/local/lib/python3.10/dist-packages/airflow/example_dags/plugins/listener_plugin.py took 0.026 seconds
[2023-12-20T21:05:37.609+0000] {processor.py:157} INFO - Started process (PID=21009) to work on /usr/local/lib/python3.10/dist-packages/airflow/example_dags/plugins/listener_plugin.py
[2023-12-20T21:05:37.610+0000] {processor.py:829} INFO - Processing file /usr/local/lib/python3.10/dist-packages/airflow/example_dags/plugins/listener_plugin.py for tasks to queue
[2023-12-20T21:05:37.611+0000] {logging_mixin.py:154} INFO - [2023-12-20T21:05:37.610+0000] {dagbag.py:536} INFO - Filling up the DagBag from /usr/local/lib/python3.10/dist-packages/airflow/example_dags/plugins/listener_plugin.py
[2023-12-20T21:05:37.613+0000] {processor.py:841} WARNING - No viable dags retrieved from /usr/local/lib/python3.10/dist-packages/airflow/example_dags/plugins/listener_plugin.py
[2023-12-20T21:05:37.622+0000] {processor.py:179} INFO - Processing /usr/local/lib/python3.10/dist-packages/airflow/example_dags/plugins/listener_plugin.py took 0.016 seconds
[2023-12-20T21:07:29.208+0000] {processor.py:157} INFO - Started process (PID=21168) to work on /usr/local/lib/python3.10/dist-packages/airflow/example_dags/plugins/listener_plugin.py
[2023-12-20T21:07:29.210+0000] {processor.py:829} INFO - Processing file /usr/local/lib/python3.10/dist-packages/airflow/example_dags/plugins/listener_plugin.py for tasks to queue
[2023-12-20T21:07:29.211+0000] {logging_mixin.py:154} INFO - [2023-12-20T21:07:29.210+0000] {dagbag.py:536} INFO - Filling up the DagBag from /usr/local/lib/python3.10/dist-packages/airflow/example_dags/plugins/listener_plugin.py
[2023-12-20T21:07:29.214+0000] {processor.py:841} WARNING - No viable dags retrieved from /usr/local/lib/python3.10/dist-packages/airflow/example_dags/plugins/listener_plugin.py
[2023-12-20T21:07:29.224+0000] {processor.py:179} INFO - Processing /usr/local/lib/python3.10/dist-packages/airflow/example_dags/plugins/listener_plugin.py took 0.019 seconds
[2023-12-20T21:09:27.475+0000] {processor.py:157} INFO - Started process (PID=21351) to work on /usr/local/lib/python3.10/dist-packages/airflow/example_dags/plugins/listener_plugin.py
[2023-12-20T21:09:27.477+0000] {processor.py:829} INFO - Processing file /usr/local/lib/python3.10/dist-packages/airflow/example_dags/plugins/listener_plugin.py for tasks to queue
[2023-12-20T21:09:27.478+0000] {logging_mixin.py:154} INFO - [2023-12-20T21:09:27.478+0000] {dagbag.py:536} INFO - Filling up the DagBag from /usr/local/lib/python3.10/dist-packages/airflow/example_dags/plugins/listener_plugin.py
[2023-12-20T21:09:27.481+0000] {processor.py:841} WARNING - No viable dags retrieved from /usr/local/lib/python3.10/dist-packages/airflow/example_dags/plugins/listener_plugin.py
[2023-12-20T21:09:27.492+0000] {processor.py:179} INFO - Processing /usr/local/lib/python3.10/dist-packages/airflow/example_dags/plugins/listener_plugin.py took 0.021 seconds
[2023-12-20T21:11:18.300+0000] {processor.py:157} INFO - Started process (PID=21514) to work on /usr/local/lib/python3.10/dist-packages/airflow/example_dags/plugins/listener_plugin.py
[2023-12-20T21:11:18.302+0000] {processor.py:829} INFO - Processing file /usr/local/lib/python3.10/dist-packages/airflow/example_dags/plugins/listener_plugin.py for tasks to queue
[2023-12-20T21:11:18.303+0000] {logging_mixin.py:154} INFO - [2023-12-20T21:11:18.302+0000] {dagbag.py:536} INFO - Filling up the DagBag from /usr/local/lib/python3.10/dist-packages/airflow/example_dags/plugins/listener_plugin.py
[2023-12-20T21:11:18.305+0000] {processor.py:841} WARNING - No viable dags retrieved from /usr/local/lib/python3.10/dist-packages/airflow/example_dags/plugins/listener_plugin.py
[2023-12-20T21:11:18.316+0000] {processor.py:179} INFO - Processing /usr/local/lib/python3.10/dist-packages/airflow/example_dags/plugins/listener_plugin.py took 0.019 seconds
[2023-12-20T21:13:17.138+0000] {processor.py:157} INFO - Started process (PID=21688) to work on /usr/local/lib/python3.10/dist-packages/airflow/example_dags/plugins/listener_plugin.py
[2023-12-20T21:13:17.142+0000] {processor.py:829} INFO - Processing file /usr/local/lib/python3.10/dist-packages/airflow/example_dags/plugins/listener_plugin.py for tasks to queue
[2023-12-20T21:13:17.143+0000] {logging_mixin.py:154} INFO - [2023-12-20T21:13:17.142+0000] {dagbag.py:536} INFO - Filling up the DagBag from /usr/local/lib/python3.10/dist-packages/airflow/example_dags/plugins/listener_plugin.py
[2023-12-20T21:13:17.145+0000] {processor.py:841} WARNING - No viable dags retrieved from /usr/local/lib/python3.10/dist-packages/airflow/example_dags/plugins/listener_plugin.py
[2023-12-20T21:13:17.156+0000] {processor.py:179} INFO - Processing /usr/local/lib/python3.10/dist-packages/airflow/example_dags/plugins/listener_plugin.py took 0.022 seconds
[2023-12-20T21:15:06.802+0000] {processor.py:157} INFO - Started process (PID=21848) to work on /usr/local/lib/python3.10/dist-packages/airflow/example_dags/plugins/listener_plugin.py
[2023-12-20T21:15:06.804+0000] {processor.py:829} INFO - Processing file /usr/local/lib/python3.10/dist-packages/airflow/example_dags/plugins/listener_plugin.py for tasks to queue
[2023-12-20T21:15:06.805+0000] {logging_mixin.py:154} INFO - [2023-12-20T21:15:06.805+0000] {dagbag.py:536} INFO - Filling up the DagBag from /usr/local/lib/python3.10/dist-packages/airflow/example_dags/plugins/listener_plugin.py
[2023-12-20T21:15:06.808+0000] {processor.py:841} WARNING - No viable dags retrieved from /usr/local/lib/python3.10/dist-packages/airflow/example_dags/plugins/listener_plugin.py
[2023-12-20T21:15:06.817+0000] {processor.py:179} INFO - Processing /usr/local/lib/python3.10/dist-packages/airflow/example_dags/plugins/listener_plugin.py took 0.018 seconds
[2023-12-20T21:17:06.534+0000] {processor.py:157} INFO - Started process (PID=22021) to work on /usr/local/lib/python3.10/dist-packages/airflow/example_dags/plugins/listener_plugin.py
[2023-12-20T21:17:06.536+0000] {processor.py:829} INFO - Processing file /usr/local/lib/python3.10/dist-packages/airflow/example_dags/plugins/listener_plugin.py for tasks to queue
[2023-12-20T21:17:06.536+0000] {logging_mixin.py:154} INFO - [2023-12-20T21:17:06.536+0000] {dagbag.py:536} INFO - Filling up the DagBag from /usr/local/lib/python3.10/dist-packages/airflow/example_dags/plugins/listener_plugin.py
[2023-12-20T21:17:06.539+0000] {processor.py:841} WARNING - No viable dags retrieved from /usr/local/lib/python3.10/dist-packages/airflow/example_dags/plugins/listener_plugin.py
[2023-12-20T21:17:06.549+0000] {processor.py:179} INFO - Processing /usr/local/lib/python3.10/dist-packages/airflow/example_dags/plugins/listener_plugin.py took 0.018 seconds
[2023-12-20T21:18:57.872+0000] {processor.py:157} INFO - Started process (PID=22181) to work on /usr/local/lib/python3.10/dist-packages/airflow/example_dags/plugins/listener_plugin.py
[2023-12-20T21:18:57.874+0000] {processor.py:829} INFO - Processing file /usr/local/lib/python3.10/dist-packages/airflow/example_dags/plugins/listener_plugin.py for tasks to queue
[2023-12-20T21:18:57.874+0000] {logging_mixin.py:154} INFO - [2023-12-20T21:18:57.874+0000] {dagbag.py:536} INFO - Filling up the DagBag from /usr/local/lib/python3.10/dist-packages/airflow/example_dags/plugins/listener_plugin.py
[2023-12-20T21:18:57.877+0000] {processor.py:841} WARNING - No viable dags retrieved from /usr/local/lib/python3.10/dist-packages/airflow/example_dags/plugins/listener_plugin.py
[2023-12-20T21:18:57.890+0000] {processor.py:179} INFO - Processing /usr/local/lib/python3.10/dist-packages/airflow/example_dags/plugins/listener_plugin.py took 0.020 seconds
[2023-12-20T21:20:57.482+0000] {processor.py:157} INFO - Started process (PID=22351) to work on /usr/local/lib/python3.10/dist-packages/airflow/example_dags/plugins/listener_plugin.py
[2023-12-20T21:20:57.484+0000] {processor.py:829} INFO - Processing file /usr/local/lib/python3.10/dist-packages/airflow/example_dags/plugins/listener_plugin.py for tasks to queue
[2023-12-20T21:20:57.484+0000] {logging_mixin.py:154} INFO - [2023-12-20T21:20:57.484+0000] {dagbag.py:536} INFO - Filling up the DagBag from /usr/local/lib/python3.10/dist-packages/airflow/example_dags/plugins/listener_plugin.py
[2023-12-20T21:20:57.488+0000] {processor.py:841} WARNING - No viable dags retrieved from /usr/local/lib/python3.10/dist-packages/airflow/example_dags/plugins/listener_plugin.py
[2023-12-20T21:20:57.501+0000] {processor.py:179} INFO - Processing /usr/local/lib/python3.10/dist-packages/airflow/example_dags/plugins/listener_plugin.py took 0.022 seconds
[2023-12-20T21:22:51.851+0000] {processor.py:157} INFO - Started process (PID=22512) to work on /usr/local/lib/python3.10/dist-packages/airflow/example_dags/plugins/listener_plugin.py
[2023-12-20T21:22:51.852+0000] {processor.py:829} INFO - Processing file /usr/local/lib/python3.10/dist-packages/airflow/example_dags/plugins/listener_plugin.py for tasks to queue
[2023-12-20T21:22:51.853+0000] {logging_mixin.py:154} INFO - [2023-12-20T21:22:51.853+0000] {dagbag.py:536} INFO - Filling up the DagBag from /usr/local/lib/python3.10/dist-packages/airflow/example_dags/plugins/listener_plugin.py
[2023-12-20T21:22:51.856+0000] {processor.py:841} WARNING - No viable dags retrieved from /usr/local/lib/python3.10/dist-packages/airflow/example_dags/plugins/listener_plugin.py
[2023-12-20T21:22:51.865+0000] {processor.py:179} INFO - Processing /usr/local/lib/python3.10/dist-packages/airflow/example_dags/plugins/listener_plugin.py took 0.017 seconds
[2023-12-20T21:25:32.255+0000] {processor.py:157} INFO - Started process (PID=22683) to work on /usr/local/lib/python3.10/dist-packages/airflow/example_dags/plugins/listener_plugin.py
[2023-12-20T21:25:32.257+0000] {processor.py:829} INFO - Processing file /usr/local/lib/python3.10/dist-packages/airflow/example_dags/plugins/listener_plugin.py for tasks to queue
[2023-12-20T21:25:32.258+0000] {logging_mixin.py:154} INFO - [2023-12-20T21:25:32.257+0000] {dagbag.py:536} INFO - Filling up the DagBag from /usr/local/lib/python3.10/dist-packages/airflow/example_dags/plugins/listener_plugin.py
[2023-12-20T21:25:32.260+0000] {processor.py:841} WARNING - No viable dags retrieved from /usr/local/lib/python3.10/dist-packages/airflow/example_dags/plugins/listener_plugin.py
[2023-12-20T21:25:32.269+0000] {processor.py:179} INFO - Processing /usr/local/lib/python3.10/dist-packages/airflow/example_dags/plugins/listener_plugin.py took 0.017 seconds
[2023-12-20T21:30:02.266+0000] {processor.py:157} INFO - Started process (PID=22867) to work on /usr/local/lib/python3.10/dist-packages/airflow/example_dags/plugins/listener_plugin.py
[2023-12-20T21:30:02.290+0000] {processor.py:829} INFO - Processing file /usr/local/lib/python3.10/dist-packages/airflow/example_dags/plugins/listener_plugin.py for tasks to queue
[2023-12-20T21:30:02.291+0000] {logging_mixin.py:154} INFO - [2023-12-20T21:30:02.291+0000] {dagbag.py:536} INFO - Filling up the DagBag from /usr/local/lib/python3.10/dist-packages/airflow/example_dags/plugins/listener_plugin.py
[2023-12-20T21:30:02.294+0000] {processor.py:841} WARNING - No viable dags retrieved from /usr/local/lib/python3.10/dist-packages/airflow/example_dags/plugins/listener_plugin.py
[2023-12-20T21:30:02.331+0000] {processor.py:179} INFO - Processing /usr/local/lib/python3.10/dist-packages/airflow/example_dags/plugins/listener_plugin.py took 0.068 seconds
[2023-12-20T21:34:38.173+0000] {processor.py:157} INFO - Started process (PID=23052) to work on /usr/local/lib/python3.10/dist-packages/airflow/example_dags/plugins/listener_plugin.py
[2023-12-20T21:34:38.174+0000] {processor.py:829} INFO - Processing file /usr/local/lib/python3.10/dist-packages/airflow/example_dags/plugins/listener_plugin.py for tasks to queue
[2023-12-20T21:34:38.175+0000] {logging_mixin.py:154} INFO - [2023-12-20T21:34:38.175+0000] {dagbag.py:536} INFO - Filling up the DagBag from /usr/local/lib/python3.10/dist-packages/airflow/example_dags/plugins/listener_plugin.py
[2023-12-20T21:34:38.178+0000] {processor.py:841} WARNING - No viable dags retrieved from /usr/local/lib/python3.10/dist-packages/airflow/example_dags/plugins/listener_plugin.py
[2023-12-20T21:34:38.189+0000] {processor.py:179} INFO - Processing /usr/local/lib/python3.10/dist-packages/airflow/example_dags/plugins/listener_plugin.py took 0.019 seconds
