[2023-12-20T20:22:36.144+0000] {processor.py:157} INFO - Started process (PID=987) to work on /usr/local/lib/python3.10/dist-packages/airflow/example_dags/plugins/workday.py
[2023-12-20T20:22:36.145+0000] {processor.py:829} INFO - Processing file /usr/local/lib/python3.10/dist-packages/airflow/example_dags/plugins/workday.py for tasks to queue
[2023-12-20T20:22:36.145+0000] {logging_mixin.py:154} INFO - [2023-12-20T20:22:36.145+0000] {dagbag.py:536} INFO - Filling up the DagBag from /usr/local/lib/python3.10/dist-packages/airflow/example_dags/plugins/workday.py
[2023-12-20T20:22:36.587+0000] {processor.py:841} WARNING - No viable dags retrieved from /usr/local/lib/python3.10/dist-packages/airflow/example_dags/plugins/workday.py
[2023-12-20T20:22:36.594+0000] {processor.py:179} INFO - Processing /usr/local/lib/python3.10/dist-packages/airflow/example_dags/plugins/workday.py took 0.453 seconds
[2023-12-20T20:26:58.679+0000] {processor.py:157} INFO - Started process (PID=1311) to work on /usr/local/lib/python3.10/dist-packages/airflow/example_dags/plugins/workday.py
[2023-12-20T20:26:58.682+0000] {processor.py:829} INFO - Processing file /usr/local/lib/python3.10/dist-packages/airflow/example_dags/plugins/workday.py for tasks to queue
[2023-12-20T20:26:58.683+0000] {logging_mixin.py:154} INFO - [2023-12-20T20:26:58.683+0000] {dagbag.py:536} INFO - Filling up the DagBag from /usr/local/lib/python3.10/dist-packages/airflow/example_dags/plugins/workday.py
[2023-12-20T20:26:59.251+0000] {processor.py:841} WARNING - No viable dags retrieved from /usr/local/lib/python3.10/dist-packages/airflow/example_dags/plugins/workday.py
[2023-12-20T20:26:59.259+0000] {processor.py:179} INFO - Processing /usr/local/lib/python3.10/dist-packages/airflow/example_dags/plugins/workday.py took 0.583 seconds
[2023-12-20T20:29:05.157+0000] {processor.py:157} INFO - Started process (PID=1465) to work on /usr/local/lib/python3.10/dist-packages/airflow/example_dags/plugins/workday.py
[2023-12-20T20:29:05.159+0000] {processor.py:829} INFO - Processing file /usr/local/lib/python3.10/dist-packages/airflow/example_dags/plugins/workday.py for tasks to queue
[2023-12-20T20:29:05.160+0000] {logging_mixin.py:154} INFO - [2023-12-20T20:29:05.159+0000] {dagbag.py:536} INFO - Filling up the DagBag from /usr/local/lib/python3.10/dist-packages/airflow/example_dags/plugins/workday.py
[2023-12-20T20:29:05.637+0000] {processor.py:841} WARNING - No viable dags retrieved from /usr/local/lib/python3.10/dist-packages/airflow/example_dags/plugins/workday.py
[2023-12-20T20:29:05.644+0000] {processor.py:179} INFO - Processing /usr/local/lib/python3.10/dist-packages/airflow/example_dags/plugins/workday.py took 0.489 seconds
[2023-12-20T20:31:50.679+0000] {processor.py:157} INFO - Started process (PID=1680) to work on /usr/local/lib/python3.10/dist-packages/airflow/example_dags/plugins/workday.py
[2023-12-20T20:31:50.680+0000] {processor.py:829} INFO - Processing file /usr/local/lib/python3.10/dist-packages/airflow/example_dags/plugins/workday.py for tasks to queue
[2023-12-20T20:31:50.681+0000] {logging_mixin.py:154} INFO - [2023-12-20T20:31:50.680+0000] {dagbag.py:536} INFO - Filling up the DagBag from /usr/local/lib/python3.10/dist-packages/airflow/example_dags/plugins/workday.py
[2023-12-20T20:31:51.144+0000] {processor.py:841} WARNING - No viable dags retrieved from /usr/local/lib/python3.10/dist-packages/airflow/example_dags/plugins/workday.py
[2023-12-20T20:31:51.150+0000] {processor.py:179} INFO - Processing /usr/local/lib/python3.10/dist-packages/airflow/example_dags/plugins/workday.py took 0.474 seconds
[2023-12-20T20:35:16.362+0000] {processor.py:157} INFO - Started process (PID=1949) to work on /usr/local/lib/python3.10/dist-packages/airflow/example_dags/plugins/workday.py
[2023-12-20T20:35:16.363+0000] {processor.py:829} INFO - Processing file /usr/local/lib/python3.10/dist-packages/airflow/example_dags/plugins/workday.py for tasks to queue
[2023-12-20T20:35:16.364+0000] {logging_mixin.py:154} INFO - [2023-12-20T20:35:16.364+0000] {dagbag.py:536} INFO - Filling up the DagBag from /usr/local/lib/python3.10/dist-packages/airflow/example_dags/plugins/workday.py
[2023-12-20T20:35:16.818+0000] {processor.py:841} WARNING - No viable dags retrieved from /usr/local/lib/python3.10/dist-packages/airflow/example_dags/plugins/workday.py
[2023-12-20T20:35:16.825+0000] {processor.py:179} INFO - Processing /usr/local/lib/python3.10/dist-packages/airflow/example_dags/plugins/workday.py took 0.466 seconds
[2023-12-20T20:38:34.777+0000] {processor.py:157} INFO - Started process (PID=2208) to work on /usr/local/lib/python3.10/dist-packages/airflow/example_dags/plugins/workday.py
[2023-12-20T20:38:34.779+0000] {processor.py:829} INFO - Processing file /usr/local/lib/python3.10/dist-packages/airflow/example_dags/plugins/workday.py for tasks to queue
[2023-12-20T20:38:34.780+0000] {logging_mixin.py:154} INFO - [2023-12-20T20:38:34.780+0000] {dagbag.py:536} INFO - Filling up the DagBag from /usr/local/lib/python3.10/dist-packages/airflow/example_dags/plugins/workday.py
[2023-12-20T20:38:35.153+0000] {processor.py:841} WARNING - No viable dags retrieved from /usr/local/lib/python3.10/dist-packages/airflow/example_dags/plugins/workday.py
[2023-12-20T20:38:35.164+0000] {processor.py:179} INFO - Processing /usr/local/lib/python3.10/dist-packages/airflow/example_dags/plugins/workday.py took 0.390 seconds
[2023-12-20T20:42:07.685+0000] {processor.py:157} INFO - Started process (PID=2470) to work on /usr/local/lib/python3.10/dist-packages/airflow/example_dags/plugins/workday.py
[2023-12-20T20:42:07.687+0000] {processor.py:829} INFO - Processing file /usr/local/lib/python3.10/dist-packages/airflow/example_dags/plugins/workday.py for tasks to queue
[2023-12-20T20:42:07.688+0000] {logging_mixin.py:154} INFO - [2023-12-20T20:42:07.688+0000] {dagbag.py:536} INFO - Filling up the DagBag from /usr/local/lib/python3.10/dist-packages/airflow/example_dags/plugins/workday.py
[2023-12-20T20:42:08.005+0000] {processor.py:841} WARNING - No viable dags retrieved from /usr/local/lib/python3.10/dist-packages/airflow/example_dags/plugins/workday.py
[2023-12-20T20:42:08.013+0000] {processor.py:179} INFO - Processing /usr/local/lib/python3.10/dist-packages/airflow/example_dags/plugins/workday.py took 0.332 seconds
[2023-12-20T20:45:08.914+0000] {processor.py:157} INFO - Started process (PID=2688) to work on /usr/local/lib/python3.10/dist-packages/airflow/example_dags/plugins/workday.py
[2023-12-20T20:45:08.929+0000] {processor.py:829} INFO - Processing file /usr/local/lib/python3.10/dist-packages/airflow/example_dags/plugins/workday.py for tasks to queue
[2023-12-20T20:45:08.930+0000] {logging_mixin.py:154} INFO - [2023-12-20T20:45:08.930+0000] {dagbag.py:536} INFO - Filling up the DagBag from /usr/local/lib/python3.10/dist-packages/airflow/example_dags/plugins/workday.py
[2023-12-20T20:45:09.336+0000] {processor.py:841} WARNING - No viable dags retrieved from /usr/local/lib/python3.10/dist-packages/airflow/example_dags/plugins/workday.py
[2023-12-20T20:45:09.354+0000] {processor.py:179} INFO - Processing /usr/local/lib/python3.10/dist-packages/airflow/example_dags/plugins/workday.py took 0.443 seconds
[2023-12-20T20:48:03.710+0000] {processor.py:157} INFO - Started process (PID=2890) to work on /usr/local/lib/python3.10/dist-packages/airflow/example_dags/plugins/workday.py
[2023-12-20T20:48:03.712+0000] {processor.py:829} INFO - Processing file /usr/local/lib/python3.10/dist-packages/airflow/example_dags/plugins/workday.py for tasks to queue
[2023-12-20T20:48:03.713+0000] {logging_mixin.py:154} INFO - [2023-12-20T20:48:03.713+0000] {dagbag.py:536} INFO - Filling up the DagBag from /usr/local/lib/python3.10/dist-packages/airflow/example_dags/plugins/workday.py
[2023-12-20T20:48:04.033+0000] {processor.py:841} WARNING - No viable dags retrieved from /usr/local/lib/python3.10/dist-packages/airflow/example_dags/plugins/workday.py
[2023-12-20T20:48:04.044+0000] {processor.py:179} INFO - Processing /usr/local/lib/python3.10/dist-packages/airflow/example_dags/plugins/workday.py took 0.337 seconds
[2023-12-20T20:50:55.075+0000] {processor.py:157} INFO - Started process (PID=3100) to work on /usr/local/lib/python3.10/dist-packages/airflow/example_dags/plugins/workday.py
[2023-12-20T20:50:55.076+0000] {processor.py:829} INFO - Processing file /usr/local/lib/python3.10/dist-packages/airflow/example_dags/plugins/workday.py for tasks to queue
[2023-12-20T20:50:55.077+0000] {logging_mixin.py:154} INFO - [2023-12-20T20:50:55.077+0000] {dagbag.py:536} INFO - Filling up the DagBag from /usr/local/lib/python3.10/dist-packages/airflow/example_dags/plugins/workday.py
[2023-12-20T20:50:55.405+0000] {processor.py:841} WARNING - No viable dags retrieved from /usr/local/lib/python3.10/dist-packages/airflow/example_dags/plugins/workday.py
[2023-12-20T20:50:55.414+0000] {processor.py:179} INFO - Processing /usr/local/lib/python3.10/dist-packages/airflow/example_dags/plugins/workday.py took 0.342 seconds
[2023-12-20T20:54:32.127+0000] {processor.py:157} INFO - Started process (PID=10693) to work on /usr/local/lib/python3.10/dist-packages/airflow/example_dags/plugins/workday.py
[2023-12-20T20:54:32.129+0000] {processor.py:829} INFO - Processing file /usr/local/lib/python3.10/dist-packages/airflow/example_dags/plugins/workday.py for tasks to queue
[2023-12-20T20:54:32.130+0000] {logging_mixin.py:154} INFO - [2023-12-20T20:54:32.130+0000] {dagbag.py:536} INFO - Filling up the DagBag from /usr/local/lib/python3.10/dist-packages/airflow/example_dags/plugins/workday.py
[2023-12-20T20:54:32.488+0000] {processor.py:841} WARNING - No viable dags retrieved from /usr/local/lib/python3.10/dist-packages/airflow/example_dags/plugins/workday.py
[2023-12-20T20:54:32.504+0000] {processor.py:179} INFO - Processing /usr/local/lib/python3.10/dist-packages/airflow/example_dags/plugins/workday.py took 0.382 seconds
[2023-12-20T20:57:34.453+0000] {processor.py:157} INFO - Started process (PID=20330) to work on /usr/local/lib/python3.10/dist-packages/airflow/example_dags/plugins/workday.py
[2023-12-20T20:57:34.455+0000] {processor.py:829} INFO - Processing file /usr/local/lib/python3.10/dist-packages/airflow/example_dags/plugins/workday.py for tasks to queue
[2023-12-20T20:57:34.456+0000] {logging_mixin.py:154} INFO - [2023-12-20T20:57:34.455+0000] {dagbag.py:536} INFO - Filling up the DagBag from /usr/local/lib/python3.10/dist-packages/airflow/example_dags/plugins/workday.py
[2023-12-20T20:57:34.797+0000] {processor.py:841} WARNING - No viable dags retrieved from /usr/local/lib/python3.10/dist-packages/airflow/example_dags/plugins/workday.py
[2023-12-20T20:57:34.806+0000] {processor.py:179} INFO - Processing /usr/local/lib/python3.10/dist-packages/airflow/example_dags/plugins/workday.py took 0.357 seconds
[2023-12-20T20:59:45.553+0000] {processor.py:157} INFO - Started process (PID=20510) to work on /usr/local/lib/python3.10/dist-packages/airflow/example_dags/plugins/workday.py
[2023-12-20T20:59:45.554+0000] {processor.py:829} INFO - Processing file /usr/local/lib/python3.10/dist-packages/airflow/example_dags/plugins/workday.py for tasks to queue
[2023-12-20T20:59:45.555+0000] {logging_mixin.py:154} INFO - [2023-12-20T20:59:45.554+0000] {dagbag.py:536} INFO - Filling up the DagBag from /usr/local/lib/python3.10/dist-packages/airflow/example_dags/plugins/workday.py
[2023-12-20T20:59:45.917+0000] {processor.py:841} WARNING - No viable dags retrieved from /usr/local/lib/python3.10/dist-packages/airflow/example_dags/plugins/workday.py
[2023-12-20T20:59:45.933+0000] {processor.py:179} INFO - Processing /usr/local/lib/python3.10/dist-packages/airflow/example_dags/plugins/workday.py took 0.384 seconds
[2023-12-20T21:01:45.026+0000] {processor.py:157} INFO - Started process (PID=20677) to work on /usr/local/lib/python3.10/dist-packages/airflow/example_dags/plugins/workday.py
[2023-12-20T21:01:45.028+0000] {processor.py:829} INFO - Processing file /usr/local/lib/python3.10/dist-packages/airflow/example_dags/plugins/workday.py for tasks to queue
[2023-12-20T21:01:45.029+0000] {logging_mixin.py:154} INFO - [2023-12-20T21:01:45.029+0000] {dagbag.py:536} INFO - Filling up the DagBag from /usr/local/lib/python3.10/dist-packages/airflow/example_dags/plugins/workday.py
[2023-12-20T21:01:45.389+0000] {processor.py:841} WARNING - No viable dags retrieved from /usr/local/lib/python3.10/dist-packages/airflow/example_dags/plugins/workday.py
[2023-12-20T21:01:45.399+0000] {processor.py:179} INFO - Processing /usr/local/lib/python3.10/dist-packages/airflow/example_dags/plugins/workday.py took 0.376 seconds
[2023-12-20T21:03:42.497+0000] {processor.py:157} INFO - Started process (PID=20845) to work on /usr/local/lib/python3.10/dist-packages/airflow/example_dags/plugins/workday.py
[2023-12-20T21:03:42.499+0000] {processor.py:829} INFO - Processing file /usr/local/lib/python3.10/dist-packages/airflow/example_dags/plugins/workday.py for tasks to queue
[2023-12-20T21:03:42.500+0000] {logging_mixin.py:154} INFO - [2023-12-20T21:03:42.500+0000] {dagbag.py:536} INFO - Filling up the DagBag from /usr/local/lib/python3.10/dist-packages/airflow/example_dags/plugins/workday.py
[2023-12-20T21:03:42.808+0000] {processor.py:841} WARNING - No viable dags retrieved from /usr/local/lib/python3.10/dist-packages/airflow/example_dags/plugins/workday.py
[2023-12-20T21:03:42.817+0000] {processor.py:179} INFO - Processing /usr/local/lib/python3.10/dist-packages/airflow/example_dags/plugins/workday.py took 0.324 seconds
[2023-12-20T21:05:38.704+0000] {processor.py:157} INFO - Started process (PID=21010) to work on /usr/local/lib/python3.10/dist-packages/airflow/example_dags/plugins/workday.py
[2023-12-20T21:05:38.710+0000] {processor.py:829} INFO - Processing file /usr/local/lib/python3.10/dist-packages/airflow/example_dags/plugins/workday.py for tasks to queue
[2023-12-20T21:05:38.712+0000] {logging_mixin.py:154} INFO - [2023-12-20T21:05:38.711+0000] {dagbag.py:536} INFO - Filling up the DagBag from /usr/local/lib/python3.10/dist-packages/airflow/example_dags/plugins/workday.py
[2023-12-20T21:05:39.040+0000] {processor.py:841} WARNING - No viable dags retrieved from /usr/local/lib/python3.10/dist-packages/airflow/example_dags/plugins/workday.py
[2023-12-20T21:05:39.055+0000] {processor.py:179} INFO - Processing /usr/local/lib/python3.10/dist-packages/airflow/example_dags/plugins/workday.py took 0.358 seconds
[2023-12-20T21:07:33.238+0000] {processor.py:157} INFO - Started process (PID=21174) to work on /usr/local/lib/python3.10/dist-packages/airflow/example_dags/plugins/workday.py
[2023-12-20T21:07:33.251+0000] {processor.py:829} INFO - Processing file /usr/local/lib/python3.10/dist-packages/airflow/example_dags/plugins/workday.py for tasks to queue
[2023-12-20T21:07:33.252+0000] {logging_mixin.py:154} INFO - [2023-12-20T21:07:33.252+0000] {dagbag.py:536} INFO - Filling up the DagBag from /usr/local/lib/python3.10/dist-packages/airflow/example_dags/plugins/workday.py
[2023-12-20T21:07:33.548+0000] {processor.py:841} WARNING - No viable dags retrieved from /usr/local/lib/python3.10/dist-packages/airflow/example_dags/plugins/workday.py
[2023-12-20T21:07:33.557+0000] {processor.py:179} INFO - Processing /usr/local/lib/python3.10/dist-packages/airflow/example_dags/plugins/workday.py took 0.323 seconds
[2023-12-20T21:09:28.250+0000] {processor.py:157} INFO - Started process (PID=21352) to work on /usr/local/lib/python3.10/dist-packages/airflow/example_dags/plugins/workday.py
[2023-12-20T21:09:28.251+0000] {processor.py:829} INFO - Processing file /usr/local/lib/python3.10/dist-packages/airflow/example_dags/plugins/workday.py for tasks to queue
[2023-12-20T21:09:28.252+0000] {logging_mixin.py:154} INFO - [2023-12-20T21:09:28.252+0000] {dagbag.py:536} INFO - Filling up the DagBag from /usr/local/lib/python3.10/dist-packages/airflow/example_dags/plugins/workday.py
[2023-12-20T21:09:28.559+0000] {processor.py:841} WARNING - No viable dags retrieved from /usr/local/lib/python3.10/dist-packages/airflow/example_dags/plugins/workday.py
[2023-12-20T21:09:28.567+0000] {processor.py:179} INFO - Processing /usr/local/lib/python3.10/dist-packages/airflow/example_dags/plugins/workday.py took 0.321 seconds
[2023-12-20T21:11:22.613+0000] {processor.py:157} INFO - Started process (PID=21520) to work on /usr/local/lib/python3.10/dist-packages/airflow/example_dags/plugins/workday.py
[2023-12-20T21:11:22.614+0000] {processor.py:829} INFO - Processing file /usr/local/lib/python3.10/dist-packages/airflow/example_dags/plugins/workday.py for tasks to queue
[2023-12-20T21:11:22.615+0000] {logging_mixin.py:154} INFO - [2023-12-20T21:11:22.615+0000] {dagbag.py:536} INFO - Filling up the DagBag from /usr/local/lib/python3.10/dist-packages/airflow/example_dags/plugins/workday.py
[2023-12-20T21:11:22.918+0000] {processor.py:841} WARNING - No viable dags retrieved from /usr/local/lib/python3.10/dist-packages/airflow/example_dags/plugins/workday.py
[2023-12-20T21:11:22.927+0000] {processor.py:179} INFO - Processing /usr/local/lib/python3.10/dist-packages/airflow/example_dags/plugins/workday.py took 0.317 seconds
[2023-12-20T21:13:18.152+0000] {processor.py:157} INFO - Started process (PID=21689) to work on /usr/local/lib/python3.10/dist-packages/airflow/example_dags/plugins/workday.py
[2023-12-20T21:13:18.153+0000] {processor.py:829} INFO - Processing file /usr/local/lib/python3.10/dist-packages/airflow/example_dags/plugins/workday.py for tasks to queue
[2023-12-20T21:13:18.154+0000] {logging_mixin.py:154} INFO - [2023-12-20T21:13:18.154+0000] {dagbag.py:536} INFO - Filling up the DagBag from /usr/local/lib/python3.10/dist-packages/airflow/example_dags/plugins/workday.py
[2023-12-20T21:13:18.512+0000] {processor.py:841} WARNING - No viable dags retrieved from /usr/local/lib/python3.10/dist-packages/airflow/example_dags/plugins/workday.py
[2023-12-20T21:13:18.521+0000] {processor.py:179} INFO - Processing /usr/local/lib/python3.10/dist-packages/airflow/example_dags/plugins/workday.py took 0.374 seconds
[2023-12-20T21:15:10.946+0000] {processor.py:157} INFO - Started process (PID=21854) to work on /usr/local/lib/python3.10/dist-packages/airflow/example_dags/plugins/workday.py
[2023-12-20T21:15:10.950+0000] {processor.py:829} INFO - Processing file /usr/local/lib/python3.10/dist-packages/airflow/example_dags/plugins/workday.py for tasks to queue
[2023-12-20T21:15:10.951+0000] {logging_mixin.py:154} INFO - [2023-12-20T21:15:10.951+0000] {dagbag.py:536} INFO - Filling up the DagBag from /usr/local/lib/python3.10/dist-packages/airflow/example_dags/plugins/workday.py
[2023-12-20T21:15:11.265+0000] {processor.py:841} WARNING - No viable dags retrieved from /usr/local/lib/python3.10/dist-packages/airflow/example_dags/plugins/workday.py
[2023-12-20T21:15:11.274+0000] {processor.py:179} INFO - Processing /usr/local/lib/python3.10/dist-packages/airflow/example_dags/plugins/workday.py took 0.331 seconds
[2023-12-20T21:17:06.938+0000] {processor.py:157} INFO - Started process (PID=22022) to work on /usr/local/lib/python3.10/dist-packages/airflow/example_dags/plugins/workday.py
[2023-12-20T21:17:06.940+0000] {processor.py:829} INFO - Processing file /usr/local/lib/python3.10/dist-packages/airflow/example_dags/plugins/workday.py for tasks to queue
[2023-12-20T21:17:06.940+0000] {logging_mixin.py:154} INFO - [2023-12-20T21:17:06.940+0000] {dagbag.py:536} INFO - Filling up the DagBag from /usr/local/lib/python3.10/dist-packages/airflow/example_dags/plugins/workday.py
[2023-12-20T21:17:07.232+0000] {processor.py:841} WARNING - No viable dags retrieved from /usr/local/lib/python3.10/dist-packages/airflow/example_dags/plugins/workday.py
[2023-12-20T21:17:07.240+0000] {processor.py:179} INFO - Processing /usr/local/lib/python3.10/dist-packages/airflow/example_dags/plugins/workday.py took 0.305 seconds
[2023-12-20T21:19:02.085+0000] {processor.py:157} INFO - Started process (PID=22187) to work on /usr/local/lib/python3.10/dist-packages/airflow/example_dags/plugins/workday.py
[2023-12-20T21:19:02.087+0000] {processor.py:829} INFO - Processing file /usr/local/lib/python3.10/dist-packages/airflow/example_dags/plugins/workday.py for tasks to queue
[2023-12-20T21:19:02.087+0000] {logging_mixin.py:154} INFO - [2023-12-20T21:19:02.087+0000] {dagbag.py:536} INFO - Filling up the DagBag from /usr/local/lib/python3.10/dist-packages/airflow/example_dags/plugins/workday.py
[2023-12-20T21:19:02.402+0000] {processor.py:841} WARNING - No viable dags retrieved from /usr/local/lib/python3.10/dist-packages/airflow/example_dags/plugins/workday.py
[2023-12-20T21:19:02.411+0000] {processor.py:179} INFO - Processing /usr/local/lib/python3.10/dist-packages/airflow/example_dags/plugins/workday.py took 0.329 seconds
[2023-12-20T21:20:58.430+0000] {processor.py:157} INFO - Started process (PID=22352) to work on /usr/local/lib/python3.10/dist-packages/airflow/example_dags/plugins/workday.py
[2023-12-20T21:20:58.431+0000] {processor.py:829} INFO - Processing file /usr/local/lib/python3.10/dist-packages/airflow/example_dags/plugins/workday.py for tasks to queue
[2023-12-20T21:20:58.432+0000] {logging_mixin.py:154} INFO - [2023-12-20T21:20:58.432+0000] {dagbag.py:536} INFO - Filling up the DagBag from /usr/local/lib/python3.10/dist-packages/airflow/example_dags/plugins/workday.py
[2023-12-20T21:20:58.720+0000] {processor.py:841} WARNING - No viable dags retrieved from /usr/local/lib/python3.10/dist-packages/airflow/example_dags/plugins/workday.py
[2023-12-20T21:20:58.728+0000] {processor.py:179} INFO - Processing /usr/local/lib/python3.10/dist-packages/airflow/example_dags/plugins/workday.py took 0.302 seconds
[2023-12-20T21:22:55.969+0000] {processor.py:157} INFO - Started process (PID=22518) to work on /usr/local/lib/python3.10/dist-packages/airflow/example_dags/plugins/workday.py
[2023-12-20T21:22:55.970+0000] {processor.py:829} INFO - Processing file /usr/local/lib/python3.10/dist-packages/airflow/example_dags/plugins/workday.py for tasks to queue
[2023-12-20T21:22:55.971+0000] {logging_mixin.py:154} INFO - [2023-12-20T21:22:55.970+0000] {dagbag.py:536} INFO - Filling up the DagBag from /usr/local/lib/python3.10/dist-packages/airflow/example_dags/plugins/workday.py
[2023-12-20T21:22:56.261+0000] {processor.py:841} WARNING - No viable dags retrieved from /usr/local/lib/python3.10/dist-packages/airflow/example_dags/plugins/workday.py
[2023-12-20T21:22:56.278+0000] {processor.py:179} INFO - Processing /usr/local/lib/python3.10/dist-packages/airflow/example_dags/plugins/workday.py took 0.312 seconds
[2023-12-20T21:25:33.103+0000] {processor.py:157} INFO - Started process (PID=22684) to work on /usr/local/lib/python3.10/dist-packages/airflow/example_dags/plugins/workday.py
[2023-12-20T21:25:33.136+0000] {processor.py:829} INFO - Processing file /usr/local/lib/python3.10/dist-packages/airflow/example_dags/plugins/workday.py for tasks to queue
[2023-12-20T21:25:33.137+0000] {logging_mixin.py:154} INFO - [2023-12-20T21:25:33.137+0000] {dagbag.py:536} INFO - Filling up the DagBag from /usr/local/lib/python3.10/dist-packages/airflow/example_dags/plugins/workday.py
[2023-12-20T21:25:33.455+0000] {processor.py:841} WARNING - No viable dags retrieved from /usr/local/lib/python3.10/dist-packages/airflow/example_dags/plugins/workday.py
[2023-12-20T21:25:33.466+0000] {processor.py:179} INFO - Processing /usr/local/lib/python3.10/dist-packages/airflow/example_dags/plugins/workday.py took 0.366 seconds
[2023-12-20T21:30:02.777+0000] {processor.py:157} INFO - Started process (PID=22868) to work on /usr/local/lib/python3.10/dist-packages/airflow/example_dags/plugins/workday.py
[2023-12-20T21:30:02.780+0000] {processor.py:829} INFO - Processing file /usr/local/lib/python3.10/dist-packages/airflow/example_dags/plugins/workday.py for tasks to queue
[2023-12-20T21:30:02.781+0000] {logging_mixin.py:154} INFO - [2023-12-20T21:30:02.781+0000] {dagbag.py:536} INFO - Filling up the DagBag from /usr/local/lib/python3.10/dist-packages/airflow/example_dags/plugins/workday.py
[2023-12-20T21:30:03.526+0000] {processor.py:841} WARNING - No viable dags retrieved from /usr/local/lib/python3.10/dist-packages/airflow/example_dags/plugins/workday.py
[2023-12-20T21:30:03.537+0000] {processor.py:179} INFO - Processing /usr/local/lib/python3.10/dist-packages/airflow/example_dags/plugins/workday.py took 0.764 seconds
[2023-12-20T21:34:38.664+0000] {processor.py:157} INFO - Started process (PID=23053) to work on /usr/local/lib/python3.10/dist-packages/airflow/example_dags/plugins/workday.py
[2023-12-20T21:34:38.666+0000] {processor.py:829} INFO - Processing file /usr/local/lib/python3.10/dist-packages/airflow/example_dags/plugins/workday.py for tasks to queue
[2023-12-20T21:34:38.667+0000] {logging_mixin.py:154} INFO - [2023-12-20T21:34:38.666+0000] {dagbag.py:536} INFO - Filling up the DagBag from /usr/local/lib/python3.10/dist-packages/airflow/example_dags/plugins/workday.py
[2023-12-20T21:34:39.373+0000] {processor.py:841} WARNING - No viable dags retrieved from /usr/local/lib/python3.10/dist-packages/airflow/example_dags/plugins/workday.py
[2023-12-20T21:34:39.382+0000] {processor.py:179} INFO - Processing /usr/local/lib/python3.10/dist-packages/airflow/example_dags/plugins/workday.py took 0.722 seconds
