[2023-12-20T20:21:52.075+0000] {processor.py:157} INFO - Started process (PID=931) to work on /home/ubuntu/airflow/bitkub_dag/bitkub_dag.py
[2023-12-20T20:21:52.077+0000] {processor.py:829} INFO - Processing file /home/ubuntu/airflow/bitkub_dag/bitkub_dag.py for tasks to queue
[2023-12-20T20:21:52.078+0000] {logging_mixin.py:154} INFO - [2023-12-20T20:21:52.078+0000] {dagbag.py:536} INFO - Filling up the DagBag from /home/ubuntu/airflow/bitkub_dag/bitkub_dag.py
[2023-12-20T20:21:52.793+0000] {processor.py:839} INFO - DAG(s) dict_keys(['bitkub_dag']) retrieved from /home/ubuntu/airflow/bitkub_dag/bitkub_dag.py
[2023-12-20T20:21:52.799+0000] {logging_mixin.py:154} INFO - [2023-12-20T20:21:52.799+0000] {dag.py:2941} INFO - Sync 1 DAGs
[2023-12-20T20:21:52.829+0000] {logging_mixin.py:154} INFO - [2023-12-20T20:21:52.828+0000] {dag.py:3722} INFO - Setting next_dagrun for bitkub_dag to 2021-08-03T00:00:00+00:00, run_after=2021-08-04T00:00:00+00:00
[2023-12-20T20:21:52.854+0000] {processor.py:179} INFO - Processing /home/ubuntu/airflow/bitkub_dag/bitkub_dag.py took 0.785 seconds
[2023-12-20T20:26:14.263+0000] {processor.py:157} INFO - Started process (PID=1256) to work on /home/ubuntu/airflow/bitkub_dag/bitkub_dag.py
[2023-12-20T20:26:14.277+0000] {processor.py:829} INFO - Processing file /home/ubuntu/airflow/bitkub_dag/bitkub_dag.py for tasks to queue
[2023-12-20T20:26:14.278+0000] {logging_mixin.py:154} INFO - [2023-12-20T20:26:14.278+0000] {dagbag.py:536} INFO - Filling up the DagBag from /home/ubuntu/airflow/bitkub_dag/bitkub_dag.py
[2023-12-20T20:26:14.854+0000] {processor.py:839} INFO - DAG(s) dict_keys(['bitkub_dag']) retrieved from /home/ubuntu/airflow/bitkub_dag/bitkub_dag.py
[2023-12-20T20:26:14.863+0000] {logging_mixin.py:154} INFO - [2023-12-20T20:26:14.863+0000] {dag.py:2941} INFO - Sync 1 DAGs
[2023-12-20T20:26:14.880+0000] {logging_mixin.py:154} INFO - [2023-12-20T20:26:14.880+0000] {dag.py:3722} INFO - Setting next_dagrun for bitkub_dag to 2021-09-01T00:00:00+00:00, run_after=2021-09-02T00:00:00+00:00
[2023-12-20T20:26:14.906+0000] {processor.py:179} INFO - Processing /home/ubuntu/airflow/bitkub_dag/bitkub_dag.py took 0.647 seconds
[2023-12-20T20:28:26.503+0000] {processor.py:157} INFO - Started process (PID=1415) to work on /home/ubuntu/airflow/bitkub_dag/bitkub_dag.py
[2023-12-20T20:28:26.504+0000] {processor.py:829} INFO - Processing file /home/ubuntu/airflow/bitkub_dag/bitkub_dag.py for tasks to queue
[2023-12-20T20:28:26.505+0000] {logging_mixin.py:154} INFO - [2023-12-20T20:28:26.505+0000] {dagbag.py:536} INFO - Filling up the DagBag from /home/ubuntu/airflow/bitkub_dag/bitkub_dag.py
[2023-12-20T20:28:27.063+0000] {processor.py:839} INFO - DAG(s) dict_keys(['bitkub_dag']) retrieved from /home/ubuntu/airflow/bitkub_dag/bitkub_dag.py
[2023-12-20T20:28:27.073+0000] {logging_mixin.py:154} INFO - [2023-12-20T20:28:27.073+0000] {dag.py:2941} INFO - Sync 1 DAGs
[2023-12-20T20:28:27.089+0000] {logging_mixin.py:154} INFO - [2023-12-20T20:28:27.089+0000] {dag.py:3722} INFO - Setting next_dagrun for bitkub_dag to 2021-09-11T00:00:00+00:00, run_after=2021-09-12T00:00:00+00:00
[2023-12-20T20:28:27.116+0000] {processor.py:179} INFO - Processing /home/ubuntu/airflow/bitkub_dag/bitkub_dag.py took 0.617 seconds
[2023-12-20T20:31:09.557+0000] {processor.py:157} INFO - Started process (PID=1625) to work on /home/ubuntu/airflow/bitkub_dag/bitkub_dag.py
[2023-12-20T20:31:09.567+0000] {processor.py:829} INFO - Processing file /home/ubuntu/airflow/bitkub_dag/bitkub_dag.py for tasks to queue
[2023-12-20T20:31:09.569+0000] {logging_mixin.py:154} INFO - [2023-12-20T20:31:09.569+0000] {dagbag.py:536} INFO - Filling up the DagBag from /home/ubuntu/airflow/bitkub_dag/bitkub_dag.py
[2023-12-20T20:31:10.166+0000] {processor.py:839} INFO - DAG(s) dict_keys(['bitkub_dag']) retrieved from /home/ubuntu/airflow/bitkub_dag/bitkub_dag.py
[2023-12-20T20:31:10.176+0000] {logging_mixin.py:154} INFO - [2023-12-20T20:31:10.176+0000] {dag.py:2941} INFO - Sync 1 DAGs
[2023-12-20T20:31:10.197+0000] {logging_mixin.py:154} INFO - [2023-12-20T20:31:10.197+0000] {dag.py:3722} INFO - Setting next_dagrun for bitkub_dag to 2021-09-28T00:00:00+00:00, run_after=2021-09-29T00:00:00+00:00
[2023-12-20T20:31:10.225+0000] {processor.py:179} INFO - Processing /home/ubuntu/airflow/bitkub_dag/bitkub_dag.py took 0.671 seconds
[2023-12-20T20:34:32.353+0000] {processor.py:157} INFO - Started process (PID=1886) to work on /home/ubuntu/airflow/bitkub_dag/bitkub_dag.py
[2023-12-20T20:34:32.355+0000] {processor.py:829} INFO - Processing file /home/ubuntu/airflow/bitkub_dag/bitkub_dag.py for tasks to queue
[2023-12-20T20:34:32.356+0000] {logging_mixin.py:154} INFO - [2023-12-20T20:34:32.356+0000] {dagbag.py:536} INFO - Filling up the DagBag from /home/ubuntu/airflow/bitkub_dag/bitkub_dag.py
[2023-12-20T20:34:32.873+0000] {processor.py:839} INFO - DAG(s) dict_keys(['bitkub_dag']) retrieved from /home/ubuntu/airflow/bitkub_dag/bitkub_dag.py
[2023-12-20T20:34:32.883+0000] {logging_mixin.py:154} INFO - [2023-12-20T20:34:32.883+0000] {dag.py:2941} INFO - Sync 1 DAGs
[2023-12-20T20:34:32.899+0000] {logging_mixin.py:154} INFO - [2023-12-20T20:34:32.898+0000] {dag.py:3722} INFO - Setting next_dagrun for bitkub_dag to 2021-10-25T00:00:00+00:00, run_after=2021-10-26T00:00:00+00:00
[2023-12-20T20:34:32.917+0000] {processor.py:179} INFO - Processing /home/ubuntu/airflow/bitkub_dag/bitkub_dag.py took 0.569 seconds
[2023-12-20T20:37:58.507+0000] {processor.py:157} INFO - Started process (PID=2163) to work on /home/ubuntu/airflow/bitkub_dag/bitkub_dag.py
[2023-12-20T20:37:58.508+0000] {processor.py:829} INFO - Processing file /home/ubuntu/airflow/bitkub_dag/bitkub_dag.py for tasks to queue
[2023-12-20T20:37:58.509+0000] {logging_mixin.py:154} INFO - [2023-12-20T20:37:58.509+0000] {dagbag.py:536} INFO - Filling up the DagBag from /home/ubuntu/airflow/bitkub_dag/bitkub_dag.py
[2023-12-20T20:37:58.953+0000] {processor.py:839} INFO - DAG(s) dict_keys(['bitkub_dag']) retrieved from /home/ubuntu/airflow/bitkub_dag/bitkub_dag.py
[2023-12-20T20:37:58.965+0000] {logging_mixin.py:154} INFO - [2023-12-20T20:37:58.964+0000] {dag.py:2941} INFO - Sync 1 DAGs
[2023-12-20T20:37:58.984+0000] {logging_mixin.py:154} INFO - [2023-12-20T20:37:58.984+0000] {dag.py:3722} INFO - Setting next_dagrun for bitkub_dag to 2021-11-11T00:00:00+00:00, run_after=2021-11-12T00:00:00+00:00
[2023-12-20T20:37:59.005+0000] {processor.py:179} INFO - Processing /home/ubuntu/airflow/bitkub_dag/bitkub_dag.py took 0.501 seconds
[2023-12-20T20:41:15.444+0000] {processor.py:157} INFO - Started process (PID=2405) to work on /home/ubuntu/airflow/bitkub_dag/bitkub_dag.py
[2023-12-20T20:41:15.445+0000] {processor.py:829} INFO - Processing file /home/ubuntu/airflow/bitkub_dag/bitkub_dag.py for tasks to queue
[2023-12-20T20:41:15.446+0000] {logging_mixin.py:154} INFO - [2023-12-20T20:41:15.446+0000] {dagbag.py:536} INFO - Filling up the DagBag from /home/ubuntu/airflow/bitkub_dag/bitkub_dag.py
[2023-12-20T20:41:15.864+0000] {processor.py:839} INFO - DAG(s) dict_keys(['bitkub_dag']) retrieved from /home/ubuntu/airflow/bitkub_dag/bitkub_dag.py
[2023-12-20T20:41:15.876+0000] {logging_mixin.py:154} INFO - [2023-12-20T20:41:15.876+0000] {dag.py:2941} INFO - Sync 1 DAGs
[2023-12-20T20:41:15.894+0000] {logging_mixin.py:154} INFO - [2023-12-20T20:41:15.894+0000] {dag.py:3722} INFO - Setting next_dagrun for bitkub_dag to 2021-12-05T00:00:00+00:00, run_after=2021-12-06T00:00:00+00:00
[2023-12-20T20:41:15.925+0000] {processor.py:179} INFO - Processing /home/ubuntu/airflow/bitkub_dag/bitkub_dag.py took 0.484 seconds
[2023-12-20T20:44:11.500+0000] {processor.py:157} INFO - Started process (PID=2623) to work on /home/ubuntu/airflow/bitkub_dag/bitkub_dag.py
[2023-12-20T20:44:11.502+0000] {processor.py:829} INFO - Processing file /home/ubuntu/airflow/bitkub_dag/bitkub_dag.py for tasks to queue
[2023-12-20T20:44:11.503+0000] {logging_mixin.py:154} INFO - [2023-12-20T20:44:11.502+0000] {dagbag.py:536} INFO - Filling up the DagBag from /home/ubuntu/airflow/bitkub_dag/bitkub_dag.py
[2023-12-20T20:44:11.951+0000] {processor.py:839} INFO - DAG(s) dict_keys(['bitkub_dag']) retrieved from /home/ubuntu/airflow/bitkub_dag/bitkub_dag.py
[2023-12-20T20:44:11.964+0000] {logging_mixin.py:154} INFO - [2023-12-20T20:44:11.963+0000] {dag.py:2941} INFO - Sync 1 DAGs
[2023-12-20T20:44:11.986+0000] {logging_mixin.py:154} INFO - [2023-12-20T20:44:11.985+0000] {dag.py:3722} INFO - Setting next_dagrun for bitkub_dag to 2021-12-22T00:00:00+00:00, run_after=2021-12-23T00:00:00+00:00
[2023-12-20T20:44:12.014+0000] {processor.py:179} INFO - Processing /home/ubuntu/airflow/bitkub_dag/bitkub_dag.py took 0.522 seconds
[2023-12-20T20:47:24.499+0000] {processor.py:157} INFO - Started process (PID=2845) to work on /home/ubuntu/airflow/bitkub_dag/bitkub_dag.py
[2023-12-20T20:47:24.513+0000] {processor.py:829} INFO - Processing file /home/ubuntu/airflow/bitkub_dag/bitkub_dag.py for tasks to queue
[2023-12-20T20:47:24.516+0000] {logging_mixin.py:154} INFO - [2023-12-20T20:47:24.515+0000] {dagbag.py:536} INFO - Filling up the DagBag from /home/ubuntu/airflow/bitkub_dag/bitkub_dag.py
[2023-12-20T20:47:24.944+0000] {processor.py:839} INFO - DAG(s) dict_keys(['bitkub_dag']) retrieved from /home/ubuntu/airflow/bitkub_dag/bitkub_dag.py
[2023-12-20T20:47:24.957+0000] {logging_mixin.py:154} INFO - [2023-12-20T20:47:24.956+0000] {dag.py:2941} INFO - Sync 1 DAGs
[2023-12-20T20:47:24.977+0000] {logging_mixin.py:154} INFO - [2023-12-20T20:47:24.976+0000] {dag.py:3722} INFO - Setting next_dagrun for bitkub_dag to 2022-01-06T00:00:00+00:00, run_after=2022-01-07T00:00:00+00:00
[2023-12-20T20:47:24.998+0000] {processor.py:179} INFO - Processing /home/ubuntu/airflow/bitkub_dag/bitkub_dag.py took 0.501 seconds
[2023-12-20T20:50:08.084+0000] {processor.py:157} INFO - Started process (PID=3040) to work on /home/ubuntu/airflow/bitkub_dag/bitkub_dag.py
[2023-12-20T20:50:08.086+0000] {processor.py:829} INFO - Processing file /home/ubuntu/airflow/bitkub_dag/bitkub_dag.py for tasks to queue
[2023-12-20T20:50:08.087+0000] {logging_mixin.py:154} INFO - [2023-12-20T20:50:08.086+0000] {dagbag.py:536} INFO - Filling up the DagBag from /home/ubuntu/airflow/bitkub_dag/bitkub_dag.py
[2023-12-20T20:50:08.531+0000] {processor.py:839} INFO - DAG(s) dict_keys(['bitkub_dag']) retrieved from /home/ubuntu/airflow/bitkub_dag/bitkub_dag.py
[2023-12-20T20:50:08.544+0000] {logging_mixin.py:154} INFO - [2023-12-20T20:50:08.543+0000] {dag.py:2941} INFO - Sync 1 DAGs
[2023-12-20T20:50:08.566+0000] {logging_mixin.py:154} INFO - [2023-12-20T20:50:08.565+0000] {dag.py:3722} INFO - Setting next_dagrun for bitkub_dag to 2022-01-22T00:00:00+00:00, run_after=2022-01-23T00:00:00+00:00
[2023-12-20T20:50:08.586+0000] {processor.py:179} INFO - Processing /home/ubuntu/airflow/bitkub_dag/bitkub_dag.py took 0.506 seconds
[2023-12-20T20:53:47.069+0000] {processor.py:157} INFO - Started process (PID=9470) to work on /home/ubuntu/airflow/bitkub_dag/bitkub_dag.py
[2023-12-20T20:53:47.073+0000] {processor.py:829} INFO - Processing file /home/ubuntu/airflow/bitkub_dag/bitkub_dag.py for tasks to queue
[2023-12-20T20:53:47.074+0000] {logging_mixin.py:154} INFO - [2023-12-20T20:53:47.074+0000] {dagbag.py:536} INFO - Filling up the DagBag from /home/ubuntu/airflow/bitkub_dag/bitkub_dag.py
[2023-12-20T20:53:47.616+0000] {processor.py:839} INFO - DAG(s) dict_keys(['bitkub_dag']) retrieved from /home/ubuntu/airflow/bitkub_dag/bitkub_dag.py
[2023-12-20T20:53:47.631+0000] {logging_mixin.py:154} INFO - [2023-12-20T20:53:47.631+0000] {dag.py:2941} INFO - Sync 1 DAGs
[2023-12-20T20:53:47.667+0000] {logging_mixin.py:154} INFO - [2023-12-20T20:53:47.667+0000] {dag.py:3722} INFO - Setting next_dagrun for bitkub_dag to 2022-02-12T00:00:00+00:00, run_after=2022-02-13T00:00:00+00:00
[2023-12-20T20:53:47.707+0000] {processor.py:179} INFO - Processing /home/ubuntu/airflow/bitkub_dag/bitkub_dag.py took 0.643 seconds
[2023-12-20T20:56:58.791+0000] {processor.py:157} INFO - Started process (PID=19581) to work on /home/ubuntu/airflow/bitkub_dag/bitkub_dag.py
[2023-12-20T20:56:58.797+0000] {processor.py:829} INFO - Processing file /home/ubuntu/airflow/bitkub_dag/bitkub_dag.py for tasks to queue
[2023-12-20T20:56:58.799+0000] {logging_mixin.py:154} INFO - [2023-12-20T20:56:58.798+0000] {dagbag.py:536} INFO - Filling up the DagBag from /home/ubuntu/airflow/bitkub_dag/bitkub_dag.py
[2023-12-20T20:56:59.396+0000] {processor.py:839} INFO - DAG(s) dict_keys(['bitkub_dag']) retrieved from /home/ubuntu/airflow/bitkub_dag/bitkub_dag.py
[2023-12-20T20:56:59.417+0000] {logging_mixin.py:154} INFO - [2023-12-20T20:56:59.416+0000] {dag.py:2941} INFO - Sync 1 DAGs
[2023-12-20T20:56:59.449+0000] {logging_mixin.py:154} INFO - [2023-12-20T20:56:59.449+0000] {dag.py:3722} INFO - Setting next_dagrun for bitkub_dag to 2022-03-09T00:00:00+00:00, run_after=2022-03-10T00:00:00+00:00
[2023-12-20T20:56:59.481+0000] {processor.py:179} INFO - Processing /home/ubuntu/airflow/bitkub_dag/bitkub_dag.py took 0.696 seconds
[2023-12-20T20:59:16.976+0000] {processor.py:157} INFO - Started process (PID=20468) to work on /home/ubuntu/airflow/bitkub_dag/bitkub_dag.py
[2023-12-20T20:59:16.977+0000] {processor.py:829} INFO - Processing file /home/ubuntu/airflow/bitkub_dag/bitkub_dag.py for tasks to queue
[2023-12-20T20:59:16.978+0000] {logging_mixin.py:154} INFO - [2023-12-20T20:59:16.977+0000] {dagbag.py:536} INFO - Filling up the DagBag from /home/ubuntu/airflow/bitkub_dag/bitkub_dag.py
[2023-12-20T20:59:17.519+0000] {processor.py:839} INFO - DAG(s) dict_keys(['bitkub_dag']) retrieved from /home/ubuntu/airflow/bitkub_dag/bitkub_dag.py
[2023-12-20T20:59:17.534+0000] {logging_mixin.py:154} INFO - [2023-12-20T20:59:17.533+0000] {dag.py:2941} INFO - Sync 1 DAGs
[2023-12-20T20:59:17.554+0000] {logging_mixin.py:154} INFO - [2023-12-20T20:59:17.554+0000] {dag.py:3722} INFO - Setting next_dagrun for bitkub_dag to 2022-04-05T00:00:00+00:00, run_after=2022-04-06T00:00:00+00:00
[2023-12-20T20:59:17.585+0000] {processor.py:179} INFO - Processing /home/ubuntu/airflow/bitkub_dag/bitkub_dag.py took 0.613 seconds
[2023-12-20T21:01:16.914+0000] {processor.py:157} INFO - Started process (PID=20637) to work on /home/ubuntu/airflow/bitkub_dag/bitkub_dag.py
[2023-12-20T21:01:16.915+0000] {processor.py:829} INFO - Processing file /home/ubuntu/airflow/bitkub_dag/bitkub_dag.py for tasks to queue
[2023-12-20T21:01:16.915+0000] {logging_mixin.py:154} INFO - [2023-12-20T21:01:16.915+0000] {dagbag.py:536} INFO - Filling up the DagBag from /home/ubuntu/airflow/bitkub_dag/bitkub_dag.py
[2023-12-20T21:01:17.334+0000] {processor.py:839} INFO - DAG(s) dict_keys(['bitkub_dag']) retrieved from /home/ubuntu/airflow/bitkub_dag/bitkub_dag.py
[2023-12-20T21:01:17.352+0000] {logging_mixin.py:154} INFO - [2023-12-20T21:01:17.352+0000] {dag.py:2941} INFO - Sync 1 DAGs
[2023-12-20T21:01:17.371+0000] {logging_mixin.py:154} INFO - [2023-12-20T21:01:17.371+0000] {dag.py:3722} INFO - Setting next_dagrun for bitkub_dag to 2022-04-30T00:00:00+00:00, run_after=2022-05-01T00:00:00+00:00
[2023-12-20T21:01:17.391+0000] {processor.py:179} INFO - Processing /home/ubuntu/airflow/bitkub_dag/bitkub_dag.py took 0.480 seconds
[2023-12-20T21:03:15.017+0000] {processor.py:157} INFO - Started process (PID=20805) to work on /home/ubuntu/airflow/bitkub_dag/bitkub_dag.py
[2023-12-20T21:03:15.018+0000] {processor.py:829} INFO - Processing file /home/ubuntu/airflow/bitkub_dag/bitkub_dag.py for tasks to queue
[2023-12-20T21:03:15.019+0000] {logging_mixin.py:154} INFO - [2023-12-20T21:03:15.018+0000] {dagbag.py:536} INFO - Filling up the DagBag from /home/ubuntu/airflow/bitkub_dag/bitkub_dag.py
[2023-12-20T21:03:15.389+0000] {processor.py:839} INFO - DAG(s) dict_keys(['bitkub_dag']) retrieved from /home/ubuntu/airflow/bitkub_dag/bitkub_dag.py
[2023-12-20T21:03:15.401+0000] {logging_mixin.py:154} INFO - [2023-12-20T21:03:15.400+0000] {dag.py:2941} INFO - Sync 1 DAGs
[2023-12-20T21:03:15.419+0000] {logging_mixin.py:154} INFO - [2023-12-20T21:03:15.419+0000] {dag.py:3722} INFO - Setting next_dagrun for bitkub_dag to 2022-05-25T00:00:00+00:00, run_after=2022-05-26T00:00:00+00:00
[2023-12-20T21:03:15.439+0000] {processor.py:179} INFO - Processing /home/ubuntu/airflow/bitkub_dag/bitkub_dag.py took 0.426 seconds
[2023-12-20T21:05:10.533+0000] {processor.py:157} INFO - Started process (PID=20970) to work on /home/ubuntu/airflow/bitkub_dag/bitkub_dag.py
[2023-12-20T21:05:10.535+0000] {processor.py:829} INFO - Processing file /home/ubuntu/airflow/bitkub_dag/bitkub_dag.py for tasks to queue
[2023-12-20T21:05:10.536+0000] {logging_mixin.py:154} INFO - [2023-12-20T21:05:10.535+0000] {dagbag.py:536} INFO - Filling up the DagBag from /home/ubuntu/airflow/bitkub_dag/bitkub_dag.py
[2023-12-20T21:05:11.036+0000] {processor.py:839} INFO - DAG(s) dict_keys(['bitkub_dag']) retrieved from /home/ubuntu/airflow/bitkub_dag/bitkub_dag.py
[2023-12-20T21:05:11.053+0000] {logging_mixin.py:154} INFO - [2023-12-20T21:05:11.053+0000] {dag.py:2941} INFO - Sync 1 DAGs
[2023-12-20T21:05:11.077+0000] {logging_mixin.py:154} INFO - [2023-12-20T21:05:11.077+0000] {dag.py:3722} INFO - Setting next_dagrun for bitkub_dag to 2022-06-19T00:00:00+00:00, run_after=2022-06-20T00:00:00+00:00
[2023-12-20T21:05:11.102+0000] {processor.py:179} INFO - Processing /home/ubuntu/airflow/bitkub_dag/bitkub_dag.py took 0.572 seconds
[2023-12-20T21:07:06.127+0000] {processor.py:157} INFO - Started process (PID=21134) to work on /home/ubuntu/airflow/bitkub_dag/bitkub_dag.py
[2023-12-20T21:07:06.144+0000] {processor.py:829} INFO - Processing file /home/ubuntu/airflow/bitkub_dag/bitkub_dag.py for tasks to queue
[2023-12-20T21:07:06.145+0000] {logging_mixin.py:154} INFO - [2023-12-20T21:07:06.145+0000] {dagbag.py:536} INFO - Filling up the DagBag from /home/ubuntu/airflow/bitkub_dag/bitkub_dag.py
[2023-12-20T21:07:06.536+0000] {processor.py:839} INFO - DAG(s) dict_keys(['bitkub_dag']) retrieved from /home/ubuntu/airflow/bitkub_dag/bitkub_dag.py
[2023-12-20T21:07:06.549+0000] {logging_mixin.py:154} INFO - [2023-12-20T21:07:06.549+0000] {dag.py:2941} INFO - Sync 1 DAGs
[2023-12-20T21:07:06.568+0000] {logging_mixin.py:154} INFO - [2023-12-20T21:07:06.567+0000] {dag.py:3722} INFO - Setting next_dagrun for bitkub_dag to 2022-07-14T00:00:00+00:00, run_after=2022-07-15T00:00:00+00:00
[2023-12-20T21:07:06.588+0000] {processor.py:179} INFO - Processing /home/ubuntu/airflow/bitkub_dag/bitkub_dag.py took 0.465 seconds
[2023-12-20T21:09:00.261+0000] {processor.py:157} INFO - Started process (PID=21312) to work on /home/ubuntu/airflow/bitkub_dag/bitkub_dag.py
[2023-12-20T21:09:00.263+0000] {processor.py:829} INFO - Processing file /home/ubuntu/airflow/bitkub_dag/bitkub_dag.py for tasks to queue
[2023-12-20T21:09:00.264+0000] {logging_mixin.py:154} INFO - [2023-12-20T21:09:00.263+0000] {dagbag.py:536} INFO - Filling up the DagBag from /home/ubuntu/airflow/bitkub_dag/bitkub_dag.py
[2023-12-20T21:09:00.657+0000] {processor.py:839} INFO - DAG(s) dict_keys(['bitkub_dag']) retrieved from /home/ubuntu/airflow/bitkub_dag/bitkub_dag.py
[2023-12-20T21:09:00.669+0000] {logging_mixin.py:154} INFO - [2023-12-20T21:09:00.669+0000] {dag.py:2941} INFO - Sync 1 DAGs
[2023-12-20T21:09:00.700+0000] {logging_mixin.py:154} INFO - [2023-12-20T21:09:00.700+0000] {dag.py:3722} INFO - Setting next_dagrun for bitkub_dag to 2022-08-08T00:00:00+00:00, run_after=2022-08-09T00:00:00+00:00
[2023-12-20T21:09:00.724+0000] {processor.py:179} INFO - Processing /home/ubuntu/airflow/bitkub_dag/bitkub_dag.py took 0.466 seconds
[2023-12-20T21:10:55.225+0000] {processor.py:157} INFO - Started process (PID=21480) to work on /home/ubuntu/airflow/bitkub_dag/bitkub_dag.py
[2023-12-20T21:10:55.227+0000] {processor.py:829} INFO - Processing file /home/ubuntu/airflow/bitkub_dag/bitkub_dag.py for tasks to queue
[2023-12-20T21:10:55.227+0000] {logging_mixin.py:154} INFO - [2023-12-20T21:10:55.227+0000] {dagbag.py:536} INFO - Filling up the DagBag from /home/ubuntu/airflow/bitkub_dag/bitkub_dag.py
[2023-12-20T21:10:55.650+0000] {processor.py:839} INFO - DAG(s) dict_keys(['bitkub_dag']) retrieved from /home/ubuntu/airflow/bitkub_dag/bitkub_dag.py
[2023-12-20T21:10:55.665+0000] {logging_mixin.py:154} INFO - [2023-12-20T21:10:55.665+0000] {dag.py:2941} INFO - Sync 1 DAGs
[2023-12-20T21:10:55.689+0000] {logging_mixin.py:154} INFO - [2023-12-20T21:10:55.689+0000] {dag.py:3722} INFO - Setting next_dagrun for bitkub_dag to 2022-09-02T00:00:00+00:00, run_after=2022-09-03T00:00:00+00:00
[2023-12-20T21:10:55.713+0000] {processor.py:179} INFO - Processing /home/ubuntu/airflow/bitkub_dag/bitkub_dag.py took 0.491 seconds
[2023-12-20T21:12:48.808+0000] {processor.py:157} INFO - Started process (PID=21645) to work on /home/ubuntu/airflow/bitkub_dag/bitkub_dag.py
[2023-12-20T21:12:48.809+0000] {processor.py:829} INFO - Processing file /home/ubuntu/airflow/bitkub_dag/bitkub_dag.py for tasks to queue
[2023-12-20T21:12:48.810+0000] {logging_mixin.py:154} INFO - [2023-12-20T21:12:48.810+0000] {dagbag.py:536} INFO - Filling up the DagBag from /home/ubuntu/airflow/bitkub_dag/bitkub_dag.py
[2023-12-20T21:12:49.297+0000] {processor.py:839} INFO - DAG(s) dict_keys(['bitkub_dag']) retrieved from /home/ubuntu/airflow/bitkub_dag/bitkub_dag.py
[2023-12-20T21:12:49.313+0000] {logging_mixin.py:154} INFO - [2023-12-20T21:12:49.312+0000] {dag.py:2941} INFO - Sync 1 DAGs
[2023-12-20T21:12:49.335+0000] {logging_mixin.py:154} INFO - [2023-12-20T21:12:49.334+0000] {dag.py:3722} INFO - Setting next_dagrun for bitkub_dag to 2022-09-27T00:00:00+00:00, run_after=2022-09-28T00:00:00+00:00
[2023-12-20T21:12:49.366+0000] {processor.py:179} INFO - Processing /home/ubuntu/airflow/bitkub_dag/bitkub_dag.py took 0.563 seconds
[2023-12-20T21:14:43.615+0000] {processor.py:157} INFO - Started process (PID=21814) to work on /home/ubuntu/airflow/bitkub_dag/bitkub_dag.py
[2023-12-20T21:14:43.631+0000] {processor.py:829} INFO - Processing file /home/ubuntu/airflow/bitkub_dag/bitkub_dag.py for tasks to queue
[2023-12-20T21:14:43.632+0000] {logging_mixin.py:154} INFO - [2023-12-20T21:14:43.632+0000] {dagbag.py:536} INFO - Filling up the DagBag from /home/ubuntu/airflow/bitkub_dag/bitkub_dag.py
[2023-12-20T21:14:44.052+0000] {processor.py:839} INFO - DAG(s) dict_keys(['bitkub_dag']) retrieved from /home/ubuntu/airflow/bitkub_dag/bitkub_dag.py
[2023-12-20T21:14:44.064+0000] {logging_mixin.py:154} INFO - [2023-12-20T21:14:44.064+0000] {dag.py:2941} INFO - Sync 1 DAGs
[2023-12-20T21:14:44.085+0000] {logging_mixin.py:154} INFO - [2023-12-20T21:14:44.084+0000] {dag.py:3722} INFO - Setting next_dagrun for bitkub_dag to 2022-10-22T00:00:00+00:00, run_after=2022-10-23T00:00:00+00:00
[2023-12-20T21:14:44.106+0000] {processor.py:179} INFO - Processing /home/ubuntu/airflow/bitkub_dag/bitkub_dag.py took 0.495 seconds
[2023-12-20T21:16:38.267+0000] {processor.py:157} INFO - Started process (PID=21979) to work on /home/ubuntu/airflow/bitkub_dag/bitkub_dag.py
[2023-12-20T21:16:38.268+0000] {processor.py:829} INFO - Processing file /home/ubuntu/airflow/bitkub_dag/bitkub_dag.py for tasks to queue
[2023-12-20T21:16:38.269+0000] {logging_mixin.py:154} INFO - [2023-12-20T21:16:38.269+0000] {dagbag.py:536} INFO - Filling up the DagBag from /home/ubuntu/airflow/bitkub_dag/bitkub_dag.py
[2023-12-20T21:16:38.629+0000] {processor.py:839} INFO - DAG(s) dict_keys(['bitkub_dag']) retrieved from /home/ubuntu/airflow/bitkub_dag/bitkub_dag.py
[2023-12-20T21:16:38.642+0000] {logging_mixin.py:154} INFO - [2023-12-20T21:16:38.641+0000] {dag.py:2941} INFO - Sync 1 DAGs
[2023-12-20T21:16:38.662+0000] {logging_mixin.py:154} INFO - [2023-12-20T21:16:38.661+0000] {dag.py:3722} INFO - Setting next_dagrun for bitkub_dag to 2022-11-16T00:00:00+00:00, run_after=2022-11-17T00:00:00+00:00
[2023-12-20T21:16:38.681+0000] {processor.py:179} INFO - Processing /home/ubuntu/airflow/bitkub_dag/bitkub_dag.py took 0.417 seconds
[2023-12-20T21:18:34.161+0000] {processor.py:157} INFO - Started process (PID=22147) to work on /home/ubuntu/airflow/bitkub_dag/bitkub_dag.py
[2023-12-20T21:18:34.180+0000] {processor.py:829} INFO - Processing file /home/ubuntu/airflow/bitkub_dag/bitkub_dag.py for tasks to queue
[2023-12-20T21:18:34.181+0000] {logging_mixin.py:154} INFO - [2023-12-20T21:18:34.181+0000] {dagbag.py:536} INFO - Filling up the DagBag from /home/ubuntu/airflow/bitkub_dag/bitkub_dag.py
[2023-12-20T21:18:34.570+0000] {processor.py:839} INFO - DAG(s) dict_keys(['bitkub_dag']) retrieved from /home/ubuntu/airflow/bitkub_dag/bitkub_dag.py
[2023-12-20T21:18:34.581+0000] {logging_mixin.py:154} INFO - [2023-12-20T21:18:34.581+0000] {dag.py:2941} INFO - Sync 1 DAGs
[2023-12-20T21:18:34.621+0000] {logging_mixin.py:154} INFO - [2023-12-20T21:18:34.620+0000] {dag.py:3722} INFO - Setting next_dagrun for bitkub_dag to 2022-12-11T00:00:00+00:00, run_after=2022-12-12T00:00:00+00:00
[2023-12-20T21:18:34.641+0000] {processor.py:179} INFO - Processing /home/ubuntu/airflow/bitkub_dag/bitkub_dag.py took 0.483 seconds
[2023-12-20T21:20:29.788+0000] {processor.py:157} INFO - Started process (PID=22312) to work on /home/ubuntu/airflow/bitkub_dag/bitkub_dag.py
[2023-12-20T21:20:29.789+0000] {processor.py:829} INFO - Processing file /home/ubuntu/airflow/bitkub_dag/bitkub_dag.py for tasks to queue
[2023-12-20T21:20:29.790+0000] {logging_mixin.py:154} INFO - [2023-12-20T21:20:29.789+0000] {dagbag.py:536} INFO - Filling up the DagBag from /home/ubuntu/airflow/bitkub_dag/bitkub_dag.py
[2023-12-20T21:20:30.224+0000] {processor.py:839} INFO - DAG(s) dict_keys(['bitkub_dag']) retrieved from /home/ubuntu/airflow/bitkub_dag/bitkub_dag.py
[2023-12-20T21:20:30.241+0000] {logging_mixin.py:154} INFO - [2023-12-20T21:20:30.240+0000] {dag.py:2941} INFO - Sync 1 DAGs
[2023-12-20T21:20:30.262+0000] {logging_mixin.py:154} INFO - [2023-12-20T21:20:30.261+0000] {dag.py:3722} INFO - Setting next_dagrun for bitkub_dag to 2023-01-05T00:00:00+00:00, run_after=2023-01-06T00:00:00+00:00
[2023-12-20T21:20:30.281+0000] {processor.py:179} INFO - Processing /home/ubuntu/airflow/bitkub_dag/bitkub_dag.py took 0.498 seconds
[2023-12-20T21:22:27.988+0000] {processor.py:157} INFO - Started process (PID=22478) to work on /home/ubuntu/airflow/bitkub_dag/bitkub_dag.py
[2023-12-20T21:22:27.992+0000] {processor.py:829} INFO - Processing file /home/ubuntu/airflow/bitkub_dag/bitkub_dag.py for tasks to queue
[2023-12-20T21:22:27.993+0000] {logging_mixin.py:154} INFO - [2023-12-20T21:22:27.992+0000] {dagbag.py:536} INFO - Filling up the DagBag from /home/ubuntu/airflow/bitkub_dag/bitkub_dag.py
[2023-12-20T21:22:28.378+0000] {processor.py:839} INFO - DAG(s) dict_keys(['bitkub_dag']) retrieved from /home/ubuntu/airflow/bitkub_dag/bitkub_dag.py
[2023-12-20T21:22:28.389+0000] {logging_mixin.py:154} INFO - [2023-12-20T21:22:28.389+0000] {dag.py:2941} INFO - Sync 1 DAGs
[2023-12-20T21:22:28.408+0000] {logging_mixin.py:154} INFO - [2023-12-20T21:22:28.408+0000] {dag.py:3722} INFO - Setting next_dagrun for bitkub_dag to 2023-01-30T00:00:00+00:00, run_after=2023-01-31T00:00:00+00:00
[2023-12-20T21:22:28.429+0000] {processor.py:179} INFO - Processing /home/ubuntu/airflow/bitkub_dag/bitkub_dag.py took 0.444 seconds
[2023-12-20T21:24:35.116+0000] {processor.py:157} INFO - Started process (PID=22643) to work on /home/ubuntu/airflow/bitkub_dag/bitkub_dag.py
[2023-12-20T21:24:35.117+0000] {processor.py:829} INFO - Processing file /home/ubuntu/airflow/bitkub_dag/bitkub_dag.py for tasks to queue
[2023-12-20T21:24:35.118+0000] {logging_mixin.py:154} INFO - [2023-12-20T21:24:35.117+0000] {dagbag.py:536} INFO - Filling up the DagBag from /home/ubuntu/airflow/bitkub_dag/bitkub_dag.py
[2023-12-20T21:24:35.479+0000] {processor.py:839} INFO - DAG(s) dict_keys(['bitkub_dag']) retrieved from /home/ubuntu/airflow/bitkub_dag/bitkub_dag.py
[2023-12-20T21:24:35.490+0000] {logging_mixin.py:154} INFO - [2023-12-20T21:24:35.490+0000] {dag.py:2941} INFO - Sync 1 DAGs
[2023-12-20T21:24:35.509+0000] {logging_mixin.py:154} INFO - [2023-12-20T21:24:35.509+0000] {dag.py:3722} INFO - Setting next_dagrun for bitkub_dag to 2023-02-24T00:00:00+00:00, run_after=2023-02-25T00:00:00+00:00
[2023-12-20T21:24:35.527+0000] {processor.py:179} INFO - Processing /home/ubuntu/airflow/bitkub_dag/bitkub_dag.py took 0.415 seconds
[2023-12-20T21:29:04.702+0000] {processor.py:157} INFO - Started process (PID=22828) to work on /home/ubuntu/airflow/bitkub_dag/bitkub_dag.py
[2023-12-20T21:29:04.707+0000] {processor.py:829} INFO - Processing file /home/ubuntu/airflow/bitkub_dag/bitkub_dag.py for tasks to queue
[2023-12-20T21:29:04.707+0000] {logging_mixin.py:154} INFO - [2023-12-20T21:29:04.707+0000] {dagbag.py:536} INFO - Filling up the DagBag from /home/ubuntu/airflow/bitkub_dag/bitkub_dag.py
[2023-12-20T21:29:05.155+0000] {processor.py:839} INFO - DAG(s) dict_keys(['bitkub_dag']) retrieved from /home/ubuntu/airflow/bitkub_dag/bitkub_dag.py
[2023-12-20T21:29:05.175+0000] {logging_mixin.py:154} INFO - [2023-12-20T21:29:05.174+0000] {dag.py:2941} INFO - Sync 1 DAGs
[2023-12-20T21:29:05.199+0000] {logging_mixin.py:154} INFO - [2023-12-20T21:29:05.199+0000] {dag.py:3722} INFO - Setting next_dagrun for bitkub_dag to 2023-03-24T00:00:00+00:00, run_after=2023-03-25T00:00:00+00:00
[2023-12-20T21:29:05.221+0000] {processor.py:179} INFO - Processing /home/ubuntu/airflow/bitkub_dag/bitkub_dag.py took 0.524 seconds
[2023-12-20T21:33:39.681+0000] {processor.py:157} INFO - Started process (PID=23013) to work on /home/ubuntu/airflow/bitkub_dag/bitkub_dag.py
[2023-12-20T21:33:39.682+0000] {processor.py:829} INFO - Processing file /home/ubuntu/airflow/bitkub_dag/bitkub_dag.py for tasks to queue
[2023-12-20T21:33:39.683+0000] {logging_mixin.py:154} INFO - [2023-12-20T21:33:39.683+0000] {dagbag.py:536} INFO - Filling up the DagBag from /home/ubuntu/airflow/bitkub_dag/bitkub_dag.py
[2023-12-20T21:33:40.102+0000] {processor.py:839} INFO - DAG(s) dict_keys(['bitkub_dag']) retrieved from /home/ubuntu/airflow/bitkub_dag/bitkub_dag.py
[2023-12-20T21:33:40.114+0000] {logging_mixin.py:154} INFO - [2023-12-20T21:33:40.114+0000] {dag.py:2941} INFO - Sync 1 DAGs
[2023-12-20T21:33:40.135+0000] {logging_mixin.py:154} INFO - [2023-12-20T21:33:40.135+0000] {dag.py:3722} INFO - Setting next_dagrun for bitkub_dag to 2023-04-21T00:00:00+00:00, run_after=2023-04-22T00:00:00+00:00
[2023-12-20T21:33:40.158+0000] {processor.py:179} INFO - Processing /home/ubuntu/airflow/bitkub_dag/bitkub_dag.py took 0.481 seconds
