[2023-12-20T20:22:00.532+0000] {processor.py:157} INFO - Started process (PID=943) to work on /usr/local/lib/python3.10/dist-packages/airflow/example_dags/example_xcom.py
[2023-12-20T20:22:00.532+0000] {processor.py:829} INFO - Processing file /usr/local/lib/python3.10/dist-packages/airflow/example_dags/example_xcom.py for tasks to queue
[2023-12-20T20:22:00.533+0000] {logging_mixin.py:154} INFO - [2023-12-20T20:22:00.533+0000] {dagbag.py:536} INFO - Filling up the DagBag from /usr/local/lib/python3.10/dist-packages/airflow/example_dags/example_xcom.py
[2023-12-20T20:22:00.546+0000] {processor.py:839} INFO - DAG(s) dict_keys(['example_xcom']) retrieved from /usr/local/lib/python3.10/dist-packages/airflow/example_dags/example_xcom.py
[2023-12-20T20:22:00.552+0000] {logging_mixin.py:154} INFO - [2023-12-20T20:22:00.552+0000] {dag.py:2941} INFO - Sync 1 DAGs
[2023-12-20T20:22:00.571+0000] {logging_mixin.py:154} INFO - [2023-12-20T20:22:00.571+0000] {dag.py:3722} INFO - Setting next_dagrun for example_xcom to 2021-01-01T00:00:00+00:00, run_after=2021-01-01T00:00:00+00:00
[2023-12-20T20:22:00.615+0000] {processor.py:179} INFO - Processing /usr/local/lib/python3.10/dist-packages/airflow/example_dags/example_xcom.py took 0.086 seconds
[2023-12-20T20:26:23.749+0000] {processor.py:157} INFO - Started process (PID=1268) to work on /usr/local/lib/python3.10/dist-packages/airflow/example_dags/example_xcom.py
[2023-12-20T20:26:23.769+0000] {processor.py:829} INFO - Processing file /usr/local/lib/python3.10/dist-packages/airflow/example_dags/example_xcom.py for tasks to queue
[2023-12-20T20:26:23.770+0000] {logging_mixin.py:154} INFO - [2023-12-20T20:26:23.769+0000] {dagbag.py:536} INFO - Filling up the DagBag from /usr/local/lib/python3.10/dist-packages/airflow/example_dags/example_xcom.py
[2023-12-20T20:26:23.781+0000] {processor.py:839} INFO - DAG(s) dict_keys(['example_xcom']) retrieved from /usr/local/lib/python3.10/dist-packages/airflow/example_dags/example_xcom.py
[2023-12-20T20:26:23.797+0000] {logging_mixin.py:154} INFO - [2023-12-20T20:26:23.797+0000] {dag.py:2941} INFO - Sync 1 DAGs
[2023-12-20T20:26:23.819+0000] {logging_mixin.py:154} INFO - [2023-12-20T20:26:23.818+0000] {dag.py:3722} INFO - Setting next_dagrun for example_xcom to 2021-01-01T00:00:00+00:00, run_after=2021-01-01T00:00:00+00:00
[2023-12-20T20:26:23.842+0000] {processor.py:179} INFO - Processing /usr/local/lib/python3.10/dist-packages/airflow/example_dags/example_xcom.py took 0.096 seconds
[2023-12-20T20:28:35.809+0000] {processor.py:157} INFO - Started process (PID=1427) to work on /usr/local/lib/python3.10/dist-packages/airflow/example_dags/example_xcom.py
[2023-12-20T20:28:35.812+0000] {processor.py:829} INFO - Processing file /usr/local/lib/python3.10/dist-packages/airflow/example_dags/example_xcom.py for tasks to queue
[2023-12-20T20:28:35.813+0000] {logging_mixin.py:154} INFO - [2023-12-20T20:28:35.812+0000] {dagbag.py:536} INFO - Filling up the DagBag from /usr/local/lib/python3.10/dist-packages/airflow/example_dags/example_xcom.py
[2023-12-20T20:28:35.826+0000] {processor.py:839} INFO - DAG(s) dict_keys(['example_xcom']) retrieved from /usr/local/lib/python3.10/dist-packages/airflow/example_dags/example_xcom.py
[2023-12-20T20:28:35.848+0000] {logging_mixin.py:154} INFO - [2023-12-20T20:28:35.848+0000] {dag.py:2941} INFO - Sync 1 DAGs
[2023-12-20T20:28:35.878+0000] {logging_mixin.py:154} INFO - [2023-12-20T20:28:35.877+0000] {dag.py:3722} INFO - Setting next_dagrun for example_xcom to 2021-01-01T00:00:00+00:00, run_after=2021-01-01T00:00:00+00:00
[2023-12-20T20:28:35.911+0000] {processor.py:179} INFO - Processing /usr/local/lib/python3.10/dist-packages/airflow/example_dags/example_xcom.py took 0.107 seconds
[2023-12-20T20:31:14.763+0000] {processor.py:157} INFO - Started process (PID=1632) to work on /usr/local/lib/python3.10/dist-packages/airflow/example_dags/example_xcom.py
[2023-12-20T20:31:14.765+0000] {processor.py:829} INFO - Processing file /usr/local/lib/python3.10/dist-packages/airflow/example_dags/example_xcom.py for tasks to queue
[2023-12-20T20:31:14.766+0000] {logging_mixin.py:154} INFO - [2023-12-20T20:31:14.765+0000] {dagbag.py:536} INFO - Filling up the DagBag from /usr/local/lib/python3.10/dist-packages/airflow/example_dags/example_xcom.py
[2023-12-20T20:31:14.778+0000] {processor.py:839} INFO - DAG(s) dict_keys(['example_xcom']) retrieved from /usr/local/lib/python3.10/dist-packages/airflow/example_dags/example_xcom.py
[2023-12-20T20:31:14.801+0000] {logging_mixin.py:154} INFO - [2023-12-20T20:31:14.800+0000] {dag.py:2941} INFO - Sync 1 DAGs
[2023-12-20T20:31:14.977+0000] {logging_mixin.py:154} INFO - [2023-12-20T20:31:14.976+0000] {dag.py:3722} INFO - Setting next_dagrun for example_xcom to 2021-01-01T00:00:00+00:00, run_after=2021-01-01T00:00:00+00:00
[2023-12-20T20:31:14.996+0000] {processor.py:179} INFO - Processing /usr/local/lib/python3.10/dist-packages/airflow/example_dags/example_xcom.py took 0.236 seconds
[2023-12-20T20:34:41.089+0000] {processor.py:157} INFO - Started process (PID=1898) to work on /usr/local/lib/python3.10/dist-packages/airflow/example_dags/example_xcom.py
[2023-12-20T20:34:41.090+0000] {processor.py:829} INFO - Processing file /usr/local/lib/python3.10/dist-packages/airflow/example_dags/example_xcom.py for tasks to queue
[2023-12-20T20:34:41.091+0000] {logging_mixin.py:154} INFO - [2023-12-20T20:34:41.091+0000] {dagbag.py:536} INFO - Filling up the DagBag from /usr/local/lib/python3.10/dist-packages/airflow/example_dags/example_xcom.py
[2023-12-20T20:34:41.103+0000] {processor.py:839} INFO - DAG(s) dict_keys(['example_xcom']) retrieved from /usr/local/lib/python3.10/dist-packages/airflow/example_dags/example_xcom.py
[2023-12-20T20:34:41.263+0000] {logging_mixin.py:154} INFO - [2023-12-20T20:34:41.263+0000] {dag.py:2941} INFO - Sync 1 DAGs
[2023-12-20T20:34:41.279+0000] {logging_mixin.py:154} INFO - [2023-12-20T20:34:41.279+0000] {dag.py:3722} INFO - Setting next_dagrun for example_xcom to 2021-01-01T00:00:00+00:00, run_after=2021-01-01T00:00:00+00:00
[2023-12-20T20:34:41.298+0000] {processor.py:179} INFO - Processing /usr/local/lib/python3.10/dist-packages/airflow/example_dags/example_xcom.py took 0.213 seconds
[2023-12-20T20:38:03.556+0000] {processor.py:157} INFO - Started process (PID=2170) to work on /usr/local/lib/python3.10/dist-packages/airflow/example_dags/example_xcom.py
[2023-12-20T20:38:03.575+0000] {processor.py:829} INFO - Processing file /usr/local/lib/python3.10/dist-packages/airflow/example_dags/example_xcom.py for tasks to queue
[2023-12-20T20:38:03.576+0000] {logging_mixin.py:154} INFO - [2023-12-20T20:38:03.576+0000] {dagbag.py:536} INFO - Filling up the DagBag from /usr/local/lib/python3.10/dist-packages/airflow/example_dags/example_xcom.py
[2023-12-20T20:38:03.586+0000] {processor.py:839} INFO - DAG(s) dict_keys(['example_xcom']) retrieved from /usr/local/lib/python3.10/dist-packages/airflow/example_dags/example_xcom.py
[2023-12-20T20:38:03.603+0000] {logging_mixin.py:154} INFO - [2023-12-20T20:38:03.603+0000] {dag.py:2941} INFO - Sync 1 DAGs
[2023-12-20T20:38:03.624+0000] {logging_mixin.py:154} INFO - [2023-12-20T20:38:03.623+0000] {dag.py:3722} INFO - Setting next_dagrun for example_xcom to 2021-01-01T00:00:00+00:00, run_after=2021-01-01T00:00:00+00:00
[2023-12-20T20:38:03.645+0000] {processor.py:179} INFO - Processing /usr/local/lib/python3.10/dist-packages/airflow/example_dags/example_xcom.py took 0.092 seconds
[2023-12-20T20:41:20.919+0000] {processor.py:157} INFO - Started process (PID=2412) to work on /usr/local/lib/python3.10/dist-packages/airflow/example_dags/example_xcom.py
[2023-12-20T20:41:20.926+0000] {processor.py:829} INFO - Processing file /usr/local/lib/python3.10/dist-packages/airflow/example_dags/example_xcom.py for tasks to queue
[2023-12-20T20:41:20.927+0000] {logging_mixin.py:154} INFO - [2023-12-20T20:41:20.927+0000] {dagbag.py:536} INFO - Filling up the DagBag from /usr/local/lib/python3.10/dist-packages/airflow/example_dags/example_xcom.py
[2023-12-20T20:41:20.936+0000] {processor.py:839} INFO - DAG(s) dict_keys(['example_xcom']) retrieved from /usr/local/lib/python3.10/dist-packages/airflow/example_dags/example_xcom.py
[2023-12-20T20:41:20.964+0000] {logging_mixin.py:154} INFO - [2023-12-20T20:41:20.964+0000] {dag.py:2941} INFO - Sync 1 DAGs
[2023-12-20T20:41:20.996+0000] {logging_mixin.py:154} INFO - [2023-12-20T20:41:20.996+0000] {dag.py:3722} INFO - Setting next_dagrun for example_xcom to 2021-01-01T00:00:00+00:00, run_after=2021-01-01T00:00:00+00:00
[2023-12-20T20:41:21.028+0000] {processor.py:179} INFO - Processing /usr/local/lib/python3.10/dist-packages/airflow/example_dags/example_xcom.py took 0.113 seconds
[2023-12-20T20:44:22.411+0000] {processor.py:157} INFO - Started process (PID=2635) to work on /usr/local/lib/python3.10/dist-packages/airflow/example_dags/example_xcom.py
[2023-12-20T20:44:22.412+0000] {processor.py:829} INFO - Processing file /usr/local/lib/python3.10/dist-packages/airflow/example_dags/example_xcom.py for tasks to queue
[2023-12-20T20:44:22.413+0000] {logging_mixin.py:154} INFO - [2023-12-20T20:44:22.413+0000] {dagbag.py:536} INFO - Filling up the DagBag from /usr/local/lib/python3.10/dist-packages/airflow/example_dags/example_xcom.py
[2023-12-20T20:44:22.422+0000] {processor.py:839} INFO - DAG(s) dict_keys(['example_xcom']) retrieved from /usr/local/lib/python3.10/dist-packages/airflow/example_dags/example_xcom.py
[2023-12-20T20:44:22.440+0000] {logging_mixin.py:154} INFO - [2023-12-20T20:44:22.440+0000] {dag.py:2941} INFO - Sync 1 DAGs
[2023-12-20T20:44:22.471+0000] {logging_mixin.py:154} INFO - [2023-12-20T20:44:22.471+0000] {dag.py:3722} INFO - Setting next_dagrun for example_xcom to 2021-01-01T00:00:00+00:00, run_after=2021-01-01T00:00:00+00:00
[2023-12-20T20:44:22.508+0000] {processor.py:179} INFO - Processing /usr/local/lib/python3.10/dist-packages/airflow/example_dags/example_xcom.py took 0.101 seconds
[2023-12-20T20:47:34.278+0000] {processor.py:157} INFO - Started process (PID=2857) to work on /usr/local/lib/python3.10/dist-packages/airflow/example_dags/example_xcom.py
[2023-12-20T20:47:34.320+0000] {processor.py:829} INFO - Processing file /usr/local/lib/python3.10/dist-packages/airflow/example_dags/example_xcom.py for tasks to queue
[2023-12-20T20:47:34.321+0000] {logging_mixin.py:154} INFO - [2023-12-20T20:47:34.321+0000] {dagbag.py:536} INFO - Filling up the DagBag from /usr/local/lib/python3.10/dist-packages/airflow/example_dags/example_xcom.py
[2023-12-20T20:47:34.329+0000] {processor.py:839} INFO - DAG(s) dict_keys(['example_xcom']) retrieved from /usr/local/lib/python3.10/dist-packages/airflow/example_dags/example_xcom.py
[2023-12-20T20:47:34.346+0000] {logging_mixin.py:154} INFO - [2023-12-20T20:47:34.346+0000] {dag.py:2941} INFO - Sync 1 DAGs
[2023-12-20T20:47:34.366+0000] {logging_mixin.py:154} INFO - [2023-12-20T20:47:34.366+0000] {dag.py:3722} INFO - Setting next_dagrun for example_xcom to 2021-01-01T00:00:00+00:00, run_after=2021-01-01T00:00:00+00:00
[2023-12-20T20:47:34.388+0000] {processor.py:179} INFO - Processing /usr/local/lib/python3.10/dist-packages/airflow/example_dags/example_xcom.py took 0.113 seconds
[2023-12-20T20:50:13.110+0000] {processor.py:157} INFO - Started process (PID=3047) to work on /usr/local/lib/python3.10/dist-packages/airflow/example_dags/example_xcom.py
[2023-12-20T20:50:13.111+0000] {processor.py:829} INFO - Processing file /usr/local/lib/python3.10/dist-packages/airflow/example_dags/example_xcom.py for tasks to queue
[2023-12-20T20:50:13.112+0000] {logging_mixin.py:154} INFO - [2023-12-20T20:50:13.111+0000] {dagbag.py:536} INFO - Filling up the DagBag from /usr/local/lib/python3.10/dist-packages/airflow/example_dags/example_xcom.py
[2023-12-20T20:50:13.119+0000] {processor.py:839} INFO - DAG(s) dict_keys(['example_xcom']) retrieved from /usr/local/lib/python3.10/dist-packages/airflow/example_dags/example_xcom.py
[2023-12-20T20:50:13.135+0000] {logging_mixin.py:154} INFO - [2023-12-20T20:50:13.135+0000] {dag.py:2941} INFO - Sync 1 DAGs
[2023-12-20T20:50:13.153+0000] {logging_mixin.py:154} INFO - [2023-12-20T20:50:13.153+0000] {dag.py:3722} INFO - Setting next_dagrun for example_xcom to 2021-01-01T00:00:00+00:00, run_after=2021-01-01T00:00:00+00:00
[2023-12-20T20:50:13.175+0000] {processor.py:179} INFO - Processing /usr/local/lib/python3.10/dist-packages/airflow/example_dags/example_xcom.py took 0.068 seconds
[2023-12-20T20:53:59.337+0000] {processor.py:157} INFO - Started process (PID=9852) to work on /usr/local/lib/python3.10/dist-packages/airflow/example_dags/example_xcom.py
[2023-12-20T20:53:59.338+0000] {processor.py:829} INFO - Processing file /usr/local/lib/python3.10/dist-packages/airflow/example_dags/example_xcom.py for tasks to queue
[2023-12-20T20:53:59.339+0000] {logging_mixin.py:154} INFO - [2023-12-20T20:53:59.339+0000] {dagbag.py:536} INFO - Filling up the DagBag from /usr/local/lib/python3.10/dist-packages/airflow/example_dags/example_xcom.py
[2023-12-20T20:53:59.350+0000] {processor.py:839} INFO - DAG(s) dict_keys(['example_xcom']) retrieved from /usr/local/lib/python3.10/dist-packages/airflow/example_dags/example_xcom.py
[2023-12-20T20:53:59.374+0000] {logging_mixin.py:154} INFO - [2023-12-20T20:53:59.373+0000] {dag.py:2941} INFO - Sync 1 DAGs
[2023-12-20T20:53:59.402+0000] {logging_mixin.py:154} INFO - [2023-12-20T20:53:59.402+0000] {dag.py:3722} INFO - Setting next_dagrun for example_xcom to 2021-01-01T00:00:00+00:00, run_after=2021-01-01T00:00:00+00:00
[2023-12-20T20:53:59.434+0000] {processor.py:179} INFO - Processing /usr/local/lib/python3.10/dist-packages/airflow/example_dags/example_xcom.py took 0.102 seconds
[2023-12-20T20:57:05.320+0000] {processor.py:157} INFO - Started process (PID=19750) to work on /usr/local/lib/python3.10/dist-packages/airflow/example_dags/example_xcom.py
[2023-12-20T20:57:05.322+0000] {processor.py:829} INFO - Processing file /usr/local/lib/python3.10/dist-packages/airflow/example_dags/example_xcom.py for tasks to queue
[2023-12-20T20:57:05.323+0000] {logging_mixin.py:154} INFO - [2023-12-20T20:57:05.323+0000] {dagbag.py:536} INFO - Filling up the DagBag from /usr/local/lib/python3.10/dist-packages/airflow/example_dags/example_xcom.py
[2023-12-20T20:57:05.334+0000] {processor.py:839} INFO - DAG(s) dict_keys(['example_xcom']) retrieved from /usr/local/lib/python3.10/dist-packages/airflow/example_dags/example_xcom.py
[2023-12-20T20:57:05.359+0000] {logging_mixin.py:154} INFO - [2023-12-20T20:57:05.359+0000] {dag.py:2941} INFO - Sync 1 DAGs
[2023-12-20T20:57:05.387+0000] {logging_mixin.py:154} INFO - [2023-12-20T20:57:05.387+0000] {dag.py:3722} INFO - Setting next_dagrun for example_xcom to 2021-01-01T00:00:00+00:00, run_after=2021-01-01T00:00:00+00:00
[2023-12-20T20:57:05.419+0000] {processor.py:179} INFO - Processing /usr/local/lib/python3.10/dist-packages/airflow/example_dags/example_xcom.py took 0.103 seconds
[2023-12-20T20:59:22.067+0000] {processor.py:157} INFO - Started process (PID=20476) to work on /usr/local/lib/python3.10/dist-packages/airflow/example_dags/example_xcom.py
[2023-12-20T20:59:22.068+0000] {processor.py:829} INFO - Processing file /usr/local/lib/python3.10/dist-packages/airflow/example_dags/example_xcom.py for tasks to queue
[2023-12-20T20:59:22.069+0000] {logging_mixin.py:154} INFO - [2023-12-20T20:59:22.069+0000] {dagbag.py:536} INFO - Filling up the DagBag from /usr/local/lib/python3.10/dist-packages/airflow/example_dags/example_xcom.py
[2023-12-20T20:59:22.078+0000] {processor.py:839} INFO - DAG(s) dict_keys(['example_xcom']) retrieved from /usr/local/lib/python3.10/dist-packages/airflow/example_dags/example_xcom.py
[2023-12-20T20:59:22.101+0000] {logging_mixin.py:154} INFO - [2023-12-20T20:59:22.101+0000] {dag.py:2941} INFO - Sync 1 DAGs
[2023-12-20T20:59:22.128+0000] {logging_mixin.py:154} INFO - [2023-12-20T20:59:22.127+0000] {dag.py:3722} INFO - Setting next_dagrun for example_xcom to 2021-01-01T00:00:00+00:00, run_after=2021-01-01T00:00:00+00:00
[2023-12-20T20:59:22.156+0000] {processor.py:179} INFO - Processing /usr/local/lib/python3.10/dist-packages/airflow/example_dags/example_xcom.py took 0.097 seconds
[2023-12-20T21:01:21.621+0000] {processor.py:157} INFO - Started process (PID=20644) to work on /usr/local/lib/python3.10/dist-packages/airflow/example_dags/example_xcom.py
[2023-12-20T21:01:21.622+0000] {processor.py:829} INFO - Processing file /usr/local/lib/python3.10/dist-packages/airflow/example_dags/example_xcom.py for tasks to queue
[2023-12-20T21:01:21.623+0000] {logging_mixin.py:154} INFO - [2023-12-20T21:01:21.623+0000] {dagbag.py:536} INFO - Filling up the DagBag from /usr/local/lib/python3.10/dist-packages/airflow/example_dags/example_xcom.py
[2023-12-20T21:01:21.633+0000] {processor.py:839} INFO - DAG(s) dict_keys(['example_xcom']) retrieved from /usr/local/lib/python3.10/dist-packages/airflow/example_dags/example_xcom.py
[2023-12-20T21:01:21.652+0000] {logging_mixin.py:154} INFO - [2023-12-20T21:01:21.652+0000] {dag.py:2941} INFO - Sync 1 DAGs
[2023-12-20T21:01:21.671+0000] {logging_mixin.py:154} INFO - [2023-12-20T21:01:21.670+0000] {dag.py:3722} INFO - Setting next_dagrun for example_xcom to 2021-01-01T00:00:00+00:00, run_after=2021-01-01T00:00:00+00:00
[2023-12-20T21:01:21.691+0000] {processor.py:179} INFO - Processing /usr/local/lib/python3.10/dist-packages/airflow/example_dags/example_xcom.py took 0.074 seconds
[2023-12-20T21:03:19.494+0000] {processor.py:157} INFO - Started process (PID=20812) to work on /usr/local/lib/python3.10/dist-packages/airflow/example_dags/example_xcom.py
[2023-12-20T21:03:19.495+0000] {processor.py:829} INFO - Processing file /usr/local/lib/python3.10/dist-packages/airflow/example_dags/example_xcom.py for tasks to queue
[2023-12-20T21:03:19.496+0000] {logging_mixin.py:154} INFO - [2023-12-20T21:03:19.496+0000] {dagbag.py:536} INFO - Filling up the DagBag from /usr/local/lib/python3.10/dist-packages/airflow/example_dags/example_xcom.py
[2023-12-20T21:03:19.506+0000] {processor.py:839} INFO - DAG(s) dict_keys(['example_xcom']) retrieved from /usr/local/lib/python3.10/dist-packages/airflow/example_dags/example_xcom.py
[2023-12-20T21:03:19.522+0000] {logging_mixin.py:154} INFO - [2023-12-20T21:03:19.522+0000] {dag.py:2941} INFO - Sync 1 DAGs
[2023-12-20T21:03:19.539+0000] {logging_mixin.py:154} INFO - [2023-12-20T21:03:19.539+0000] {dag.py:3722} INFO - Setting next_dagrun for example_xcom to 2021-01-01T00:00:00+00:00, run_after=2021-01-01T00:00:00+00:00
[2023-12-20T21:03:19.572+0000] {processor.py:179} INFO - Processing /usr/local/lib/python3.10/dist-packages/airflow/example_dags/example_xcom.py took 0.081 seconds
[2023-12-20T21:05:15.654+0000] {processor.py:157} INFO - Started process (PID=20977) to work on /usr/local/lib/python3.10/dist-packages/airflow/example_dags/example_xcom.py
[2023-12-20T21:05:15.655+0000] {processor.py:829} INFO - Processing file /usr/local/lib/python3.10/dist-packages/airflow/example_dags/example_xcom.py for tasks to queue
[2023-12-20T21:05:15.657+0000] {logging_mixin.py:154} INFO - [2023-12-20T21:05:15.656+0000] {dagbag.py:536} INFO - Filling up the DagBag from /usr/local/lib/python3.10/dist-packages/airflow/example_dags/example_xcom.py
[2023-12-20T21:05:15.665+0000] {processor.py:839} INFO - DAG(s) dict_keys(['example_xcom']) retrieved from /usr/local/lib/python3.10/dist-packages/airflow/example_dags/example_xcom.py
[2023-12-20T21:05:15.682+0000] {logging_mixin.py:154} INFO - [2023-12-20T21:05:15.682+0000] {dag.py:2941} INFO - Sync 1 DAGs
[2023-12-20T21:05:15.701+0000] {logging_mixin.py:154} INFO - [2023-12-20T21:05:15.701+0000] {dag.py:3722} INFO - Setting next_dagrun for example_xcom to 2021-01-01T00:00:00+00:00, run_after=2021-01-01T00:00:00+00:00
[2023-12-20T21:05:15.724+0000] {processor.py:179} INFO - Processing /usr/local/lib/python3.10/dist-packages/airflow/example_dags/example_xcom.py took 0.074 seconds
[2023-12-20T21:07:10.761+0000] {processor.py:157} INFO - Started process (PID=21141) to work on /usr/local/lib/python3.10/dist-packages/airflow/example_dags/example_xcom.py
[2023-12-20T21:07:10.763+0000] {processor.py:829} INFO - Processing file /usr/local/lib/python3.10/dist-packages/airflow/example_dags/example_xcom.py for tasks to queue
[2023-12-20T21:07:10.764+0000] {logging_mixin.py:154} INFO - [2023-12-20T21:07:10.763+0000] {dagbag.py:536} INFO - Filling up the DagBag from /usr/local/lib/python3.10/dist-packages/airflow/example_dags/example_xcom.py
[2023-12-20T21:07:10.772+0000] {processor.py:839} INFO - DAG(s) dict_keys(['example_xcom']) retrieved from /usr/local/lib/python3.10/dist-packages/airflow/example_dags/example_xcom.py
[2023-12-20T21:07:10.788+0000] {logging_mixin.py:154} INFO - [2023-12-20T21:07:10.788+0000] {dag.py:2941} INFO - Sync 1 DAGs
[2023-12-20T21:07:10.808+0000] {logging_mixin.py:154} INFO - [2023-12-20T21:07:10.807+0000] {dag.py:3722} INFO - Setting next_dagrun for example_xcom to 2021-01-01T00:00:00+00:00, run_after=2021-01-01T00:00:00+00:00
[2023-12-20T21:07:10.829+0000] {processor.py:179} INFO - Processing /usr/local/lib/python3.10/dist-packages/airflow/example_dags/example_xcom.py took 0.071 seconds
[2023-12-20T21:09:04.875+0000] {processor.py:157} INFO - Started process (PID=21319) to work on /usr/local/lib/python3.10/dist-packages/airflow/example_dags/example_xcom.py
[2023-12-20T21:09:04.877+0000] {processor.py:829} INFO - Processing file /usr/local/lib/python3.10/dist-packages/airflow/example_dags/example_xcom.py for tasks to queue
[2023-12-20T21:09:04.878+0000] {logging_mixin.py:154} INFO - [2023-12-20T21:09:04.878+0000] {dagbag.py:536} INFO - Filling up the DagBag from /usr/local/lib/python3.10/dist-packages/airflow/example_dags/example_xcom.py
[2023-12-20T21:09:04.887+0000] {processor.py:839} INFO - DAG(s) dict_keys(['example_xcom']) retrieved from /usr/local/lib/python3.10/dist-packages/airflow/example_dags/example_xcom.py
[2023-12-20T21:09:04.904+0000] {logging_mixin.py:154} INFO - [2023-12-20T21:09:04.904+0000] {dag.py:2941} INFO - Sync 1 DAGs
[2023-12-20T21:09:04.929+0000] {logging_mixin.py:154} INFO - [2023-12-20T21:09:04.929+0000] {dag.py:3722} INFO - Setting next_dagrun for example_xcom to 2021-01-01T00:00:00+00:00, run_after=2021-01-01T00:00:00+00:00
[2023-12-20T21:09:04.950+0000] {processor.py:179} INFO - Processing /usr/local/lib/python3.10/dist-packages/airflow/example_dags/example_xcom.py took 0.078 seconds
[2023-12-20T21:10:59.905+0000] {processor.py:157} INFO - Started process (PID=21487) to work on /usr/local/lib/python3.10/dist-packages/airflow/example_dags/example_xcom.py
[2023-12-20T21:10:59.906+0000] {processor.py:829} INFO - Processing file /usr/local/lib/python3.10/dist-packages/airflow/example_dags/example_xcom.py for tasks to queue
[2023-12-20T21:10:59.907+0000] {logging_mixin.py:154} INFO - [2023-12-20T21:10:59.907+0000] {dagbag.py:536} INFO - Filling up the DagBag from /usr/local/lib/python3.10/dist-packages/airflow/example_dags/example_xcom.py
[2023-12-20T21:10:59.915+0000] {processor.py:839} INFO - DAG(s) dict_keys(['example_xcom']) retrieved from /usr/local/lib/python3.10/dist-packages/airflow/example_dags/example_xcom.py
[2023-12-20T21:10:59.937+0000] {logging_mixin.py:154} INFO - [2023-12-20T21:10:59.936+0000] {dag.py:2941} INFO - Sync 1 DAGs
[2023-12-20T21:10:59.957+0000] {logging_mixin.py:154} INFO - [2023-12-20T21:10:59.957+0000] {dag.py:3722} INFO - Setting next_dagrun for example_xcom to 2021-01-01T00:00:00+00:00, run_after=2021-01-01T00:00:00+00:00
[2023-12-20T21:10:59.978+0000] {processor.py:179} INFO - Processing /usr/local/lib/python3.10/dist-packages/airflow/example_dags/example_xcom.py took 0.076 seconds
[2023-12-20T21:12:54.013+0000] {processor.py:157} INFO - Started process (PID=21655) to work on /usr/local/lib/python3.10/dist-packages/airflow/example_dags/example_xcom.py
[2023-12-20T21:12:54.014+0000] {processor.py:829} INFO - Processing file /usr/local/lib/python3.10/dist-packages/airflow/example_dags/example_xcom.py for tasks to queue
[2023-12-20T21:12:54.015+0000] {logging_mixin.py:154} INFO - [2023-12-20T21:12:54.015+0000] {dagbag.py:536} INFO - Filling up the DagBag from /usr/local/lib/python3.10/dist-packages/airflow/example_dags/example_xcom.py
[2023-12-20T21:12:54.023+0000] {processor.py:839} INFO - DAG(s) dict_keys(['example_xcom']) retrieved from /usr/local/lib/python3.10/dist-packages/airflow/example_dags/example_xcom.py
[2023-12-20T21:12:54.039+0000] {logging_mixin.py:154} INFO - [2023-12-20T21:12:54.039+0000] {dag.py:2941} INFO - Sync 1 DAGs
[2023-12-20T21:12:54.057+0000] {logging_mixin.py:154} INFO - [2023-12-20T21:12:54.057+0000] {dag.py:3722} INFO - Setting next_dagrun for example_xcom to 2021-01-01T00:00:00+00:00, run_after=2021-01-01T00:00:00+00:00
[2023-12-20T21:12:54.099+0000] {processor.py:179} INFO - Processing /usr/local/lib/python3.10/dist-packages/airflow/example_dags/example_xcom.py took 0.089 seconds
[2023-12-20T21:14:48.298+0000] {processor.py:157} INFO - Started process (PID=21821) to work on /usr/local/lib/python3.10/dist-packages/airflow/example_dags/example_xcom.py
[2023-12-20T21:14:48.299+0000] {processor.py:829} INFO - Processing file /usr/local/lib/python3.10/dist-packages/airflow/example_dags/example_xcom.py for tasks to queue
[2023-12-20T21:14:48.300+0000] {logging_mixin.py:154} INFO - [2023-12-20T21:14:48.300+0000] {dagbag.py:536} INFO - Filling up the DagBag from /usr/local/lib/python3.10/dist-packages/airflow/example_dags/example_xcom.py
[2023-12-20T21:14:48.307+0000] {processor.py:839} INFO - DAG(s) dict_keys(['example_xcom']) retrieved from /usr/local/lib/python3.10/dist-packages/airflow/example_dags/example_xcom.py
[2023-12-20T21:14:48.323+0000] {logging_mixin.py:154} INFO - [2023-12-20T21:14:48.323+0000] {dag.py:2941} INFO - Sync 1 DAGs
[2023-12-20T21:14:48.341+0000] {logging_mixin.py:154} INFO - [2023-12-20T21:14:48.341+0000] {dag.py:3722} INFO - Setting next_dagrun for example_xcom to 2021-01-01T00:00:00+00:00, run_after=2021-01-01T00:00:00+00:00
[2023-12-20T21:14:48.361+0000] {processor.py:179} INFO - Processing /usr/local/lib/python3.10/dist-packages/airflow/example_dags/example_xcom.py took 0.066 seconds
[2023-12-20T21:16:43.296+0000] {processor.py:157} INFO - Started process (PID=21986) to work on /usr/local/lib/python3.10/dist-packages/airflow/example_dags/example_xcom.py
[2023-12-20T21:16:43.298+0000] {processor.py:829} INFO - Processing file /usr/local/lib/python3.10/dist-packages/airflow/example_dags/example_xcom.py for tasks to queue
[2023-12-20T21:16:43.299+0000] {logging_mixin.py:154} INFO - [2023-12-20T21:16:43.298+0000] {dagbag.py:536} INFO - Filling up the DagBag from /usr/local/lib/python3.10/dist-packages/airflow/example_dags/example_xcom.py
[2023-12-20T21:16:43.306+0000] {processor.py:839} INFO - DAG(s) dict_keys(['example_xcom']) retrieved from /usr/local/lib/python3.10/dist-packages/airflow/example_dags/example_xcom.py
[2023-12-20T21:16:43.323+0000] {logging_mixin.py:154} INFO - [2023-12-20T21:16:43.323+0000] {dag.py:2941} INFO - Sync 1 DAGs
[2023-12-20T21:16:43.340+0000] {logging_mixin.py:154} INFO - [2023-12-20T21:16:43.340+0000] {dag.py:3722} INFO - Setting next_dagrun for example_xcom to 2021-01-01T00:00:00+00:00, run_after=2021-01-01T00:00:00+00:00
[2023-12-20T21:16:43.361+0000] {processor.py:179} INFO - Processing /usr/local/lib/python3.10/dist-packages/airflow/example_dags/example_xcom.py took 0.067 seconds
[2023-12-20T21:18:38.572+0000] {processor.py:157} INFO - Started process (PID=22154) to work on /usr/local/lib/python3.10/dist-packages/airflow/example_dags/example_xcom.py
[2023-12-20T21:18:38.573+0000] {processor.py:829} INFO - Processing file /usr/local/lib/python3.10/dist-packages/airflow/example_dags/example_xcom.py for tasks to queue
[2023-12-20T21:18:38.574+0000] {logging_mixin.py:154} INFO - [2023-12-20T21:18:38.574+0000] {dagbag.py:536} INFO - Filling up the DagBag from /usr/local/lib/python3.10/dist-packages/airflow/example_dags/example_xcom.py
[2023-12-20T21:18:38.581+0000] {processor.py:839} INFO - DAG(s) dict_keys(['example_xcom']) retrieved from /usr/local/lib/python3.10/dist-packages/airflow/example_dags/example_xcom.py
[2023-12-20T21:18:38.597+0000] {logging_mixin.py:154} INFO - [2023-12-20T21:18:38.597+0000] {dag.py:2941} INFO - Sync 1 DAGs
[2023-12-20T21:18:38.615+0000] {logging_mixin.py:154} INFO - [2023-12-20T21:18:38.615+0000] {dag.py:3722} INFO - Setting next_dagrun for example_xcom to 2021-01-01T00:00:00+00:00, run_after=2021-01-01T00:00:00+00:00
[2023-12-20T21:18:38.634+0000] {processor.py:179} INFO - Processing /usr/local/lib/python3.10/dist-packages/airflow/example_dags/example_xcom.py took 0.065 seconds
[2023-12-20T21:20:34.423+0000] {processor.py:157} INFO - Started process (PID=22319) to work on /usr/local/lib/python3.10/dist-packages/airflow/example_dags/example_xcom.py
[2023-12-20T21:20:34.431+0000] {processor.py:829} INFO - Processing file /usr/local/lib/python3.10/dist-packages/airflow/example_dags/example_xcom.py for tasks to queue
[2023-12-20T21:20:34.432+0000] {logging_mixin.py:154} INFO - [2023-12-20T21:20:34.432+0000] {dagbag.py:536} INFO - Filling up the DagBag from /usr/local/lib/python3.10/dist-packages/airflow/example_dags/example_xcom.py
[2023-12-20T21:20:34.440+0000] {processor.py:839} INFO - DAG(s) dict_keys(['example_xcom']) retrieved from /usr/local/lib/python3.10/dist-packages/airflow/example_dags/example_xcom.py
[2023-12-20T21:20:34.455+0000] {logging_mixin.py:154} INFO - [2023-12-20T21:20:34.455+0000] {dag.py:2941} INFO - Sync 1 DAGs
[2023-12-20T21:20:34.473+0000] {logging_mixin.py:154} INFO - [2023-12-20T21:20:34.472+0000] {dag.py:3722} INFO - Setting next_dagrun for example_xcom to 2021-01-01T00:00:00+00:00, run_after=2021-01-01T00:00:00+00:00
[2023-12-20T21:20:34.493+0000] {processor.py:179} INFO - Processing /usr/local/lib/python3.10/dist-packages/airflow/example_dags/example_xcom.py took 0.073 seconds
[2023-12-20T21:22:32.525+0000] {processor.py:157} INFO - Started process (PID=22485) to work on /usr/local/lib/python3.10/dist-packages/airflow/example_dags/example_xcom.py
[2023-12-20T21:22:32.538+0000] {processor.py:829} INFO - Processing file /usr/local/lib/python3.10/dist-packages/airflow/example_dags/example_xcom.py for tasks to queue
[2023-12-20T21:22:32.539+0000] {logging_mixin.py:154} INFO - [2023-12-20T21:22:32.539+0000] {dagbag.py:536} INFO - Filling up the DagBag from /usr/local/lib/python3.10/dist-packages/airflow/example_dags/example_xcom.py
[2023-12-20T21:22:32.546+0000] {processor.py:839} INFO - DAG(s) dict_keys(['example_xcom']) retrieved from /usr/local/lib/python3.10/dist-packages/airflow/example_dags/example_xcom.py
[2023-12-20T21:22:32.562+0000] {logging_mixin.py:154} INFO - [2023-12-20T21:22:32.561+0000] {dag.py:2941} INFO - Sync 1 DAGs
[2023-12-20T21:22:32.579+0000] {logging_mixin.py:154} INFO - [2023-12-20T21:22:32.578+0000] {dag.py:3722} INFO - Setting next_dagrun for example_xcom to 2021-01-01T00:00:00+00:00, run_after=2021-01-01T00:00:00+00:00
[2023-12-20T21:22:32.597+0000] {processor.py:179} INFO - Processing /usr/local/lib/python3.10/dist-packages/airflow/example_dags/example_xcom.py took 0.075 seconds
[2023-12-20T21:24:44.667+0000] {processor.py:157} INFO - Started process (PID=22650) to work on /usr/local/lib/python3.10/dist-packages/airflow/example_dags/example_xcom.py
[2023-12-20T21:24:44.670+0000] {processor.py:829} INFO - Processing file /usr/local/lib/python3.10/dist-packages/airflow/example_dags/example_xcom.py for tasks to queue
[2023-12-20T21:24:44.671+0000] {logging_mixin.py:154} INFO - [2023-12-20T21:24:44.670+0000] {dagbag.py:536} INFO - Filling up the DagBag from /usr/local/lib/python3.10/dist-packages/airflow/example_dags/example_xcom.py
[2023-12-20T21:24:44.728+0000] {processor.py:839} INFO - DAG(s) dict_keys(['example_xcom']) retrieved from /usr/local/lib/python3.10/dist-packages/airflow/example_dags/example_xcom.py
[2023-12-20T21:24:44.811+0000] {logging_mixin.py:154} INFO - [2023-12-20T21:24:44.811+0000] {dag.py:2941} INFO - Sync 1 DAGs
[2023-12-20T21:24:44.831+0000] {logging_mixin.py:154} INFO - [2023-12-20T21:24:44.831+0000] {dag.py:3722} INFO - Setting next_dagrun for example_xcom to 2021-01-01T00:00:00+00:00, run_after=2021-01-01T00:00:00+00:00
[2023-12-20T21:24:44.901+0000] {processor.py:179} INFO - Processing /usr/local/lib/python3.10/dist-packages/airflow/example_dags/example_xcom.py took 0.237 seconds
[2023-12-20T21:29:14.349+0000] {processor.py:157} INFO - Started process (PID=22835) to work on /usr/local/lib/python3.10/dist-packages/airflow/example_dags/example_xcom.py
[2023-12-20T21:29:14.351+0000] {processor.py:829} INFO - Processing file /usr/local/lib/python3.10/dist-packages/airflow/example_dags/example_xcom.py for tasks to queue
[2023-12-20T21:29:14.352+0000] {logging_mixin.py:154} INFO - [2023-12-20T21:29:14.352+0000] {dagbag.py:536} INFO - Filling up the DagBag from /usr/local/lib/python3.10/dist-packages/airflow/example_dags/example_xcom.py
[2023-12-20T21:29:14.408+0000] {processor.py:839} INFO - DAG(s) dict_keys(['example_xcom']) retrieved from /usr/local/lib/python3.10/dist-packages/airflow/example_dags/example_xcom.py
[2023-12-20T21:29:14.424+0000] {logging_mixin.py:154} INFO - [2023-12-20T21:29:14.423+0000] {dag.py:2941} INFO - Sync 1 DAGs
[2023-12-20T21:29:14.488+0000] {logging_mixin.py:154} INFO - [2023-12-20T21:29:14.488+0000] {dag.py:3722} INFO - Setting next_dagrun for example_xcom to 2021-01-01T00:00:00+00:00, run_after=2021-01-01T00:00:00+00:00
[2023-12-20T21:29:14.509+0000] {processor.py:179} INFO - Processing /usr/local/lib/python3.10/dist-packages/airflow/example_dags/example_xcom.py took 0.163 seconds
[2023-12-20T21:33:49.536+0000] {processor.py:157} INFO - Started process (PID=23020) to work on /usr/local/lib/python3.10/dist-packages/airflow/example_dags/example_xcom.py
[2023-12-20T21:33:49.540+0000] {processor.py:829} INFO - Processing file /usr/local/lib/python3.10/dist-packages/airflow/example_dags/example_xcom.py for tasks to queue
[2023-12-20T21:33:49.541+0000] {logging_mixin.py:154} INFO - [2023-12-20T21:33:49.541+0000] {dagbag.py:536} INFO - Filling up the DagBag from /usr/local/lib/python3.10/dist-packages/airflow/example_dags/example_xcom.py
[2023-12-20T21:33:49.549+0000] {processor.py:839} INFO - DAG(s) dict_keys(['example_xcom']) retrieved from /usr/local/lib/python3.10/dist-packages/airflow/example_dags/example_xcom.py
[2023-12-20T21:33:49.609+0000] {logging_mixin.py:154} INFO - [2023-12-20T21:33:49.609+0000] {dag.py:2941} INFO - Sync 1 DAGs
[2023-12-20T21:33:49.628+0000] {logging_mixin.py:154} INFO - [2023-12-20T21:33:49.628+0000] {dag.py:3722} INFO - Setting next_dagrun for example_xcom to 2021-01-01T00:00:00+00:00, run_after=2021-01-01T00:00:00+00:00
[2023-12-20T21:33:49.697+0000] {processor.py:179} INFO - Processing /usr/local/lib/python3.10/dist-packages/airflow/example_dags/example_xcom.py took 0.164 seconds
