[2023-12-20T20:24:17.904+0000] {processor.py:157} INFO - Started process (PID=1109) to work on /usr/local/lib/python3.10/dist-packages/airflow/example_dags/example_time_delta_sensor_async.py
[2023-12-20T20:24:17.904+0000] {processor.py:829} INFO - Processing file /usr/local/lib/python3.10/dist-packages/airflow/example_dags/example_time_delta_sensor_async.py for tasks to queue
[2023-12-20T20:24:17.905+0000] {logging_mixin.py:154} INFO - [2023-12-20T20:24:17.905+0000] {dagbag.py:536} INFO - Filling up the DagBag from /usr/local/lib/python3.10/dist-packages/airflow/example_dags/example_time_delta_sensor_async.py
[2023-12-20T20:24:17.911+0000] {processor.py:839} INFO - DAG(s) dict_keys(['example_time_delta_sensor_async']) retrieved from /usr/local/lib/python3.10/dist-packages/airflow/example_dags/example_time_delta_sensor_async.py
[2023-12-20T20:24:17.929+0000] {logging_mixin.py:154} INFO - [2023-12-20T20:24:17.929+0000] {dag.py:2941} INFO - Sync 1 DAGs
[2023-12-20T20:24:17.940+0000] {logging_mixin.py:154} INFO - [2023-12-20T20:24:17.940+0000] {dag.py:3722} INFO - Setting next_dagrun for example_time_delta_sensor_async to None, run_after=None
[2023-12-20T20:24:17.960+0000] {processor.py:179} INFO - Processing /usr/local/lib/python3.10/dist-packages/airflow/example_dags/example_time_delta_sensor_async.py took 0.059 seconds
[2023-12-20T20:27:44.897+0000] {processor.py:157} INFO - Started process (PID=1366) to work on /usr/local/lib/python3.10/dist-packages/airflow/example_dags/example_time_delta_sensor_async.py
[2023-12-20T20:27:44.903+0000] {processor.py:829} INFO - Processing file /usr/local/lib/python3.10/dist-packages/airflow/example_dags/example_time_delta_sensor_async.py for tasks to queue
[2023-12-20T20:27:44.903+0000] {logging_mixin.py:154} INFO - [2023-12-20T20:27:44.903+0000] {dagbag.py:536} INFO - Filling up the DagBag from /usr/local/lib/python3.10/dist-packages/airflow/example_dags/example_time_delta_sensor_async.py
[2023-12-20T20:27:44.908+0000] {processor.py:839} INFO - DAG(s) dict_keys(['example_time_delta_sensor_async']) retrieved from /usr/local/lib/python3.10/dist-packages/airflow/example_dags/example_time_delta_sensor_async.py
[2023-12-20T20:27:44.932+0000] {logging_mixin.py:154} INFO - [2023-12-20T20:27:44.931+0000] {dag.py:2941} INFO - Sync 1 DAGs
[2023-12-20T20:27:44.944+0000] {logging_mixin.py:154} INFO - [2023-12-20T20:27:44.944+0000] {dag.py:3722} INFO - Setting next_dagrun for example_time_delta_sensor_async to None, run_after=None
[2023-12-20T20:27:44.966+0000] {processor.py:179} INFO - Processing /usr/local/lib/python3.10/dist-packages/airflow/example_dags/example_time_delta_sensor_async.py took 0.072 seconds
[2023-12-20T20:30:11.701+0000] {processor.py:157} INFO - Started process (PID=1551) to work on /usr/local/lib/python3.10/dist-packages/airflow/example_dags/example_time_delta_sensor_async.py
[2023-12-20T20:30:11.702+0000] {processor.py:829} INFO - Processing file /usr/local/lib/python3.10/dist-packages/airflow/example_dags/example_time_delta_sensor_async.py for tasks to queue
[2023-12-20T20:30:11.703+0000] {logging_mixin.py:154} INFO - [2023-12-20T20:30:11.703+0000] {dagbag.py:536} INFO - Filling up the DagBag from /usr/local/lib/python3.10/dist-packages/airflow/example_dags/example_time_delta_sensor_async.py
[2023-12-20T20:30:11.708+0000] {processor.py:839} INFO - DAG(s) dict_keys(['example_time_delta_sensor_async']) retrieved from /usr/local/lib/python3.10/dist-packages/airflow/example_dags/example_time_delta_sensor_async.py
[2023-12-20T20:30:11.722+0000] {logging_mixin.py:154} INFO - [2023-12-20T20:30:11.722+0000] {dag.py:2941} INFO - Sync 1 DAGs
[2023-12-20T20:30:11.733+0000] {logging_mixin.py:154} INFO - [2023-12-20T20:30:11.732+0000] {dag.py:3722} INFO - Setting next_dagrun for example_time_delta_sensor_async to None, run_after=None
[2023-12-20T20:30:11.752+0000] {processor.py:179} INFO - Processing /usr/local/lib/python3.10/dist-packages/airflow/example_dags/example_time_delta_sensor_async.py took 0.055 seconds
[2023-12-20T20:33:21.626+0000] {processor.py:157} INFO - Started process (PID=1795) to work on /usr/local/lib/python3.10/dist-packages/airflow/example_dags/example_time_delta_sensor_async.py
[2023-12-20T20:33:21.627+0000] {processor.py:829} INFO - Processing file /usr/local/lib/python3.10/dist-packages/airflow/example_dags/example_time_delta_sensor_async.py for tasks to queue
[2023-12-20T20:33:21.628+0000] {logging_mixin.py:154} INFO - [2023-12-20T20:33:21.628+0000] {dagbag.py:536} INFO - Filling up the DagBag from /usr/local/lib/python3.10/dist-packages/airflow/example_dags/example_time_delta_sensor_async.py
[2023-12-20T20:33:21.633+0000] {processor.py:839} INFO - DAG(s) dict_keys(['example_time_delta_sensor_async']) retrieved from /usr/local/lib/python3.10/dist-packages/airflow/example_dags/example_time_delta_sensor_async.py
[2023-12-20T20:33:21.649+0000] {logging_mixin.py:154} INFO - [2023-12-20T20:33:21.649+0000] {dag.py:2941} INFO - Sync 1 DAGs
[2023-12-20T20:33:21.809+0000] {logging_mixin.py:154} INFO - [2023-12-20T20:33:21.809+0000] {dag.py:3722} INFO - Setting next_dagrun for example_time_delta_sensor_async to None, run_after=None
[2023-12-20T20:33:21.830+0000] {processor.py:179} INFO - Processing /usr/local/lib/python3.10/dist-packages/airflow/example_dags/example_time_delta_sensor_async.py took 0.208 seconds
[2023-12-20T20:36:04.485+0000] {processor.py:157} INFO - Started process (PID=2014) to work on /usr/local/lib/python3.10/dist-packages/airflow/example_dags/example_time_delta_sensor_async.py
[2023-12-20T20:36:04.487+0000] {processor.py:829} INFO - Processing file /usr/local/lib/python3.10/dist-packages/airflow/example_dags/example_time_delta_sensor_async.py for tasks to queue
[2023-12-20T20:36:04.488+0000] {logging_mixin.py:154} INFO - [2023-12-20T20:36:04.488+0000] {dagbag.py:536} INFO - Filling up the DagBag from /usr/local/lib/python3.10/dist-packages/airflow/example_dags/example_time_delta_sensor_async.py
[2023-12-20T20:36:04.497+0000] {processor.py:839} INFO - DAG(s) dict_keys(['example_time_delta_sensor_async']) retrieved from /usr/local/lib/python3.10/dist-packages/airflow/example_dags/example_time_delta_sensor_async.py
[2023-12-20T20:36:04.520+0000] {logging_mixin.py:154} INFO - [2023-12-20T20:36:04.520+0000] {dag.py:2941} INFO - Sync 1 DAGs
[2023-12-20T20:36:04.532+0000] {logging_mixin.py:154} INFO - [2023-12-20T20:36:04.532+0000] {dag.py:3722} INFO - Setting next_dagrun for example_time_delta_sensor_async to None, run_after=None
[2023-12-20T20:36:04.560+0000] {processor.py:179} INFO - Processing /usr/local/lib/python3.10/dist-packages/airflow/example_dags/example_time_delta_sensor_async.py took 0.080 seconds
[2023-12-20T20:39:52.605+0000] {processor.py:157} INFO - Started process (PID=2304) to work on /usr/local/lib/python3.10/dist-packages/airflow/example_dags/example_time_delta_sensor_async.py
[2023-12-20T20:39:52.607+0000] {processor.py:829} INFO - Processing file /usr/local/lib/python3.10/dist-packages/airflow/example_dags/example_time_delta_sensor_async.py for tasks to queue
[2023-12-20T20:39:52.608+0000] {logging_mixin.py:154} INFO - [2023-12-20T20:39:52.607+0000] {dagbag.py:536} INFO - Filling up the DagBag from /usr/local/lib/python3.10/dist-packages/airflow/example_dags/example_time_delta_sensor_async.py
[2023-12-20T20:39:52.616+0000] {processor.py:839} INFO - DAG(s) dict_keys(['example_time_delta_sensor_async']) retrieved from /usr/local/lib/python3.10/dist-packages/airflow/example_dags/example_time_delta_sensor_async.py
[2023-12-20T20:39:52.631+0000] {logging_mixin.py:154} INFO - [2023-12-20T20:39:52.631+0000] {dag.py:2941} INFO - Sync 1 DAGs
[2023-12-20T20:39:52.642+0000] {logging_mixin.py:154} INFO - [2023-12-20T20:39:52.642+0000] {dag.py:3722} INFO - Setting next_dagrun for example_time_delta_sensor_async to None, run_after=None
[2023-12-20T20:39:52.663+0000] {processor.py:179} INFO - Processing /usr/local/lib/python3.10/dist-packages/airflow/example_dags/example_time_delta_sensor_async.py took 0.061 seconds
[2023-12-20T20:43:00.071+0000] {processor.py:157} INFO - Started process (PID=2535) to work on /usr/local/lib/python3.10/dist-packages/airflow/example_dags/example_time_delta_sensor_async.py
[2023-12-20T20:43:00.077+0000] {processor.py:829} INFO - Processing file /usr/local/lib/python3.10/dist-packages/airflow/example_dags/example_time_delta_sensor_async.py for tasks to queue
[2023-12-20T20:43:00.078+0000] {logging_mixin.py:154} INFO - [2023-12-20T20:43:00.078+0000] {dagbag.py:536} INFO - Filling up the DagBag from /usr/local/lib/python3.10/dist-packages/airflow/example_dags/example_time_delta_sensor_async.py
[2023-12-20T20:43:00.087+0000] {processor.py:839} INFO - DAG(s) dict_keys(['example_time_delta_sensor_async']) retrieved from /usr/local/lib/python3.10/dist-packages/airflow/example_dags/example_time_delta_sensor_async.py
[2023-12-20T20:43:00.120+0000] {logging_mixin.py:154} INFO - [2023-12-20T20:43:00.117+0000] {dag.py:2941} INFO - Sync 1 DAGs
[2023-12-20T20:43:00.135+0000] {logging_mixin.py:154} INFO - [2023-12-20T20:43:00.134+0000] {dag.py:3722} INFO - Setting next_dagrun for example_time_delta_sensor_async to None, run_after=None
[2023-12-20T20:43:00.174+0000] {processor.py:179} INFO - Processing /usr/local/lib/python3.10/dist-packages/airflow/example_dags/example_time_delta_sensor_async.py took 0.111 seconds
[2023-12-20T20:46:00.975+0000] {processor.py:157} INFO - Started process (PID=2749) to work on /usr/local/lib/python3.10/dist-packages/airflow/example_dags/example_time_delta_sensor_async.py
[2023-12-20T20:46:00.976+0000] {processor.py:829} INFO - Processing file /usr/local/lib/python3.10/dist-packages/airflow/example_dags/example_time_delta_sensor_async.py for tasks to queue
[2023-12-20T20:46:00.977+0000] {logging_mixin.py:154} INFO - [2023-12-20T20:46:00.977+0000] {dagbag.py:536} INFO - Filling up the DagBag from /usr/local/lib/python3.10/dist-packages/airflow/example_dags/example_time_delta_sensor_async.py
[2023-12-20T20:46:00.983+0000] {processor.py:839} INFO - DAG(s) dict_keys(['example_time_delta_sensor_async']) retrieved from /usr/local/lib/python3.10/dist-packages/airflow/example_dags/example_time_delta_sensor_async.py
[2023-12-20T20:46:01.000+0000] {logging_mixin.py:154} INFO - [2023-12-20T20:46:01.000+0000] {dag.py:2941} INFO - Sync 1 DAGs
[2023-12-20T20:46:01.014+0000] {logging_mixin.py:154} INFO - [2023-12-20T20:46:01.013+0000] {dag.py:3722} INFO - Setting next_dagrun for example_time_delta_sensor_async to None, run_after=None
[2023-12-20T20:46:01.037+0000] {processor.py:179} INFO - Processing /usr/local/lib/python3.10/dist-packages/airflow/example_dags/example_time_delta_sensor_async.py took 0.066 seconds
[2023-12-20T20:49:09.107+0000] {processor.py:157} INFO - Started process (PID=2970) to work on /usr/local/lib/python3.10/dist-packages/airflow/example_dags/example_time_delta_sensor_async.py
[2023-12-20T20:49:09.108+0000] {processor.py:829} INFO - Processing file /usr/local/lib/python3.10/dist-packages/airflow/example_dags/example_time_delta_sensor_async.py for tasks to queue
[2023-12-20T20:49:09.109+0000] {logging_mixin.py:154} INFO - [2023-12-20T20:49:09.109+0000] {dagbag.py:536} INFO - Filling up the DagBag from /usr/local/lib/python3.10/dist-packages/airflow/example_dags/example_time_delta_sensor_async.py
[2023-12-20T20:49:09.114+0000] {processor.py:839} INFO - DAG(s) dict_keys(['example_time_delta_sensor_async']) retrieved from /usr/local/lib/python3.10/dist-packages/airflow/example_dags/example_time_delta_sensor_async.py
[2023-12-20T20:49:09.130+0000] {logging_mixin.py:154} INFO - [2023-12-20T20:49:09.130+0000] {dag.py:2941} INFO - Sync 1 DAGs
[2023-12-20T20:49:09.140+0000] {logging_mixin.py:154} INFO - [2023-12-20T20:49:09.140+0000] {dag.py:3722} INFO - Setting next_dagrun for example_time_delta_sensor_async to None, run_after=None
[2023-12-20T20:49:09.177+0000] {processor.py:179} INFO - Processing /usr/local/lib/python3.10/dist-packages/airflow/example_dags/example_time_delta_sensor_async.py took 0.073 seconds
[2023-12-20T20:52:00.518+0000] {processor.py:157} INFO - Started process (PID=3181) to work on /usr/local/lib/python3.10/dist-packages/airflow/example_dags/example_time_delta_sensor_async.py
[2023-12-20T20:52:00.520+0000] {processor.py:829} INFO - Processing file /usr/local/lib/python3.10/dist-packages/airflow/example_dags/example_time_delta_sensor_async.py for tasks to queue
[2023-12-20T20:52:00.521+0000] {logging_mixin.py:154} INFO - [2023-12-20T20:52:00.520+0000] {dagbag.py:536} INFO - Filling up the DagBag from /usr/local/lib/python3.10/dist-packages/airflow/example_dags/example_time_delta_sensor_async.py
[2023-12-20T20:52:00.528+0000] {processor.py:839} INFO - DAG(s) dict_keys(['example_time_delta_sensor_async']) retrieved from /usr/local/lib/python3.10/dist-packages/airflow/example_dags/example_time_delta_sensor_async.py
[2023-12-20T20:52:00.547+0000] {logging_mixin.py:154} INFO - [2023-12-20T20:52:00.546+0000] {dag.py:2941} INFO - Sync 1 DAGs
[2023-12-20T20:52:00.560+0000] {logging_mixin.py:154} INFO - [2023-12-20T20:52:00.559+0000] {dag.py:3722} INFO - Setting next_dagrun for example_time_delta_sensor_async to None, run_after=None
[2023-12-20T20:52:00.588+0000] {processor.py:179} INFO - Processing /usr/local/lib/python3.10/dist-packages/airflow/example_dags/example_time_delta_sensor_async.py took 0.074 seconds
[2023-12-20T20:55:32.882+0000] {processor.py:157} INFO - Started process (PID=12763) to work on /usr/local/lib/python3.10/dist-packages/airflow/example_dags/example_time_delta_sensor_async.py
[2023-12-20T20:55:32.916+0000] {processor.py:829} INFO - Processing file /usr/local/lib/python3.10/dist-packages/airflow/example_dags/example_time_delta_sensor_async.py for tasks to queue
[2023-12-20T20:55:32.918+0000] {logging_mixin.py:154} INFO - [2023-12-20T20:55:32.917+0000] {dagbag.py:536} INFO - Filling up the DagBag from /usr/local/lib/python3.10/dist-packages/airflow/example_dags/example_time_delta_sensor_async.py
[2023-12-20T20:55:32.925+0000] {processor.py:839} INFO - DAG(s) dict_keys(['example_time_delta_sensor_async']) retrieved from /usr/local/lib/python3.10/dist-packages/airflow/example_dags/example_time_delta_sensor_async.py
[2023-12-20T20:55:32.948+0000] {logging_mixin.py:154} INFO - [2023-12-20T20:55:32.948+0000] {dag.py:2941} INFO - Sync 1 DAGs
[2023-12-20T20:55:32.964+0000] {logging_mixin.py:154} INFO - [2023-12-20T20:55:32.963+0000] {dag.py:3722} INFO - Setting next_dagrun for example_time_delta_sensor_async to None, run_after=None
[2023-12-20T20:55:32.997+0000] {processor.py:179} INFO - Processing /usr/local/lib/python3.10/dist-packages/airflow/example_dags/example_time_delta_sensor_async.py took 0.120 seconds
[2023-12-20T20:58:24.340+0000] {processor.py:157} INFO - Started process (PID=20395) to work on /usr/local/lib/python3.10/dist-packages/airflow/example_dags/example_time_delta_sensor_async.py
[2023-12-20T20:58:24.342+0000] {processor.py:829} INFO - Processing file /usr/local/lib/python3.10/dist-packages/airflow/example_dags/example_time_delta_sensor_async.py for tasks to queue
[2023-12-20T20:58:24.343+0000] {logging_mixin.py:154} INFO - [2023-12-20T20:58:24.342+0000] {dagbag.py:536} INFO - Filling up the DagBag from /usr/local/lib/python3.10/dist-packages/airflow/example_dags/example_time_delta_sensor_async.py
[2023-12-20T20:58:24.348+0000] {processor.py:839} INFO - DAG(s) dict_keys(['example_time_delta_sensor_async']) retrieved from /usr/local/lib/python3.10/dist-packages/airflow/example_dags/example_time_delta_sensor_async.py
[2023-12-20T20:58:24.364+0000] {logging_mixin.py:154} INFO - [2023-12-20T20:58:24.363+0000] {dag.py:2941} INFO - Sync 1 DAGs
[2023-12-20T20:58:24.375+0000] {logging_mixin.py:154} INFO - [2023-12-20T20:58:24.374+0000] {dag.py:3722} INFO - Setting next_dagrun for example_time_delta_sensor_async to None, run_after=None
[2023-12-20T20:58:24.397+0000] {processor.py:179} INFO - Processing /usr/local/lib/python3.10/dist-packages/airflow/example_dags/example_time_delta_sensor_async.py took 0.060 seconds
[2023-12-20T21:00:29.562+0000] {processor.py:157} INFO - Started process (PID=20572) to work on /usr/local/lib/python3.10/dist-packages/airflow/example_dags/example_time_delta_sensor_async.py
[2023-12-20T21:00:29.564+0000] {processor.py:829} INFO - Processing file /usr/local/lib/python3.10/dist-packages/airflow/example_dags/example_time_delta_sensor_async.py for tasks to queue
[2023-12-20T21:00:29.565+0000] {logging_mixin.py:154} INFO - [2023-12-20T21:00:29.565+0000] {dagbag.py:536} INFO - Filling up the DagBag from /usr/local/lib/python3.10/dist-packages/airflow/example_dags/example_time_delta_sensor_async.py
[2023-12-20T21:00:29.572+0000] {processor.py:839} INFO - DAG(s) dict_keys(['example_time_delta_sensor_async']) retrieved from /usr/local/lib/python3.10/dist-packages/airflow/example_dags/example_time_delta_sensor_async.py
[2023-12-20T21:00:29.597+0000] {logging_mixin.py:154} INFO - [2023-12-20T21:00:29.597+0000] {dag.py:2941} INFO - Sync 1 DAGs
[2023-12-20T21:00:29.610+0000] {logging_mixin.py:154} INFO - [2023-12-20T21:00:29.610+0000] {dag.py:3722} INFO - Setting next_dagrun for example_time_delta_sensor_async to None, run_after=None
[2023-12-20T21:00:29.637+0000] {processor.py:179} INFO - Processing /usr/local/lib/python3.10/dist-packages/airflow/example_dags/example_time_delta_sensor_async.py took 0.078 seconds
[2023-12-20T21:02:32.777+0000] {processor.py:157} INFO - Started process (PID=20744) to work on /usr/local/lib/python3.10/dist-packages/airflow/example_dags/example_time_delta_sensor_async.py
[2023-12-20T21:02:32.779+0000] {processor.py:829} INFO - Processing file /usr/local/lib/python3.10/dist-packages/airflow/example_dags/example_time_delta_sensor_async.py for tasks to queue
[2023-12-20T21:02:32.781+0000] {logging_mixin.py:154} INFO - [2023-12-20T21:02:32.780+0000] {dagbag.py:536} INFO - Filling up the DagBag from /usr/local/lib/python3.10/dist-packages/airflow/example_dags/example_time_delta_sensor_async.py
[2023-12-20T21:02:32.787+0000] {processor.py:839} INFO - DAG(s) dict_keys(['example_time_delta_sensor_async']) retrieved from /usr/local/lib/python3.10/dist-packages/airflow/example_dags/example_time_delta_sensor_async.py
[2023-12-20T21:02:32.816+0000] {logging_mixin.py:154} INFO - [2023-12-20T21:02:32.815+0000] {dag.py:2941} INFO - Sync 1 DAGs
[2023-12-20T21:02:32.827+0000] {logging_mixin.py:154} INFO - [2023-12-20T21:02:32.827+0000] {dag.py:3722} INFO - Setting next_dagrun for example_time_delta_sensor_async to None, run_after=None
[2023-12-20T21:02:32.852+0000] {processor.py:179} INFO - Processing /usr/local/lib/python3.10/dist-packages/airflow/example_dags/example_time_delta_sensor_async.py took 0.079 seconds
[2023-12-20T21:04:24.612+0000] {processor.py:157} INFO - Started process (PID=20905) to work on /usr/local/lib/python3.10/dist-packages/airflow/example_dags/example_time_delta_sensor_async.py
[2023-12-20T21:04:24.614+0000] {processor.py:829} INFO - Processing file /usr/local/lib/python3.10/dist-packages/airflow/example_dags/example_time_delta_sensor_async.py for tasks to queue
[2023-12-20T21:04:24.615+0000] {logging_mixin.py:154} INFO - [2023-12-20T21:04:24.614+0000] {dagbag.py:536} INFO - Filling up the DagBag from /usr/local/lib/python3.10/dist-packages/airflow/example_dags/example_time_delta_sensor_async.py
[2023-12-20T21:04:24.622+0000] {processor.py:839} INFO - DAG(s) dict_keys(['example_time_delta_sensor_async']) retrieved from /usr/local/lib/python3.10/dist-packages/airflow/example_dags/example_time_delta_sensor_async.py
[2023-12-20T21:04:24.638+0000] {logging_mixin.py:154} INFO - [2023-12-20T21:04:24.637+0000] {dag.py:2941} INFO - Sync 1 DAGs
[2023-12-20T21:04:24.648+0000] {logging_mixin.py:154} INFO - [2023-12-20T21:04:24.648+0000] {dag.py:3722} INFO - Setting next_dagrun for example_time_delta_sensor_async to None, run_after=None
[2023-12-20T21:04:24.672+0000] {processor.py:179} INFO - Processing /usr/local/lib/python3.10/dist-packages/airflow/example_dags/example_time_delta_sensor_async.py took 0.067 seconds
[2023-12-20T21:06:24.210+0000] {processor.py:157} INFO - Started process (PID=21075) to work on /usr/local/lib/python3.10/dist-packages/airflow/example_dags/example_time_delta_sensor_async.py
[2023-12-20T21:06:24.211+0000] {processor.py:829} INFO - Processing file /usr/local/lib/python3.10/dist-packages/airflow/example_dags/example_time_delta_sensor_async.py for tasks to queue
[2023-12-20T21:06:24.212+0000] {logging_mixin.py:154} INFO - [2023-12-20T21:06:24.212+0000] {dagbag.py:536} INFO - Filling up the DagBag from /usr/local/lib/python3.10/dist-packages/airflow/example_dags/example_time_delta_sensor_async.py
[2023-12-20T21:06:24.217+0000] {processor.py:839} INFO - DAG(s) dict_keys(['example_time_delta_sensor_async']) retrieved from /usr/local/lib/python3.10/dist-packages/airflow/example_dags/example_time_delta_sensor_async.py
[2023-12-20T21:06:24.233+0000] {logging_mixin.py:154} INFO - [2023-12-20T21:06:24.233+0000] {dag.py:2941} INFO - Sync 1 DAGs
[2023-12-20T21:06:24.247+0000] {logging_mixin.py:154} INFO - [2023-12-20T21:06:24.247+0000] {dag.py:3722} INFO - Setting next_dagrun for example_time_delta_sensor_async to None, run_after=None
[2023-12-20T21:06:24.266+0000] {processor.py:179} INFO - Processing /usr/local/lib/python3.10/dist-packages/airflow/example_dags/example_time_delta_sensor_async.py took 0.059 seconds
[2023-12-20T21:08:14.426+0000] {processor.py:157} INFO - Started process (PID=21235) to work on /usr/local/lib/python3.10/dist-packages/airflow/example_dags/example_time_delta_sensor_async.py
[2023-12-20T21:08:14.428+0000] {processor.py:829} INFO - Processing file /usr/local/lib/python3.10/dist-packages/airflow/example_dags/example_time_delta_sensor_async.py for tasks to queue
[2023-12-20T21:08:14.429+0000] {logging_mixin.py:154} INFO - [2023-12-20T21:08:14.428+0000] {dagbag.py:536} INFO - Filling up the DagBag from /usr/local/lib/python3.10/dist-packages/airflow/example_dags/example_time_delta_sensor_async.py
[2023-12-20T21:08:14.434+0000] {processor.py:839} INFO - DAG(s) dict_keys(['example_time_delta_sensor_async']) retrieved from /usr/local/lib/python3.10/dist-packages/airflow/example_dags/example_time_delta_sensor_async.py
[2023-12-20T21:08:14.450+0000] {logging_mixin.py:154} INFO - [2023-12-20T21:08:14.450+0000] {dag.py:2941} INFO - Sync 1 DAGs
[2023-12-20T21:08:14.462+0000] {logging_mixin.py:154} INFO - [2023-12-20T21:08:14.461+0000] {dag.py:3722} INFO - Setting next_dagrun for example_time_delta_sensor_async to None, run_after=None
[2023-12-20T21:08:14.482+0000] {processor.py:179} INFO - Processing /usr/local/lib/python3.10/dist-packages/airflow/example_dags/example_time_delta_sensor_async.py took 0.059 seconds
[2023-12-20T21:10:14.175+0000] {processor.py:157} INFO - Started process (PID=21420) to work on /usr/local/lib/python3.10/dist-packages/airflow/example_dags/example_time_delta_sensor_async.py
[2023-12-20T21:10:14.177+0000] {processor.py:829} INFO - Processing file /usr/local/lib/python3.10/dist-packages/airflow/example_dags/example_time_delta_sensor_async.py for tasks to queue
[2023-12-20T21:10:14.177+0000] {logging_mixin.py:154} INFO - [2023-12-20T21:10:14.177+0000] {dagbag.py:536} INFO - Filling up the DagBag from /usr/local/lib/python3.10/dist-packages/airflow/example_dags/example_time_delta_sensor_async.py
[2023-12-20T21:10:14.183+0000] {processor.py:839} INFO - DAG(s) dict_keys(['example_time_delta_sensor_async']) retrieved from /usr/local/lib/python3.10/dist-packages/airflow/example_dags/example_time_delta_sensor_async.py
[2023-12-20T21:10:14.197+0000] {logging_mixin.py:154} INFO - [2023-12-20T21:10:14.197+0000] {dag.py:2941} INFO - Sync 1 DAGs
[2023-12-20T21:10:14.208+0000] {logging_mixin.py:154} INFO - [2023-12-20T21:10:14.208+0000] {dag.py:3722} INFO - Setting next_dagrun for example_time_delta_sensor_async to None, run_after=None
[2023-12-20T21:10:14.226+0000] {processor.py:179} INFO - Processing /usr/local/lib/python3.10/dist-packages/airflow/example_dags/example_time_delta_sensor_async.py took 0.054 seconds
[2023-12-20T21:12:03.533+0000] {processor.py:157} INFO - Started process (PID=21580) to work on /usr/local/lib/python3.10/dist-packages/airflow/example_dags/example_time_delta_sensor_async.py
[2023-12-20T21:12:03.550+0000] {processor.py:829} INFO - Processing file /usr/local/lib/python3.10/dist-packages/airflow/example_dags/example_time_delta_sensor_async.py for tasks to queue
[2023-12-20T21:12:03.551+0000] {logging_mixin.py:154} INFO - [2023-12-20T21:12:03.550+0000] {dagbag.py:536} INFO - Filling up the DagBag from /usr/local/lib/python3.10/dist-packages/airflow/example_dags/example_time_delta_sensor_async.py
[2023-12-20T21:12:03.556+0000] {processor.py:839} INFO - DAG(s) dict_keys(['example_time_delta_sensor_async']) retrieved from /usr/local/lib/python3.10/dist-packages/airflow/example_dags/example_time_delta_sensor_async.py
[2023-12-20T21:12:03.572+0000] {logging_mixin.py:154} INFO - [2023-12-20T21:12:03.571+0000] {dag.py:2941} INFO - Sync 1 DAGs
[2023-12-20T21:12:03.582+0000] {logging_mixin.py:154} INFO - [2023-12-20T21:12:03.581+0000] {dag.py:3722} INFO - Setting next_dagrun for example_time_delta_sensor_async to None, run_after=None
[2023-12-20T21:12:03.603+0000] {processor.py:179} INFO - Processing /usr/local/lib/python3.10/dist-packages/airflow/example_dags/example_time_delta_sensor_async.py took 0.073 seconds
[2023-12-20T21:14:02.941+0000] {processor.py:157} INFO - Started process (PID=21755) to work on /usr/local/lib/python3.10/dist-packages/airflow/example_dags/example_time_delta_sensor_async.py
[2023-12-20T21:14:02.942+0000] {processor.py:829} INFO - Processing file /usr/local/lib/python3.10/dist-packages/airflow/example_dags/example_time_delta_sensor_async.py for tasks to queue
[2023-12-20T21:14:02.943+0000] {logging_mixin.py:154} INFO - [2023-12-20T21:14:02.942+0000] {dagbag.py:536} INFO - Filling up the DagBag from /usr/local/lib/python3.10/dist-packages/airflow/example_dags/example_time_delta_sensor_async.py
[2023-12-20T21:14:02.948+0000] {processor.py:839} INFO - DAG(s) dict_keys(['example_time_delta_sensor_async']) retrieved from /usr/local/lib/python3.10/dist-packages/airflow/example_dags/example_time_delta_sensor_async.py
[2023-12-20T21:14:02.963+0000] {logging_mixin.py:154} INFO - [2023-12-20T21:14:02.963+0000] {dag.py:2941} INFO - Sync 1 DAGs
[2023-12-20T21:14:02.974+0000] {logging_mixin.py:154} INFO - [2023-12-20T21:14:02.974+0000] {dag.py:3722} INFO - Setting next_dagrun for example_time_delta_sensor_async to None, run_after=None
[2023-12-20T21:14:02.995+0000] {processor.py:179} INFO - Processing /usr/local/lib/python3.10/dist-packages/airflow/example_dags/example_time_delta_sensor_async.py took 0.057 seconds
[2023-12-20T21:15:52.687+0000] {processor.py:157} INFO - Started process (PID=21914) to work on /usr/local/lib/python3.10/dist-packages/airflow/example_dags/example_time_delta_sensor_async.py
[2023-12-20T21:15:52.689+0000] {processor.py:829} INFO - Processing file /usr/local/lib/python3.10/dist-packages/airflow/example_dags/example_time_delta_sensor_async.py for tasks to queue
[2023-12-20T21:15:52.689+0000] {logging_mixin.py:154} INFO - [2023-12-20T21:15:52.689+0000] {dagbag.py:536} INFO - Filling up the DagBag from /usr/local/lib/python3.10/dist-packages/airflow/example_dags/example_time_delta_sensor_async.py
[2023-12-20T21:15:52.695+0000] {processor.py:839} INFO - DAG(s) dict_keys(['example_time_delta_sensor_async']) retrieved from /usr/local/lib/python3.10/dist-packages/airflow/example_dags/example_time_delta_sensor_async.py
[2023-12-20T21:15:52.712+0000] {logging_mixin.py:154} INFO - [2023-12-20T21:15:52.712+0000] {dag.py:2941} INFO - Sync 1 DAGs
[2023-12-20T21:15:52.722+0000] {logging_mixin.py:154} INFO - [2023-12-20T21:15:52.722+0000] {dag.py:3722} INFO - Setting next_dagrun for example_time_delta_sensor_async to None, run_after=None
[2023-12-20T21:15:52.741+0000] {processor.py:179} INFO - Processing /usr/local/lib/python3.10/dist-packages/airflow/example_dags/example_time_delta_sensor_async.py took 0.056 seconds
[2023-12-20T21:17:51.998+0000] {processor.py:157} INFO - Started process (PID=22087) to work on /usr/local/lib/python3.10/dist-packages/airflow/example_dags/example_time_delta_sensor_async.py
[2023-12-20T21:17:52.000+0000] {processor.py:829} INFO - Processing file /usr/local/lib/python3.10/dist-packages/airflow/example_dags/example_time_delta_sensor_async.py for tasks to queue
[2023-12-20T21:17:52.004+0000] {logging_mixin.py:154} INFO - [2023-12-20T21:17:52.004+0000] {dagbag.py:536} INFO - Filling up the DagBag from /usr/local/lib/python3.10/dist-packages/airflow/example_dags/example_time_delta_sensor_async.py
[2023-12-20T21:17:52.010+0000] {processor.py:839} INFO - DAG(s) dict_keys(['example_time_delta_sensor_async']) retrieved from /usr/local/lib/python3.10/dist-packages/airflow/example_dags/example_time_delta_sensor_async.py
[2023-12-20T21:17:52.026+0000] {logging_mixin.py:154} INFO - [2023-12-20T21:17:52.026+0000] {dag.py:2941} INFO - Sync 1 DAGs
[2023-12-20T21:17:52.037+0000] {logging_mixin.py:154} INFO - [2023-12-20T21:17:52.037+0000] {dag.py:3722} INFO - Setting next_dagrun for example_time_delta_sensor_async to None, run_after=None
[2023-12-20T21:17:52.058+0000] {processor.py:179} INFO - Processing /usr/local/lib/python3.10/dist-packages/airflow/example_dags/example_time_delta_sensor_async.py took 0.062 seconds
[2023-12-20T21:19:43.743+0000] {processor.py:157} INFO - Started process (PID=22247) to work on /usr/local/lib/python3.10/dist-packages/airflow/example_dags/example_time_delta_sensor_async.py
[2023-12-20T21:19:43.744+0000] {processor.py:829} INFO - Processing file /usr/local/lib/python3.10/dist-packages/airflow/example_dags/example_time_delta_sensor_async.py for tasks to queue
[2023-12-20T21:19:43.745+0000] {logging_mixin.py:154} INFO - [2023-12-20T21:19:43.745+0000] {dagbag.py:536} INFO - Filling up the DagBag from /usr/local/lib/python3.10/dist-packages/airflow/example_dags/example_time_delta_sensor_async.py
[2023-12-20T21:19:43.750+0000] {processor.py:839} INFO - DAG(s) dict_keys(['example_time_delta_sensor_async']) retrieved from /usr/local/lib/python3.10/dist-packages/airflow/example_dags/example_time_delta_sensor_async.py
[2023-12-20T21:19:43.766+0000] {logging_mixin.py:154} INFO - [2023-12-20T21:19:43.766+0000] {dag.py:2941} INFO - Sync 1 DAGs
[2023-12-20T21:19:43.778+0000] {logging_mixin.py:154} INFO - [2023-12-20T21:19:43.778+0000] {dag.py:3722} INFO - Setting next_dagrun for example_time_delta_sensor_async to None, run_after=None
[2023-12-20T21:19:43.802+0000] {processor.py:179} INFO - Processing /usr/local/lib/python3.10/dist-packages/airflow/example_dags/example_time_delta_sensor_async.py took 0.062 seconds
[2023-12-20T21:21:46.022+0000] {processor.py:157} INFO - Started process (PID=22418) to work on /usr/local/lib/python3.10/dist-packages/airflow/example_dags/example_time_delta_sensor_async.py
[2023-12-20T21:21:46.023+0000] {processor.py:829} INFO - Processing file /usr/local/lib/python3.10/dist-packages/airflow/example_dags/example_time_delta_sensor_async.py for tasks to queue
[2023-12-20T21:21:46.024+0000] {logging_mixin.py:154} INFO - [2023-12-20T21:21:46.024+0000] {dagbag.py:536} INFO - Filling up the DagBag from /usr/local/lib/python3.10/dist-packages/airflow/example_dags/example_time_delta_sensor_async.py
[2023-12-20T21:21:46.030+0000] {processor.py:839} INFO - DAG(s) dict_keys(['example_time_delta_sensor_async']) retrieved from /usr/local/lib/python3.10/dist-packages/airflow/example_dags/example_time_delta_sensor_async.py
[2023-12-20T21:21:46.050+0000] {logging_mixin.py:154} INFO - [2023-12-20T21:21:46.050+0000] {dag.py:2941} INFO - Sync 1 DAGs
[2023-12-20T21:21:46.060+0000] {logging_mixin.py:154} INFO - [2023-12-20T21:21:46.060+0000] {dag.py:3722} INFO - Setting next_dagrun for example_time_delta_sensor_async to None, run_after=None
[2023-12-20T21:21:46.079+0000] {processor.py:179} INFO - Processing /usr/local/lib/python3.10/dist-packages/airflow/example_dags/example_time_delta_sensor_async.py took 0.060 seconds
[2023-12-20T21:23:37.715+0000] {processor.py:157} INFO - Started process (PID=22578) to work on /usr/local/lib/python3.10/dist-packages/airflow/example_dags/example_time_delta_sensor_async.py
[2023-12-20T21:23:37.717+0000] {processor.py:829} INFO - Processing file /usr/local/lib/python3.10/dist-packages/airflow/example_dags/example_time_delta_sensor_async.py for tasks to queue
[2023-12-20T21:23:37.717+0000] {logging_mixin.py:154} INFO - [2023-12-20T21:23:37.717+0000] {dagbag.py:536} INFO - Filling up the DagBag from /usr/local/lib/python3.10/dist-packages/airflow/example_dags/example_time_delta_sensor_async.py
[2023-12-20T21:23:37.724+0000] {processor.py:839} INFO - DAG(s) dict_keys(['example_time_delta_sensor_async']) retrieved from /usr/local/lib/python3.10/dist-packages/airflow/example_dags/example_time_delta_sensor_async.py
[2023-12-20T21:23:37.740+0000] {logging_mixin.py:154} INFO - [2023-12-20T21:23:37.740+0000] {dag.py:2941} INFO - Sync 1 DAGs
[2023-12-20T21:23:37.752+0000] {logging_mixin.py:154} INFO - [2023-12-20T21:23:37.751+0000] {dag.py:3722} INFO - Setting next_dagrun for example_time_delta_sensor_async to None, run_after=None
[2023-12-20T21:23:37.773+0000] {processor.py:179} INFO - Processing /usr/local/lib/python3.10/dist-packages/airflow/example_dags/example_time_delta_sensor_async.py took 0.060 seconds
[2023-12-20T21:27:08.654+0000] {processor.py:157} INFO - Started process (PID=22749) to work on /usr/local/lib/python3.10/dist-packages/airflow/example_dags/example_time_delta_sensor_async.py
[2023-12-20T21:27:08.657+0000] {processor.py:829} INFO - Processing file /usr/local/lib/python3.10/dist-packages/airflow/example_dags/example_time_delta_sensor_async.py for tasks to queue
[2023-12-20T21:27:08.658+0000] {logging_mixin.py:154} INFO - [2023-12-20T21:27:08.657+0000] {dagbag.py:536} INFO - Filling up the DagBag from /usr/local/lib/python3.10/dist-packages/airflow/example_dags/example_time_delta_sensor_async.py
[2023-12-20T21:27:08.664+0000] {processor.py:839} INFO - DAG(s) dict_keys(['example_time_delta_sensor_async']) retrieved from /usr/local/lib/python3.10/dist-packages/airflow/example_dags/example_time_delta_sensor_async.py
[2023-12-20T21:27:08.679+0000] {logging_mixin.py:154} INFO - [2023-12-20T21:27:08.679+0000] {dag.py:2941} INFO - Sync 1 DAGs
[2023-12-20T21:27:08.734+0000] {logging_mixin.py:154} INFO - [2023-12-20T21:27:08.734+0000] {dag.py:3722} INFO - Setting next_dagrun for example_time_delta_sensor_async to None, run_after=None
[2023-12-20T21:27:08.754+0000] {processor.py:179} INFO - Processing /usr/local/lib/python3.10/dist-packages/airflow/example_dags/example_time_delta_sensor_async.py took 0.103 seconds
[2023-12-20T21:31:41.367+0000] {processor.py:157} INFO - Started process (PID=22933) to work on /usr/local/lib/python3.10/dist-packages/airflow/example_dags/example_time_delta_sensor_async.py
[2023-12-20T21:31:41.368+0000] {processor.py:829} INFO - Processing file /usr/local/lib/python3.10/dist-packages/airflow/example_dags/example_time_delta_sensor_async.py for tasks to queue
[2023-12-20T21:31:41.369+0000] {logging_mixin.py:154} INFO - [2023-12-20T21:31:41.368+0000] {dagbag.py:536} INFO - Filling up the DagBag from /usr/local/lib/python3.10/dist-packages/airflow/example_dags/example_time_delta_sensor_async.py
[2023-12-20T21:31:41.374+0000] {processor.py:839} INFO - DAG(s) dict_keys(['example_time_delta_sensor_async']) retrieved from /usr/local/lib/python3.10/dist-packages/airflow/example_dags/example_time_delta_sensor_async.py
[2023-12-20T21:31:41.389+0000] {logging_mixin.py:154} INFO - [2023-12-20T21:31:41.389+0000] {dag.py:2941} INFO - Sync 1 DAGs
[2023-12-20T21:31:41.457+0000] {logging_mixin.py:154} INFO - [2023-12-20T21:31:41.457+0000] {dag.py:3722} INFO - Setting next_dagrun for example_time_delta_sensor_async to None, run_after=None
[2023-12-20T21:31:41.529+0000] {processor.py:179} INFO - Processing /usr/local/lib/python3.10/dist-packages/airflow/example_dags/example_time_delta_sensor_async.py took 0.198 seconds
[2023-12-20T21:36:18.185+0000] {processor.py:157} INFO - Started process (PID=23118) to work on /usr/local/lib/python3.10/dist-packages/airflow/example_dags/example_time_delta_sensor_async.py
[2023-12-20T21:36:18.187+0000] {processor.py:829} INFO - Processing file /usr/local/lib/python3.10/dist-packages/airflow/example_dags/example_time_delta_sensor_async.py for tasks to queue
[2023-12-20T21:36:18.187+0000] {logging_mixin.py:154} INFO - [2023-12-20T21:36:18.187+0000] {dagbag.py:536} INFO - Filling up the DagBag from /usr/local/lib/python3.10/dist-packages/airflow/example_dags/example_time_delta_sensor_async.py
[2023-12-20T21:36:18.194+0000] {processor.py:839} INFO - DAG(s) dict_keys(['example_time_delta_sensor_async']) retrieved from /usr/local/lib/python3.10/dist-packages/airflow/example_dags/example_time_delta_sensor_async.py
[2023-12-20T21:36:18.259+0000] {logging_mixin.py:154} INFO - [2023-12-20T21:36:18.259+0000] {dag.py:2941} INFO - Sync 1 DAGs
[2023-12-20T21:36:18.277+0000] {logging_mixin.py:154} INFO - [2023-12-20T21:36:18.276+0000] {dag.py:3722} INFO - Setting next_dagrun for example_time_delta_sensor_async to None, run_after=None
[2023-12-20T21:36:18.347+0000] {processor.py:179} INFO - Processing /usr/local/lib/python3.10/dist-packages/airflow/example_dags/example_time_delta_sensor_async.py took 0.166 seconds
