[2023-12-20T20:25:25.935+0000] {processor.py:157} INFO - Started process (PID=1199) to work on /usr/local/lib/python3.10/dist-packages/airflow/example_dags/example_branch_datetime_operator.py
[2023-12-20T20:25:25.936+0000] {processor.py:829} INFO - Processing file /usr/local/lib/python3.10/dist-packages/airflow/example_dags/example_branch_datetime_operator.py for tasks to queue
[2023-12-20T20:25:25.936+0000] {logging_mixin.py:154} INFO - [2023-12-20T20:25:25.936+0000] {dagbag.py:536} INFO - Filling up the DagBag from /usr/local/lib/python3.10/dist-packages/airflow/example_dags/example_branch_datetime_operator.py
[2023-12-20T20:25:25.948+0000] {processor.py:839} INFO - DAG(s) dict_keys(['example_branch_datetime_operator', 'example_branch_datetime_operator_3', 'example_branch_datetime_operator_2']) retrieved from /usr/local/lib/python3.10/dist-packages/airflow/example_dags/example_branch_datetime_operator.py
[2023-12-20T20:25:25.974+0000] {logging_mixin.py:154} INFO - [2023-12-20T20:25:25.973+0000] {dag.py:2941} INFO - Sync 3 DAGs
[2023-12-20T20:25:25.997+0000] {logging_mixin.py:154} INFO - [2023-12-20T20:25:25.997+0000] {dag.py:3722} INFO - Setting next_dagrun for example_branch_datetime_operator to 2023-12-19T00:00:00+00:00, run_after=2023-12-20T00:00:00+00:00
[2023-12-20T20:25:26.002+0000] {logging_mixin.py:154} INFO - [2023-12-20T20:25:26.002+0000] {dag.py:3722} INFO - Setting next_dagrun for example_branch_datetime_operator_2 to 2023-12-19T00:00:00+00:00, run_after=2023-12-20T00:00:00+00:00
[2023-12-20T20:25:26.005+0000] {logging_mixin.py:154} INFO - [2023-12-20T20:25:26.005+0000] {dag.py:3722} INFO - Setting next_dagrun for example_branch_datetime_operator_3 to 2023-12-19T00:00:00+00:00, run_after=2023-12-20T00:00:00+00:00
[2023-12-20T20:25:26.025+0000] {processor.py:179} INFO - Processing /usr/local/lib/python3.10/dist-packages/airflow/example_dags/example_branch_datetime_operator.py took 0.094 seconds
[2023-12-20T20:28:17.571+0000] {processor.py:157} INFO - Started process (PID=1403) to work on /usr/local/lib/python3.10/dist-packages/airflow/example_dags/example_branch_datetime_operator.py
[2023-12-20T20:28:17.596+0000] {processor.py:829} INFO - Processing file /usr/local/lib/python3.10/dist-packages/airflow/example_dags/example_branch_datetime_operator.py for tasks to queue
[2023-12-20T20:28:17.597+0000] {logging_mixin.py:154} INFO - [2023-12-20T20:28:17.597+0000] {dagbag.py:536} INFO - Filling up the DagBag from /usr/local/lib/python3.10/dist-packages/airflow/example_dags/example_branch_datetime_operator.py
[2023-12-20T20:28:17.608+0000] {processor.py:839} INFO - DAG(s) dict_keys(['example_branch_datetime_operator_2', 'example_branch_datetime_operator', 'example_branch_datetime_operator_3']) retrieved from /usr/local/lib/python3.10/dist-packages/airflow/example_dags/example_branch_datetime_operator.py
[2023-12-20T20:28:17.631+0000] {logging_mixin.py:154} INFO - [2023-12-20T20:28:17.630+0000] {dag.py:2941} INFO - Sync 3 DAGs
[2023-12-20T20:28:17.649+0000] {logging_mixin.py:154} INFO - [2023-12-20T20:28:17.649+0000] {dag.py:3722} INFO - Setting next_dagrun for example_branch_datetime_operator to 2023-12-19T00:00:00+00:00, run_after=2023-12-20T00:00:00+00:00
[2023-12-20T20:28:17.653+0000] {logging_mixin.py:154} INFO - [2023-12-20T20:28:17.653+0000] {dag.py:3722} INFO - Setting next_dagrun for example_branch_datetime_operator_2 to 2023-12-19T00:00:00+00:00, run_after=2023-12-20T00:00:00+00:00
[2023-12-20T20:28:17.656+0000] {logging_mixin.py:154} INFO - [2023-12-20T20:28:17.656+0000] {dag.py:3722} INFO - Setting next_dagrun for example_branch_datetime_operator_3 to 2023-12-19T00:00:00+00:00, run_after=2023-12-20T00:00:00+00:00
[2023-12-20T20:28:17.675+0000] {processor.py:179} INFO - Processing /usr/local/lib/python3.10/dist-packages/airflow/example_dags/example_branch_datetime_operator.py took 0.106 seconds
[2023-12-20T20:34:19.533+0000] {processor.py:157} INFO - Started process (PID=1869) to work on /usr/local/lib/python3.10/dist-packages/airflow/example_dags/example_branch_datetime_operator.py
[2023-12-20T20:34:19.534+0000] {processor.py:829} INFO - Processing file /usr/local/lib/python3.10/dist-packages/airflow/example_dags/example_branch_datetime_operator.py for tasks to queue
[2023-12-20T20:34:19.535+0000] {logging_mixin.py:154} INFO - [2023-12-20T20:34:19.534+0000] {dagbag.py:536} INFO - Filling up the DagBag from /usr/local/lib/python3.10/dist-packages/airflow/example_dags/example_branch_datetime_operator.py
[2023-12-20T20:34:19.545+0000] {processor.py:839} INFO - DAG(s) dict_keys(['example_branch_datetime_operator_3', 'example_branch_datetime_operator', 'example_branch_datetime_operator_2']) retrieved from /usr/local/lib/python3.10/dist-packages/airflow/example_dags/example_branch_datetime_operator.py
[2023-12-20T20:34:19.702+0000] {logging_mixin.py:154} INFO - [2023-12-20T20:34:19.702+0000] {dag.py:2941} INFO - Sync 3 DAGs
[2023-12-20T20:34:19.719+0000] {logging_mixin.py:154} INFO - [2023-12-20T20:34:19.719+0000] {dag.py:3722} INFO - Setting next_dagrun for example_branch_datetime_operator to 2023-12-19T00:00:00+00:00, run_after=2023-12-20T00:00:00+00:00
[2023-12-20T20:34:19.722+0000] {logging_mixin.py:154} INFO - [2023-12-20T20:34:19.722+0000] {dag.py:3722} INFO - Setting next_dagrun for example_branch_datetime_operator_2 to 2023-12-19T00:00:00+00:00, run_after=2023-12-20T00:00:00+00:00
[2023-12-20T20:34:19.725+0000] {logging_mixin.py:154} INFO - [2023-12-20T20:34:19.724+0000] {dag.py:3722} INFO - Setting next_dagrun for example_branch_datetime_operator_3 to 2023-12-19T00:00:00+00:00, run_after=2023-12-20T00:00:00+00:00
[2023-12-20T20:34:19.742+0000] {processor.py:179} INFO - Processing /usr/local/lib/python3.10/dist-packages/airflow/example_dags/example_branch_datetime_operator.py took 0.212 seconds
[2023-12-20T20:41:00.634+0000] {processor.py:157} INFO - Started process (PID=2387) to work on /usr/local/lib/python3.10/dist-packages/airflow/example_dags/example_branch_datetime_operator.py
[2023-12-20T20:41:00.638+0000] {processor.py:829} INFO - Processing file /usr/local/lib/python3.10/dist-packages/airflow/example_dags/example_branch_datetime_operator.py for tasks to queue
[2023-12-20T20:41:00.639+0000] {logging_mixin.py:154} INFO - [2023-12-20T20:41:00.639+0000] {dagbag.py:536} INFO - Filling up the DagBag from /usr/local/lib/python3.10/dist-packages/airflow/example_dags/example_branch_datetime_operator.py
[2023-12-20T20:41:00.659+0000] {processor.py:839} INFO - DAG(s) dict_keys(['example_branch_datetime_operator_3', 'example_branch_datetime_operator', 'example_branch_datetime_operator_2']) retrieved from /usr/local/lib/python3.10/dist-packages/airflow/example_dags/example_branch_datetime_operator.py
[2023-12-20T20:41:00.683+0000] {logging_mixin.py:154} INFO - [2023-12-20T20:41:00.683+0000] {dag.py:2941} INFO - Sync 3 DAGs
[2023-12-20T20:41:00.711+0000] {logging_mixin.py:154} INFO - [2023-12-20T20:41:00.710+0000] {dag.py:3722} INFO - Setting next_dagrun for example_branch_datetime_operator to 2023-12-19T00:00:00+00:00, run_after=2023-12-20T00:00:00+00:00
[2023-12-20T20:41:00.715+0000] {logging_mixin.py:154} INFO - [2023-12-20T20:41:00.715+0000] {dag.py:3722} INFO - Setting next_dagrun for example_branch_datetime_operator_2 to 2023-12-19T00:00:00+00:00, run_after=2023-12-20T00:00:00+00:00
[2023-12-20T20:41:00.718+0000] {logging_mixin.py:154} INFO - [2023-12-20T20:41:00.717+0000] {dag.py:3722} INFO - Setting next_dagrun for example_branch_datetime_operator_3 to 2023-12-19T00:00:00+00:00, run_after=2023-12-20T00:00:00+00:00
[2023-12-20T20:41:00.743+0000] {processor.py:179} INFO - Processing /usr/local/lib/python3.10/dist-packages/airflow/example_dags/example_branch_datetime_operator.py took 0.116 seconds
[2023-12-20T20:47:16.879+0000] {processor.py:157} INFO - Started process (PID=2837) to work on /usr/local/lib/python3.10/dist-packages/airflow/example_dags/example_branch_datetime_operator.py
[2023-12-20T20:47:16.880+0000] {processor.py:829} INFO - Processing file /usr/local/lib/python3.10/dist-packages/airflow/example_dags/example_branch_datetime_operator.py for tasks to queue
[2023-12-20T20:47:16.881+0000] {logging_mixin.py:154} INFO - [2023-12-20T20:47:16.881+0000] {dagbag.py:536} INFO - Filling up the DagBag from /usr/local/lib/python3.10/dist-packages/airflow/example_dags/example_branch_datetime_operator.py
[2023-12-20T20:47:16.894+0000] {processor.py:839} INFO - DAG(s) dict_keys(['example_branch_datetime_operator_2', 'example_branch_datetime_operator_3', 'example_branch_datetime_operator']) retrieved from /usr/local/lib/python3.10/dist-packages/airflow/example_dags/example_branch_datetime_operator.py
[2023-12-20T20:47:16.926+0000] {logging_mixin.py:154} INFO - [2023-12-20T20:47:16.926+0000] {dag.py:2941} INFO - Sync 3 DAGs
[2023-12-20T20:47:16.953+0000] {logging_mixin.py:154} INFO - [2023-12-20T20:47:16.952+0000] {dag.py:3722} INFO - Setting next_dagrun for example_branch_datetime_operator to 2023-12-19T00:00:00+00:00, run_after=2023-12-20T00:00:00+00:00
[2023-12-20T20:47:16.959+0000] {logging_mixin.py:154} INFO - [2023-12-20T20:47:16.959+0000] {dag.py:3722} INFO - Setting next_dagrun for example_branch_datetime_operator_2 to 2023-12-19T00:00:00+00:00, run_after=2023-12-20T00:00:00+00:00
[2023-12-20T20:47:16.962+0000] {logging_mixin.py:154} INFO - [2023-12-20T20:47:16.962+0000] {dag.py:3722} INFO - Setting next_dagrun for example_branch_datetime_operator_3 to 2023-12-19T00:00:00+00:00, run_after=2023-12-20T00:00:00+00:00
[2023-12-20T20:47:16.984+0000] {processor.py:179} INFO - Processing /usr/local/lib/python3.10/dist-packages/airflow/example_dags/example_branch_datetime_operator.py took 0.109 seconds
[2023-12-20T20:53:27.485+0000] {processor.py:157} INFO - Started process (PID=4845) to work on /usr/local/lib/python3.10/dist-packages/airflow/example_dags/example_branch_datetime_operator.py
[2023-12-20T20:53:27.488+0000] {processor.py:829} INFO - Processing file /usr/local/lib/python3.10/dist-packages/airflow/example_dags/example_branch_datetime_operator.py for tasks to queue
[2023-12-20T20:53:27.489+0000] {logging_mixin.py:154} INFO - [2023-12-20T20:53:27.489+0000] {dagbag.py:536} INFO - Filling up the DagBag from /usr/local/lib/python3.10/dist-packages/airflow/example_dags/example_branch_datetime_operator.py
[2023-12-20T20:53:27.505+0000] {processor.py:839} INFO - DAG(s) dict_keys(['example_branch_datetime_operator', 'example_branch_datetime_operator_3', 'example_branch_datetime_operator_2']) retrieved from /usr/local/lib/python3.10/dist-packages/airflow/example_dags/example_branch_datetime_operator.py
[2023-12-20T20:53:27.567+0000] {logging_mixin.py:154} INFO - [2023-12-20T20:53:27.566+0000] {dag.py:2941} INFO - Sync 3 DAGs
[2023-12-20T20:53:27.597+0000] {logging_mixin.py:154} INFO - [2023-12-20T20:53:27.597+0000] {dag.py:3722} INFO - Setting next_dagrun for example_branch_datetime_operator to 2023-12-19T00:00:00+00:00, run_after=2023-12-20T00:00:00+00:00
[2023-12-20T20:53:27.604+0000] {logging_mixin.py:154} INFO - [2023-12-20T20:53:27.604+0000] {dag.py:3722} INFO - Setting next_dagrun for example_branch_datetime_operator_2 to 2023-12-19T00:00:00+00:00, run_after=2023-12-20T00:00:00+00:00
[2023-12-20T20:53:27.608+0000] {logging_mixin.py:154} INFO - [2023-12-20T20:53:27.607+0000] {dag.py:3722} INFO - Setting next_dagrun for example_branch_datetime_operator_3 to 2023-12-19T00:00:00+00:00, run_after=2023-12-20T00:00:00+00:00
[2023-12-20T20:53:27.649+0000] {processor.py:179} INFO - Processing /usr/local/lib/python3.10/dist-packages/airflow/example_dags/example_branch_datetime_operator.py took 0.171 seconds
[2023-12-20T20:59:07.486+0000] {processor.py:157} INFO - Started process (PID=20455) to work on /usr/local/lib/python3.10/dist-packages/airflow/example_dags/example_branch_datetime_operator.py
[2023-12-20T20:59:07.488+0000] {processor.py:829} INFO - Processing file /usr/local/lib/python3.10/dist-packages/airflow/example_dags/example_branch_datetime_operator.py for tasks to queue
[2023-12-20T20:59:07.490+0000] {logging_mixin.py:154} INFO - [2023-12-20T20:59:07.489+0000] {dagbag.py:536} INFO - Filling up the DagBag from /usr/local/lib/python3.10/dist-packages/airflow/example_dags/example_branch_datetime_operator.py
[2023-12-20T20:59:07.500+0000] {processor.py:839} INFO - DAG(s) dict_keys(['example_branch_datetime_operator_2', 'example_branch_datetime_operator_3', 'example_branch_datetime_operator']) retrieved from /usr/local/lib/python3.10/dist-packages/airflow/example_dags/example_branch_datetime_operator.py
[2023-12-20T20:59:07.530+0000] {logging_mixin.py:154} INFO - [2023-12-20T20:59:07.530+0000] {dag.py:2941} INFO - Sync 3 DAGs
[2023-12-20T20:59:07.552+0000] {logging_mixin.py:154} INFO - [2023-12-20T20:59:07.552+0000] {dag.py:3722} INFO - Setting next_dagrun for example_branch_datetime_operator to 2023-12-19T00:00:00+00:00, run_after=2023-12-20T00:00:00+00:00
[2023-12-20T20:59:07.556+0000] {logging_mixin.py:154} INFO - [2023-12-20T20:59:07.556+0000] {dag.py:3722} INFO - Setting next_dagrun for example_branch_datetime_operator_2 to 2023-12-19T00:00:00+00:00, run_after=2023-12-20T00:00:00+00:00
[2023-12-20T20:59:07.558+0000] {logging_mixin.py:154} INFO - [2023-12-20T20:59:07.558+0000] {dag.py:3722} INFO - Setting next_dagrun for example_branch_datetime_operator_3 to 2023-12-19T00:00:00+00:00, run_after=2023-12-20T00:00:00+00:00
[2023-12-20T20:59:07.578+0000] {processor.py:179} INFO - Processing /usr/local/lib/python3.10/dist-packages/airflow/example_dags/example_branch_datetime_operator.py took 0.096 seconds
[2023-12-20T21:03:05.850+0000] {processor.py:157} INFO - Started process (PID=20792) to work on /usr/local/lib/python3.10/dist-packages/airflow/example_dags/example_branch_datetime_operator.py
[2023-12-20T21:03:05.852+0000] {processor.py:829} INFO - Processing file /usr/local/lib/python3.10/dist-packages/airflow/example_dags/example_branch_datetime_operator.py for tasks to queue
[2023-12-20T21:03:05.853+0000] {logging_mixin.py:154} INFO - [2023-12-20T21:03:05.852+0000] {dagbag.py:536} INFO - Filling up the DagBag from /usr/local/lib/python3.10/dist-packages/airflow/example_dags/example_branch_datetime_operator.py
[2023-12-20T21:03:05.868+0000] {processor.py:839} INFO - DAG(s) dict_keys(['example_branch_datetime_operator', 'example_branch_datetime_operator_3', 'example_branch_datetime_operator_2']) retrieved from /usr/local/lib/python3.10/dist-packages/airflow/example_dags/example_branch_datetime_operator.py
[2023-12-20T21:03:05.896+0000] {logging_mixin.py:154} INFO - [2023-12-20T21:03:05.896+0000] {dag.py:2941} INFO - Sync 3 DAGs
[2023-12-20T21:03:05.918+0000] {logging_mixin.py:154} INFO - [2023-12-20T21:03:05.918+0000] {dag.py:3722} INFO - Setting next_dagrun for example_branch_datetime_operator to 2023-12-19T00:00:00+00:00, run_after=2023-12-20T00:00:00+00:00
[2023-12-20T21:03:05.922+0000] {logging_mixin.py:154} INFO - [2023-12-20T21:03:05.922+0000] {dag.py:3722} INFO - Setting next_dagrun for example_branch_datetime_operator_2 to 2023-12-19T00:00:00+00:00, run_after=2023-12-20T00:00:00+00:00
[2023-12-20T21:03:05.925+0000] {logging_mixin.py:154} INFO - [2023-12-20T21:03:05.925+0000] {dag.py:3722} INFO - Setting next_dagrun for example_branch_datetime_operator_3 to 2023-12-19T00:00:00+00:00, run_after=2023-12-20T00:00:00+00:00
[2023-12-20T21:03:05.952+0000] {processor.py:179} INFO - Processing /usr/local/lib/python3.10/dist-packages/airflow/example_dags/example_branch_datetime_operator.py took 0.105 seconds
[2023-12-20T21:06:56.378+0000] {processor.py:157} INFO - Started process (PID=21121) to work on /usr/local/lib/python3.10/dist-packages/airflow/example_dags/example_branch_datetime_operator.py
[2023-12-20T21:06:56.379+0000] {processor.py:829} INFO - Processing file /usr/local/lib/python3.10/dist-packages/airflow/example_dags/example_branch_datetime_operator.py for tasks to queue
[2023-12-20T21:06:56.380+0000] {logging_mixin.py:154} INFO - [2023-12-20T21:06:56.380+0000] {dagbag.py:536} INFO - Filling up the DagBag from /usr/local/lib/python3.10/dist-packages/airflow/example_dags/example_branch_datetime_operator.py
[2023-12-20T21:06:56.390+0000] {processor.py:839} INFO - DAG(s) dict_keys(['example_branch_datetime_operator_3', 'example_branch_datetime_operator', 'example_branch_datetime_operator_2']) retrieved from /usr/local/lib/python3.10/dist-packages/airflow/example_dags/example_branch_datetime_operator.py
[2023-12-20T21:06:56.410+0000] {logging_mixin.py:154} INFO - [2023-12-20T21:06:56.410+0000] {dag.py:2941} INFO - Sync 3 DAGs
[2023-12-20T21:06:56.429+0000] {logging_mixin.py:154} INFO - [2023-12-20T21:06:56.429+0000] {dag.py:3722} INFO - Setting next_dagrun for example_branch_datetime_operator to 2023-12-19T00:00:00+00:00, run_after=2023-12-20T00:00:00+00:00
[2023-12-20T21:06:56.433+0000] {logging_mixin.py:154} INFO - [2023-12-20T21:06:56.433+0000] {dag.py:3722} INFO - Setting next_dagrun for example_branch_datetime_operator_2 to 2023-12-19T00:00:00+00:00, run_after=2023-12-20T00:00:00+00:00
[2023-12-20T21:06:56.435+0000] {logging_mixin.py:154} INFO - [2023-12-20T21:06:56.435+0000] {dag.py:3722} INFO - Setting next_dagrun for example_branch_datetime_operator_3 to 2023-12-19T00:00:00+00:00, run_after=2023-12-20T00:00:00+00:00
[2023-12-20T21:06:56.452+0000] {processor.py:179} INFO - Processing /usr/local/lib/python3.10/dist-packages/airflow/example_dags/example_branch_datetime_operator.py took 0.077 seconds
[2023-12-20T21:10:46.039+0000] {processor.py:157} INFO - Started process (PID=21466) to work on /usr/local/lib/python3.10/dist-packages/airflow/example_dags/example_branch_datetime_operator.py
[2023-12-20T21:10:46.041+0000] {processor.py:829} INFO - Processing file /usr/local/lib/python3.10/dist-packages/airflow/example_dags/example_branch_datetime_operator.py for tasks to queue
[2023-12-20T21:10:46.041+0000] {logging_mixin.py:154} INFO - [2023-12-20T21:10:46.041+0000] {dagbag.py:536} INFO - Filling up the DagBag from /usr/local/lib/python3.10/dist-packages/airflow/example_dags/example_branch_datetime_operator.py
[2023-12-20T21:10:46.051+0000] {processor.py:839} INFO - DAG(s) dict_keys(['example_branch_datetime_operator', 'example_branch_datetime_operator_3', 'example_branch_datetime_operator_2']) retrieved from /usr/local/lib/python3.10/dist-packages/airflow/example_dags/example_branch_datetime_operator.py
[2023-12-20T21:10:46.072+0000] {logging_mixin.py:154} INFO - [2023-12-20T21:10:46.071+0000] {dag.py:2941} INFO - Sync 3 DAGs
[2023-12-20T21:10:46.090+0000] {logging_mixin.py:154} INFO - [2023-12-20T21:10:46.090+0000] {dag.py:3722} INFO - Setting next_dagrun for example_branch_datetime_operator to 2023-12-19T00:00:00+00:00, run_after=2023-12-20T00:00:00+00:00
[2023-12-20T21:10:46.094+0000] {logging_mixin.py:154} INFO - [2023-12-20T21:10:46.094+0000] {dag.py:3722} INFO - Setting next_dagrun for example_branch_datetime_operator_2 to 2023-12-19T00:00:00+00:00, run_after=2023-12-20T00:00:00+00:00
[2023-12-20T21:10:46.096+0000] {logging_mixin.py:154} INFO - [2023-12-20T21:10:46.096+0000] {dag.py:3722} INFO - Setting next_dagrun for example_branch_datetime_operator_3 to 2023-12-19T00:00:00+00:00, run_after=2023-12-20T00:00:00+00:00
[2023-12-20T21:10:46.114+0000] {processor.py:179} INFO - Processing /usr/local/lib/python3.10/dist-packages/airflow/example_dags/example_branch_datetime_operator.py took 0.078 seconds
[2023-12-20T21:14:34.695+0000] {processor.py:157} INFO - Started process (PID=21801) to work on /usr/local/lib/python3.10/dist-packages/airflow/example_dags/example_branch_datetime_operator.py
[2023-12-20T21:14:34.696+0000] {processor.py:829} INFO - Processing file /usr/local/lib/python3.10/dist-packages/airflow/example_dags/example_branch_datetime_operator.py for tasks to queue
[2023-12-20T21:14:34.697+0000] {logging_mixin.py:154} INFO - [2023-12-20T21:14:34.697+0000] {dagbag.py:536} INFO - Filling up the DagBag from /usr/local/lib/python3.10/dist-packages/airflow/example_dags/example_branch_datetime_operator.py
[2023-12-20T21:14:34.706+0000] {processor.py:839} INFO - DAG(s) dict_keys(['example_branch_datetime_operator_2', 'example_branch_datetime_operator', 'example_branch_datetime_operator_3']) retrieved from /usr/local/lib/python3.10/dist-packages/airflow/example_dags/example_branch_datetime_operator.py
[2023-12-20T21:14:34.727+0000] {logging_mixin.py:154} INFO - [2023-12-20T21:14:34.727+0000] {dag.py:2941} INFO - Sync 3 DAGs
[2023-12-20T21:14:34.746+0000] {logging_mixin.py:154} INFO - [2023-12-20T21:14:34.746+0000] {dag.py:3722} INFO - Setting next_dagrun for example_branch_datetime_operator to 2023-12-19T00:00:00+00:00, run_after=2023-12-20T00:00:00+00:00
[2023-12-20T21:14:34.750+0000] {logging_mixin.py:154} INFO - [2023-12-20T21:14:34.750+0000] {dag.py:3722} INFO - Setting next_dagrun for example_branch_datetime_operator_2 to 2023-12-19T00:00:00+00:00, run_after=2023-12-20T00:00:00+00:00
[2023-12-20T21:14:34.753+0000] {logging_mixin.py:154} INFO - [2023-12-20T21:14:34.752+0000] {dag.py:3722} INFO - Setting next_dagrun for example_branch_datetime_operator_3 to 2023-12-19T00:00:00+00:00, run_after=2023-12-20T00:00:00+00:00
[2023-12-20T21:14:34.771+0000] {processor.py:179} INFO - Processing /usr/local/lib/python3.10/dist-packages/airflow/example_dags/example_branch_datetime_operator.py took 0.079 seconds
[2023-12-20T21:18:25.593+0000] {processor.py:157} INFO - Started process (PID=22134) to work on /usr/local/lib/python3.10/dist-packages/airflow/example_dags/example_branch_datetime_operator.py
[2023-12-20T21:18:25.595+0000] {processor.py:829} INFO - Processing file /usr/local/lib/python3.10/dist-packages/airflow/example_dags/example_branch_datetime_operator.py for tasks to queue
[2023-12-20T21:18:25.595+0000] {logging_mixin.py:154} INFO - [2023-12-20T21:18:25.595+0000] {dagbag.py:536} INFO - Filling up the DagBag from /usr/local/lib/python3.10/dist-packages/airflow/example_dags/example_branch_datetime_operator.py
[2023-12-20T21:18:25.606+0000] {processor.py:839} INFO - DAG(s) dict_keys(['example_branch_datetime_operator_3', 'example_branch_datetime_operator', 'example_branch_datetime_operator_2']) retrieved from /usr/local/lib/python3.10/dist-packages/airflow/example_dags/example_branch_datetime_operator.py
[2023-12-20T21:18:25.631+0000] {logging_mixin.py:154} INFO - [2023-12-20T21:18:25.631+0000] {dag.py:2941} INFO - Sync 3 DAGs
[2023-12-20T21:18:25.656+0000] {logging_mixin.py:154} INFO - [2023-12-20T21:18:25.656+0000] {dag.py:3722} INFO - Setting next_dagrun for example_branch_datetime_operator to 2023-12-19T00:00:00+00:00, run_after=2023-12-20T00:00:00+00:00
[2023-12-20T21:18:25.660+0000] {logging_mixin.py:154} INFO - [2023-12-20T21:18:25.660+0000] {dag.py:3722} INFO - Setting next_dagrun for example_branch_datetime_operator_2 to 2023-12-19T00:00:00+00:00, run_after=2023-12-20T00:00:00+00:00
[2023-12-20T21:18:25.663+0000] {logging_mixin.py:154} INFO - [2023-12-20T21:18:25.663+0000] {dag.py:3722} INFO - Setting next_dagrun for example_branch_datetime_operator_3 to 2023-12-19T00:00:00+00:00, run_after=2023-12-20T00:00:00+00:00
[2023-12-20T21:18:25.687+0000] {processor.py:179} INFO - Processing /usr/local/lib/python3.10/dist-packages/airflow/example_dags/example_branch_datetime_operator.py took 0.097 seconds
[2023-12-20T21:22:18.665+0000] {processor.py:157} INFO - Started process (PID=22465) to work on /usr/local/lib/python3.10/dist-packages/airflow/example_dags/example_branch_datetime_operator.py
[2023-12-20T21:22:18.667+0000] {processor.py:829} INFO - Processing file /usr/local/lib/python3.10/dist-packages/airflow/example_dags/example_branch_datetime_operator.py for tasks to queue
[2023-12-20T21:22:18.668+0000] {logging_mixin.py:154} INFO - [2023-12-20T21:22:18.667+0000] {dagbag.py:536} INFO - Filling up the DagBag from /usr/local/lib/python3.10/dist-packages/airflow/example_dags/example_branch_datetime_operator.py
[2023-12-20T21:22:18.677+0000] {processor.py:839} INFO - DAG(s) dict_keys(['example_branch_datetime_operator_3', 'example_branch_datetime_operator_2', 'example_branch_datetime_operator']) retrieved from /usr/local/lib/python3.10/dist-packages/airflow/example_dags/example_branch_datetime_operator.py
[2023-12-20T21:22:18.701+0000] {logging_mixin.py:154} INFO - [2023-12-20T21:22:18.700+0000] {dag.py:2941} INFO - Sync 3 DAGs
[2023-12-20T21:22:18.721+0000] {logging_mixin.py:154} INFO - [2023-12-20T21:22:18.720+0000] {dag.py:3722} INFO - Setting next_dagrun for example_branch_datetime_operator to 2023-12-19T00:00:00+00:00, run_after=2023-12-20T00:00:00+00:00
[2023-12-20T21:22:18.725+0000] {logging_mixin.py:154} INFO - [2023-12-20T21:22:18.725+0000] {dag.py:3722} INFO - Setting next_dagrun for example_branch_datetime_operator_2 to 2023-12-19T00:00:00+00:00, run_after=2023-12-20T00:00:00+00:00
[2023-12-20T21:22:18.727+0000] {logging_mixin.py:154} INFO - [2023-12-20T21:22:18.727+0000] {dag.py:3722} INFO - Setting next_dagrun for example_branch_datetime_operator_3 to 2023-12-19T00:00:00+00:00, run_after=2023-12-20T00:00:00+00:00
[2023-12-20T21:22:18.746+0000] {processor.py:179} INFO - Processing /usr/local/lib/python3.10/dist-packages/airflow/example_dags/example_branch_datetime_operator.py took 0.084 seconds
[2023-12-20T21:28:45.412+0000] {processor.py:157} INFO - Started process (PID=22815) to work on /usr/local/lib/python3.10/dist-packages/airflow/example_dags/example_branch_datetime_operator.py
[2023-12-20T21:28:45.413+0000] {processor.py:829} INFO - Processing file /usr/local/lib/python3.10/dist-packages/airflow/example_dags/example_branch_datetime_operator.py for tasks to queue
[2023-12-20T21:28:45.414+0000] {logging_mixin.py:154} INFO - [2023-12-20T21:28:45.414+0000] {dagbag.py:536} INFO - Filling up the DagBag from /usr/local/lib/python3.10/dist-packages/airflow/example_dags/example_branch_datetime_operator.py
[2023-12-20T21:28:45.424+0000] {processor.py:839} INFO - DAG(s) dict_keys(['example_branch_datetime_operator', 'example_branch_datetime_operator_3', 'example_branch_datetime_operator_2']) retrieved from /usr/local/lib/python3.10/dist-packages/airflow/example_dags/example_branch_datetime_operator.py
[2023-12-20T21:28:45.447+0000] {logging_mixin.py:154} INFO - [2023-12-20T21:28:45.446+0000] {dag.py:2941} INFO - Sync 3 DAGs
[2023-12-20T21:28:45.466+0000] {logging_mixin.py:154} INFO - [2023-12-20T21:28:45.466+0000] {dag.py:3722} INFO - Setting next_dagrun for example_branch_datetime_operator to 2023-12-19T00:00:00+00:00, run_after=2023-12-20T00:00:00+00:00
[2023-12-20T21:28:45.471+0000] {logging_mixin.py:154} INFO - [2023-12-20T21:28:45.471+0000] {dag.py:3722} INFO - Setting next_dagrun for example_branch_datetime_operator_2 to 2023-12-19T00:00:00+00:00, run_after=2023-12-20T00:00:00+00:00
[2023-12-20T21:28:45.474+0000] {logging_mixin.py:154} INFO - [2023-12-20T21:28:45.473+0000] {dag.py:3722} INFO - Setting next_dagrun for example_branch_datetime_operator_3 to 2023-12-19T00:00:00+00:00, run_after=2023-12-20T00:00:00+00:00
[2023-12-20T21:28:45.493+0000] {processor.py:179} INFO - Processing /usr/local/lib/python3.10/dist-packages/airflow/example_dags/example_branch_datetime_operator.py took 0.087 seconds
