[2023-12-20T20:25:02.862+0000] {processor.py:157} INFO - Started process (PID=1166) to work on /usr/local/lib/python3.10/dist-packages/airflow/example_dags/example_local_kubernetes_executor.py
[2023-12-20T20:25:02.863+0000] {processor.py:829} INFO - Processing file /usr/local/lib/python3.10/dist-packages/airflow/example_dags/example_local_kubernetes_executor.py for tasks to queue
[2023-12-20T20:25:02.864+0000] {logging_mixin.py:154} INFO - [2023-12-20T20:25:02.864+0000] {dagbag.py:536} INFO - Filling up the DagBag from /usr/local/lib/python3.10/dist-packages/airflow/example_dags/example_local_kubernetes_executor.py
[2023-12-20T20:25:02.872+0000] {processor.py:839} INFO - DAG(s) dict_keys(['example_local_kubernetes_executor']) retrieved from /usr/local/lib/python3.10/dist-packages/airflow/example_dags/example_local_kubernetes_executor.py
[2023-12-20T20:25:02.904+0000] {logging_mixin.py:154} INFO - [2023-12-20T20:25:02.904+0000] {dag.py:2941} INFO - Sync 1 DAGs
[2023-12-20T20:25:02.916+0000] {logging_mixin.py:154} INFO - [2023-12-20T20:25:02.916+0000] {dag.py:3722} INFO - Setting next_dagrun for example_local_kubernetes_executor to None, run_after=None
[2023-12-20T20:25:02.939+0000] {processor.py:179} INFO - Processing /usr/local/lib/python3.10/dist-packages/airflow/example_dags/example_local_kubernetes_executor.py took 0.079 seconds
[2023-12-20T20:28:08.386+0000] {processor.py:157} INFO - Started process (PID=1393) to work on /usr/local/lib/python3.10/dist-packages/airflow/example_dags/example_local_kubernetes_executor.py
[2023-12-20T20:28:08.387+0000] {processor.py:829} INFO - Processing file /usr/local/lib/python3.10/dist-packages/airflow/example_dags/example_local_kubernetes_executor.py for tasks to queue
[2023-12-20T20:28:08.388+0000] {logging_mixin.py:154} INFO - [2023-12-20T20:28:08.388+0000] {dagbag.py:536} INFO - Filling up the DagBag from /usr/local/lib/python3.10/dist-packages/airflow/example_dags/example_local_kubernetes_executor.py
[2023-12-20T20:28:08.397+0000] {processor.py:839} INFO - DAG(s) dict_keys(['example_local_kubernetes_executor']) retrieved from /usr/local/lib/python3.10/dist-packages/airflow/example_dags/example_local_kubernetes_executor.py
[2023-12-20T20:28:08.432+0000] {logging_mixin.py:154} INFO - [2023-12-20T20:28:08.431+0000] {dag.py:2941} INFO - Sync 1 DAGs
[2023-12-20T20:28:08.442+0000] {logging_mixin.py:154} INFO - [2023-12-20T20:28:08.442+0000] {dag.py:3722} INFO - Setting next_dagrun for example_local_kubernetes_executor to None, run_after=None
[2023-12-20T20:28:08.464+0000] {processor.py:179} INFO - Processing /usr/local/lib/python3.10/dist-packages/airflow/example_dags/example_local_kubernetes_executor.py took 0.081 seconds
[2023-12-20T20:33:56.233+0000] {processor.py:157} INFO - Started process (PID=1839) to work on /usr/local/lib/python3.10/dist-packages/airflow/example_dags/example_local_kubernetes_executor.py
[2023-12-20T20:33:56.234+0000] {processor.py:829} INFO - Processing file /usr/local/lib/python3.10/dist-packages/airflow/example_dags/example_local_kubernetes_executor.py for tasks to queue
[2023-12-20T20:33:56.235+0000] {logging_mixin.py:154} INFO - [2023-12-20T20:33:56.235+0000] {dagbag.py:536} INFO - Filling up the DagBag from /usr/local/lib/python3.10/dist-packages/airflow/example_dags/example_local_kubernetes_executor.py
[2023-12-20T20:33:56.242+0000] {processor.py:839} INFO - DAG(s) dict_keys(['example_local_kubernetes_executor']) retrieved from /usr/local/lib/python3.10/dist-packages/airflow/example_dags/example_local_kubernetes_executor.py
[2023-12-20T20:33:56.411+0000] {logging_mixin.py:154} INFO - [2023-12-20T20:33:56.411+0000] {dag.py:2941} INFO - Sync 1 DAGs
[2023-12-20T20:33:56.420+0000] {logging_mixin.py:154} INFO - [2023-12-20T20:33:56.420+0000] {dag.py:3722} INFO - Setting next_dagrun for example_local_kubernetes_executor to None, run_after=None
[2023-12-20T20:33:56.439+0000] {processor.py:179} INFO - Processing /usr/local/lib/python3.10/dist-packages/airflow/example_dags/example_local_kubernetes_executor.py took 0.209 seconds
[2023-12-20T20:37:10.324+0000] {processor.py:157} INFO - Started process (PID=2101) to work on /usr/local/lib/python3.10/dist-packages/airflow/example_dags/example_local_kubernetes_executor.py
[2023-12-20T20:37:10.325+0000] {processor.py:829} INFO - Processing file /usr/local/lib/python3.10/dist-packages/airflow/example_dags/example_local_kubernetes_executor.py for tasks to queue
[2023-12-20T20:37:10.326+0000] {logging_mixin.py:154} INFO - [2023-12-20T20:37:10.326+0000] {dagbag.py:536} INFO - Filling up the DagBag from /usr/local/lib/python3.10/dist-packages/airflow/example_dags/example_local_kubernetes_executor.py
[2023-12-20T20:37:10.335+0000] {processor.py:839} INFO - DAG(s) dict_keys(['example_local_kubernetes_executor']) retrieved from /usr/local/lib/python3.10/dist-packages/airflow/example_dags/example_local_kubernetes_executor.py
[2023-12-20T20:37:10.370+0000] {logging_mixin.py:154} INFO - [2023-12-20T20:37:10.370+0000] {dag.py:2941} INFO - Sync 1 DAGs
[2023-12-20T20:37:10.387+0000] {logging_mixin.py:154} INFO - [2023-12-20T20:37:10.386+0000] {dag.py:3722} INFO - Setting next_dagrun for example_local_kubernetes_executor to None, run_after=None
[2023-12-20T20:37:10.416+0000] {processor.py:179} INFO - Processing /usr/local/lib/python3.10/dist-packages/airflow/example_dags/example_local_kubernetes_executor.py took 0.096 seconds
[2023-12-20T20:40:36.930+0000] {processor.py:157} INFO - Started process (PID=2357) to work on /usr/local/lib/python3.10/dist-packages/airflow/example_dags/example_local_kubernetes_executor.py
[2023-12-20T20:40:36.932+0000] {processor.py:829} INFO - Processing file /usr/local/lib/python3.10/dist-packages/airflow/example_dags/example_local_kubernetes_executor.py for tasks to queue
[2023-12-20T20:40:36.933+0000] {logging_mixin.py:154} INFO - [2023-12-20T20:40:36.932+0000] {dagbag.py:536} INFO - Filling up the DagBag from /usr/local/lib/python3.10/dist-packages/airflow/example_dags/example_local_kubernetes_executor.py
[2023-12-20T20:40:36.940+0000] {processor.py:839} INFO - DAG(s) dict_keys(['example_local_kubernetes_executor']) retrieved from /usr/local/lib/python3.10/dist-packages/airflow/example_dags/example_local_kubernetes_executor.py
[2023-12-20T20:40:36.971+0000] {logging_mixin.py:154} INFO - [2023-12-20T20:40:36.971+0000] {dag.py:2941} INFO - Sync 1 DAGs
[2023-12-20T20:40:36.983+0000] {logging_mixin.py:154} INFO - [2023-12-20T20:40:36.982+0000] {dag.py:3722} INFO - Setting next_dagrun for example_local_kubernetes_executor to None, run_after=None
[2023-12-20T20:40:37.009+0000] {processor.py:179} INFO - Processing /usr/local/lib/python3.10/dist-packages/airflow/example_dags/example_local_kubernetes_executor.py took 0.083 seconds
[2023-12-20T20:44:00.794+0000] {processor.py:157} INFO - Started process (PID=2612) to work on /usr/local/lib/python3.10/dist-packages/airflow/example_dags/example_local_kubernetes_executor.py
[2023-12-20T20:44:00.795+0000] {processor.py:829} INFO - Processing file /usr/local/lib/python3.10/dist-packages/airflow/example_dags/example_local_kubernetes_executor.py for tasks to queue
[2023-12-20T20:44:00.796+0000] {logging_mixin.py:154} INFO - [2023-12-20T20:44:00.796+0000] {dagbag.py:536} INFO - Filling up the DagBag from /usr/local/lib/python3.10/dist-packages/airflow/example_dags/example_local_kubernetes_executor.py
[2023-12-20T20:44:00.804+0000] {processor.py:839} INFO - DAG(s) dict_keys(['example_local_kubernetes_executor']) retrieved from /usr/local/lib/python3.10/dist-packages/airflow/example_dags/example_local_kubernetes_executor.py
[2023-12-20T20:44:00.846+0000] {logging_mixin.py:154} INFO - [2023-12-20T20:44:00.845+0000] {dag.py:2941} INFO - Sync 1 DAGs
[2023-12-20T20:44:00.858+0000] {logging_mixin.py:154} INFO - [2023-12-20T20:44:00.857+0000] {dag.py:3722} INFO - Setting next_dagrun for example_local_kubernetes_executor to None, run_after=None
[2023-12-20T20:44:00.880+0000] {processor.py:179} INFO - Processing /usr/local/lib/python3.10/dist-packages/airflow/example_dags/example_local_kubernetes_executor.py took 0.089 seconds
[2023-12-20T20:49:46.327+0000] {processor.py:157} INFO - Started process (PID=3014) to work on /usr/local/lib/python3.10/dist-packages/airflow/example_dags/example_local_kubernetes_executor.py
[2023-12-20T20:49:46.336+0000] {processor.py:829} INFO - Processing file /usr/local/lib/python3.10/dist-packages/airflow/example_dags/example_local_kubernetes_executor.py for tasks to queue
[2023-12-20T20:49:46.339+0000] {logging_mixin.py:154} INFO - [2023-12-20T20:49:46.337+0000] {dagbag.py:536} INFO - Filling up the DagBag from /usr/local/lib/python3.10/dist-packages/airflow/example_dags/example_local_kubernetes_executor.py
[2023-12-20T20:49:46.348+0000] {processor.py:839} INFO - DAG(s) dict_keys(['example_local_kubernetes_executor']) retrieved from /usr/local/lib/python3.10/dist-packages/airflow/example_dags/example_local_kubernetes_executor.py
[2023-12-20T20:49:46.394+0000] {logging_mixin.py:154} INFO - [2023-12-20T20:49:46.392+0000] {dag.py:2941} INFO - Sync 1 DAGs
[2023-12-20T20:49:46.412+0000] {logging_mixin.py:154} INFO - [2023-12-20T20:49:46.412+0000] {dag.py:3722} INFO - Setting next_dagrun for example_local_kubernetes_executor to None, run_after=None
[2023-12-20T20:49:46.439+0000] {processor.py:179} INFO - Processing /usr/local/lib/python3.10/dist-packages/airflow/example_dags/example_local_kubernetes_executor.py took 0.117 seconds
[2023-12-20T20:56:24.815+0000] {processor.py:157} INFO - Started process (PID=14467) to work on /usr/local/lib/python3.10/dist-packages/airflow/example_dags/example_local_kubernetes_executor.py
[2023-12-20T20:56:24.826+0000] {processor.py:829} INFO - Processing file /usr/local/lib/python3.10/dist-packages/airflow/example_dags/example_local_kubernetes_executor.py for tasks to queue
[2023-12-20T20:56:24.827+0000] {logging_mixin.py:154} INFO - [2023-12-20T20:56:24.826+0000] {dagbag.py:536} INFO - Filling up the DagBag from /usr/local/lib/python3.10/dist-packages/airflow/example_dags/example_local_kubernetes_executor.py
[2023-12-20T20:56:24.836+0000] {processor.py:839} INFO - DAG(s) dict_keys(['example_local_kubernetes_executor']) retrieved from /usr/local/lib/python3.10/dist-packages/airflow/example_dags/example_local_kubernetes_executor.py
[2023-12-20T20:56:24.877+0000] {logging_mixin.py:154} INFO - [2023-12-20T20:56:24.876+0000] {dag.py:2941} INFO - Sync 1 DAGs
[2023-12-20T20:56:24.892+0000] {logging_mixin.py:154} INFO - [2023-12-20T20:56:24.891+0000] {dag.py:3722} INFO - Setting next_dagrun for example_local_kubernetes_executor to None, run_after=None
[2023-12-20T20:56:24.925+0000] {processor.py:179} INFO - Processing /usr/local/lib/python3.10/dist-packages/airflow/example_dags/example_local_kubernetes_executor.py took 0.114 seconds
[2023-12-20T20:59:02.961+0000] {processor.py:157} INFO - Started process (PID=20447) to work on /usr/local/lib/python3.10/dist-packages/airflow/example_dags/example_local_kubernetes_executor.py
[2023-12-20T20:59:02.963+0000] {processor.py:829} INFO - Processing file /usr/local/lib/python3.10/dist-packages/airflow/example_dags/example_local_kubernetes_executor.py for tasks to queue
[2023-12-20T20:59:02.964+0000] {logging_mixin.py:154} INFO - [2023-12-20T20:59:02.963+0000] {dagbag.py:536} INFO - Filling up the DagBag from /usr/local/lib/python3.10/dist-packages/airflow/example_dags/example_local_kubernetes_executor.py
[2023-12-20T20:59:02.972+0000] {processor.py:839} INFO - DAG(s) dict_keys(['example_local_kubernetes_executor']) retrieved from /usr/local/lib/python3.10/dist-packages/airflow/example_dags/example_local_kubernetes_executor.py
[2023-12-20T20:59:03.004+0000] {logging_mixin.py:154} INFO - [2023-12-20T20:59:03.003+0000] {dag.py:2941} INFO - Sync 1 DAGs
[2023-12-20T20:59:03.014+0000] {logging_mixin.py:154} INFO - [2023-12-20T20:59:03.014+0000] {dag.py:3722} INFO - Setting next_dagrun for example_local_kubernetes_executor to None, run_after=None
[2023-12-20T20:59:03.036+0000] {processor.py:179} INFO - Processing /usr/local/lib/python3.10/dist-packages/airflow/example_dags/example_local_kubernetes_executor.py took 0.079 seconds
[2023-12-20T21:03:00.822+0000] {processor.py:157} INFO - Started process (PID=20785) to work on /usr/local/lib/python3.10/dist-packages/airflow/example_dags/example_local_kubernetes_executor.py
[2023-12-20T21:03:00.828+0000] {processor.py:829} INFO - Processing file /usr/local/lib/python3.10/dist-packages/airflow/example_dags/example_local_kubernetes_executor.py for tasks to queue
[2023-12-20T21:03:00.829+0000] {logging_mixin.py:154} INFO - [2023-12-20T21:03:00.828+0000] {dagbag.py:536} INFO - Filling up the DagBag from /usr/local/lib/python3.10/dist-packages/airflow/example_dags/example_local_kubernetes_executor.py
[2023-12-20T21:03:00.836+0000] {processor.py:839} INFO - DAG(s) dict_keys(['example_local_kubernetes_executor']) retrieved from /usr/local/lib/python3.10/dist-packages/airflow/example_dags/example_local_kubernetes_executor.py
[2023-12-20T21:03:00.865+0000] {logging_mixin.py:154} INFO - [2023-12-20T21:03:00.865+0000] {dag.py:2941} INFO - Sync 1 DAGs
[2023-12-20T21:03:00.877+0000] {logging_mixin.py:154} INFO - [2023-12-20T21:03:00.877+0000] {dag.py:3722} INFO - Setting next_dagrun for example_local_kubernetes_executor to None, run_after=None
[2023-12-20T21:03:00.897+0000] {processor.py:179} INFO - Processing /usr/local/lib/python3.10/dist-packages/airflow/example_dags/example_local_kubernetes_executor.py took 0.078 seconds
[2023-12-20T21:06:51.888+0000] {processor.py:157} INFO - Started process (PID=21114) to work on /usr/local/lib/python3.10/dist-packages/airflow/example_dags/example_local_kubernetes_executor.py
[2023-12-20T21:06:51.890+0000] {processor.py:829} INFO - Processing file /usr/local/lib/python3.10/dist-packages/airflow/example_dags/example_local_kubernetes_executor.py for tasks to queue
[2023-12-20T21:06:51.890+0000] {logging_mixin.py:154} INFO - [2023-12-20T21:06:51.890+0000] {dagbag.py:536} INFO - Filling up the DagBag from /usr/local/lib/python3.10/dist-packages/airflow/example_dags/example_local_kubernetes_executor.py
[2023-12-20T21:06:51.897+0000] {processor.py:839} INFO - DAG(s) dict_keys(['example_local_kubernetes_executor']) retrieved from /usr/local/lib/python3.10/dist-packages/airflow/example_dags/example_local_kubernetes_executor.py
[2023-12-20T21:06:51.925+0000] {logging_mixin.py:154} INFO - [2023-12-20T21:06:51.924+0000] {dag.py:2941} INFO - Sync 1 DAGs
[2023-12-20T21:06:51.935+0000] {logging_mixin.py:154} INFO - [2023-12-20T21:06:51.934+0000] {dag.py:3722} INFO - Setting next_dagrun for example_local_kubernetes_executor to None, run_after=None
[2023-12-20T21:06:51.954+0000] {processor.py:179} INFO - Processing /usr/local/lib/python3.10/dist-packages/airflow/example_dags/example_local_kubernetes_executor.py took 0.069 seconds
[2023-12-20T21:10:41.309+0000] {processor.py:157} INFO - Started process (PID=21459) to work on /usr/local/lib/python3.10/dist-packages/airflow/example_dags/example_local_kubernetes_executor.py
[2023-12-20T21:10:41.310+0000] {processor.py:829} INFO - Processing file /usr/local/lib/python3.10/dist-packages/airflow/example_dags/example_local_kubernetes_executor.py for tasks to queue
[2023-12-20T21:10:41.311+0000] {logging_mixin.py:154} INFO - [2023-12-20T21:10:41.311+0000] {dagbag.py:536} INFO - Filling up the DagBag from /usr/local/lib/python3.10/dist-packages/airflow/example_dags/example_local_kubernetes_executor.py
[2023-12-20T21:10:41.318+0000] {processor.py:839} INFO - DAG(s) dict_keys(['example_local_kubernetes_executor']) retrieved from /usr/local/lib/python3.10/dist-packages/airflow/example_dags/example_local_kubernetes_executor.py
[2023-12-20T21:10:41.345+0000] {logging_mixin.py:154} INFO - [2023-12-20T21:10:41.345+0000] {dag.py:2941} INFO - Sync 1 DAGs
[2023-12-20T21:10:41.355+0000] {logging_mixin.py:154} INFO - [2023-12-20T21:10:41.354+0000] {dag.py:3722} INFO - Setting next_dagrun for example_local_kubernetes_executor to None, run_after=None
[2023-12-20T21:10:41.373+0000] {processor.py:179} INFO - Processing /usr/local/lib/python3.10/dist-packages/airflow/example_dags/example_local_kubernetes_executor.py took 0.067 seconds
[2023-12-20T21:14:29.640+0000] {processor.py:157} INFO - Started process (PID=21794) to work on /usr/local/lib/python3.10/dist-packages/airflow/example_dags/example_local_kubernetes_executor.py
[2023-12-20T21:14:29.641+0000] {processor.py:829} INFO - Processing file /usr/local/lib/python3.10/dist-packages/airflow/example_dags/example_local_kubernetes_executor.py for tasks to queue
[2023-12-20T21:14:29.642+0000] {logging_mixin.py:154} INFO - [2023-12-20T21:14:29.642+0000] {dagbag.py:536} INFO - Filling up the DagBag from /usr/local/lib/python3.10/dist-packages/airflow/example_dags/example_local_kubernetes_executor.py
[2023-12-20T21:14:29.650+0000] {processor.py:839} INFO - DAG(s) dict_keys(['example_local_kubernetes_executor']) retrieved from /usr/local/lib/python3.10/dist-packages/airflow/example_dags/example_local_kubernetes_executor.py
[2023-12-20T21:14:29.680+0000] {logging_mixin.py:154} INFO - [2023-12-20T21:14:29.680+0000] {dag.py:2941} INFO - Sync 1 DAGs
[2023-12-20T21:14:29.691+0000] {logging_mixin.py:154} INFO - [2023-12-20T21:14:29.691+0000] {dag.py:3722} INFO - Setting next_dagrun for example_local_kubernetes_executor to None, run_after=None
[2023-12-20T21:14:29.720+0000] {processor.py:179} INFO - Processing /usr/local/lib/python3.10/dist-packages/airflow/example_dags/example_local_kubernetes_executor.py took 0.083 seconds
[2023-12-20T21:18:20.032+0000] {processor.py:157} INFO - Started process (PID=22127) to work on /usr/local/lib/python3.10/dist-packages/airflow/example_dags/example_local_kubernetes_executor.py
[2023-12-20T21:18:20.034+0000] {processor.py:829} INFO - Processing file /usr/local/lib/python3.10/dist-packages/airflow/example_dags/example_local_kubernetes_executor.py for tasks to queue
[2023-12-20T21:18:20.034+0000] {logging_mixin.py:154} INFO - [2023-12-20T21:18:20.034+0000] {dagbag.py:536} INFO - Filling up the DagBag from /usr/local/lib/python3.10/dist-packages/airflow/example_dags/example_local_kubernetes_executor.py
[2023-12-20T21:18:20.041+0000] {processor.py:839} INFO - DAG(s) dict_keys(['example_local_kubernetes_executor']) retrieved from /usr/local/lib/python3.10/dist-packages/airflow/example_dags/example_local_kubernetes_executor.py
[2023-12-20T21:18:20.071+0000] {logging_mixin.py:154} INFO - [2023-12-20T21:18:20.071+0000] {dag.py:2941} INFO - Sync 1 DAGs
[2023-12-20T21:18:20.081+0000] {logging_mixin.py:154} INFO - [2023-12-20T21:18:20.081+0000] {dag.py:3722} INFO - Setting next_dagrun for example_local_kubernetes_executor to None, run_after=None
[2023-12-20T21:18:20.104+0000] {processor.py:179} INFO - Processing /usr/local/lib/python3.10/dist-packages/airflow/example_dags/example_local_kubernetes_executor.py took 0.074 seconds
[2023-12-20T21:22:13.856+0000] {processor.py:157} INFO - Started process (PID=22458) to work on /usr/local/lib/python3.10/dist-packages/airflow/example_dags/example_local_kubernetes_executor.py
[2023-12-20T21:22:13.858+0000] {processor.py:829} INFO - Processing file /usr/local/lib/python3.10/dist-packages/airflow/example_dags/example_local_kubernetes_executor.py for tasks to queue
[2023-12-20T21:22:13.858+0000] {logging_mixin.py:154} INFO - [2023-12-20T21:22:13.858+0000] {dagbag.py:536} INFO - Filling up the DagBag from /usr/local/lib/python3.10/dist-packages/airflow/example_dags/example_local_kubernetes_executor.py
[2023-12-20T21:22:13.866+0000] {processor.py:839} INFO - DAG(s) dict_keys(['example_local_kubernetes_executor']) retrieved from /usr/local/lib/python3.10/dist-packages/airflow/example_dags/example_local_kubernetes_executor.py
[2023-12-20T21:22:13.894+0000] {logging_mixin.py:154} INFO - [2023-12-20T21:22:13.894+0000] {dag.py:2941} INFO - Sync 1 DAGs
[2023-12-20T21:22:13.904+0000] {logging_mixin.py:154} INFO - [2023-12-20T21:22:13.904+0000] {dag.py:3722} INFO - Setting next_dagrun for example_local_kubernetes_executor to None, run_after=None
[2023-12-20T21:22:13.924+0000] {processor.py:179} INFO - Processing /usr/local/lib/python3.10/dist-packages/airflow/example_dags/example_local_kubernetes_executor.py took 0.070 seconds
[2023-12-20T21:28:24.992+0000] {processor.py:157} INFO - Started process (PID=22801) to work on /usr/local/lib/python3.10/dist-packages/airflow/example_dags/example_local_kubernetes_executor.py
[2023-12-20T21:28:25.027+0000] {processor.py:829} INFO - Processing file /usr/local/lib/python3.10/dist-packages/airflow/example_dags/example_local_kubernetes_executor.py for tasks to queue
[2023-12-20T21:28:25.028+0000] {logging_mixin.py:154} INFO - [2023-12-20T21:28:25.028+0000] {dagbag.py:536} INFO - Filling up the DagBag from /usr/local/lib/python3.10/dist-packages/airflow/example_dags/example_local_kubernetes_executor.py
[2023-12-20T21:28:25.035+0000] {processor.py:839} INFO - DAG(s) dict_keys(['example_local_kubernetes_executor']) retrieved from /usr/local/lib/python3.10/dist-packages/airflow/example_dags/example_local_kubernetes_executor.py
[2023-12-20T21:28:25.069+0000] {logging_mixin.py:154} INFO - [2023-12-20T21:28:25.069+0000] {dag.py:2941} INFO - Sync 1 DAGs
[2023-12-20T21:28:25.081+0000] {logging_mixin.py:154} INFO - [2023-12-20T21:28:25.080+0000] {dag.py:3722} INFO - Setting next_dagrun for example_local_kubernetes_executor to None, run_after=None
[2023-12-20T21:28:25.146+0000] {processor.py:179} INFO - Processing /usr/local/lib/python3.10/dist-packages/airflow/example_dags/example_local_kubernetes_executor.py took 0.168 seconds
[2023-12-20T21:32:59.844+0000] {processor.py:157} INFO - Started process (PID=22986) to work on /usr/local/lib/python3.10/dist-packages/airflow/example_dags/example_local_kubernetes_executor.py
[2023-12-20T21:32:59.846+0000] {processor.py:829} INFO - Processing file /usr/local/lib/python3.10/dist-packages/airflow/example_dags/example_local_kubernetes_executor.py for tasks to queue
[2023-12-20T21:32:59.847+0000] {logging_mixin.py:154} INFO - [2023-12-20T21:32:59.846+0000] {dagbag.py:536} INFO - Filling up the DagBag from /usr/local/lib/python3.10/dist-packages/airflow/example_dags/example_local_kubernetes_executor.py
[2023-12-20T21:32:59.854+0000] {processor.py:839} INFO - DAG(s) dict_keys(['example_local_kubernetes_executor']) retrieved from /usr/local/lib/python3.10/dist-packages/airflow/example_dags/example_local_kubernetes_executor.py
[2023-12-20T21:32:59.931+0000] {logging_mixin.py:154} INFO - [2023-12-20T21:32:59.931+0000] {dag.py:2941} INFO - Sync 1 DAGs
[2023-12-20T21:32:59.943+0000] {logging_mixin.py:154} INFO - [2023-12-20T21:32:59.943+0000] {dag.py:3722} INFO - Setting next_dagrun for example_local_kubernetes_executor to None, run_after=None
[2023-12-20T21:33:00.010+0000] {processor.py:179} INFO - Processing /usr/local/lib/python3.10/dist-packages/airflow/example_dags/example_local_kubernetes_executor.py took 0.203 seconds
