[2023-12-20T20:24:46.663+0000] {processor.py:157} INFO - Started process (PID=1147) to work on /usr/local/lib/python3.10/dist-packages/airflow/example_dags/example_branch_day_of_week_operator.py
[2023-12-20T20:24:46.664+0000] {processor.py:829} INFO - Processing file /usr/local/lib/python3.10/dist-packages/airflow/example_dags/example_branch_day_of_week_operator.py for tasks to queue
[2023-12-20T20:24:46.665+0000] {logging_mixin.py:154} INFO - [2023-12-20T20:24:46.665+0000] {dagbag.py:536} INFO - Filling up the DagBag from /usr/local/lib/python3.10/dist-packages/airflow/example_dags/example_branch_day_of_week_operator.py
[2023-12-20T20:24:46.675+0000] {processor.py:839} INFO - DAG(s) dict_keys(['example_weekday_branch_operator']) retrieved from /usr/local/lib/python3.10/dist-packages/airflow/example_dags/example_branch_day_of_week_operator.py
[2023-12-20T20:24:46.696+0000] {logging_mixin.py:154} INFO - [2023-12-20T20:24:46.696+0000] {dag.py:2941} INFO - Sync 1 DAGs
[2023-12-20T20:24:46.721+0000] {logging_mixin.py:154} INFO - [2023-12-20T20:24:46.720+0000] {dag.py:3722} INFO - Setting next_dagrun for example_weekday_branch_operator to 2023-12-19T00:00:00+00:00, run_after=2023-12-20T00:00:00+00:00
[2023-12-20T20:24:46.751+0000] {processor.py:179} INFO - Processing /usr/local/lib/python3.10/dist-packages/airflow/example_dags/example_branch_day_of_week_operator.py took 0.092 seconds
[2023-12-20T20:27:57.290+0000] {processor.py:157} INFO - Started process (PID=1379) to work on /usr/local/lib/python3.10/dist-packages/airflow/example_dags/example_branch_day_of_week_operator.py
[2023-12-20T20:27:57.291+0000] {processor.py:829} INFO - Processing file /usr/local/lib/python3.10/dist-packages/airflow/example_dags/example_branch_day_of_week_operator.py for tasks to queue
[2023-12-20T20:27:57.292+0000] {logging_mixin.py:154} INFO - [2023-12-20T20:27:57.292+0000] {dagbag.py:536} INFO - Filling up the DagBag from /usr/local/lib/python3.10/dist-packages/airflow/example_dags/example_branch_day_of_week_operator.py
[2023-12-20T20:27:57.299+0000] {processor.py:839} INFO - DAG(s) dict_keys(['example_weekday_branch_operator']) retrieved from /usr/local/lib/python3.10/dist-packages/airflow/example_dags/example_branch_day_of_week_operator.py
[2023-12-20T20:27:57.315+0000] {logging_mixin.py:154} INFO - [2023-12-20T20:27:57.315+0000] {dag.py:2941} INFO - Sync 1 DAGs
[2023-12-20T20:27:57.335+0000] {logging_mixin.py:154} INFO - [2023-12-20T20:27:57.334+0000] {dag.py:3722} INFO - Setting next_dagrun for example_weekday_branch_operator to 2023-12-19T00:00:00+00:00, run_after=2023-12-20T00:00:00+00:00
[2023-12-20T20:27:57.356+0000] {processor.py:179} INFO - Processing /usr/local/lib/python3.10/dist-packages/airflow/example_dags/example_branch_day_of_week_operator.py took 0.069 seconds
[2023-12-20T20:33:37.993+0000] {processor.py:157} INFO - Started process (PID=1815) to work on /usr/local/lib/python3.10/dist-packages/airflow/example_dags/example_branch_day_of_week_operator.py
[2023-12-20T20:33:37.995+0000] {processor.py:829} INFO - Processing file /usr/local/lib/python3.10/dist-packages/airflow/example_dags/example_branch_day_of_week_operator.py for tasks to queue
[2023-12-20T20:33:37.996+0000] {logging_mixin.py:154} INFO - [2023-12-20T20:33:37.995+0000] {dagbag.py:536} INFO - Filling up the DagBag from /usr/local/lib/python3.10/dist-packages/airflow/example_dags/example_branch_day_of_week_operator.py
[2023-12-20T20:33:38.007+0000] {processor.py:839} INFO - DAG(s) dict_keys(['example_weekday_branch_operator']) retrieved from /usr/local/lib/python3.10/dist-packages/airflow/example_dags/example_branch_day_of_week_operator.py
[2023-12-20T20:33:38.026+0000] {logging_mixin.py:154} INFO - [2023-12-20T20:33:38.026+0000] {dag.py:2941} INFO - Sync 1 DAGs
[2023-12-20T20:33:38.203+0000] {logging_mixin.py:154} INFO - [2023-12-20T20:33:38.203+0000] {dag.py:3722} INFO - Setting next_dagrun for example_weekday_branch_operator to 2023-12-19T00:00:00+00:00, run_after=2023-12-20T00:00:00+00:00
[2023-12-20T20:33:38.223+0000] {processor.py:179} INFO - Processing /usr/local/lib/python3.10/dist-packages/airflow/example_dags/example_branch_day_of_week_operator.py took 0.233 seconds
[2023-12-20T20:36:38.230+0000] {processor.py:157} INFO - Started process (PID=2062) to work on /usr/local/lib/python3.10/dist-packages/airflow/example_dags/example_branch_day_of_week_operator.py
[2023-12-20T20:36:38.231+0000] {processor.py:829} INFO - Processing file /usr/local/lib/python3.10/dist-packages/airflow/example_dags/example_branch_day_of_week_operator.py for tasks to queue
[2023-12-20T20:36:38.232+0000] {logging_mixin.py:154} INFO - [2023-12-20T20:36:38.232+0000] {dagbag.py:536} INFO - Filling up the DagBag from /usr/local/lib/python3.10/dist-packages/airflow/example_dags/example_branch_day_of_week_operator.py
[2023-12-20T20:36:38.239+0000] {processor.py:839} INFO - DAG(s) dict_keys(['example_weekday_branch_operator']) retrieved from /usr/local/lib/python3.10/dist-packages/airflow/example_dags/example_branch_day_of_week_operator.py
[2023-12-20T20:36:38.257+0000] {logging_mixin.py:154} INFO - [2023-12-20T20:36:38.257+0000] {dag.py:2941} INFO - Sync 1 DAGs
[2023-12-20T20:36:38.276+0000] {logging_mixin.py:154} INFO - [2023-12-20T20:36:38.276+0000] {dag.py:3722} INFO - Setting next_dagrun for example_weekday_branch_operator to 2023-12-19T00:00:00+00:00, run_after=2023-12-20T00:00:00+00:00
[2023-12-20T20:36:38.301+0000] {processor.py:179} INFO - Processing /usr/local/lib/python3.10/dist-packages/airflow/example_dags/example_branch_day_of_week_operator.py took 0.074 seconds
[2023-12-20T20:40:24.448+0000] {processor.py:157} INFO - Started process (PID=2343) to work on /usr/local/lib/python3.10/dist-packages/airflow/example_dags/example_branch_day_of_week_operator.py
[2023-12-20T20:40:24.449+0000] {processor.py:829} INFO - Processing file /usr/local/lib/python3.10/dist-packages/airflow/example_dags/example_branch_day_of_week_operator.py for tasks to queue
[2023-12-20T20:40:24.450+0000] {logging_mixin.py:154} INFO - [2023-12-20T20:40:24.450+0000] {dagbag.py:536} INFO - Filling up the DagBag from /usr/local/lib/python3.10/dist-packages/airflow/example_dags/example_branch_day_of_week_operator.py
[2023-12-20T20:40:24.458+0000] {processor.py:839} INFO - DAG(s) dict_keys(['example_weekday_branch_operator']) retrieved from /usr/local/lib/python3.10/dist-packages/airflow/example_dags/example_branch_day_of_week_operator.py
[2023-12-20T20:40:24.475+0000] {logging_mixin.py:154} INFO - [2023-12-20T20:40:24.475+0000] {dag.py:2941} INFO - Sync 1 DAGs
[2023-12-20T20:40:24.497+0000] {logging_mixin.py:154} INFO - [2023-12-20T20:40:24.497+0000] {dag.py:3722} INFO - Setting next_dagrun for example_weekday_branch_operator to 2023-12-19T00:00:00+00:00, run_after=2023-12-20T00:00:00+00:00
[2023-12-20T20:40:24.519+0000] {processor.py:179} INFO - Processing /usr/local/lib/python3.10/dist-packages/airflow/example_dags/example_branch_day_of_week_operator.py took 0.074 seconds
[2023-12-20T20:43:34.405+0000] {processor.py:157} INFO - Started process (PID=2578) to work on /usr/local/lib/python3.10/dist-packages/airflow/example_dags/example_branch_day_of_week_operator.py
[2023-12-20T20:43:34.407+0000] {processor.py:829} INFO - Processing file /usr/local/lib/python3.10/dist-packages/airflow/example_dags/example_branch_day_of_week_operator.py for tasks to queue
[2023-12-20T20:43:34.408+0000] {logging_mixin.py:154} INFO - [2023-12-20T20:43:34.407+0000] {dagbag.py:536} INFO - Filling up the DagBag from /usr/local/lib/python3.10/dist-packages/airflow/example_dags/example_branch_day_of_week_operator.py
[2023-12-20T20:43:34.416+0000] {processor.py:839} INFO - DAG(s) dict_keys(['example_weekday_branch_operator']) retrieved from /usr/local/lib/python3.10/dist-packages/airflow/example_dags/example_branch_day_of_week_operator.py
[2023-12-20T20:43:34.434+0000] {logging_mixin.py:154} INFO - [2023-12-20T20:43:34.433+0000] {dag.py:2941} INFO - Sync 1 DAGs
[2023-12-20T20:43:34.453+0000] {logging_mixin.py:154} INFO - [2023-12-20T20:43:34.453+0000] {dag.py:3722} INFO - Setting next_dagrun for example_weekday_branch_operator to 2023-12-19T00:00:00+00:00, run_after=2023-12-20T00:00:00+00:00
[2023-12-20T20:43:34.476+0000] {processor.py:179} INFO - Processing /usr/local/lib/python3.10/dist-packages/airflow/example_dags/example_branch_day_of_week_operator.py took 0.075 seconds
[2023-12-20T20:47:00.090+0000] {processor.py:157} INFO - Started process (PID=2817) to work on /usr/local/lib/python3.10/dist-packages/airflow/example_dags/example_branch_day_of_week_operator.py
[2023-12-20T20:47:00.092+0000] {processor.py:829} INFO - Processing file /usr/local/lib/python3.10/dist-packages/airflow/example_dags/example_branch_day_of_week_operator.py for tasks to queue
[2023-12-20T20:47:00.093+0000] {logging_mixin.py:154} INFO - [2023-12-20T20:47:00.092+0000] {dagbag.py:536} INFO - Filling up the DagBag from /usr/local/lib/python3.10/dist-packages/airflow/example_dags/example_branch_day_of_week_operator.py
[2023-12-20T20:47:00.101+0000] {processor.py:839} INFO - DAG(s) dict_keys(['example_weekday_branch_operator']) retrieved from /usr/local/lib/python3.10/dist-packages/airflow/example_dags/example_branch_day_of_week_operator.py
[2023-12-20T20:47:00.124+0000] {logging_mixin.py:154} INFO - [2023-12-20T20:47:00.124+0000] {dag.py:2941} INFO - Sync 1 DAGs
[2023-12-20T20:47:00.164+0000] {logging_mixin.py:154} INFO - [2023-12-20T20:47:00.164+0000] {dag.py:3722} INFO - Setting next_dagrun for example_weekday_branch_operator to 2023-12-19T00:00:00+00:00, run_after=2023-12-20T00:00:00+00:00
[2023-12-20T20:47:00.194+0000] {processor.py:179} INFO - Processing /usr/local/lib/python3.10/dist-packages/airflow/example_dags/example_branch_day_of_week_operator.py took 0.109 seconds
[2023-12-20T20:52:40.336+0000] {processor.py:157} INFO - Started process (PID=3464) to work on /usr/local/lib/python3.10/dist-packages/airflow/example_dags/example_branch_day_of_week_operator.py
[2023-12-20T20:52:40.338+0000] {processor.py:829} INFO - Processing file /usr/local/lib/python3.10/dist-packages/airflow/example_dags/example_branch_day_of_week_operator.py for tasks to queue
[2023-12-20T20:52:40.339+0000] {logging_mixin.py:154} INFO - [2023-12-20T20:52:40.339+0000] {dagbag.py:536} INFO - Filling up the DagBag from /usr/local/lib/python3.10/dist-packages/airflow/example_dags/example_branch_day_of_week_operator.py
[2023-12-20T20:52:40.351+0000] {processor.py:839} INFO - DAG(s) dict_keys(['example_weekday_branch_operator']) retrieved from /usr/local/lib/python3.10/dist-packages/airflow/example_dags/example_branch_day_of_week_operator.py
[2023-12-20T20:52:40.379+0000] {logging_mixin.py:154} INFO - [2023-12-20T20:52:40.378+0000] {dag.py:2941} INFO - Sync 1 DAGs
[2023-12-20T20:52:40.414+0000] {logging_mixin.py:154} INFO - [2023-12-20T20:52:40.414+0000] {dag.py:3722} INFO - Setting next_dagrun for example_weekday_branch_operator to 2023-12-19T00:00:00+00:00, run_after=2023-12-20T00:00:00+00:00
[2023-12-20T20:52:40.452+0000] {processor.py:179} INFO - Processing /usr/local/lib/python3.10/dist-packages/airflow/example_dags/example_branch_day_of_week_operator.py took 0.119 seconds
[2023-12-20T20:56:05.636+0000] {processor.py:157} INFO - Started process (PID=13735) to work on /usr/local/lib/python3.10/dist-packages/airflow/example_dags/example_branch_day_of_week_operator.py
[2023-12-20T20:56:05.638+0000] {processor.py:829} INFO - Processing file /usr/local/lib/python3.10/dist-packages/airflow/example_dags/example_branch_day_of_week_operator.py for tasks to queue
[2023-12-20T20:56:05.639+0000] {logging_mixin.py:154} INFO - [2023-12-20T20:56:05.639+0000] {dagbag.py:536} INFO - Filling up the DagBag from /usr/local/lib/python3.10/dist-packages/airflow/example_dags/example_branch_day_of_week_operator.py
[2023-12-20T20:56:05.651+0000] {processor.py:839} INFO - DAG(s) dict_keys(['example_weekday_branch_operator']) retrieved from /usr/local/lib/python3.10/dist-packages/airflow/example_dags/example_branch_day_of_week_operator.py
[2023-12-20T20:56:05.679+0000] {logging_mixin.py:154} INFO - [2023-12-20T20:56:05.679+0000] {dag.py:2941} INFO - Sync 1 DAGs
[2023-12-20T20:56:05.714+0000] {logging_mixin.py:154} INFO - [2023-12-20T20:56:05.713+0000] {dag.py:3722} INFO - Setting next_dagrun for example_weekday_branch_operator to 2023-12-19T00:00:00+00:00, run_after=2023-12-20T00:00:00+00:00
[2023-12-20T20:56:05.748+0000] {processor.py:179} INFO - Processing /usr/local/lib/python3.10/dist-packages/airflow/example_dags/example_branch_day_of_week_operator.py took 0.116 seconds
[2023-12-20T20:58:48.472+0000] {processor.py:157} INFO - Started process (PID=20428) to work on /usr/local/lib/python3.10/dist-packages/airflow/example_dags/example_branch_day_of_week_operator.py
[2023-12-20T20:58:48.474+0000] {processor.py:829} INFO - Processing file /usr/local/lib/python3.10/dist-packages/airflow/example_dags/example_branch_day_of_week_operator.py for tasks to queue
[2023-12-20T20:58:48.475+0000] {logging_mixin.py:154} INFO - [2023-12-20T20:58:48.475+0000] {dagbag.py:536} INFO - Filling up the DagBag from /usr/local/lib/python3.10/dist-packages/airflow/example_dags/example_branch_day_of_week_operator.py
[2023-12-20T20:58:48.483+0000] {processor.py:839} INFO - DAG(s) dict_keys(['example_weekday_branch_operator']) retrieved from /usr/local/lib/python3.10/dist-packages/airflow/example_dags/example_branch_day_of_week_operator.py
[2023-12-20T20:58:48.501+0000] {logging_mixin.py:154} INFO - [2023-12-20T20:58:48.501+0000] {dag.py:2941} INFO - Sync 1 DAGs
[2023-12-20T20:58:48.533+0000] {logging_mixin.py:154} INFO - [2023-12-20T20:58:48.532+0000] {dag.py:3722} INFO - Setting next_dagrun for example_weekday_branch_operator to 2023-12-19T00:00:00+00:00, run_after=2023-12-20T00:00:00+00:00
[2023-12-20T20:58:48.560+0000] {processor.py:179} INFO - Processing /usr/local/lib/python3.10/dist-packages/airflow/example_dags/example_branch_day_of_week_operator.py took 0.091 seconds
[2023-12-20T21:02:47.349+0000] {processor.py:157} INFO - Started process (PID=20765) to work on /usr/local/lib/python3.10/dist-packages/airflow/example_dags/example_branch_day_of_week_operator.py
[2023-12-20T21:02:47.350+0000] {processor.py:829} INFO - Processing file /usr/local/lib/python3.10/dist-packages/airflow/example_dags/example_branch_day_of_week_operator.py for tasks to queue
[2023-12-20T21:02:47.351+0000] {logging_mixin.py:154} INFO - [2023-12-20T21:02:47.351+0000] {dagbag.py:536} INFO - Filling up the DagBag from /usr/local/lib/python3.10/dist-packages/airflow/example_dags/example_branch_day_of_week_operator.py
[2023-12-20T21:02:47.360+0000] {processor.py:839} INFO - DAG(s) dict_keys(['example_weekday_branch_operator']) retrieved from /usr/local/lib/python3.10/dist-packages/airflow/example_dags/example_branch_day_of_week_operator.py
[2023-12-20T21:02:47.375+0000] {logging_mixin.py:154} INFO - [2023-12-20T21:02:47.375+0000] {dag.py:2941} INFO - Sync 1 DAGs
[2023-12-20T21:02:47.394+0000] {logging_mixin.py:154} INFO - [2023-12-20T21:02:47.394+0000] {dag.py:3722} INFO - Setting next_dagrun for example_weekday_branch_operator to 2023-12-19T00:00:00+00:00, run_after=2023-12-20T00:00:00+00:00
[2023-12-20T21:02:47.415+0000] {processor.py:179} INFO - Processing /usr/local/lib/python3.10/dist-packages/airflow/example_dags/example_branch_day_of_week_operator.py took 0.070 seconds
[2023-12-20T21:06:38.422+0000] {processor.py:157} INFO - Started process (PID=21095) to work on /usr/local/lib/python3.10/dist-packages/airflow/example_dags/example_branch_day_of_week_operator.py
[2023-12-20T21:06:38.425+0000] {processor.py:829} INFO - Processing file /usr/local/lib/python3.10/dist-packages/airflow/example_dags/example_branch_day_of_week_operator.py for tasks to queue
[2023-12-20T21:06:38.426+0000] {logging_mixin.py:154} INFO - [2023-12-20T21:06:38.425+0000] {dagbag.py:536} INFO - Filling up the DagBag from /usr/local/lib/python3.10/dist-packages/airflow/example_dags/example_branch_day_of_week_operator.py
[2023-12-20T21:06:38.440+0000] {processor.py:839} INFO - DAG(s) dict_keys(['example_weekday_branch_operator']) retrieved from /usr/local/lib/python3.10/dist-packages/airflow/example_dags/example_branch_day_of_week_operator.py
[2023-12-20T21:06:38.466+0000] {logging_mixin.py:154} INFO - [2023-12-20T21:06:38.466+0000] {dag.py:2941} INFO - Sync 1 DAGs
[2023-12-20T21:06:38.486+0000] {logging_mixin.py:154} INFO - [2023-12-20T21:06:38.486+0000] {dag.py:3722} INFO - Setting next_dagrun for example_weekday_branch_operator to 2023-12-19T00:00:00+00:00, run_after=2023-12-20T00:00:00+00:00
[2023-12-20T21:06:38.507+0000] {processor.py:179} INFO - Processing /usr/local/lib/python3.10/dist-packages/airflow/example_dags/example_branch_day_of_week_operator.py took 0.089 seconds
[2023-12-20T21:10:28.202+0000] {processor.py:157} INFO - Started process (PID=21440) to work on /usr/local/lib/python3.10/dist-packages/airflow/example_dags/example_branch_day_of_week_operator.py
[2023-12-20T21:10:28.203+0000] {processor.py:829} INFO - Processing file /usr/local/lib/python3.10/dist-packages/airflow/example_dags/example_branch_day_of_week_operator.py for tasks to queue
[2023-12-20T21:10:28.204+0000] {logging_mixin.py:154} INFO - [2023-12-20T21:10:28.204+0000] {dagbag.py:536} INFO - Filling up the DagBag from /usr/local/lib/python3.10/dist-packages/airflow/example_dags/example_branch_day_of_week_operator.py
[2023-12-20T21:10:28.211+0000] {processor.py:839} INFO - DAG(s) dict_keys(['example_weekday_branch_operator']) retrieved from /usr/local/lib/python3.10/dist-packages/airflow/example_dags/example_branch_day_of_week_operator.py
[2023-12-20T21:10:28.227+0000] {logging_mixin.py:154} INFO - [2023-12-20T21:10:28.227+0000] {dag.py:2941} INFO - Sync 1 DAGs
[2023-12-20T21:10:28.247+0000] {logging_mixin.py:154} INFO - [2023-12-20T21:10:28.246+0000] {dag.py:3722} INFO - Setting next_dagrun for example_weekday_branch_operator to 2023-12-19T00:00:00+00:00, run_after=2023-12-20T00:00:00+00:00
[2023-12-20T21:10:28.266+0000] {processor.py:179} INFO - Processing /usr/local/lib/python3.10/dist-packages/airflow/example_dags/example_branch_day_of_week_operator.py took 0.066 seconds
[2023-12-20T21:14:16.387+0000] {processor.py:157} INFO - Started process (PID=21775) to work on /usr/local/lib/python3.10/dist-packages/airflow/example_dags/example_branch_day_of_week_operator.py
[2023-12-20T21:14:16.388+0000] {processor.py:829} INFO - Processing file /usr/local/lib/python3.10/dist-packages/airflow/example_dags/example_branch_day_of_week_operator.py for tasks to queue
[2023-12-20T21:14:16.389+0000] {logging_mixin.py:154} INFO - [2023-12-20T21:14:16.388+0000] {dagbag.py:536} INFO - Filling up the DagBag from /usr/local/lib/python3.10/dist-packages/airflow/example_dags/example_branch_day_of_week_operator.py
[2023-12-20T21:14:16.396+0000] {processor.py:839} INFO - DAG(s) dict_keys(['example_weekday_branch_operator']) retrieved from /usr/local/lib/python3.10/dist-packages/airflow/example_dags/example_branch_day_of_week_operator.py
[2023-12-20T21:14:16.412+0000] {logging_mixin.py:154} INFO - [2023-12-20T21:14:16.412+0000] {dag.py:2941} INFO - Sync 1 DAGs
[2023-12-20T21:14:16.432+0000] {logging_mixin.py:154} INFO - [2023-12-20T21:14:16.432+0000] {dag.py:3722} INFO - Setting next_dagrun for example_weekday_branch_operator to 2023-12-19T00:00:00+00:00, run_after=2023-12-20T00:00:00+00:00
[2023-12-20T21:14:16.451+0000] {processor.py:179} INFO - Processing /usr/local/lib/python3.10/dist-packages/airflow/example_dags/example_branch_day_of_week_operator.py took 0.068 seconds
[2023-12-20T21:18:06.129+0000] {processor.py:157} INFO - Started process (PID=22107) to work on /usr/local/lib/python3.10/dist-packages/airflow/example_dags/example_branch_day_of_week_operator.py
[2023-12-20T21:18:06.130+0000] {processor.py:829} INFO - Processing file /usr/local/lib/python3.10/dist-packages/airflow/example_dags/example_branch_day_of_week_operator.py for tasks to queue
[2023-12-20T21:18:06.131+0000] {logging_mixin.py:154} INFO - [2023-12-20T21:18:06.131+0000] {dagbag.py:536} INFO - Filling up the DagBag from /usr/local/lib/python3.10/dist-packages/airflow/example_dags/example_branch_day_of_week_operator.py
[2023-12-20T21:18:06.139+0000] {processor.py:839} INFO - DAG(s) dict_keys(['example_weekday_branch_operator']) retrieved from /usr/local/lib/python3.10/dist-packages/airflow/example_dags/example_branch_day_of_week_operator.py
[2023-12-20T21:18:06.155+0000] {logging_mixin.py:154} INFO - [2023-12-20T21:18:06.154+0000] {dag.py:2941} INFO - Sync 1 DAGs
[2023-12-20T21:18:06.173+0000] {logging_mixin.py:154} INFO - [2023-12-20T21:18:06.173+0000] {dag.py:3722} INFO - Setting next_dagrun for example_weekday_branch_operator to 2023-12-19T00:00:00+00:00, run_after=2023-12-20T00:00:00+00:00
[2023-12-20T21:18:06.196+0000] {processor.py:179} INFO - Processing /usr/local/lib/python3.10/dist-packages/airflow/example_dags/example_branch_day_of_week_operator.py took 0.070 seconds
[2023-12-20T21:22:00.012+0000] {processor.py:157} INFO - Started process (PID=22438) to work on /usr/local/lib/python3.10/dist-packages/airflow/example_dags/example_branch_day_of_week_operator.py
[2023-12-20T21:22:00.019+0000] {processor.py:829} INFO - Processing file /usr/local/lib/python3.10/dist-packages/airflow/example_dags/example_branch_day_of_week_operator.py for tasks to queue
[2023-12-20T21:22:00.020+0000] {logging_mixin.py:154} INFO - [2023-12-20T21:22:00.019+0000] {dagbag.py:536} INFO - Filling up the DagBag from /usr/local/lib/python3.10/dist-packages/airflow/example_dags/example_branch_day_of_week_operator.py
[2023-12-20T21:22:00.038+0000] {processor.py:839} INFO - DAG(s) dict_keys(['example_weekday_branch_operator']) retrieved from /usr/local/lib/python3.10/dist-packages/airflow/example_dags/example_branch_day_of_week_operator.py
[2023-12-20T21:22:00.060+0000] {logging_mixin.py:154} INFO - [2023-12-20T21:22:00.060+0000] {dag.py:2941} INFO - Sync 1 DAGs
[2023-12-20T21:22:00.085+0000] {logging_mixin.py:154} INFO - [2023-12-20T21:22:00.085+0000] {dag.py:3722} INFO - Setting next_dagrun for example_weekday_branch_operator to 2023-12-19T00:00:00+00:00, run_after=2023-12-20T00:00:00+00:00
[2023-12-20T21:22:00.114+0000] {processor.py:179} INFO - Processing /usr/local/lib/python3.10/dist-packages/airflow/example_dags/example_branch_day_of_week_operator.py took 0.115 seconds
[2023-12-20T21:27:56.332+0000] {processor.py:157} INFO - Started process (PID=22782) to work on /usr/local/lib/python3.10/dist-packages/airflow/example_dags/example_branch_day_of_week_operator.py
[2023-12-20T21:27:56.334+0000] {processor.py:829} INFO - Processing file /usr/local/lib/python3.10/dist-packages/airflow/example_dags/example_branch_day_of_week_operator.py for tasks to queue
[2023-12-20T21:27:56.335+0000] {logging_mixin.py:154} INFO - [2023-12-20T21:27:56.334+0000] {dagbag.py:536} INFO - Filling up the DagBag from /usr/local/lib/python3.10/dist-packages/airflow/example_dags/example_branch_day_of_week_operator.py
[2023-12-20T21:27:56.342+0000] {processor.py:839} INFO - DAG(s) dict_keys(['example_weekday_branch_operator']) retrieved from /usr/local/lib/python3.10/dist-packages/airflow/example_dags/example_branch_day_of_week_operator.py
[2023-12-20T21:27:56.367+0000] {logging_mixin.py:154} INFO - [2023-12-20T21:27:56.367+0000] {dag.py:2941} INFO - Sync 1 DAGs
[2023-12-20T21:27:56.424+0000] {logging_mixin.py:154} INFO - [2023-12-20T21:27:56.424+0000] {dag.py:3722} INFO - Setting next_dagrun for example_weekday_branch_operator to 2023-12-19T00:00:00+00:00, run_after=2023-12-20T00:00:00+00:00
[2023-12-20T21:27:56.495+0000] {processor.py:179} INFO - Processing /usr/local/lib/python3.10/dist-packages/airflow/example_dags/example_branch_day_of_week_operator.py took 0.166 seconds
[2023-12-20T21:32:30.595+0000] {processor.py:157} INFO - Started process (PID=22967) to work on /usr/local/lib/python3.10/dist-packages/airflow/example_dags/example_branch_day_of_week_operator.py
[2023-12-20T21:32:30.644+0000] {processor.py:829} INFO - Processing file /usr/local/lib/python3.10/dist-packages/airflow/example_dags/example_branch_day_of_week_operator.py for tasks to queue
[2023-12-20T21:32:30.646+0000] {logging_mixin.py:154} INFO - [2023-12-20T21:32:30.645+0000] {dagbag.py:536} INFO - Filling up the DagBag from /usr/local/lib/python3.10/dist-packages/airflow/example_dags/example_branch_day_of_week_operator.py
[2023-12-20T21:32:30.653+0000] {processor.py:839} INFO - DAG(s) dict_keys(['example_weekday_branch_operator']) retrieved from /usr/local/lib/python3.10/dist-packages/airflow/example_dags/example_branch_day_of_week_operator.py
[2023-12-20T21:32:30.672+0000] {logging_mixin.py:154} INFO - [2023-12-20T21:32:30.672+0000] {dag.py:2941} INFO - Sync 1 DAGs
[2023-12-20T21:32:30.736+0000] {logging_mixin.py:154} INFO - [2023-12-20T21:32:30.736+0000] {dag.py:3722} INFO - Setting next_dagrun for example_weekday_branch_operator to 2023-12-19T00:00:00+00:00, run_after=2023-12-20T00:00:00+00:00
[2023-12-20T21:32:30.758+0000] {processor.py:179} INFO - Processing /usr/local/lib/python3.10/dist-packages/airflow/example_dags/example_branch_day_of_week_operator.py took 0.166 seconds
[2023-12-20T21:37:08.191+0000] {processor.py:157} INFO - Started process (PID=23151) to work on /usr/local/lib/python3.10/dist-packages/airflow/example_dags/example_branch_day_of_week_operator.py
[2023-12-20T21:37:08.192+0000] {processor.py:829} INFO - Processing file /usr/local/lib/python3.10/dist-packages/airflow/example_dags/example_branch_day_of_week_operator.py for tasks to queue
[2023-12-20T21:37:08.193+0000] {logging_mixin.py:154} INFO - [2023-12-20T21:37:08.192+0000] {dagbag.py:536} INFO - Filling up the DagBag from /usr/local/lib/python3.10/dist-packages/airflow/example_dags/example_branch_day_of_week_operator.py
[2023-12-20T21:37:08.251+0000] {processor.py:839} INFO - DAG(s) dict_keys(['example_weekday_branch_operator']) retrieved from /usr/local/lib/python3.10/dist-packages/airflow/example_dags/example_branch_day_of_week_operator.py
[2023-12-20T21:37:08.269+0000] {logging_mixin.py:154} INFO - [2023-12-20T21:37:08.269+0000] {dag.py:2941} INFO - Sync 1 DAGs
[2023-12-20T21:37:08.337+0000] {logging_mixin.py:154} INFO - [2023-12-20T21:37:08.337+0000] {dag.py:3722} INFO - Setting next_dagrun for example_weekday_branch_operator to 2023-12-19T00:00:00+00:00, run_after=2023-12-20T00:00:00+00:00
[2023-12-20T21:37:08.359+0000] {processor.py:179} INFO - Processing /usr/local/lib/python3.10/dist-packages/airflow/example_dags/example_branch_day_of_week_operator.py took 0.171 seconds
