[2023-12-20T20:23:25.675+0000] {processor.py:157} INFO - Started process (PID=1046) to work on /usr/local/lib/python3.10/dist-packages/airflow/example_dags/example_setup_teardown.py
[2023-12-20T20:23:25.675+0000] {processor.py:829} INFO - Processing file /usr/local/lib/python3.10/dist-packages/airflow/example_dags/example_setup_teardown.py for tasks to queue
[2023-12-20T20:23:25.676+0000] {logging_mixin.py:154} INFO - [2023-12-20T20:23:25.676+0000] {dagbag.py:536} INFO - Filling up the DagBag from /usr/local/lib/python3.10/dist-packages/airflow/example_dags/example_setup_teardown.py
[2023-12-20T20:23:25.685+0000] {processor.py:839} INFO - DAG(s) dict_keys(['example_setup_teardown']) retrieved from /usr/local/lib/python3.10/dist-packages/airflow/example_dags/example_setup_teardown.py
[2023-12-20T20:23:25.703+0000] {logging_mixin.py:154} INFO - [2023-12-20T20:23:25.703+0000] {dag.py:2941} INFO - Sync 1 DAGs
[2023-12-20T20:23:25.727+0000] {logging_mixin.py:154} INFO - [2023-12-20T20:23:25.726+0000] {dag.py:3722} INFO - Setting next_dagrun for example_setup_teardown to 2023-12-19T20:23:25.726178+00:00, run_after=2023-12-20T20:23:25.726178+00:00
[2023-12-20T20:23:25.779+0000] {processor.py:179} INFO - Processing /usr/local/lib/python3.10/dist-packages/airflow/example_dags/example_setup_teardown.py took 0.107 seconds
[2023-12-20T20:27:17.824+0000] {processor.py:157} INFO - Started process (PID=1334) to work on /usr/local/lib/python3.10/dist-packages/airflow/example_dags/example_setup_teardown.py
[2023-12-20T20:27:17.826+0000] {processor.py:829} INFO - Processing file /usr/local/lib/python3.10/dist-packages/airflow/example_dags/example_setup_teardown.py for tasks to queue
[2023-12-20T20:27:17.826+0000] {logging_mixin.py:154} INFO - [2023-12-20T20:27:17.826+0000] {dagbag.py:536} INFO - Filling up the DagBag from /usr/local/lib/python3.10/dist-packages/airflow/example_dags/example_setup_teardown.py
[2023-12-20T20:27:17.834+0000] {processor.py:839} INFO - DAG(s) dict_keys(['example_setup_teardown']) retrieved from /usr/local/lib/python3.10/dist-packages/airflow/example_dags/example_setup_teardown.py
[2023-12-20T20:27:17.849+0000] {logging_mixin.py:154} INFO - [2023-12-20T20:27:17.849+0000] {dag.py:2941} INFO - Sync 1 DAGs
[2023-12-20T20:27:17.867+0000] {logging_mixin.py:154} INFO - [2023-12-20T20:27:17.867+0000] {dag.py:3722} INFO - Setting next_dagrun for example_setup_teardown to 2023-12-19T20:27:17.866971+00:00, run_after=2023-12-20T20:27:17.866971+00:00
[2023-12-20T20:27:17.887+0000] {processor.py:179} INFO - Processing /usr/local/lib/python3.10/dist-packages/airflow/example_dags/example_setup_teardown.py took 0.065 seconds
[2023-12-20T20:29:37.107+0000] {processor.py:157} INFO - Started process (PID=1508) to work on /usr/local/lib/python3.10/dist-packages/airflow/example_dags/example_setup_teardown.py
[2023-12-20T20:29:37.109+0000] {processor.py:829} INFO - Processing file /usr/local/lib/python3.10/dist-packages/airflow/example_dags/example_setup_teardown.py for tasks to queue
[2023-12-20T20:29:37.109+0000] {logging_mixin.py:154} INFO - [2023-12-20T20:29:37.109+0000] {dagbag.py:536} INFO - Filling up the DagBag from /usr/local/lib/python3.10/dist-packages/airflow/example_dags/example_setup_teardown.py
[2023-12-20T20:29:37.117+0000] {processor.py:839} INFO - DAG(s) dict_keys(['example_setup_teardown']) retrieved from /usr/local/lib/python3.10/dist-packages/airflow/example_dags/example_setup_teardown.py
[2023-12-20T20:29:37.135+0000] {logging_mixin.py:154} INFO - [2023-12-20T20:29:37.135+0000] {dag.py:2941} INFO - Sync 1 DAGs
[2023-12-20T20:29:37.157+0000] {logging_mixin.py:154} INFO - [2023-12-20T20:29:37.157+0000] {dag.py:3722} INFO - Setting next_dagrun for example_setup_teardown to 2023-12-19T20:29:37.157247+00:00, run_after=2023-12-20T20:29:37.157247+00:00
[2023-12-20T20:29:37.333+0000] {processor.py:179} INFO - Processing /usr/local/lib/python3.10/dist-packages/airflow/example_dags/example_setup_teardown.py took 0.229 seconds
[2023-12-20T20:32:47.482+0000] {processor.py:157} INFO - Started process (PID=1753) to work on /usr/local/lib/python3.10/dist-packages/airflow/example_dags/example_setup_teardown.py
[2023-12-20T20:32:47.484+0000] {processor.py:829} INFO - Processing file /usr/local/lib/python3.10/dist-packages/airflow/example_dags/example_setup_teardown.py for tasks to queue
[2023-12-20T20:32:47.485+0000] {logging_mixin.py:154} INFO - [2023-12-20T20:32:47.484+0000] {dagbag.py:536} INFO - Filling up the DagBag from /usr/local/lib/python3.10/dist-packages/airflow/example_dags/example_setup_teardown.py
[2023-12-20T20:32:47.492+0000] {processor.py:839} INFO - DAG(s) dict_keys(['example_setup_teardown']) retrieved from /usr/local/lib/python3.10/dist-packages/airflow/example_dags/example_setup_teardown.py
[2023-12-20T20:32:47.507+0000] {logging_mixin.py:154} INFO - [2023-12-20T20:32:47.506+0000] {dag.py:2941} INFO - Sync 1 DAGs
[2023-12-20T20:32:47.689+0000] {logging_mixin.py:154} INFO - [2023-12-20T20:32:47.689+0000] {dag.py:3722} INFO - Setting next_dagrun for example_setup_teardown to 2023-12-19T20:32:47.689107+00:00, run_after=2023-12-20T20:32:47.689107+00:00
[2023-12-20T20:32:47.714+0000] {processor.py:179} INFO - Processing /usr/local/lib/python3.10/dist-packages/airflow/example_dags/example_setup_teardown.py took 0.235 seconds
[2023-12-20T20:35:40.507+0000] {processor.py:157} INFO - Started process (PID=1982) to work on /usr/local/lib/python3.10/dist-packages/airflow/example_dags/example_setup_teardown.py
[2023-12-20T20:35:40.509+0000] {processor.py:829} INFO - Processing file /usr/local/lib/python3.10/dist-packages/airflow/example_dags/example_setup_teardown.py for tasks to queue
[2023-12-20T20:35:40.509+0000] {logging_mixin.py:154} INFO - [2023-12-20T20:35:40.509+0000] {dagbag.py:536} INFO - Filling up the DagBag from /usr/local/lib/python3.10/dist-packages/airflow/example_dags/example_setup_teardown.py
[2023-12-20T20:35:40.516+0000] {processor.py:839} INFO - DAG(s) dict_keys(['example_setup_teardown']) retrieved from /usr/local/lib/python3.10/dist-packages/airflow/example_dags/example_setup_teardown.py
[2023-12-20T20:35:40.532+0000] {logging_mixin.py:154} INFO - [2023-12-20T20:35:40.532+0000] {dag.py:2941} INFO - Sync 1 DAGs
[2023-12-20T20:35:40.550+0000] {logging_mixin.py:154} INFO - [2023-12-20T20:35:40.550+0000] {dag.py:3722} INFO - Setting next_dagrun for example_setup_teardown to 2023-12-19T20:35:40.550296+00:00, run_after=2023-12-20T20:35:40.550296+00:00
[2023-12-20T20:35:40.571+0000] {processor.py:179} INFO - Processing /usr/local/lib/python3.10/dist-packages/airflow/example_dags/example_setup_teardown.py took 0.066 seconds
[2023-12-20T20:39:15.267+0000] {processor.py:157} INFO - Started process (PID=2256) to work on /usr/local/lib/python3.10/dist-packages/airflow/example_dags/example_setup_teardown.py
[2023-12-20T20:39:15.269+0000] {processor.py:829} INFO - Processing file /usr/local/lib/python3.10/dist-packages/airflow/example_dags/example_setup_teardown.py for tasks to queue
[2023-12-20T20:39:15.269+0000] {logging_mixin.py:154} INFO - [2023-12-20T20:39:15.269+0000] {dagbag.py:536} INFO - Filling up the DagBag from /usr/local/lib/python3.10/dist-packages/airflow/example_dags/example_setup_teardown.py
[2023-12-20T20:39:15.277+0000] {processor.py:839} INFO - DAG(s) dict_keys(['example_setup_teardown']) retrieved from /usr/local/lib/python3.10/dist-packages/airflow/example_dags/example_setup_teardown.py
[2023-12-20T20:39:15.293+0000] {logging_mixin.py:154} INFO - [2023-12-20T20:39:15.293+0000] {dag.py:2941} INFO - Sync 1 DAGs
[2023-12-20T20:39:15.311+0000] {logging_mixin.py:154} INFO - [2023-12-20T20:39:15.311+0000] {dag.py:3722} INFO - Setting next_dagrun for example_setup_teardown to 2023-12-19T20:39:15.311576+00:00, run_after=2023-12-20T20:39:15.311576+00:00
[2023-12-20T20:39:15.338+0000] {processor.py:179} INFO - Processing /usr/local/lib/python3.10/dist-packages/airflow/example_dags/example_setup_teardown.py took 0.074 seconds
[2023-12-20T20:42:32.481+0000] {processor.py:157} INFO - Started process (PID=2503) to work on /usr/local/lib/python3.10/dist-packages/airflow/example_dags/example_setup_teardown.py
[2023-12-20T20:42:32.483+0000] {processor.py:829} INFO - Processing file /usr/local/lib/python3.10/dist-packages/airflow/example_dags/example_setup_teardown.py for tasks to queue
[2023-12-20T20:42:32.483+0000] {logging_mixin.py:154} INFO - [2023-12-20T20:42:32.483+0000] {dagbag.py:536} INFO - Filling up the DagBag from /usr/local/lib/python3.10/dist-packages/airflow/example_dags/example_setup_teardown.py
[2023-12-20T20:42:32.491+0000] {processor.py:839} INFO - DAG(s) dict_keys(['example_setup_teardown']) retrieved from /usr/local/lib/python3.10/dist-packages/airflow/example_dags/example_setup_teardown.py
[2023-12-20T20:42:32.506+0000] {logging_mixin.py:154} INFO - [2023-12-20T20:42:32.506+0000] {dag.py:2941} INFO - Sync 1 DAGs
[2023-12-20T20:42:32.525+0000] {logging_mixin.py:154} INFO - [2023-12-20T20:42:32.525+0000] {dag.py:3722} INFO - Setting next_dagrun for example_setup_teardown to 2023-12-19T20:42:32.524827+00:00, run_after=2023-12-20T20:42:32.524827+00:00
[2023-12-20T20:42:32.549+0000] {processor.py:179} INFO - Processing /usr/local/lib/python3.10/dist-packages/airflow/example_dags/example_setup_teardown.py took 0.071 seconds
[2023-12-20T20:45:40.773+0000] {processor.py:157} INFO - Started process (PID=2727) to work on /usr/local/lib/python3.10/dist-packages/airflow/example_dags/example_setup_teardown.py
[2023-12-20T20:45:40.775+0000] {processor.py:829} INFO - Processing file /usr/local/lib/python3.10/dist-packages/airflow/example_dags/example_setup_teardown.py for tasks to queue
[2023-12-20T20:45:40.776+0000] {logging_mixin.py:154} INFO - [2023-12-20T20:45:40.776+0000] {dagbag.py:536} INFO - Filling up the DagBag from /usr/local/lib/python3.10/dist-packages/airflow/example_dags/example_setup_teardown.py
[2023-12-20T20:45:40.783+0000] {processor.py:839} INFO - DAG(s) dict_keys(['example_setup_teardown']) retrieved from /usr/local/lib/python3.10/dist-packages/airflow/example_dags/example_setup_teardown.py
[2023-12-20T20:45:40.800+0000] {logging_mixin.py:154} INFO - [2023-12-20T20:45:40.800+0000] {dag.py:2941} INFO - Sync 1 DAGs
[2023-12-20T20:45:40.820+0000] {logging_mixin.py:154} INFO - [2023-12-20T20:45:40.820+0000] {dag.py:3722} INFO - Setting next_dagrun for example_setup_teardown to 2023-12-19T20:45:40.820395+00:00, run_after=2023-12-20T20:45:40.820395+00:00
[2023-12-20T20:45:40.846+0000] {processor.py:179} INFO - Processing /usr/local/lib/python3.10/dist-packages/airflow/example_dags/example_setup_teardown.py took 0.075 seconds
[2023-12-20T20:48:46.683+0000] {processor.py:157} INFO - Started process (PID=2943) to work on /usr/local/lib/python3.10/dist-packages/airflow/example_dags/example_setup_teardown.py
[2023-12-20T20:48:46.685+0000] {processor.py:829} INFO - Processing file /usr/local/lib/python3.10/dist-packages/airflow/example_dags/example_setup_teardown.py for tasks to queue
[2023-12-20T20:48:46.686+0000] {logging_mixin.py:154} INFO - [2023-12-20T20:48:46.685+0000] {dagbag.py:536} INFO - Filling up the DagBag from /usr/local/lib/python3.10/dist-packages/airflow/example_dags/example_setup_teardown.py
[2023-12-20T20:48:46.694+0000] {processor.py:839} INFO - DAG(s) dict_keys(['example_setup_teardown']) retrieved from /usr/local/lib/python3.10/dist-packages/airflow/example_dags/example_setup_teardown.py
[2023-12-20T20:48:46.712+0000] {logging_mixin.py:154} INFO - [2023-12-20T20:48:46.712+0000] {dag.py:2941} INFO - Sync 1 DAGs
[2023-12-20T20:48:46.737+0000] {logging_mixin.py:154} INFO - [2023-12-20T20:48:46.737+0000] {dag.py:3722} INFO - Setting next_dagrun for example_setup_teardown to 2023-12-19T20:48:46.736907+00:00, run_after=2023-12-20T20:48:46.736907+00:00
[2023-12-20T20:48:46.765+0000] {processor.py:179} INFO - Processing /usr/local/lib/python3.10/dist-packages/airflow/example_dags/example_setup_teardown.py took 0.085 seconds
[2023-12-20T20:51:34.829+0000] {processor.py:157} INFO - Started process (PID=3149) to work on /usr/local/lib/python3.10/dist-packages/airflow/example_dags/example_setup_teardown.py
[2023-12-20T20:51:34.833+0000] {processor.py:829} INFO - Processing file /usr/local/lib/python3.10/dist-packages/airflow/example_dags/example_setup_teardown.py for tasks to queue
[2023-12-20T20:51:34.833+0000] {logging_mixin.py:154} INFO - [2023-12-20T20:51:34.833+0000] {dagbag.py:536} INFO - Filling up the DagBag from /usr/local/lib/python3.10/dist-packages/airflow/example_dags/example_setup_teardown.py
[2023-12-20T20:51:34.841+0000] {processor.py:839} INFO - DAG(s) dict_keys(['example_setup_teardown']) retrieved from /usr/local/lib/python3.10/dist-packages/airflow/example_dags/example_setup_teardown.py
[2023-12-20T20:51:34.858+0000] {logging_mixin.py:154} INFO - [2023-12-20T20:51:34.858+0000] {dag.py:2941} INFO - Sync 1 DAGs
[2023-12-20T20:51:34.880+0000] {logging_mixin.py:154} INFO - [2023-12-20T20:51:34.879+0000] {dag.py:3722} INFO - Setting next_dagrun for example_setup_teardown to 2023-12-19T20:51:34.879500+00:00, run_after=2023-12-20T20:51:34.879500+00:00
[2023-12-20T20:51:34.904+0000] {processor.py:179} INFO - Processing /usr/local/lib/python3.10/dist-packages/airflow/example_dags/example_setup_teardown.py took 0.078 seconds
[2023-12-20T20:55:00.301+0000] {processor.py:157} INFO - Started process (PID=11341) to work on /usr/local/lib/python3.10/dist-packages/airflow/example_dags/example_setup_teardown.py
[2023-12-20T20:55:00.303+0000] {processor.py:829} INFO - Processing file /usr/local/lib/python3.10/dist-packages/airflow/example_dags/example_setup_teardown.py for tasks to queue
[2023-12-20T20:55:00.304+0000] {logging_mixin.py:154} INFO - [2023-12-20T20:55:00.303+0000] {dagbag.py:536} INFO - Filling up the DagBag from /usr/local/lib/python3.10/dist-packages/airflow/example_dags/example_setup_teardown.py
[2023-12-20T20:55:00.315+0000] {processor.py:839} INFO - DAG(s) dict_keys(['example_setup_teardown']) retrieved from /usr/local/lib/python3.10/dist-packages/airflow/example_dags/example_setup_teardown.py
[2023-12-20T20:55:00.338+0000] {logging_mixin.py:154} INFO - [2023-12-20T20:55:00.338+0000] {dag.py:2941} INFO - Sync 1 DAGs
[2023-12-20T20:55:00.370+0000] {logging_mixin.py:154} INFO - [2023-12-20T20:55:00.366+0000] {dag.py:3722} INFO - Setting next_dagrun for example_setup_teardown to 2023-12-19T20:55:00.366533+00:00, run_after=2023-12-20T20:55:00.366533+00:00
[2023-12-20T20:55:00.423+0000] {processor.py:179} INFO - Processing /usr/local/lib/python3.10/dist-packages/airflow/example_dags/example_setup_teardown.py took 0.126 seconds
[2023-12-20T20:57:58.361+0000] {processor.py:157} INFO - Started process (PID=20363) to work on /usr/local/lib/python3.10/dist-packages/airflow/example_dags/example_setup_teardown.py
[2023-12-20T20:57:58.362+0000] {processor.py:829} INFO - Processing file /usr/local/lib/python3.10/dist-packages/airflow/example_dags/example_setup_teardown.py for tasks to queue
[2023-12-20T20:57:58.363+0000] {logging_mixin.py:154} INFO - [2023-12-20T20:57:58.362+0000] {dagbag.py:536} INFO - Filling up the DagBag from /usr/local/lib/python3.10/dist-packages/airflow/example_dags/example_setup_teardown.py
[2023-12-20T20:57:58.371+0000] {processor.py:839} INFO - DAG(s) dict_keys(['example_setup_teardown']) retrieved from /usr/local/lib/python3.10/dist-packages/airflow/example_dags/example_setup_teardown.py
[2023-12-20T20:57:58.386+0000] {logging_mixin.py:154} INFO - [2023-12-20T20:57:58.386+0000] {dag.py:2941} INFO - Sync 1 DAGs
[2023-12-20T20:57:58.406+0000] {logging_mixin.py:154} INFO - [2023-12-20T20:57:58.406+0000] {dag.py:3722} INFO - Setting next_dagrun for example_setup_teardown to 2023-12-19T20:57:58.405821+00:00, run_after=2023-12-20T20:57:58.405821+00:00
[2023-12-20T20:57:58.427+0000] {processor.py:179} INFO - Processing /usr/local/lib/python3.10/dist-packages/airflow/example_dags/example_setup_teardown.py took 0.070 seconds
[2023-12-20T21:00:09.567+0000] {processor.py:157} INFO - Started process (PID=20543) to work on /usr/local/lib/python3.10/dist-packages/airflow/example_dags/example_setup_teardown.py
[2023-12-20T21:00:09.569+0000] {processor.py:829} INFO - Processing file /usr/local/lib/python3.10/dist-packages/airflow/example_dags/example_setup_teardown.py for tasks to queue
[2023-12-20T21:00:09.570+0000] {logging_mixin.py:154} INFO - [2023-12-20T21:00:09.569+0000] {dagbag.py:536} INFO - Filling up the DagBag from /usr/local/lib/python3.10/dist-packages/airflow/example_dags/example_setup_teardown.py
[2023-12-20T21:00:09.577+0000] {processor.py:839} INFO - DAG(s) dict_keys(['example_setup_teardown']) retrieved from /usr/local/lib/python3.10/dist-packages/airflow/example_dags/example_setup_teardown.py
[2023-12-20T21:00:09.592+0000] {logging_mixin.py:154} INFO - [2023-12-20T21:00:09.592+0000] {dag.py:2941} INFO - Sync 1 DAGs
[2023-12-20T21:00:09.610+0000] {logging_mixin.py:154} INFO - [2023-12-20T21:00:09.609+0000] {dag.py:3722} INFO - Setting next_dagrun for example_setup_teardown to 2023-12-19T21:00:09.609777+00:00, run_after=2023-12-20T21:00:09.609777+00:00
[2023-12-20T21:00:09.631+0000] {processor.py:179} INFO - Processing /usr/local/lib/python3.10/dist-packages/airflow/example_dags/example_setup_teardown.py took 0.066 seconds
[2023-12-20T21:02:08.767+0000] {processor.py:157} INFO - Started process (PID=20710) to work on /usr/local/lib/python3.10/dist-packages/airflow/example_dags/example_setup_teardown.py
[2023-12-20T21:02:08.768+0000] {processor.py:829} INFO - Processing file /usr/local/lib/python3.10/dist-packages/airflow/example_dags/example_setup_teardown.py for tasks to queue
[2023-12-20T21:02:08.769+0000] {logging_mixin.py:154} INFO - [2023-12-20T21:02:08.768+0000] {dagbag.py:536} INFO - Filling up the DagBag from /usr/local/lib/python3.10/dist-packages/airflow/example_dags/example_setup_teardown.py
[2023-12-20T21:02:08.776+0000] {processor.py:839} INFO - DAG(s) dict_keys(['example_setup_teardown']) retrieved from /usr/local/lib/python3.10/dist-packages/airflow/example_dags/example_setup_teardown.py
[2023-12-20T21:02:08.791+0000] {logging_mixin.py:154} INFO - [2023-12-20T21:02:08.791+0000] {dag.py:2941} INFO - Sync 1 DAGs
[2023-12-20T21:02:08.810+0000] {logging_mixin.py:154} INFO - [2023-12-20T21:02:08.810+0000] {dag.py:3722} INFO - Setting next_dagrun for example_setup_teardown to 2023-12-19T21:02:08.810144+00:00, run_after=2023-12-20T21:02:08.810144+00:00
[2023-12-20T21:02:08.832+0000] {processor.py:179} INFO - Processing /usr/local/lib/python3.10/dist-packages/airflow/example_dags/example_setup_teardown.py took 0.069 seconds
[2023-12-20T21:04:05.129+0000] {processor.py:157} INFO - Started process (PID=20878) to work on /usr/local/lib/python3.10/dist-packages/airflow/example_dags/example_setup_teardown.py
[2023-12-20T21:04:05.131+0000] {processor.py:829} INFO - Processing file /usr/local/lib/python3.10/dist-packages/airflow/example_dags/example_setup_teardown.py for tasks to queue
[2023-12-20T21:04:05.132+0000] {logging_mixin.py:154} INFO - [2023-12-20T21:04:05.131+0000] {dagbag.py:536} INFO - Filling up the DagBag from /usr/local/lib/python3.10/dist-packages/airflow/example_dags/example_setup_teardown.py
[2023-12-20T21:04:05.140+0000] {processor.py:839} INFO - DAG(s) dict_keys(['example_setup_teardown']) retrieved from /usr/local/lib/python3.10/dist-packages/airflow/example_dags/example_setup_teardown.py
[2023-12-20T21:04:05.156+0000] {logging_mixin.py:154} INFO - [2023-12-20T21:04:05.156+0000] {dag.py:2941} INFO - Sync 1 DAGs
[2023-12-20T21:04:05.175+0000] {logging_mixin.py:154} INFO - [2023-12-20T21:04:05.175+0000] {dag.py:3722} INFO - Setting next_dagrun for example_setup_teardown to 2023-12-19T21:04:05.175098+00:00, run_after=2023-12-20T21:04:05.175098+00:00
[2023-12-20T21:04:05.201+0000] {processor.py:179} INFO - Processing /usr/local/lib/python3.10/dist-packages/airflow/example_dags/example_setup_teardown.py took 0.075 seconds
[2023-12-20T21:06:01.331+0000] {processor.py:157} INFO - Started process (PID=21043) to work on /usr/local/lib/python3.10/dist-packages/airflow/example_dags/example_setup_teardown.py
[2023-12-20T21:06:01.332+0000] {processor.py:829} INFO - Processing file /usr/local/lib/python3.10/dist-packages/airflow/example_dags/example_setup_teardown.py for tasks to queue
[2023-12-20T21:06:01.333+0000] {logging_mixin.py:154} INFO - [2023-12-20T21:06:01.332+0000] {dagbag.py:536} INFO - Filling up the DagBag from /usr/local/lib/python3.10/dist-packages/airflow/example_dags/example_setup_teardown.py
[2023-12-20T21:06:01.342+0000] {processor.py:839} INFO - DAG(s) dict_keys(['example_setup_teardown']) retrieved from /usr/local/lib/python3.10/dist-packages/airflow/example_dags/example_setup_teardown.py
[2023-12-20T21:06:01.358+0000] {logging_mixin.py:154} INFO - [2023-12-20T21:06:01.357+0000] {dag.py:2941} INFO - Sync 1 DAGs
[2023-12-20T21:06:01.377+0000] {logging_mixin.py:154} INFO - [2023-12-20T21:06:01.377+0000] {dag.py:3722} INFO - Setting next_dagrun for example_setup_teardown to 2023-12-19T21:06:01.377389+00:00, run_after=2023-12-20T21:06:01.377389+00:00
[2023-12-20T21:06:01.400+0000] {processor.py:179} INFO - Processing /usr/local/lib/python3.10/dist-packages/airflow/example_dags/example_setup_teardown.py took 0.072 seconds
[2023-12-20T21:07:55.659+0000] {processor.py:157} INFO - Started process (PID=21207) to work on /usr/local/lib/python3.10/dist-packages/airflow/example_dags/example_setup_teardown.py
[2023-12-20T21:07:55.666+0000] {processor.py:829} INFO - Processing file /usr/local/lib/python3.10/dist-packages/airflow/example_dags/example_setup_teardown.py for tasks to queue
[2023-12-20T21:07:55.667+0000] {logging_mixin.py:154} INFO - [2023-12-20T21:07:55.666+0000] {dagbag.py:536} INFO - Filling up the DagBag from /usr/local/lib/python3.10/dist-packages/airflow/example_dags/example_setup_teardown.py
[2023-12-20T21:07:55.674+0000] {processor.py:839} INFO - DAG(s) dict_keys(['example_setup_teardown']) retrieved from /usr/local/lib/python3.10/dist-packages/airflow/example_dags/example_setup_teardown.py
[2023-12-20T21:07:55.690+0000] {logging_mixin.py:154} INFO - [2023-12-20T21:07:55.689+0000] {dag.py:2941} INFO - Sync 1 DAGs
[2023-12-20T21:07:55.708+0000] {logging_mixin.py:154} INFO - [2023-12-20T21:07:55.708+0000] {dag.py:3722} INFO - Setting next_dagrun for example_setup_teardown to 2023-12-19T21:07:55.708246+00:00, run_after=2023-12-20T21:07:55.708246+00:00
[2023-12-20T21:07:55.729+0000] {processor.py:179} INFO - Processing /usr/local/lib/python3.10/dist-packages/airflow/example_dags/example_setup_teardown.py took 0.073 seconds
[2023-12-20T21:09:50.553+0000] {processor.py:157} INFO - Started process (PID=21385) to work on /usr/local/lib/python3.10/dist-packages/airflow/example_dags/example_setup_teardown.py
[2023-12-20T21:09:50.555+0000] {processor.py:829} INFO - Processing file /usr/local/lib/python3.10/dist-packages/airflow/example_dags/example_setup_teardown.py for tasks to queue
[2023-12-20T21:09:50.555+0000] {logging_mixin.py:154} INFO - [2023-12-20T21:09:50.555+0000] {dagbag.py:536} INFO - Filling up the DagBag from /usr/local/lib/python3.10/dist-packages/airflow/example_dags/example_setup_teardown.py
[2023-12-20T21:09:50.564+0000] {processor.py:839} INFO - DAG(s) dict_keys(['example_setup_teardown']) retrieved from /usr/local/lib/python3.10/dist-packages/airflow/example_dags/example_setup_teardown.py
[2023-12-20T21:09:50.582+0000] {logging_mixin.py:154} INFO - [2023-12-20T21:09:50.582+0000] {dag.py:2941} INFO - Sync 1 DAGs
[2023-12-20T21:09:50.605+0000] {logging_mixin.py:154} INFO - [2023-12-20T21:09:50.605+0000] {dag.py:3722} INFO - Setting next_dagrun for example_setup_teardown to 2023-12-19T21:09:50.604949+00:00, run_after=2023-12-20T21:09:50.604949+00:00
[2023-12-20T21:09:50.626+0000] {processor.py:179} INFO - Processing /usr/local/lib/python3.10/dist-packages/airflow/example_dags/example_setup_teardown.py took 0.076 seconds
[2023-12-20T21:11:44.003+0000] {processor.py:157} INFO - Started process (PID=21553) to work on /usr/local/lib/python3.10/dist-packages/airflow/example_dags/example_setup_teardown.py
[2023-12-20T21:11:44.004+0000] {processor.py:829} INFO - Processing file /usr/local/lib/python3.10/dist-packages/airflow/example_dags/example_setup_teardown.py for tasks to queue
[2023-12-20T21:11:44.005+0000] {logging_mixin.py:154} INFO - [2023-12-20T21:11:44.005+0000] {dagbag.py:536} INFO - Filling up the DagBag from /usr/local/lib/python3.10/dist-packages/airflow/example_dags/example_setup_teardown.py
[2023-12-20T21:11:44.012+0000] {processor.py:839} INFO - DAG(s) dict_keys(['example_setup_teardown']) retrieved from /usr/local/lib/python3.10/dist-packages/airflow/example_dags/example_setup_teardown.py
[2023-12-20T21:11:44.027+0000] {logging_mixin.py:154} INFO - [2023-12-20T21:11:44.026+0000] {dag.py:2941} INFO - Sync 1 DAGs
[2023-12-20T21:11:44.043+0000] {logging_mixin.py:154} INFO - [2023-12-20T21:11:44.043+0000] {dag.py:3722} INFO - Setting next_dagrun for example_setup_teardown to 2023-12-19T21:11:44.043505+00:00, run_after=2023-12-20T21:11:44.043505+00:00
[2023-12-20T21:11:44.062+0000] {processor.py:179} INFO - Processing /usr/local/lib/python3.10/dist-packages/airflow/example_dags/example_setup_teardown.py took 0.062 seconds
[2023-12-20T21:13:41.000+0000] {processor.py:157} INFO - Started process (PID=21723) to work on /usr/local/lib/python3.10/dist-packages/airflow/example_dags/example_setup_teardown.py
[2023-12-20T21:13:41.002+0000] {processor.py:829} INFO - Processing file /usr/local/lib/python3.10/dist-packages/airflow/example_dags/example_setup_teardown.py for tasks to queue
[2023-12-20T21:13:41.003+0000] {logging_mixin.py:154} INFO - [2023-12-20T21:13:41.002+0000] {dagbag.py:536} INFO - Filling up the DagBag from /usr/local/lib/python3.10/dist-packages/airflow/example_dags/example_setup_teardown.py
[2023-12-20T21:13:41.010+0000] {processor.py:839} INFO - DAG(s) dict_keys(['example_setup_teardown']) retrieved from /usr/local/lib/python3.10/dist-packages/airflow/example_dags/example_setup_teardown.py
[2023-12-20T21:13:41.035+0000] {logging_mixin.py:154} INFO - [2023-12-20T21:13:41.035+0000] {dag.py:2941} INFO - Sync 1 DAGs
[2023-12-20T21:13:41.054+0000] {logging_mixin.py:154} INFO - [2023-12-20T21:13:41.054+0000] {dag.py:3722} INFO - Setting next_dagrun for example_setup_teardown to 2023-12-19T21:13:41.054017+00:00, run_after=2023-12-20T21:13:41.054017+00:00
[2023-12-20T21:13:41.074+0000] {processor.py:179} INFO - Processing /usr/local/lib/python3.10/dist-packages/airflow/example_dags/example_setup_teardown.py took 0.079 seconds
[2023-12-20T21:15:33.655+0000] {processor.py:157} INFO - Started process (PID=21887) to work on /usr/local/lib/python3.10/dist-packages/airflow/example_dags/example_setup_teardown.py
[2023-12-20T21:15:33.657+0000] {processor.py:829} INFO - Processing file /usr/local/lib/python3.10/dist-packages/airflow/example_dags/example_setup_teardown.py for tasks to queue
[2023-12-20T21:15:33.658+0000] {logging_mixin.py:154} INFO - [2023-12-20T21:15:33.657+0000] {dagbag.py:536} INFO - Filling up the DagBag from /usr/local/lib/python3.10/dist-packages/airflow/example_dags/example_setup_teardown.py
[2023-12-20T21:15:33.665+0000] {processor.py:839} INFO - DAG(s) dict_keys(['example_setup_teardown']) retrieved from /usr/local/lib/python3.10/dist-packages/airflow/example_dags/example_setup_teardown.py
[2023-12-20T21:15:33.680+0000] {logging_mixin.py:154} INFO - [2023-12-20T21:15:33.680+0000] {dag.py:2941} INFO - Sync 1 DAGs
[2023-12-20T21:15:33.697+0000] {logging_mixin.py:154} INFO - [2023-12-20T21:15:33.697+0000] {dag.py:3722} INFO - Setting next_dagrun for example_setup_teardown to 2023-12-19T21:15:33.696987+00:00, run_after=2023-12-20T21:15:33.696987+00:00
[2023-12-20T21:15:33.726+0000] {processor.py:179} INFO - Processing /usr/local/lib/python3.10/dist-packages/airflow/example_dags/example_setup_teardown.py took 0.074 seconds
[2023-12-20T21:17:29.674+0000] {processor.py:157} INFO - Started process (PID=22055) to work on /usr/local/lib/python3.10/dist-packages/airflow/example_dags/example_setup_teardown.py
[2023-12-20T21:17:29.676+0000] {processor.py:829} INFO - Processing file /usr/local/lib/python3.10/dist-packages/airflow/example_dags/example_setup_teardown.py for tasks to queue
[2023-12-20T21:17:29.677+0000] {logging_mixin.py:154} INFO - [2023-12-20T21:17:29.676+0000] {dagbag.py:536} INFO - Filling up the DagBag from /usr/local/lib/python3.10/dist-packages/airflow/example_dags/example_setup_teardown.py
[2023-12-20T21:17:29.685+0000] {processor.py:839} INFO - DAG(s) dict_keys(['example_setup_teardown']) retrieved from /usr/local/lib/python3.10/dist-packages/airflow/example_dags/example_setup_teardown.py
[2023-12-20T21:17:29.703+0000] {logging_mixin.py:154} INFO - [2023-12-20T21:17:29.702+0000] {dag.py:2941} INFO - Sync 1 DAGs
[2023-12-20T21:17:29.720+0000] {logging_mixin.py:154} INFO - [2023-12-20T21:17:29.720+0000] {dag.py:3722} INFO - Setting next_dagrun for example_setup_teardown to 2023-12-19T21:17:29.720228+00:00, run_after=2023-12-20T21:17:29.720228+00:00
[2023-12-20T21:17:29.740+0000] {processor.py:179} INFO - Processing /usr/local/lib/python3.10/dist-packages/airflow/example_dags/example_setup_teardown.py took 0.069 seconds
[2023-12-20T21:19:24.801+0000] {processor.py:157} INFO - Started process (PID=22220) to work on /usr/local/lib/python3.10/dist-packages/airflow/example_dags/example_setup_teardown.py
[2023-12-20T21:19:24.803+0000] {processor.py:829} INFO - Processing file /usr/local/lib/python3.10/dist-packages/airflow/example_dags/example_setup_teardown.py for tasks to queue
[2023-12-20T21:19:24.804+0000] {logging_mixin.py:154} INFO - [2023-12-20T21:19:24.803+0000] {dagbag.py:536} INFO - Filling up the DagBag from /usr/local/lib/python3.10/dist-packages/airflow/example_dags/example_setup_teardown.py
[2023-12-20T21:19:24.811+0000] {processor.py:839} INFO - DAG(s) dict_keys(['example_setup_teardown']) retrieved from /usr/local/lib/python3.10/dist-packages/airflow/example_dags/example_setup_teardown.py
[2023-12-20T21:19:24.827+0000] {logging_mixin.py:154} INFO - [2023-12-20T21:19:24.827+0000] {dag.py:2941} INFO - Sync 1 DAGs
[2023-12-20T21:19:24.847+0000] {logging_mixin.py:154} INFO - [2023-12-20T21:19:24.847+0000] {dag.py:3722} INFO - Setting next_dagrun for example_setup_teardown to 2023-12-19T21:19:24.846806+00:00, run_after=2023-12-20T21:19:24.846806+00:00
[2023-12-20T21:19:24.866+0000] {processor.py:179} INFO - Processing /usr/local/lib/python3.10/dist-packages/airflow/example_dags/example_setup_teardown.py took 0.068 seconds
[2023-12-20T21:21:22.312+0000] {processor.py:157} INFO - Started process (PID=22386) to work on /usr/local/lib/python3.10/dist-packages/airflow/example_dags/example_setup_teardown.py
[2023-12-20T21:21:22.328+0000] {processor.py:829} INFO - Processing file /usr/local/lib/python3.10/dist-packages/airflow/example_dags/example_setup_teardown.py for tasks to queue
[2023-12-20T21:21:22.329+0000] {logging_mixin.py:154} INFO - [2023-12-20T21:21:22.329+0000] {dagbag.py:536} INFO - Filling up the DagBag from /usr/local/lib/python3.10/dist-packages/airflow/example_dags/example_setup_teardown.py
[2023-12-20T21:21:22.338+0000] {processor.py:839} INFO - DAG(s) dict_keys(['example_setup_teardown']) retrieved from /usr/local/lib/python3.10/dist-packages/airflow/example_dags/example_setup_teardown.py
[2023-12-20T21:21:22.354+0000] {logging_mixin.py:154} INFO - [2023-12-20T21:21:22.354+0000] {dag.py:2941} INFO - Sync 1 DAGs
[2023-12-20T21:21:22.372+0000] {logging_mixin.py:154} INFO - [2023-12-20T21:21:22.371+0000] {dag.py:3722} INFO - Setting next_dagrun for example_setup_teardown to 2023-12-19T21:21:22.371684+00:00, run_after=2023-12-20T21:21:22.371684+00:00
[2023-12-20T21:21:22.419+0000] {processor.py:179} INFO - Processing /usr/local/lib/python3.10/dist-packages/airflow/example_dags/example_setup_teardown.py took 0.110 seconds
[2023-12-20T21:23:18.352+0000] {processor.py:157} INFO - Started process (PID=22551) to work on /usr/local/lib/python3.10/dist-packages/airflow/example_dags/example_setup_teardown.py
[2023-12-20T21:23:18.354+0000] {processor.py:829} INFO - Processing file /usr/local/lib/python3.10/dist-packages/airflow/example_dags/example_setup_teardown.py for tasks to queue
[2023-12-20T21:23:18.355+0000] {logging_mixin.py:154} INFO - [2023-12-20T21:23:18.354+0000] {dagbag.py:536} INFO - Filling up the DagBag from /usr/local/lib/python3.10/dist-packages/airflow/example_dags/example_setup_teardown.py
[2023-12-20T21:23:18.362+0000] {processor.py:839} INFO - DAG(s) dict_keys(['example_setup_teardown']) retrieved from /usr/local/lib/python3.10/dist-packages/airflow/example_dags/example_setup_teardown.py
[2023-12-20T21:23:18.377+0000] {logging_mixin.py:154} INFO - [2023-12-20T21:23:18.377+0000] {dag.py:2941} INFO - Sync 1 DAGs
[2023-12-20T21:23:18.399+0000] {logging_mixin.py:154} INFO - [2023-12-20T21:23:18.399+0000] {dag.py:3722} INFO - Setting next_dagrun for example_setup_teardown to 2023-12-19T21:23:18.399136+00:00, run_after=2023-12-20T21:23:18.399136+00:00
[2023-12-20T21:23:18.420+0000] {processor.py:179} INFO - Processing /usr/local/lib/python3.10/dist-packages/airflow/example_dags/example_setup_teardown.py took 0.071 seconds
[2023-12-20T21:26:20.896+0000] {processor.py:157} INFO - Started process (PID=22717) to work on /usr/local/lib/python3.10/dist-packages/airflow/example_dags/example_setup_teardown.py
[2023-12-20T21:26:20.900+0000] {processor.py:829} INFO - Processing file /usr/local/lib/python3.10/dist-packages/airflow/example_dags/example_setup_teardown.py for tasks to queue
[2023-12-20T21:26:20.901+0000] {logging_mixin.py:154} INFO - [2023-12-20T21:26:20.900+0000] {dagbag.py:536} INFO - Filling up the DagBag from /usr/local/lib/python3.10/dist-packages/airflow/example_dags/example_setup_teardown.py
[2023-12-20T21:26:20.909+0000] {processor.py:839} INFO - DAG(s) dict_keys(['example_setup_teardown']) retrieved from /usr/local/lib/python3.10/dist-packages/airflow/example_dags/example_setup_teardown.py
[2023-12-20T21:26:20.970+0000] {logging_mixin.py:154} INFO - [2023-12-20T21:26:20.969+0000] {dag.py:2941} INFO - Sync 1 DAGs
[2023-12-20T21:26:20.991+0000] {logging_mixin.py:154} INFO - [2023-12-20T21:26:20.990+0000] {dag.py:3722} INFO - Setting next_dagrun for example_setup_teardown to 2023-12-19T21:26:20.990635+00:00, run_after=2023-12-20T21:26:20.990635+00:00
[2023-12-20T21:26:21.057+0000] {processor.py:179} INFO - Processing /usr/local/lib/python3.10/dist-packages/airflow/example_dags/example_setup_teardown.py took 0.164 seconds
[2023-12-20T21:30:52.351+0000] {processor.py:157} INFO - Started process (PID=22901) to work on /usr/local/lib/python3.10/dist-packages/airflow/example_dags/example_setup_teardown.py
[2023-12-20T21:30:52.352+0000] {processor.py:829} INFO - Processing file /usr/local/lib/python3.10/dist-packages/airflow/example_dags/example_setup_teardown.py for tasks to queue
[2023-12-20T21:30:52.353+0000] {logging_mixin.py:154} INFO - [2023-12-20T21:30:52.353+0000] {dagbag.py:536} INFO - Filling up the DagBag from /usr/local/lib/python3.10/dist-packages/airflow/example_dags/example_setup_teardown.py
[2023-12-20T21:30:52.407+0000] {processor.py:839} INFO - DAG(s) dict_keys(['example_setup_teardown']) retrieved from /usr/local/lib/python3.10/dist-packages/airflow/example_dags/example_setup_teardown.py
[2023-12-20T21:30:52.422+0000] {logging_mixin.py:154} INFO - [2023-12-20T21:30:52.422+0000] {dag.py:2941} INFO - Sync 1 DAGs
[2023-12-20T21:30:52.489+0000] {logging_mixin.py:154} INFO - [2023-12-20T21:30:52.489+0000] {dag.py:3722} INFO - Setting next_dagrun for example_setup_teardown to 2023-12-19T21:30:52.488924+00:00, run_after=2023-12-20T21:30:52.488924+00:00
[2023-12-20T21:30:52.510+0000] {processor.py:179} INFO - Processing /usr/local/lib/python3.10/dist-packages/airflow/example_dags/example_setup_teardown.py took 0.162 seconds
[2023-12-20T21:35:28.745+0000] {processor.py:157} INFO - Started process (PID=23086) to work on /usr/local/lib/python3.10/dist-packages/airflow/example_dags/example_setup_teardown.py
[2023-12-20T21:35:28.747+0000] {processor.py:829} INFO - Processing file /usr/local/lib/python3.10/dist-packages/airflow/example_dags/example_setup_teardown.py for tasks to queue
[2023-12-20T21:35:28.748+0000] {logging_mixin.py:154} INFO - [2023-12-20T21:35:28.747+0000] {dagbag.py:536} INFO - Filling up the DagBag from /usr/local/lib/python3.10/dist-packages/airflow/example_dags/example_setup_teardown.py
[2023-12-20T21:35:28.755+0000] {processor.py:839} INFO - DAG(s) dict_keys(['example_setup_teardown']) retrieved from /usr/local/lib/python3.10/dist-packages/airflow/example_dags/example_setup_teardown.py
[2023-12-20T21:35:28.771+0000] {logging_mixin.py:154} INFO - [2023-12-20T21:35:28.771+0000] {dag.py:2941} INFO - Sync 1 DAGs
[2023-12-20T21:35:28.826+0000] {logging_mixin.py:154} INFO - [2023-12-20T21:35:28.826+0000] {dag.py:3722} INFO - Setting next_dagrun for example_setup_teardown to 2023-12-19T21:35:28.825843+00:00, run_after=2023-12-20T21:35:28.825843+00:00
[2023-12-20T21:35:28.893+0000] {processor.py:179} INFO - Processing /usr/local/lib/python3.10/dist-packages/airflow/example_dags/example_setup_teardown.py took 0.159 seconds
