[2023-12-20T20:25:21.237+0000] {processor.py:157} INFO - Started process (PID=1193) to work on /usr/local/lib/python3.10/dist-packages/airflow/example_dags/example_branch_operator_decorator.py
[2023-12-20T20:25:21.237+0000] {processor.py:829} INFO - Processing file /usr/local/lib/python3.10/dist-packages/airflow/example_dags/example_branch_operator_decorator.py for tasks to queue
[2023-12-20T20:25:21.238+0000] {logging_mixin.py:154} INFO - [2023-12-20T20:25:21.238+0000] {dagbag.py:536} INFO - Filling up the DagBag from /usr/local/lib/python3.10/dist-packages/airflow/example_dags/example_branch_operator_decorator.py
[2023-12-20T20:25:21.248+0000] {processor.py:839} INFO - DAG(s) dict_keys(['example_branch_python_operator_decorator']) retrieved from /usr/local/lib/python3.10/dist-packages/airflow/example_dags/example_branch_operator_decorator.py
[2023-12-20T20:25:21.265+0000] {logging_mixin.py:154} INFO - [2023-12-20T20:25:21.265+0000] {dag.py:2941} INFO - Sync 1 DAGs
[2023-12-20T20:25:21.287+0000] {logging_mixin.py:154} INFO - [2023-12-20T20:25:21.287+0000] {dag.py:3722} INFO - Setting next_dagrun for example_branch_python_operator_decorator to 2023-12-19T00:00:00+00:00, run_after=2023-12-20T00:00:00+00:00
[2023-12-20T20:25:21.309+0000] {processor.py:179} INFO - Processing /usr/local/lib/python3.10/dist-packages/airflow/example_dags/example_branch_operator_decorator.py took 0.075 seconds
[2023-12-20T20:28:13.122+0000] {processor.py:157} INFO - Started process (PID=1397) to work on /usr/local/lib/python3.10/dist-packages/airflow/example_dags/example_branch_operator_decorator.py
[2023-12-20T20:28:13.124+0000] {processor.py:829} INFO - Processing file /usr/local/lib/python3.10/dist-packages/airflow/example_dags/example_branch_operator_decorator.py for tasks to queue
[2023-12-20T20:28:13.125+0000] {logging_mixin.py:154} INFO - [2023-12-20T20:28:13.125+0000] {dagbag.py:536} INFO - Filling up the DagBag from /usr/local/lib/python3.10/dist-packages/airflow/example_dags/example_branch_operator_decorator.py
[2023-12-20T20:28:13.135+0000] {processor.py:839} INFO - DAG(s) dict_keys(['example_branch_python_operator_decorator']) retrieved from /usr/local/lib/python3.10/dist-packages/airflow/example_dags/example_branch_operator_decorator.py
[2023-12-20T20:28:13.152+0000] {logging_mixin.py:154} INFO - [2023-12-20T20:28:13.152+0000] {dag.py:2941} INFO - Sync 1 DAGs
[2023-12-20T20:28:13.170+0000] {logging_mixin.py:154} INFO - [2023-12-20T20:28:13.170+0000] {dag.py:3722} INFO - Setting next_dagrun for example_branch_python_operator_decorator to 2023-12-19T00:00:00+00:00, run_after=2023-12-20T00:00:00+00:00
[2023-12-20T20:28:13.191+0000] {processor.py:179} INFO - Processing /usr/local/lib/python3.10/dist-packages/airflow/example_dags/example_branch_operator_decorator.py took 0.072 seconds
[2023-12-20T20:34:15.131+0000] {processor.py:157} INFO - Started process (PID=1863) to work on /usr/local/lib/python3.10/dist-packages/airflow/example_dags/example_branch_operator_decorator.py
[2023-12-20T20:34:15.133+0000] {processor.py:829} INFO - Processing file /usr/local/lib/python3.10/dist-packages/airflow/example_dags/example_branch_operator_decorator.py for tasks to queue
[2023-12-20T20:34:15.134+0000] {logging_mixin.py:154} INFO - [2023-12-20T20:34:15.134+0000] {dagbag.py:536} INFO - Filling up the DagBag from /usr/local/lib/python3.10/dist-packages/airflow/example_dags/example_branch_operator_decorator.py
[2023-12-20T20:34:15.146+0000] {processor.py:839} INFO - DAG(s) dict_keys(['example_branch_python_operator_decorator']) retrieved from /usr/local/lib/python3.10/dist-packages/airflow/example_dags/example_branch_operator_decorator.py
[2023-12-20T20:34:15.311+0000] {logging_mixin.py:154} INFO - [2023-12-20T20:34:15.310+0000] {dag.py:2941} INFO - Sync 1 DAGs
[2023-12-20T20:34:15.328+0000] {logging_mixin.py:154} INFO - [2023-12-20T20:34:15.328+0000] {dag.py:3722} INFO - Setting next_dagrun for example_branch_python_operator_decorator to 2023-12-19T00:00:00+00:00, run_after=2023-12-20T00:00:00+00:00
[2023-12-20T20:34:15.349+0000] {processor.py:179} INFO - Processing /usr/local/lib/python3.10/dist-packages/airflow/example_dags/example_branch_operator_decorator.py took 0.221 seconds
[2023-12-20T20:40:55.652+0000] {processor.py:157} INFO - Started process (PID=2381) to work on /usr/local/lib/python3.10/dist-packages/airflow/example_dags/example_branch_operator_decorator.py
[2023-12-20T20:40:55.654+0000] {processor.py:829} INFO - Processing file /usr/local/lib/python3.10/dist-packages/airflow/example_dags/example_branch_operator_decorator.py for tasks to queue
[2023-12-20T20:40:55.659+0000] {logging_mixin.py:154} INFO - [2023-12-20T20:40:55.659+0000] {dagbag.py:536} INFO - Filling up the DagBag from /usr/local/lib/python3.10/dist-packages/airflow/example_dags/example_branch_operator_decorator.py
[2023-12-20T20:40:55.673+0000] {processor.py:839} INFO - DAG(s) dict_keys(['example_branch_python_operator_decorator']) retrieved from /usr/local/lib/python3.10/dist-packages/airflow/example_dags/example_branch_operator_decorator.py
[2023-12-20T20:40:55.698+0000] {logging_mixin.py:154} INFO - [2023-12-20T20:40:55.697+0000] {dag.py:2941} INFO - Sync 1 DAGs
[2023-12-20T20:40:55.734+0000] {logging_mixin.py:154} INFO - [2023-12-20T20:40:55.734+0000] {dag.py:3722} INFO - Setting next_dagrun for example_branch_python_operator_decorator to 2023-12-19T00:00:00+00:00, run_after=2023-12-20T00:00:00+00:00
[2023-12-20T20:40:55.764+0000] {processor.py:179} INFO - Processing /usr/local/lib/python3.10/dist-packages/airflow/example_dags/example_branch_operator_decorator.py took 0.116 seconds
[2023-12-20T20:47:15.543+0000] {processor.py:157} INFO - Started process (PID=2836) to work on /usr/local/lib/python3.10/dist-packages/airflow/example_dags/example_branch_operator_decorator.py
[2023-12-20T20:47:15.545+0000] {processor.py:829} INFO - Processing file /usr/local/lib/python3.10/dist-packages/airflow/example_dags/example_branch_operator_decorator.py for tasks to queue
[2023-12-20T20:47:15.545+0000] {logging_mixin.py:154} INFO - [2023-12-20T20:47:15.545+0000] {dagbag.py:536} INFO - Filling up the DagBag from /usr/local/lib/python3.10/dist-packages/airflow/example_dags/example_branch_operator_decorator.py
[2023-12-20T20:47:15.558+0000] {processor.py:839} INFO - DAG(s) dict_keys(['example_branch_python_operator_decorator']) retrieved from /usr/local/lib/python3.10/dist-packages/airflow/example_dags/example_branch_operator_decorator.py
[2023-12-20T20:47:15.586+0000] {logging_mixin.py:154} INFO - [2023-12-20T20:47:15.586+0000] {dag.py:2941} INFO - Sync 1 DAGs
[2023-12-20T20:47:15.625+0000] {logging_mixin.py:154} INFO - [2023-12-20T20:47:15.625+0000] {dag.py:3722} INFO - Setting next_dagrun for example_branch_python_operator_decorator to 2023-12-19T00:00:00+00:00, run_after=2023-12-20T00:00:00+00:00
[2023-12-20T20:47:15.660+0000] {processor.py:179} INFO - Processing /usr/local/lib/python3.10/dist-packages/airflow/example_dags/example_branch_operator_decorator.py took 0.120 seconds
[2023-12-20T20:53:20.764+0000] {processor.py:157} INFO - Started process (PID=4275) to work on /usr/local/lib/python3.10/dist-packages/airflow/example_dags/example_branch_operator_decorator.py
[2023-12-20T20:53:20.766+0000] {processor.py:829} INFO - Processing file /usr/local/lib/python3.10/dist-packages/airflow/example_dags/example_branch_operator_decorator.py for tasks to queue
[2023-12-20T20:53:20.767+0000] {logging_mixin.py:154} INFO - [2023-12-20T20:53:20.767+0000] {dagbag.py:536} INFO - Filling up the DagBag from /usr/local/lib/python3.10/dist-packages/airflow/example_dags/example_branch_operator_decorator.py
[2023-12-20T20:53:20.784+0000] {processor.py:839} INFO - DAG(s) dict_keys(['example_branch_python_operator_decorator']) retrieved from /usr/local/lib/python3.10/dist-packages/airflow/example_dags/example_branch_operator_decorator.py
[2023-12-20T20:53:20.812+0000] {logging_mixin.py:154} INFO - [2023-12-20T20:53:20.812+0000] {dag.py:2941} INFO - Sync 1 DAGs
[2023-12-20T20:53:20.845+0000] {logging_mixin.py:154} INFO - [2023-12-20T20:53:20.845+0000] {dag.py:3722} INFO - Setting next_dagrun for example_branch_python_operator_decorator to 2023-12-19T00:00:00+00:00, run_after=2023-12-20T00:00:00+00:00
[2023-12-20T20:53:20.885+0000] {processor.py:179} INFO - Processing /usr/local/lib/python3.10/dist-packages/airflow/example_dags/example_branch_operator_decorator.py took 0.126 seconds
[2023-12-20T20:59:03.197+0000] {processor.py:157} INFO - Started process (PID=20448) to work on /usr/local/lib/python3.10/dist-packages/airflow/example_dags/example_branch_operator_decorator.py
[2023-12-20T20:59:03.199+0000] {processor.py:829} INFO - Processing file /usr/local/lib/python3.10/dist-packages/airflow/example_dags/example_branch_operator_decorator.py for tasks to queue
[2023-12-20T20:59:03.200+0000] {logging_mixin.py:154} INFO - [2023-12-20T20:59:03.200+0000] {dagbag.py:536} INFO - Filling up the DagBag from /usr/local/lib/python3.10/dist-packages/airflow/example_dags/example_branch_operator_decorator.py
[2023-12-20T20:59:03.222+0000] {processor.py:839} INFO - DAG(s) dict_keys(['example_branch_python_operator_decorator']) retrieved from /usr/local/lib/python3.10/dist-packages/airflow/example_dags/example_branch_operator_decorator.py
[2023-12-20T20:59:03.253+0000] {logging_mixin.py:154} INFO - [2023-12-20T20:59:03.253+0000] {dag.py:2941} INFO - Sync 1 DAGs
[2023-12-20T20:59:03.273+0000] {logging_mixin.py:154} INFO - [2023-12-20T20:59:03.272+0000] {dag.py:3722} INFO - Setting next_dagrun for example_branch_python_operator_decorator to 2023-12-19T00:00:00+00:00, run_after=2023-12-20T00:00:00+00:00
[2023-12-20T20:59:03.295+0000] {processor.py:179} INFO - Processing /usr/local/lib/python3.10/dist-packages/airflow/example_dags/example_branch_operator_decorator.py took 0.106 seconds
[2023-12-20T21:03:01.464+0000] {processor.py:157} INFO - Started process (PID=20786) to work on /usr/local/lib/python3.10/dist-packages/airflow/example_dags/example_branch_operator_decorator.py
[2023-12-20T21:03:01.473+0000] {processor.py:829} INFO - Processing file /usr/local/lib/python3.10/dist-packages/airflow/example_dags/example_branch_operator_decorator.py for tasks to queue
[2023-12-20T21:03:01.474+0000] {logging_mixin.py:154} INFO - [2023-12-20T21:03:01.474+0000] {dagbag.py:536} INFO - Filling up the DagBag from /usr/local/lib/python3.10/dist-packages/airflow/example_dags/example_branch_operator_decorator.py
[2023-12-20T21:03:01.485+0000] {processor.py:839} INFO - DAG(s) dict_keys(['example_branch_python_operator_decorator']) retrieved from /usr/local/lib/python3.10/dist-packages/airflow/example_dags/example_branch_operator_decorator.py
[2023-12-20T21:03:01.506+0000] {logging_mixin.py:154} INFO - [2023-12-20T21:03:01.506+0000] {dag.py:2941} INFO - Sync 1 DAGs
[2023-12-20T21:03:01.530+0000] {logging_mixin.py:154} INFO - [2023-12-20T21:03:01.530+0000] {dag.py:3722} INFO - Setting next_dagrun for example_branch_python_operator_decorator to 2023-12-19T00:00:00+00:00, run_after=2023-12-20T00:00:00+00:00
[2023-12-20T21:03:01.553+0000] {processor.py:179} INFO - Processing /usr/local/lib/python3.10/dist-packages/airflow/example_dags/example_branch_operator_decorator.py took 0.093 seconds
[2023-12-20T21:06:52.206+0000] {processor.py:157} INFO - Started process (PID=21115) to work on /usr/local/lib/python3.10/dist-packages/airflow/example_dags/example_branch_operator_decorator.py
[2023-12-20T21:06:52.208+0000] {processor.py:829} INFO - Processing file /usr/local/lib/python3.10/dist-packages/airflow/example_dags/example_branch_operator_decorator.py for tasks to queue
[2023-12-20T21:06:52.208+0000] {logging_mixin.py:154} INFO - [2023-12-20T21:06:52.208+0000] {dagbag.py:536} INFO - Filling up the DagBag from /usr/local/lib/python3.10/dist-packages/airflow/example_dags/example_branch_operator_decorator.py
[2023-12-20T21:06:52.219+0000] {processor.py:839} INFO - DAG(s) dict_keys(['example_branch_python_operator_decorator']) retrieved from /usr/local/lib/python3.10/dist-packages/airflow/example_dags/example_branch_operator_decorator.py
[2023-12-20T21:06:52.237+0000] {logging_mixin.py:154} INFO - [2023-12-20T21:06:52.237+0000] {dag.py:2941} INFO - Sync 1 DAGs
[2023-12-20T21:06:52.257+0000] {logging_mixin.py:154} INFO - [2023-12-20T21:06:52.257+0000] {dag.py:3722} INFO - Setting next_dagrun for example_branch_python_operator_decorator to 2023-12-19T00:00:00+00:00, run_after=2023-12-20T00:00:00+00:00
[2023-12-20T21:06:52.277+0000] {processor.py:179} INFO - Processing /usr/local/lib/python3.10/dist-packages/airflow/example_dags/example_branch_operator_decorator.py took 0.073 seconds
[2023-12-20T21:10:42.092+0000] {processor.py:157} INFO - Started process (PID=21460) to work on /usr/local/lib/python3.10/dist-packages/airflow/example_dags/example_branch_operator_decorator.py
[2023-12-20T21:10:42.094+0000] {processor.py:829} INFO - Processing file /usr/local/lib/python3.10/dist-packages/airflow/example_dags/example_branch_operator_decorator.py for tasks to queue
[2023-12-20T21:10:42.095+0000] {logging_mixin.py:154} INFO - [2023-12-20T21:10:42.095+0000] {dagbag.py:536} INFO - Filling up the DagBag from /usr/local/lib/python3.10/dist-packages/airflow/example_dags/example_branch_operator_decorator.py
[2023-12-20T21:10:42.105+0000] {processor.py:839} INFO - DAG(s) dict_keys(['example_branch_python_operator_decorator']) retrieved from /usr/local/lib/python3.10/dist-packages/airflow/example_dags/example_branch_operator_decorator.py
[2023-12-20T21:10:42.124+0000] {logging_mixin.py:154} INFO - [2023-12-20T21:10:42.123+0000] {dag.py:2941} INFO - Sync 1 DAGs
[2023-12-20T21:10:42.145+0000] {logging_mixin.py:154} INFO - [2023-12-20T21:10:42.145+0000] {dag.py:3722} INFO - Setting next_dagrun for example_branch_python_operator_decorator to 2023-12-19T00:00:00+00:00, run_after=2023-12-20T00:00:00+00:00
[2023-12-20T21:10:42.171+0000] {processor.py:179} INFO - Processing /usr/local/lib/python3.10/dist-packages/airflow/example_dags/example_branch_operator_decorator.py took 0.082 seconds
[2023-12-20T21:14:30.435+0000] {processor.py:157} INFO - Started process (PID=21795) to work on /usr/local/lib/python3.10/dist-packages/airflow/example_dags/example_branch_operator_decorator.py
[2023-12-20T21:14:30.437+0000] {processor.py:829} INFO - Processing file /usr/local/lib/python3.10/dist-packages/airflow/example_dags/example_branch_operator_decorator.py for tasks to queue
[2023-12-20T21:14:30.438+0000] {logging_mixin.py:154} INFO - [2023-12-20T21:14:30.438+0000] {dagbag.py:536} INFO - Filling up the DagBag from /usr/local/lib/python3.10/dist-packages/airflow/example_dags/example_branch_operator_decorator.py
[2023-12-20T21:14:30.453+0000] {processor.py:839} INFO - DAG(s) dict_keys(['example_branch_python_operator_decorator']) retrieved from /usr/local/lib/python3.10/dist-packages/airflow/example_dags/example_branch_operator_decorator.py
[2023-12-20T21:14:30.476+0000] {logging_mixin.py:154} INFO - [2023-12-20T21:14:30.476+0000] {dag.py:2941} INFO - Sync 1 DAGs
[2023-12-20T21:14:30.504+0000] {logging_mixin.py:154} INFO - [2023-12-20T21:14:30.504+0000] {dag.py:3722} INFO - Setting next_dagrun for example_branch_python_operator_decorator to 2023-12-19T00:00:00+00:00, run_after=2023-12-20T00:00:00+00:00
[2023-12-20T21:14:30.533+0000] {processor.py:179} INFO - Processing /usr/local/lib/python3.10/dist-packages/airflow/example_dags/example_branch_operator_decorator.py took 0.102 seconds
[2023-12-20T21:18:20.729+0000] {processor.py:157} INFO - Started process (PID=22128) to work on /usr/local/lib/python3.10/dist-packages/airflow/example_dags/example_branch_operator_decorator.py
[2023-12-20T21:18:20.730+0000] {processor.py:829} INFO - Processing file /usr/local/lib/python3.10/dist-packages/airflow/example_dags/example_branch_operator_decorator.py for tasks to queue
[2023-12-20T21:18:20.731+0000] {logging_mixin.py:154} INFO - [2023-12-20T21:18:20.731+0000] {dagbag.py:536} INFO - Filling up the DagBag from /usr/local/lib/python3.10/dist-packages/airflow/example_dags/example_branch_operator_decorator.py
[2023-12-20T21:18:20.741+0000] {processor.py:839} INFO - DAG(s) dict_keys(['example_branch_python_operator_decorator']) retrieved from /usr/local/lib/python3.10/dist-packages/airflow/example_dags/example_branch_operator_decorator.py
[2023-12-20T21:18:20.760+0000] {logging_mixin.py:154} INFO - [2023-12-20T21:18:20.759+0000] {dag.py:2941} INFO - Sync 1 DAGs
[2023-12-20T21:18:20.779+0000] {logging_mixin.py:154} INFO - [2023-12-20T21:18:20.779+0000] {dag.py:3722} INFO - Setting next_dagrun for example_branch_python_operator_decorator to 2023-12-19T00:00:00+00:00, run_after=2023-12-20T00:00:00+00:00
[2023-12-20T21:18:20.801+0000] {processor.py:179} INFO - Processing /usr/local/lib/python3.10/dist-packages/airflow/example_dags/example_branch_operator_decorator.py took 0.076 seconds
[2023-12-20T21:22:14.444+0000] {processor.py:157} INFO - Started process (PID=22459) to work on /usr/local/lib/python3.10/dist-packages/airflow/example_dags/example_branch_operator_decorator.py
[2023-12-20T21:22:14.445+0000] {processor.py:829} INFO - Processing file /usr/local/lib/python3.10/dist-packages/airflow/example_dags/example_branch_operator_decorator.py for tasks to queue
[2023-12-20T21:22:14.446+0000] {logging_mixin.py:154} INFO - [2023-12-20T21:22:14.446+0000] {dagbag.py:536} INFO - Filling up the DagBag from /usr/local/lib/python3.10/dist-packages/airflow/example_dags/example_branch_operator_decorator.py
[2023-12-20T21:22:14.457+0000] {processor.py:839} INFO - DAG(s) dict_keys(['example_branch_python_operator_decorator']) retrieved from /usr/local/lib/python3.10/dist-packages/airflow/example_dags/example_branch_operator_decorator.py
[2023-12-20T21:22:14.490+0000] {logging_mixin.py:154} INFO - [2023-12-20T21:22:14.490+0000] {dag.py:2941} INFO - Sync 1 DAGs
[2023-12-20T21:22:14.516+0000] {logging_mixin.py:154} INFO - [2023-12-20T21:22:14.516+0000] {dag.py:3722} INFO - Setting next_dagrun for example_branch_python_operator_decorator to 2023-12-19T00:00:00+00:00, run_after=2023-12-20T00:00:00+00:00
[2023-12-20T21:22:14.546+0000] {processor.py:179} INFO - Processing /usr/local/lib/python3.10/dist-packages/airflow/example_dags/example_branch_operator_decorator.py took 0.105 seconds
[2023-12-20T21:28:44.034+0000] {processor.py:157} INFO - Started process (PID=22814) to work on /usr/local/lib/python3.10/dist-packages/airflow/example_dags/example_branch_operator_decorator.py
[2023-12-20T21:28:44.085+0000] {processor.py:829} INFO - Processing file /usr/local/lib/python3.10/dist-packages/airflow/example_dags/example_branch_operator_decorator.py for tasks to queue
[2023-12-20T21:28:44.086+0000] {logging_mixin.py:154} INFO - [2023-12-20T21:28:44.086+0000] {dagbag.py:536} INFO - Filling up the DagBag from /usr/local/lib/python3.10/dist-packages/airflow/example_dags/example_branch_operator_decorator.py
[2023-12-20T21:28:44.098+0000] {processor.py:839} INFO - DAG(s) dict_keys(['example_branch_python_operator_decorator']) retrieved from /usr/local/lib/python3.10/dist-packages/airflow/example_dags/example_branch_operator_decorator.py
[2023-12-20T21:28:44.115+0000] {logging_mixin.py:154} INFO - [2023-12-20T21:28:44.115+0000] {dag.py:2941} INFO - Sync 1 DAGs
[2023-12-20T21:28:44.184+0000] {logging_mixin.py:154} INFO - [2023-12-20T21:28:44.184+0000] {dag.py:3722} INFO - Setting next_dagrun for example_branch_python_operator_decorator to 2023-12-19T00:00:00+00:00, run_after=2023-12-20T00:00:00+00:00
[2023-12-20T21:28:44.247+0000] {processor.py:179} INFO - Processing /usr/local/lib/python3.10/dist-packages/airflow/example_dags/example_branch_operator_decorator.py took 0.216 seconds
