[2023-12-20T20:22:56.113+0000] {processor.py:157} INFO - Started process (PID=1013) to work on /usr/local/lib/python3.10/dist-packages/airflow/example_dags/example_nested_branch_dag.py
[2023-12-20T20:22:56.114+0000] {processor.py:829} INFO - Processing file /usr/local/lib/python3.10/dist-packages/airflow/example_dags/example_nested_branch_dag.py for tasks to queue
[2023-12-20T20:22:56.114+0000] {logging_mixin.py:154} INFO - [2023-12-20T20:22:56.114+0000] {dagbag.py:536} INFO - Filling up the DagBag from /usr/local/lib/python3.10/dist-packages/airflow/example_dags/example_nested_branch_dag.py
[2023-12-20T20:22:56.136+0000] {processor.py:839} INFO - DAG(s) dict_keys(['example_nested_branch_dag']) retrieved from /usr/local/lib/python3.10/dist-packages/airflow/example_dags/example_nested_branch_dag.py
[2023-12-20T20:22:56.180+0000] {logging_mixin.py:154} INFO - [2023-12-20T20:22:56.180+0000] {dag.py:2941} INFO - Sync 1 DAGs
[2023-12-20T20:22:56.204+0000] {logging_mixin.py:154} INFO - [2023-12-20T20:22:56.199+0000] {dag.py:3722} INFO - Setting next_dagrun for example_nested_branch_dag to 2023-12-19T00:00:00+00:00, run_after=2023-12-20T00:00:00+00:00
[2023-12-20T20:22:56.237+0000] {processor.py:179} INFO - Processing /usr/local/lib/python3.10/dist-packages/airflow/example_dags/example_nested_branch_dag.py took 0.127 seconds
[2023-12-20T20:27:07.664+0000] {processor.py:157} INFO - Started process (PID=1321) to work on /usr/local/lib/python3.10/dist-packages/airflow/example_dags/example_nested_branch_dag.py
[2023-12-20T20:27:07.666+0000] {processor.py:829} INFO - Processing file /usr/local/lib/python3.10/dist-packages/airflow/example_dags/example_nested_branch_dag.py for tasks to queue
[2023-12-20T20:27:07.667+0000] {logging_mixin.py:154} INFO - [2023-12-20T20:27:07.667+0000] {dagbag.py:536} INFO - Filling up the DagBag from /usr/local/lib/python3.10/dist-packages/airflow/example_dags/example_nested_branch_dag.py
[2023-12-20T20:27:07.681+0000] {processor.py:839} INFO - DAG(s) dict_keys(['example_nested_branch_dag']) retrieved from /usr/local/lib/python3.10/dist-packages/airflow/example_dags/example_nested_branch_dag.py
[2023-12-20T20:27:07.701+0000] {logging_mixin.py:154} INFO - [2023-12-20T20:27:07.701+0000] {dag.py:2941} INFO - Sync 1 DAGs
[2023-12-20T20:27:07.731+0000] {logging_mixin.py:154} INFO - [2023-12-20T20:27:07.731+0000] {dag.py:3722} INFO - Setting next_dagrun for example_nested_branch_dag to 2023-12-19T00:00:00+00:00, run_after=2023-12-20T00:00:00+00:00
[2023-12-20T20:27:07.761+0000] {processor.py:179} INFO - Processing /usr/local/lib/python3.10/dist-packages/airflow/example_dags/example_nested_branch_dag.py took 0.101 seconds
[2023-12-20T20:29:22.604+0000] {processor.py:157} INFO - Started process (PID=1490) to work on /usr/local/lib/python3.10/dist-packages/airflow/example_dags/example_nested_branch_dag.py
[2023-12-20T20:29:22.611+0000] {processor.py:829} INFO - Processing file /usr/local/lib/python3.10/dist-packages/airflow/example_dags/example_nested_branch_dag.py for tasks to queue
[2023-12-20T20:29:22.612+0000] {logging_mixin.py:154} INFO - [2023-12-20T20:29:22.612+0000] {dagbag.py:536} INFO - Filling up the DagBag from /usr/local/lib/python3.10/dist-packages/airflow/example_dags/example_nested_branch_dag.py
[2023-12-20T20:29:22.622+0000] {processor.py:839} INFO - DAG(s) dict_keys(['example_nested_branch_dag']) retrieved from /usr/local/lib/python3.10/dist-packages/airflow/example_dags/example_nested_branch_dag.py
[2023-12-20T20:29:22.637+0000] {logging_mixin.py:154} INFO - [2023-12-20T20:29:22.637+0000] {dag.py:2941} INFO - Sync 1 DAGs
[2023-12-20T20:29:22.655+0000] {logging_mixin.py:154} INFO - [2023-12-20T20:29:22.655+0000] {dag.py:3722} INFO - Setting next_dagrun for example_nested_branch_dag to 2023-12-19T00:00:00+00:00, run_after=2023-12-20T00:00:00+00:00
[2023-12-20T20:29:22.820+0000] {processor.py:179} INFO - Processing /usr/local/lib/python3.10/dist-packages/airflow/example_dags/example_nested_branch_dag.py took 0.218 seconds
[2023-12-20T20:32:22.061+0000] {processor.py:157} INFO - Started process (PID=1720) to work on /usr/local/lib/python3.10/dist-packages/airflow/example_dags/example_nested_branch_dag.py
[2023-12-20T20:32:22.062+0000] {processor.py:829} INFO - Processing file /usr/local/lib/python3.10/dist-packages/airflow/example_dags/example_nested_branch_dag.py for tasks to queue
[2023-12-20T20:32:22.063+0000] {logging_mixin.py:154} INFO - [2023-12-20T20:32:22.063+0000] {dagbag.py:536} INFO - Filling up the DagBag from /usr/local/lib/python3.10/dist-packages/airflow/example_dags/example_nested_branch_dag.py
[2023-12-20T20:32:22.074+0000] {processor.py:839} INFO - DAG(s) dict_keys(['example_nested_branch_dag']) retrieved from /usr/local/lib/python3.10/dist-packages/airflow/example_dags/example_nested_branch_dag.py
[2023-12-20T20:32:22.093+0000] {logging_mixin.py:154} INFO - [2023-12-20T20:32:22.093+0000] {dag.py:2941} INFO - Sync 1 DAGs
[2023-12-20T20:32:22.274+0000] {logging_mixin.py:154} INFO - [2023-12-20T20:32:22.274+0000] {dag.py:3722} INFO - Setting next_dagrun for example_nested_branch_dag to 2023-12-19T00:00:00+00:00, run_after=2023-12-20T00:00:00+00:00
[2023-12-20T20:32:22.293+0000] {processor.py:179} INFO - Processing /usr/local/lib/python3.10/dist-packages/airflow/example_dags/example_nested_branch_dag.py took 0.235 seconds
[2023-12-20T20:35:30.342+0000] {processor.py:157} INFO - Started process (PID=1969) to work on /usr/local/lib/python3.10/dist-packages/airflow/example_dags/example_nested_branch_dag.py
[2023-12-20T20:35:30.343+0000] {processor.py:829} INFO - Processing file /usr/local/lib/python3.10/dist-packages/airflow/example_dags/example_nested_branch_dag.py for tasks to queue
[2023-12-20T20:35:30.344+0000] {logging_mixin.py:154} INFO - [2023-12-20T20:35:30.344+0000] {dagbag.py:536} INFO - Filling up the DagBag from /usr/local/lib/python3.10/dist-packages/airflow/example_dags/example_nested_branch_dag.py
[2023-12-20T20:35:30.354+0000] {processor.py:839} INFO - DAG(s) dict_keys(['example_nested_branch_dag']) retrieved from /usr/local/lib/python3.10/dist-packages/airflow/example_dags/example_nested_branch_dag.py
[2023-12-20T20:35:30.372+0000] {logging_mixin.py:154} INFO - [2023-12-20T20:35:30.372+0000] {dag.py:2941} INFO - Sync 1 DAGs
[2023-12-20T20:35:30.391+0000] {logging_mixin.py:154} INFO - [2023-12-20T20:35:30.391+0000] {dag.py:3722} INFO - Setting next_dagrun for example_nested_branch_dag to 2023-12-19T00:00:00+00:00, run_after=2023-12-20T00:00:00+00:00
[2023-12-20T20:35:30.412+0000] {processor.py:179} INFO - Processing /usr/local/lib/python3.10/dist-packages/airflow/example_dags/example_nested_branch_dag.py took 0.073 seconds
[2023-12-20T20:38:54.995+0000] {processor.py:157} INFO - Started process (PID=2233) to work on /usr/local/lib/python3.10/dist-packages/airflow/example_dags/example_nested_branch_dag.py
[2023-12-20T20:38:54.997+0000] {processor.py:829} INFO - Processing file /usr/local/lib/python3.10/dist-packages/airflow/example_dags/example_nested_branch_dag.py for tasks to queue
[2023-12-20T20:38:54.998+0000] {logging_mixin.py:154} INFO - [2023-12-20T20:38:54.998+0000] {dagbag.py:536} INFO - Filling up the DagBag from /usr/local/lib/python3.10/dist-packages/airflow/example_dags/example_nested_branch_dag.py
[2023-12-20T20:38:55.016+0000] {processor.py:839} INFO - DAG(s) dict_keys(['example_nested_branch_dag']) retrieved from /usr/local/lib/python3.10/dist-packages/airflow/example_dags/example_nested_branch_dag.py
[2023-12-20T20:38:55.036+0000] {logging_mixin.py:154} INFO - [2023-12-20T20:38:55.036+0000] {dag.py:2941} INFO - Sync 1 DAGs
[2023-12-20T20:38:55.058+0000] {logging_mixin.py:154} INFO - [2023-12-20T20:38:55.058+0000] {dag.py:3722} INFO - Setting next_dagrun for example_nested_branch_dag to 2023-12-19T00:00:00+00:00, run_after=2023-12-20T00:00:00+00:00
[2023-12-20T20:38:55.081+0000] {processor.py:179} INFO - Processing /usr/local/lib/python3.10/dist-packages/airflow/example_dags/example_nested_branch_dag.py took 0.089 seconds
[2023-12-20T20:42:25.468+0000] {processor.py:157} INFO - Started process (PID=2495) to work on /usr/local/lib/python3.10/dist-packages/airflow/example_dags/example_nested_branch_dag.py
[2023-12-20T20:42:25.470+0000] {processor.py:829} INFO - Processing file /usr/local/lib/python3.10/dist-packages/airflow/example_dags/example_nested_branch_dag.py for tasks to queue
[2023-12-20T20:42:25.471+0000] {logging_mixin.py:154} INFO - [2023-12-20T20:42:25.470+0000] {dagbag.py:536} INFO - Filling up the DagBag from /usr/local/lib/python3.10/dist-packages/airflow/example_dags/example_nested_branch_dag.py
[2023-12-20T20:42:25.486+0000] {processor.py:839} INFO - DAG(s) dict_keys(['example_nested_branch_dag']) retrieved from /usr/local/lib/python3.10/dist-packages/airflow/example_dags/example_nested_branch_dag.py
[2023-12-20T20:42:25.504+0000] {logging_mixin.py:154} INFO - [2023-12-20T20:42:25.503+0000] {dag.py:2941} INFO - Sync 1 DAGs
[2023-12-20T20:42:25.524+0000] {logging_mixin.py:154} INFO - [2023-12-20T20:42:25.524+0000] {dag.py:3722} INFO - Setting next_dagrun for example_nested_branch_dag to 2023-12-19T00:00:00+00:00, run_after=2023-12-20T00:00:00+00:00
[2023-12-20T20:42:25.547+0000] {processor.py:179} INFO - Processing /usr/local/lib/python3.10/dist-packages/airflow/example_dags/example_nested_branch_dag.py took 0.081 seconds
[2023-12-20T20:45:33.485+0000] {processor.py:157} INFO - Started process (PID=2718) to work on /usr/local/lib/python3.10/dist-packages/airflow/example_dags/example_nested_branch_dag.py
[2023-12-20T20:45:33.515+0000] {processor.py:829} INFO - Processing file /usr/local/lib/python3.10/dist-packages/airflow/example_dags/example_nested_branch_dag.py for tasks to queue
[2023-12-20T20:45:33.516+0000] {logging_mixin.py:154} INFO - [2023-12-20T20:45:33.515+0000] {dagbag.py:536} INFO - Filling up the DagBag from /usr/local/lib/python3.10/dist-packages/airflow/example_dags/example_nested_branch_dag.py
[2023-12-20T20:45:33.529+0000] {processor.py:839} INFO - DAG(s) dict_keys(['example_nested_branch_dag']) retrieved from /usr/local/lib/python3.10/dist-packages/airflow/example_dags/example_nested_branch_dag.py
[2023-12-20T20:45:33.557+0000] {logging_mixin.py:154} INFO - [2023-12-20T20:45:33.557+0000] {dag.py:2941} INFO - Sync 1 DAGs
[2023-12-20T20:45:33.587+0000] {logging_mixin.py:154} INFO - [2023-12-20T20:45:33.587+0000] {dag.py:3722} INFO - Setting next_dagrun for example_nested_branch_dag to 2023-12-19T00:00:00+00:00, run_after=2023-12-20T00:00:00+00:00
[2023-12-20T20:45:33.611+0000] {processor.py:179} INFO - Processing /usr/local/lib/python3.10/dist-packages/airflow/example_dags/example_nested_branch_dag.py took 0.131 seconds
[2023-12-20T20:48:23.304+0000] {processor.py:157} INFO - Started process (PID=2915) to work on /usr/local/lib/python3.10/dist-packages/airflow/example_dags/example_nested_branch_dag.py
[2023-12-20T20:48:23.306+0000] {processor.py:829} INFO - Processing file /usr/local/lib/python3.10/dist-packages/airflow/example_dags/example_nested_branch_dag.py for tasks to queue
[2023-12-20T20:48:23.307+0000] {logging_mixin.py:154} INFO - [2023-12-20T20:48:23.306+0000] {dagbag.py:536} INFO - Filling up the DagBag from /usr/local/lib/python3.10/dist-packages/airflow/example_dags/example_nested_branch_dag.py
[2023-12-20T20:48:23.317+0000] {processor.py:839} INFO - DAG(s) dict_keys(['example_nested_branch_dag']) retrieved from /usr/local/lib/python3.10/dist-packages/airflow/example_dags/example_nested_branch_dag.py
[2023-12-20T20:48:23.334+0000] {logging_mixin.py:154} INFO - [2023-12-20T20:48:23.334+0000] {dag.py:2941} INFO - Sync 1 DAGs
[2023-12-20T20:48:23.356+0000] {logging_mixin.py:154} INFO - [2023-12-20T20:48:23.356+0000] {dag.py:3722} INFO - Setting next_dagrun for example_nested_branch_dag to 2023-12-19T00:00:00+00:00, run_after=2023-12-20T00:00:00+00:00
[2023-12-20T20:48:23.378+0000] {processor.py:179} INFO - Processing /usr/local/lib/python3.10/dist-packages/airflow/example_dags/example_nested_branch_dag.py took 0.077 seconds
[2023-12-20T20:51:20.821+0000] {processor.py:157} INFO - Started process (PID=3130) to work on /usr/local/lib/python3.10/dist-packages/airflow/example_dags/example_nested_branch_dag.py
[2023-12-20T20:51:20.823+0000] {processor.py:829} INFO - Processing file /usr/local/lib/python3.10/dist-packages/airflow/example_dags/example_nested_branch_dag.py for tasks to queue
[2023-12-20T20:51:20.824+0000] {logging_mixin.py:154} INFO - [2023-12-20T20:51:20.824+0000] {dagbag.py:536} INFO - Filling up the DagBag from /usr/local/lib/python3.10/dist-packages/airflow/example_dags/example_nested_branch_dag.py
[2023-12-20T20:51:20.841+0000] {processor.py:839} INFO - DAG(s) dict_keys(['example_nested_branch_dag']) retrieved from /usr/local/lib/python3.10/dist-packages/airflow/example_dags/example_nested_branch_dag.py
[2023-12-20T20:51:20.870+0000] {logging_mixin.py:154} INFO - [2023-12-20T20:51:20.870+0000] {dag.py:2941} INFO - Sync 1 DAGs
[2023-12-20T20:51:20.901+0000] {logging_mixin.py:154} INFO - [2023-12-20T20:51:20.901+0000] {dag.py:3722} INFO - Setting next_dagrun for example_nested_branch_dag to 2023-12-19T00:00:00+00:00, run_after=2023-12-20T00:00:00+00:00
[2023-12-20T20:51:20.925+0000] {processor.py:179} INFO - Processing /usr/local/lib/python3.10/dist-packages/airflow/example_dags/example_nested_branch_dag.py took 0.109 seconds
[2023-12-20T20:54:47.291+0000] {processor.py:157} INFO - Started process (PID=11039) to work on /usr/local/lib/python3.10/dist-packages/airflow/example_dags/example_nested_branch_dag.py
[2023-12-20T20:54:47.300+0000] {processor.py:829} INFO - Processing file /usr/local/lib/python3.10/dist-packages/airflow/example_dags/example_nested_branch_dag.py for tasks to queue
[2023-12-20T20:54:47.301+0000] {logging_mixin.py:154} INFO - [2023-12-20T20:54:47.301+0000] {dagbag.py:536} INFO - Filling up the DagBag from /usr/local/lib/python3.10/dist-packages/airflow/example_dags/example_nested_branch_dag.py
[2023-12-20T20:54:47.316+0000] {processor.py:839} INFO - DAG(s) dict_keys(['example_nested_branch_dag']) retrieved from /usr/local/lib/python3.10/dist-packages/airflow/example_dags/example_nested_branch_dag.py
[2023-12-20T20:54:47.343+0000] {logging_mixin.py:154} INFO - [2023-12-20T20:54:47.343+0000] {dag.py:2941} INFO - Sync 1 DAGs
[2023-12-20T20:54:47.384+0000] {logging_mixin.py:154} INFO - [2023-12-20T20:54:47.383+0000] {dag.py:3722} INFO - Setting next_dagrun for example_nested_branch_dag to 2023-12-19T00:00:00+00:00, run_after=2023-12-20T00:00:00+00:00
[2023-12-20T20:54:47.417+0000] {processor.py:179} INFO - Processing /usr/local/lib/python3.10/dist-packages/airflow/example_dags/example_nested_branch_dag.py took 0.130 seconds
[2023-12-20T20:57:48.949+0000] {processor.py:157} INFO - Started process (PID=20350) to work on /usr/local/lib/python3.10/dist-packages/airflow/example_dags/example_nested_branch_dag.py
[2023-12-20T20:57:48.950+0000] {processor.py:829} INFO - Processing file /usr/local/lib/python3.10/dist-packages/airflow/example_dags/example_nested_branch_dag.py for tasks to queue
[2023-12-20T20:57:48.951+0000] {logging_mixin.py:154} INFO - [2023-12-20T20:57:48.951+0000] {dagbag.py:536} INFO - Filling up the DagBag from /usr/local/lib/python3.10/dist-packages/airflow/example_dags/example_nested_branch_dag.py
[2023-12-20T20:57:48.962+0000] {processor.py:839} INFO - DAG(s) dict_keys(['example_nested_branch_dag']) retrieved from /usr/local/lib/python3.10/dist-packages/airflow/example_dags/example_nested_branch_dag.py
[2023-12-20T20:57:48.979+0000] {logging_mixin.py:154} INFO - [2023-12-20T20:57:48.979+0000] {dag.py:2941} INFO - Sync 1 DAGs
[2023-12-20T20:57:48.999+0000] {logging_mixin.py:154} INFO - [2023-12-20T20:57:48.999+0000] {dag.py:3722} INFO - Setting next_dagrun for example_nested_branch_dag to 2023-12-19T00:00:00+00:00, run_after=2023-12-20T00:00:00+00:00
[2023-12-20T20:57:49.020+0000] {processor.py:179} INFO - Processing /usr/local/lib/python3.10/dist-packages/airflow/example_dags/example_nested_branch_dag.py took 0.075 seconds
[2023-12-20T20:59:58.878+0000] {processor.py:157} INFO - Started process (PID=20530) to work on /usr/local/lib/python3.10/dist-packages/airflow/example_dags/example_nested_branch_dag.py
[2023-12-20T20:59:58.880+0000] {processor.py:829} INFO - Processing file /usr/local/lib/python3.10/dist-packages/airflow/example_dags/example_nested_branch_dag.py for tasks to queue
[2023-12-20T20:59:58.880+0000] {logging_mixin.py:154} INFO - [2023-12-20T20:59:58.880+0000] {dagbag.py:536} INFO - Filling up the DagBag from /usr/local/lib/python3.10/dist-packages/airflow/example_dags/example_nested_branch_dag.py
[2023-12-20T20:59:58.891+0000] {processor.py:839} INFO - DAG(s) dict_keys(['example_nested_branch_dag']) retrieved from /usr/local/lib/python3.10/dist-packages/airflow/example_dags/example_nested_branch_dag.py
[2023-12-20T20:59:58.907+0000] {logging_mixin.py:154} INFO - [2023-12-20T20:59:58.907+0000] {dag.py:2941} INFO - Sync 1 DAGs
[2023-12-20T20:59:58.927+0000] {logging_mixin.py:154} INFO - [2023-12-20T20:59:58.926+0000] {dag.py:3722} INFO - Setting next_dagrun for example_nested_branch_dag to 2023-12-19T00:00:00+00:00, run_after=2023-12-20T00:00:00+00:00
[2023-12-20T20:59:58.951+0000] {processor.py:179} INFO - Processing /usr/local/lib/python3.10/dist-packages/airflow/example_dags/example_nested_branch_dag.py took 0.076 seconds
[2023-12-20T21:01:59.045+0000] {processor.py:157} INFO - Started process (PID=20697) to work on /usr/local/lib/python3.10/dist-packages/airflow/example_dags/example_nested_branch_dag.py
[2023-12-20T21:01:59.046+0000] {processor.py:829} INFO - Processing file /usr/local/lib/python3.10/dist-packages/airflow/example_dags/example_nested_branch_dag.py for tasks to queue
[2023-12-20T21:01:59.047+0000] {logging_mixin.py:154} INFO - [2023-12-20T21:01:59.047+0000] {dagbag.py:536} INFO - Filling up the DagBag from /usr/local/lib/python3.10/dist-packages/airflow/example_dags/example_nested_branch_dag.py
[2023-12-20T21:01:59.058+0000] {processor.py:839} INFO - DAG(s) dict_keys(['example_nested_branch_dag']) retrieved from /usr/local/lib/python3.10/dist-packages/airflow/example_dags/example_nested_branch_dag.py
[2023-12-20T21:01:59.075+0000] {logging_mixin.py:154} INFO - [2023-12-20T21:01:59.075+0000] {dag.py:2941} INFO - Sync 1 DAGs
[2023-12-20T21:01:59.096+0000] {logging_mixin.py:154} INFO - [2023-12-20T21:01:59.096+0000] {dag.py:3722} INFO - Setting next_dagrun for example_nested_branch_dag to 2023-12-19T00:00:00+00:00, run_after=2023-12-20T00:00:00+00:00
[2023-12-20T21:01:59.118+0000] {processor.py:179} INFO - Processing /usr/local/lib/python3.10/dist-packages/airflow/example_dags/example_nested_branch_dag.py took 0.076 seconds
[2023-12-20T21:03:55.405+0000] {processor.py:157} INFO - Started process (PID=20865) to work on /usr/local/lib/python3.10/dist-packages/airflow/example_dags/example_nested_branch_dag.py
[2023-12-20T21:03:55.407+0000] {processor.py:829} INFO - Processing file /usr/local/lib/python3.10/dist-packages/airflow/example_dags/example_nested_branch_dag.py for tasks to queue
[2023-12-20T21:03:55.407+0000] {logging_mixin.py:154} INFO - [2023-12-20T21:03:55.407+0000] {dagbag.py:536} INFO - Filling up the DagBag from /usr/local/lib/python3.10/dist-packages/airflow/example_dags/example_nested_branch_dag.py
[2023-12-20T21:03:55.418+0000] {processor.py:839} INFO - DAG(s) dict_keys(['example_nested_branch_dag']) retrieved from /usr/local/lib/python3.10/dist-packages/airflow/example_dags/example_nested_branch_dag.py
[2023-12-20T21:03:55.435+0000] {logging_mixin.py:154} INFO - [2023-12-20T21:03:55.435+0000] {dag.py:2941} INFO - Sync 1 DAGs
[2023-12-20T21:03:55.454+0000] {logging_mixin.py:154} INFO - [2023-12-20T21:03:55.454+0000] {dag.py:3722} INFO - Setting next_dagrun for example_nested_branch_dag to 2023-12-19T00:00:00+00:00, run_after=2023-12-20T00:00:00+00:00
[2023-12-20T21:03:55.478+0000] {processor.py:179} INFO - Processing /usr/local/lib/python3.10/dist-packages/airflow/example_dags/example_nested_branch_dag.py took 0.076 seconds
[2023-12-20T21:05:52.217+0000] {processor.py:157} INFO - Started process (PID=21030) to work on /usr/local/lib/python3.10/dist-packages/airflow/example_dags/example_nested_branch_dag.py
[2023-12-20T21:05:52.218+0000] {processor.py:829} INFO - Processing file /usr/local/lib/python3.10/dist-packages/airflow/example_dags/example_nested_branch_dag.py for tasks to queue
[2023-12-20T21:05:52.219+0000] {logging_mixin.py:154} INFO - [2023-12-20T21:05:52.219+0000] {dagbag.py:536} INFO - Filling up the DagBag from /usr/local/lib/python3.10/dist-packages/airflow/example_dags/example_nested_branch_dag.py
[2023-12-20T21:05:52.229+0000] {processor.py:839} INFO - DAG(s) dict_keys(['example_nested_branch_dag']) retrieved from /usr/local/lib/python3.10/dist-packages/airflow/example_dags/example_nested_branch_dag.py
[2023-12-20T21:05:52.246+0000] {logging_mixin.py:154} INFO - [2023-12-20T21:05:52.246+0000] {dag.py:2941} INFO - Sync 1 DAGs
[2023-12-20T21:05:52.266+0000] {logging_mixin.py:154} INFO - [2023-12-20T21:05:52.266+0000] {dag.py:3722} INFO - Setting next_dagrun for example_nested_branch_dag to 2023-12-19T00:00:00+00:00, run_after=2023-12-20T00:00:00+00:00
[2023-12-20T21:05:52.287+0000] {processor.py:179} INFO - Processing /usr/local/lib/python3.10/dist-packages/airflow/example_dags/example_nested_branch_dag.py took 0.073 seconds
[2023-12-20T21:07:46.644+0000] {processor.py:157} INFO - Started process (PID=21194) to work on /usr/local/lib/python3.10/dist-packages/airflow/example_dags/example_nested_branch_dag.py
[2023-12-20T21:07:46.647+0000] {processor.py:829} INFO - Processing file /usr/local/lib/python3.10/dist-packages/airflow/example_dags/example_nested_branch_dag.py for tasks to queue
[2023-12-20T21:07:46.648+0000] {logging_mixin.py:154} INFO - [2023-12-20T21:07:46.648+0000] {dagbag.py:536} INFO - Filling up the DagBag from /usr/local/lib/python3.10/dist-packages/airflow/example_dags/example_nested_branch_dag.py
[2023-12-20T21:07:46.658+0000] {processor.py:839} INFO - DAG(s) dict_keys(['example_nested_branch_dag']) retrieved from /usr/local/lib/python3.10/dist-packages/airflow/example_dags/example_nested_branch_dag.py
[2023-12-20T21:07:46.673+0000] {logging_mixin.py:154} INFO - [2023-12-20T21:07:46.673+0000] {dag.py:2941} INFO - Sync 1 DAGs
[2023-12-20T21:07:46.691+0000] {logging_mixin.py:154} INFO - [2023-12-20T21:07:46.690+0000] {dag.py:3722} INFO - Setting next_dagrun for example_nested_branch_dag to 2023-12-19T00:00:00+00:00, run_after=2023-12-20T00:00:00+00:00
[2023-12-20T21:07:46.709+0000] {processor.py:179} INFO - Processing /usr/local/lib/python3.10/dist-packages/airflow/example_dags/example_nested_branch_dag.py took 0.068 seconds
[2023-12-20T21:09:41.735+0000] {processor.py:157} INFO - Started process (PID=21372) to work on /usr/local/lib/python3.10/dist-packages/airflow/example_dags/example_nested_branch_dag.py
[2023-12-20T21:09:41.742+0000] {processor.py:829} INFO - Processing file /usr/local/lib/python3.10/dist-packages/airflow/example_dags/example_nested_branch_dag.py for tasks to queue
[2023-12-20T21:09:41.743+0000] {logging_mixin.py:154} INFO - [2023-12-20T21:09:41.743+0000] {dagbag.py:536} INFO - Filling up the DagBag from /usr/local/lib/python3.10/dist-packages/airflow/example_dags/example_nested_branch_dag.py
[2023-12-20T21:09:41.752+0000] {processor.py:839} INFO - DAG(s) dict_keys(['example_nested_branch_dag']) retrieved from /usr/local/lib/python3.10/dist-packages/airflow/example_dags/example_nested_branch_dag.py
[2023-12-20T21:09:41.768+0000] {logging_mixin.py:154} INFO - [2023-12-20T21:09:41.768+0000] {dag.py:2941} INFO - Sync 1 DAGs
[2023-12-20T21:09:41.786+0000] {logging_mixin.py:154} INFO - [2023-12-20T21:09:41.785+0000] {dag.py:3722} INFO - Setting next_dagrun for example_nested_branch_dag to 2023-12-19T00:00:00+00:00, run_after=2023-12-20T00:00:00+00:00
[2023-12-20T21:09:41.803+0000] {processor.py:179} INFO - Processing /usr/local/lib/python3.10/dist-packages/airflow/example_dags/example_nested_branch_dag.py took 0.072 seconds
[2023-12-20T21:11:35.365+0000] {processor.py:157} INFO - Started process (PID=21540) to work on /usr/local/lib/python3.10/dist-packages/airflow/example_dags/example_nested_branch_dag.py
[2023-12-20T21:11:35.366+0000] {processor.py:829} INFO - Processing file /usr/local/lib/python3.10/dist-packages/airflow/example_dags/example_nested_branch_dag.py for tasks to queue
[2023-12-20T21:11:35.367+0000] {logging_mixin.py:154} INFO - [2023-12-20T21:11:35.367+0000] {dagbag.py:536} INFO - Filling up the DagBag from /usr/local/lib/python3.10/dist-packages/airflow/example_dags/example_nested_branch_dag.py
[2023-12-20T21:11:35.376+0000] {processor.py:839} INFO - DAG(s) dict_keys(['example_nested_branch_dag']) retrieved from /usr/local/lib/python3.10/dist-packages/airflow/example_dags/example_nested_branch_dag.py
[2023-12-20T21:11:35.394+0000] {logging_mixin.py:154} INFO - [2023-12-20T21:11:35.394+0000] {dag.py:2941} INFO - Sync 1 DAGs
[2023-12-20T21:11:35.416+0000] {logging_mixin.py:154} INFO - [2023-12-20T21:11:35.416+0000] {dag.py:3722} INFO - Setting next_dagrun for example_nested_branch_dag to 2023-12-19T00:00:00+00:00, run_after=2023-12-20T00:00:00+00:00
[2023-12-20T21:11:35.436+0000] {processor.py:179} INFO - Processing /usr/local/lib/python3.10/dist-packages/airflow/example_dags/example_nested_branch_dag.py took 0.074 seconds
[2023-12-20T21:13:31.756+0000] {processor.py:157} INFO - Started process (PID=21709) to work on /usr/local/lib/python3.10/dist-packages/airflow/example_dags/example_nested_branch_dag.py
[2023-12-20T21:13:31.758+0000] {processor.py:829} INFO - Processing file /usr/local/lib/python3.10/dist-packages/airflow/example_dags/example_nested_branch_dag.py for tasks to queue
[2023-12-20T21:13:31.759+0000] {logging_mixin.py:154} INFO - [2023-12-20T21:13:31.759+0000] {dagbag.py:536} INFO - Filling up the DagBag from /usr/local/lib/python3.10/dist-packages/airflow/example_dags/example_nested_branch_dag.py
[2023-12-20T21:13:31.769+0000] {processor.py:839} INFO - DAG(s) dict_keys(['example_nested_branch_dag']) retrieved from /usr/local/lib/python3.10/dist-packages/airflow/example_dags/example_nested_branch_dag.py
[2023-12-20T21:13:31.786+0000] {logging_mixin.py:154} INFO - [2023-12-20T21:13:31.786+0000] {dag.py:2941} INFO - Sync 1 DAGs
[2023-12-20T21:13:31.806+0000] {logging_mixin.py:154} INFO - [2023-12-20T21:13:31.805+0000] {dag.py:3722} INFO - Setting next_dagrun for example_nested_branch_dag to 2023-12-19T00:00:00+00:00, run_after=2023-12-20T00:00:00+00:00
[2023-12-20T21:13:31.825+0000] {processor.py:179} INFO - Processing /usr/local/lib/python3.10/dist-packages/airflow/example_dags/example_nested_branch_dag.py took 0.072 seconds
[2023-12-20T21:15:24.582+0000] {processor.py:157} INFO - Started process (PID=21874) to work on /usr/local/lib/python3.10/dist-packages/airflow/example_dags/example_nested_branch_dag.py
[2023-12-20T21:15:24.583+0000] {processor.py:829} INFO - Processing file /usr/local/lib/python3.10/dist-packages/airflow/example_dags/example_nested_branch_dag.py for tasks to queue
[2023-12-20T21:15:24.584+0000] {logging_mixin.py:154} INFO - [2023-12-20T21:15:24.583+0000] {dagbag.py:536} INFO - Filling up the DagBag from /usr/local/lib/python3.10/dist-packages/airflow/example_dags/example_nested_branch_dag.py
[2023-12-20T21:15:24.593+0000] {processor.py:839} INFO - DAG(s) dict_keys(['example_nested_branch_dag']) retrieved from /usr/local/lib/python3.10/dist-packages/airflow/example_dags/example_nested_branch_dag.py
[2023-12-20T21:15:24.610+0000] {logging_mixin.py:154} INFO - [2023-12-20T21:15:24.610+0000] {dag.py:2941} INFO - Sync 1 DAGs
[2023-12-20T21:15:24.629+0000] {logging_mixin.py:154} INFO - [2023-12-20T21:15:24.629+0000] {dag.py:3722} INFO - Setting next_dagrun for example_nested_branch_dag to 2023-12-19T00:00:00+00:00, run_after=2023-12-20T00:00:00+00:00
[2023-12-20T21:15:24.649+0000] {processor.py:179} INFO - Processing /usr/local/lib/python3.10/dist-packages/airflow/example_dags/example_nested_branch_dag.py took 0.071 seconds
[2023-12-20T21:17:20.515+0000] {processor.py:157} INFO - Started process (PID=22042) to work on /usr/local/lib/python3.10/dist-packages/airflow/example_dags/example_nested_branch_dag.py
[2023-12-20T21:17:20.516+0000] {processor.py:829} INFO - Processing file /usr/local/lib/python3.10/dist-packages/airflow/example_dags/example_nested_branch_dag.py for tasks to queue
[2023-12-20T21:17:20.517+0000] {logging_mixin.py:154} INFO - [2023-12-20T21:17:20.516+0000] {dagbag.py:536} INFO - Filling up the DagBag from /usr/local/lib/python3.10/dist-packages/airflow/example_dags/example_nested_branch_dag.py
[2023-12-20T21:17:20.527+0000] {processor.py:839} INFO - DAG(s) dict_keys(['example_nested_branch_dag']) retrieved from /usr/local/lib/python3.10/dist-packages/airflow/example_dags/example_nested_branch_dag.py
[2023-12-20T21:17:20.543+0000] {logging_mixin.py:154} INFO - [2023-12-20T21:17:20.543+0000] {dag.py:2941} INFO - Sync 1 DAGs
[2023-12-20T21:17:20.562+0000] {logging_mixin.py:154} INFO - [2023-12-20T21:17:20.562+0000] {dag.py:3722} INFO - Setting next_dagrun for example_nested_branch_dag to 2023-12-19T00:00:00+00:00, run_after=2023-12-20T00:00:00+00:00
[2023-12-20T21:17:20.582+0000] {processor.py:179} INFO - Processing /usr/local/lib/python3.10/dist-packages/airflow/example_dags/example_nested_branch_dag.py took 0.070 seconds
[2023-12-20T21:19:15.674+0000] {processor.py:157} INFO - Started process (PID=22207) to work on /usr/local/lib/python3.10/dist-packages/airflow/example_dags/example_nested_branch_dag.py
[2023-12-20T21:19:15.678+0000] {processor.py:829} INFO - Processing file /usr/local/lib/python3.10/dist-packages/airflow/example_dags/example_nested_branch_dag.py for tasks to queue
[2023-12-20T21:19:15.681+0000] {logging_mixin.py:154} INFO - [2023-12-20T21:19:15.681+0000] {dagbag.py:536} INFO - Filling up the DagBag from /usr/local/lib/python3.10/dist-packages/airflow/example_dags/example_nested_branch_dag.py
[2023-12-20T21:19:15.699+0000] {processor.py:839} INFO - DAG(s) dict_keys(['example_nested_branch_dag']) retrieved from /usr/local/lib/python3.10/dist-packages/airflow/example_dags/example_nested_branch_dag.py
[2023-12-20T21:19:15.725+0000] {logging_mixin.py:154} INFO - [2023-12-20T21:19:15.724+0000] {dag.py:2941} INFO - Sync 1 DAGs
[2023-12-20T21:19:15.758+0000] {logging_mixin.py:154} INFO - [2023-12-20T21:19:15.758+0000] {dag.py:3722} INFO - Setting next_dagrun for example_nested_branch_dag to 2023-12-19T00:00:00+00:00, run_after=2023-12-20T00:00:00+00:00
[2023-12-20T21:19:15.782+0000] {processor.py:179} INFO - Processing /usr/local/lib/python3.10/dist-packages/airflow/example_dags/example_nested_branch_dag.py took 0.110 seconds
[2023-12-20T21:21:12.514+0000] {processor.py:157} INFO - Started process (PID=22372) to work on /usr/local/lib/python3.10/dist-packages/airflow/example_dags/example_nested_branch_dag.py
[2023-12-20T21:21:12.516+0000] {processor.py:829} INFO - Processing file /usr/local/lib/python3.10/dist-packages/airflow/example_dags/example_nested_branch_dag.py for tasks to queue
[2023-12-20T21:21:12.517+0000] {logging_mixin.py:154} INFO - [2023-12-20T21:21:12.517+0000] {dagbag.py:536} INFO - Filling up the DagBag from /usr/local/lib/python3.10/dist-packages/airflow/example_dags/example_nested_branch_dag.py
[2023-12-20T21:21:12.530+0000] {processor.py:839} INFO - DAG(s) dict_keys(['example_nested_branch_dag']) retrieved from /usr/local/lib/python3.10/dist-packages/airflow/example_dags/example_nested_branch_dag.py
[2023-12-20T21:21:12.555+0000] {logging_mixin.py:154} INFO - [2023-12-20T21:21:12.555+0000] {dag.py:2941} INFO - Sync 1 DAGs
[2023-12-20T21:21:12.584+0000] {logging_mixin.py:154} INFO - [2023-12-20T21:21:12.584+0000] {dag.py:3722} INFO - Setting next_dagrun for example_nested_branch_dag to 2023-12-19T00:00:00+00:00, run_after=2023-12-20T00:00:00+00:00
[2023-12-20T21:21:12.619+0000] {processor.py:179} INFO - Processing /usr/local/lib/python3.10/dist-packages/airflow/example_dags/example_nested_branch_dag.py took 0.109 seconds
[2023-12-20T21:23:09.645+0000] {processor.py:157} INFO - Started process (PID=22538) to work on /usr/local/lib/python3.10/dist-packages/airflow/example_dags/example_nested_branch_dag.py
[2023-12-20T21:23:09.646+0000] {processor.py:829} INFO - Processing file /usr/local/lib/python3.10/dist-packages/airflow/example_dags/example_nested_branch_dag.py for tasks to queue
[2023-12-20T21:23:09.647+0000] {logging_mixin.py:154} INFO - [2023-12-20T21:23:09.647+0000] {dagbag.py:536} INFO - Filling up the DagBag from /usr/local/lib/python3.10/dist-packages/airflow/example_dags/example_nested_branch_dag.py
[2023-12-20T21:23:09.659+0000] {processor.py:839} INFO - DAG(s) dict_keys(['example_nested_branch_dag']) retrieved from /usr/local/lib/python3.10/dist-packages/airflow/example_dags/example_nested_branch_dag.py
[2023-12-20T21:23:09.677+0000] {logging_mixin.py:154} INFO - [2023-12-20T21:23:09.676+0000] {dag.py:2941} INFO - Sync 1 DAGs
[2023-12-20T21:23:09.696+0000] {logging_mixin.py:154} INFO - [2023-12-20T21:23:09.696+0000] {dag.py:3722} INFO - Setting next_dagrun for example_nested_branch_dag to 2023-12-19T00:00:00+00:00, run_after=2023-12-20T00:00:00+00:00
[2023-12-20T21:23:09.718+0000] {processor.py:179} INFO - Processing /usr/local/lib/python3.10/dist-packages/airflow/example_dags/example_nested_branch_dag.py took 0.076 seconds
[2023-12-20T21:26:01.723+0000] {processor.py:157} INFO - Started process (PID=22704) to work on /usr/local/lib/python3.10/dist-packages/airflow/example_dags/example_nested_branch_dag.py
[2023-12-20T21:26:01.724+0000] {processor.py:829} INFO - Processing file /usr/local/lib/python3.10/dist-packages/airflow/example_dags/example_nested_branch_dag.py for tasks to queue
[2023-12-20T21:26:01.725+0000] {logging_mixin.py:154} INFO - [2023-12-20T21:26:01.725+0000] {dagbag.py:536} INFO - Filling up the DagBag from /usr/local/lib/python3.10/dist-packages/airflow/example_dags/example_nested_branch_dag.py
[2023-12-20T21:26:01.775+0000] {processor.py:839} INFO - DAG(s) dict_keys(['example_nested_branch_dag']) retrieved from /usr/local/lib/python3.10/dist-packages/airflow/example_dags/example_nested_branch_dag.py
[2023-12-20T21:26:01.794+0000] {logging_mixin.py:154} INFO - [2023-12-20T21:26:01.793+0000] {dag.py:2941} INFO - Sync 1 DAGs
[2023-12-20T21:26:01.869+0000] {logging_mixin.py:154} INFO - [2023-12-20T21:26:01.869+0000] {dag.py:3722} INFO - Setting next_dagrun for example_nested_branch_dag to 2023-12-19T00:00:00+00:00, run_after=2023-12-20T00:00:00+00:00
[2023-12-20T21:26:01.944+0000] {processor.py:179} INFO - Processing /usr/local/lib/python3.10/dist-packages/airflow/example_dags/example_nested_branch_dag.py took 0.225 seconds
[2023-12-20T21:30:32.580+0000] {processor.py:157} INFO - Started process (PID=22888) to work on /usr/local/lib/python3.10/dist-packages/airflow/example_dags/example_nested_branch_dag.py
[2023-12-20T21:30:32.581+0000] {processor.py:829} INFO - Processing file /usr/local/lib/python3.10/dist-packages/airflow/example_dags/example_nested_branch_dag.py for tasks to queue
[2023-12-20T21:30:32.582+0000] {logging_mixin.py:154} INFO - [2023-12-20T21:30:32.582+0000] {dagbag.py:536} INFO - Filling up the DagBag from /usr/local/lib/python3.10/dist-packages/airflow/example_dags/example_nested_branch_dag.py
[2023-12-20T21:30:32.593+0000] {processor.py:839} INFO - DAG(s) dict_keys(['example_nested_branch_dag']) retrieved from /usr/local/lib/python3.10/dist-packages/airflow/example_dags/example_nested_branch_dag.py
[2023-12-20T21:30:32.660+0000] {logging_mixin.py:154} INFO - [2023-12-20T21:30:32.660+0000] {dag.py:2941} INFO - Sync 1 DAGs
[2023-12-20T21:30:32.728+0000] {logging_mixin.py:154} INFO - [2023-12-20T21:30:32.728+0000] {dag.py:3722} INFO - Setting next_dagrun for example_nested_branch_dag to 2023-12-19T00:00:00+00:00, run_after=2023-12-20T00:00:00+00:00
[2023-12-20T21:30:32.748+0000] {processor.py:179} INFO - Processing /usr/local/lib/python3.10/dist-packages/airflow/example_dags/example_nested_branch_dag.py took 0.172 seconds
[2023-12-20T21:35:08.443+0000] {processor.py:157} INFO - Started process (PID=23073) to work on /usr/local/lib/python3.10/dist-packages/airflow/example_dags/example_nested_branch_dag.py
[2023-12-20T21:35:08.445+0000] {processor.py:829} INFO - Processing file /usr/local/lib/python3.10/dist-packages/airflow/example_dags/example_nested_branch_dag.py for tasks to queue
[2023-12-20T21:35:08.448+0000] {logging_mixin.py:154} INFO - [2023-12-20T21:35:08.447+0000] {dagbag.py:536} INFO - Filling up the DagBag from /usr/local/lib/python3.10/dist-packages/airflow/example_dags/example_nested_branch_dag.py
[2023-12-20T21:35:08.488+0000] {processor.py:839} INFO - DAG(s) dict_keys(['example_nested_branch_dag']) retrieved from /usr/local/lib/python3.10/dist-packages/airflow/example_dags/example_nested_branch_dag.py
[2023-12-20T21:35:08.506+0000] {logging_mixin.py:154} INFO - [2023-12-20T21:35:08.506+0000] {dag.py:2941} INFO - Sync 1 DAGs
[2023-12-20T21:35:08.575+0000] {logging_mixin.py:154} INFO - [2023-12-20T21:35:08.574+0000] {dag.py:3722} INFO - Setting next_dagrun for example_nested_branch_dag to 2023-12-19T00:00:00+00:00, run_after=2023-12-20T00:00:00+00:00
[2023-12-20T21:35:08.600+0000] {processor.py:179} INFO - Processing /usr/local/lib/python3.10/dist-packages/airflow/example_dags/example_nested_branch_dag.py took 0.168 seconds
