[2023-12-20T20:23:39.192+0000] {processor.py:157} INFO - Started process (PID=1062) to work on /usr/local/lib/python3.10/dist-packages/airflow/example_dags/example_short_circuit_operator.py
[2023-12-20T20:23:39.193+0000] {processor.py:829} INFO - Processing file /usr/local/lib/python3.10/dist-packages/airflow/example_dags/example_short_circuit_operator.py for tasks to queue
[2023-12-20T20:23:39.194+0000] {logging_mixin.py:154} INFO - [2023-12-20T20:23:39.193+0000] {dagbag.py:536} INFO - Filling up the DagBag from /usr/local/lib/python3.10/dist-packages/airflow/example_dags/example_short_circuit_operator.py
[2023-12-20T20:23:39.204+0000] {processor.py:839} INFO - DAG(s) dict_keys(['example_short_circuit_operator']) retrieved from /usr/local/lib/python3.10/dist-packages/airflow/example_dags/example_short_circuit_operator.py
[2023-12-20T20:23:39.232+0000] {logging_mixin.py:154} INFO - [2023-12-20T20:23:39.231+0000] {dag.py:2941} INFO - Sync 1 DAGs
[2023-12-20T20:23:39.263+0000] {logging_mixin.py:154} INFO - [2023-12-20T20:23:39.262+0000] {dag.py:3722} INFO - Setting next_dagrun for example_short_circuit_operator to 2023-12-19T20:23:39.262563+00:00, run_after=2023-12-20T20:23:39.262563+00:00
[2023-12-20T20:23:39.301+0000] {processor.py:179} INFO - Processing /usr/local/lib/python3.10/dist-packages/airflow/example_dags/example_short_circuit_operator.py took 0.113 seconds
[2023-12-20T20:27:22.595+0000] {processor.py:157} INFO - Started process (PID=1340) to work on /usr/local/lib/python3.10/dist-packages/airflow/example_dags/example_short_circuit_operator.py
[2023-12-20T20:27:22.597+0000] {processor.py:829} INFO - Processing file /usr/local/lib/python3.10/dist-packages/airflow/example_dags/example_short_circuit_operator.py for tasks to queue
[2023-12-20T20:27:22.598+0000] {logging_mixin.py:154} INFO - [2023-12-20T20:27:22.597+0000] {dagbag.py:536} INFO - Filling up the DagBag from /usr/local/lib/python3.10/dist-packages/airflow/example_dags/example_short_circuit_operator.py
[2023-12-20T20:27:22.608+0000] {processor.py:839} INFO - DAG(s) dict_keys(['example_short_circuit_operator']) retrieved from /usr/local/lib/python3.10/dist-packages/airflow/example_dags/example_short_circuit_operator.py
[2023-12-20T20:27:22.629+0000] {logging_mixin.py:154} INFO - [2023-12-20T20:27:22.628+0000] {dag.py:2941} INFO - Sync 1 DAGs
[2023-12-20T20:27:22.655+0000] {logging_mixin.py:154} INFO - [2023-12-20T20:27:22.655+0000] {dag.py:3722} INFO - Setting next_dagrun for example_short_circuit_operator to 2023-12-19T20:27:22.655020+00:00, run_after=2023-12-20T20:27:22.655020+00:00
[2023-12-20T20:27:22.682+0000] {processor.py:179} INFO - Processing /usr/local/lib/python3.10/dist-packages/airflow/example_dags/example_short_circuit_operator.py took 0.090 seconds
[2023-12-20T20:29:46.061+0000] {processor.py:157} INFO - Started process (PID=1520) to work on /usr/local/lib/python3.10/dist-packages/airflow/example_dags/example_short_circuit_operator.py
[2023-12-20T20:29:46.085+0000] {processor.py:829} INFO - Processing file /usr/local/lib/python3.10/dist-packages/airflow/example_dags/example_short_circuit_operator.py for tasks to queue
[2023-12-20T20:29:46.086+0000] {logging_mixin.py:154} INFO - [2023-12-20T20:29:46.086+0000] {dagbag.py:536} INFO - Filling up the DagBag from /usr/local/lib/python3.10/dist-packages/airflow/example_dags/example_short_circuit_operator.py
[2023-12-20T20:29:46.097+0000] {processor.py:839} INFO - DAG(s) dict_keys(['example_short_circuit_operator']) retrieved from /usr/local/lib/python3.10/dist-packages/airflow/example_dags/example_short_circuit_operator.py
[2023-12-20T20:29:46.115+0000] {logging_mixin.py:154} INFO - [2023-12-20T20:29:46.115+0000] {dag.py:2941} INFO - Sync 1 DAGs
[2023-12-20T20:29:46.135+0000] {logging_mixin.py:154} INFO - [2023-12-20T20:29:46.135+0000] {dag.py:3722} INFO - Setting next_dagrun for example_short_circuit_operator to 2023-12-19T20:29:46.135058+00:00, run_after=2023-12-20T20:29:46.135058+00:00
[2023-12-20T20:29:46.305+0000] {processor.py:179} INFO - Processing /usr/local/lib/python3.10/dist-packages/airflow/example_dags/example_short_circuit_operator.py took 0.247 seconds
[2023-12-20T20:32:56.372+0000] {processor.py:157} INFO - Started process (PID=1764) to work on /usr/local/lib/python3.10/dist-packages/airflow/example_dags/example_short_circuit_operator.py
[2023-12-20T20:32:56.374+0000] {processor.py:829} INFO - Processing file /usr/local/lib/python3.10/dist-packages/airflow/example_dags/example_short_circuit_operator.py for tasks to queue
[2023-12-20T20:32:56.375+0000] {logging_mixin.py:154} INFO - [2023-12-20T20:32:56.374+0000] {dagbag.py:536} INFO - Filling up the DagBag from /usr/local/lib/python3.10/dist-packages/airflow/example_dags/example_short_circuit_operator.py
[2023-12-20T20:32:56.382+0000] {processor.py:839} INFO - DAG(s) dict_keys(['example_short_circuit_operator']) retrieved from /usr/local/lib/python3.10/dist-packages/airflow/example_dags/example_short_circuit_operator.py
[2023-12-20T20:32:56.400+0000] {logging_mixin.py:154} INFO - [2023-12-20T20:32:56.399+0000] {dag.py:2941} INFO - Sync 1 DAGs
[2023-12-20T20:32:56.554+0000] {logging_mixin.py:154} INFO - [2023-12-20T20:32:56.554+0000] {dag.py:3722} INFO - Setting next_dagrun for example_short_circuit_operator to 2023-12-19T20:32:56.553866+00:00, run_after=2023-12-20T20:32:56.553866+00:00
[2023-12-20T20:32:56.574+0000] {processor.py:179} INFO - Processing /usr/local/lib/python3.10/dist-packages/airflow/example_dags/example_short_circuit_operator.py took 0.204 seconds
[2023-12-20T20:35:48.591+0000] {processor.py:157} INFO - Started process (PID=1993) to work on /usr/local/lib/python3.10/dist-packages/airflow/example_dags/example_short_circuit_operator.py
[2023-12-20T20:35:48.593+0000] {processor.py:829} INFO - Processing file /usr/local/lib/python3.10/dist-packages/airflow/example_dags/example_short_circuit_operator.py for tasks to queue
[2023-12-20T20:35:48.593+0000] {logging_mixin.py:154} INFO - [2023-12-20T20:35:48.593+0000] {dagbag.py:536} INFO - Filling up the DagBag from /usr/local/lib/python3.10/dist-packages/airflow/example_dags/example_short_circuit_operator.py
[2023-12-20T20:35:48.602+0000] {processor.py:839} INFO - DAG(s) dict_keys(['example_short_circuit_operator']) retrieved from /usr/local/lib/python3.10/dist-packages/airflow/example_dags/example_short_circuit_operator.py
[2023-12-20T20:35:48.621+0000] {logging_mixin.py:154} INFO - [2023-12-20T20:35:48.621+0000] {dag.py:2941} INFO - Sync 1 DAGs
[2023-12-20T20:35:48.641+0000] {logging_mixin.py:154} INFO - [2023-12-20T20:35:48.640+0000] {dag.py:3722} INFO - Setting next_dagrun for example_short_circuit_operator to 2023-12-19T20:35:48.640752+00:00, run_after=2023-12-20T20:35:48.640752+00:00
[2023-12-20T20:35:48.661+0000] {processor.py:179} INFO - Processing /usr/local/lib/python3.10/dist-packages/airflow/example_dags/example_short_circuit_operator.py took 0.074 seconds
[2023-12-20T20:39:24.114+0000] {processor.py:157} INFO - Started process (PID=2267) to work on /usr/local/lib/python3.10/dist-packages/airflow/example_dags/example_short_circuit_operator.py
[2023-12-20T20:39:24.115+0000] {processor.py:829} INFO - Processing file /usr/local/lib/python3.10/dist-packages/airflow/example_dags/example_short_circuit_operator.py for tasks to queue
[2023-12-20T20:39:24.116+0000] {logging_mixin.py:154} INFO - [2023-12-20T20:39:24.116+0000] {dagbag.py:536} INFO - Filling up the DagBag from /usr/local/lib/python3.10/dist-packages/airflow/example_dags/example_short_circuit_operator.py
[2023-12-20T20:39:24.126+0000] {processor.py:839} INFO - DAG(s) dict_keys(['example_short_circuit_operator']) retrieved from /usr/local/lib/python3.10/dist-packages/airflow/example_dags/example_short_circuit_operator.py
[2023-12-20T20:39:24.144+0000] {logging_mixin.py:154} INFO - [2023-12-20T20:39:24.144+0000] {dag.py:2941} INFO - Sync 1 DAGs
[2023-12-20T20:39:24.162+0000] {logging_mixin.py:154} INFO - [2023-12-20T20:39:24.161+0000] {dag.py:3722} INFO - Setting next_dagrun for example_short_circuit_operator to 2023-12-19T20:39:24.161692+00:00, run_after=2023-12-20T20:39:24.161692+00:00
[2023-12-20T20:39:24.181+0000] {processor.py:179} INFO - Processing /usr/local/lib/python3.10/dist-packages/airflow/example_dags/example_short_circuit_operator.py took 0.071 seconds
[2023-12-20T20:42:33.646+0000] {processor.py:157} INFO - Started process (PID=2504) to work on /usr/local/lib/python3.10/dist-packages/airflow/example_dags/example_short_circuit_operator.py
[2023-12-20T20:42:33.647+0000] {processor.py:829} INFO - Processing file /usr/local/lib/python3.10/dist-packages/airflow/example_dags/example_short_circuit_operator.py for tasks to queue
[2023-12-20T20:42:33.648+0000] {logging_mixin.py:154} INFO - [2023-12-20T20:42:33.648+0000] {dagbag.py:536} INFO - Filling up the DagBag from /usr/local/lib/python3.10/dist-packages/airflow/example_dags/example_short_circuit_operator.py
[2023-12-20T20:42:33.657+0000] {processor.py:839} INFO - DAG(s) dict_keys(['example_short_circuit_operator']) retrieved from /usr/local/lib/python3.10/dist-packages/airflow/example_dags/example_short_circuit_operator.py
[2023-12-20T20:42:33.675+0000] {logging_mixin.py:154} INFO - [2023-12-20T20:42:33.674+0000] {dag.py:2941} INFO - Sync 1 DAGs
[2023-12-20T20:42:33.695+0000] {logging_mixin.py:154} INFO - [2023-12-20T20:42:33.695+0000] {dag.py:3722} INFO - Setting next_dagrun for example_short_circuit_operator to 2023-12-19T20:42:33.695076+00:00, run_after=2023-12-20T20:42:33.695076+00:00
[2023-12-20T20:42:33.729+0000] {processor.py:179} INFO - Processing /usr/local/lib/python3.10/dist-packages/airflow/example_dags/example_short_circuit_operator.py took 0.087 seconds
[2023-12-20T20:45:41.963+0000] {processor.py:157} INFO - Started process (PID=2728) to work on /usr/local/lib/python3.10/dist-packages/airflow/example_dags/example_short_circuit_operator.py
[2023-12-20T20:45:41.967+0000] {processor.py:829} INFO - Processing file /usr/local/lib/python3.10/dist-packages/airflow/example_dags/example_short_circuit_operator.py for tasks to queue
[2023-12-20T20:45:41.968+0000] {logging_mixin.py:154} INFO - [2023-12-20T20:45:41.967+0000] {dagbag.py:536} INFO - Filling up the DagBag from /usr/local/lib/python3.10/dist-packages/airflow/example_dags/example_short_circuit_operator.py
[2023-12-20T20:45:41.980+0000] {processor.py:839} INFO - DAG(s) dict_keys(['example_short_circuit_operator']) retrieved from /usr/local/lib/python3.10/dist-packages/airflow/example_dags/example_short_circuit_operator.py
[2023-12-20T20:45:42.002+0000] {logging_mixin.py:154} INFO - [2023-12-20T20:45:42.002+0000] {dag.py:2941} INFO - Sync 1 DAGs
[2023-12-20T20:45:42.022+0000] {logging_mixin.py:154} INFO - [2023-12-20T20:45:42.022+0000] {dag.py:3722} INFO - Setting next_dagrun for example_short_circuit_operator to 2023-12-19T20:45:42.022477+00:00, run_after=2023-12-20T20:45:42.022477+00:00
[2023-12-20T20:45:42.048+0000] {processor.py:179} INFO - Processing /usr/local/lib/python3.10/dist-packages/airflow/example_dags/example_short_circuit_operator.py took 0.092 seconds
[2023-12-20T20:48:51.371+0000] {processor.py:157} INFO - Started process (PID=2949) to work on /usr/local/lib/python3.10/dist-packages/airflow/example_dags/example_short_circuit_operator.py
[2023-12-20T20:48:51.372+0000] {processor.py:829} INFO - Processing file /usr/local/lib/python3.10/dist-packages/airflow/example_dags/example_short_circuit_operator.py for tasks to queue
[2023-12-20T20:48:51.373+0000] {logging_mixin.py:154} INFO - [2023-12-20T20:48:51.373+0000] {dagbag.py:536} INFO - Filling up the DagBag from /usr/local/lib/python3.10/dist-packages/airflow/example_dags/example_short_circuit_operator.py
[2023-12-20T20:48:51.384+0000] {processor.py:839} INFO - DAG(s) dict_keys(['example_short_circuit_operator']) retrieved from /usr/local/lib/python3.10/dist-packages/airflow/example_dags/example_short_circuit_operator.py
[2023-12-20T20:48:51.404+0000] {logging_mixin.py:154} INFO - [2023-12-20T20:48:51.404+0000] {dag.py:2941} INFO - Sync 1 DAGs
[2023-12-20T20:48:51.425+0000] {logging_mixin.py:154} INFO - [2023-12-20T20:48:51.425+0000] {dag.py:3722} INFO - Setting next_dagrun for example_short_circuit_operator to 2023-12-19T20:48:51.424817+00:00, run_after=2023-12-20T20:48:51.424817+00:00
[2023-12-20T20:48:51.445+0000] {processor.py:179} INFO - Processing /usr/local/lib/python3.10/dist-packages/airflow/example_dags/example_short_circuit_operator.py took 0.077 seconds
[2023-12-20T20:51:39.413+0000] {processor.py:157} INFO - Started process (PID=3155) to work on /usr/local/lib/python3.10/dist-packages/airflow/example_dags/example_short_circuit_operator.py
[2023-12-20T20:51:39.415+0000] {processor.py:829} INFO - Processing file /usr/local/lib/python3.10/dist-packages/airflow/example_dags/example_short_circuit_operator.py for tasks to queue
[2023-12-20T20:51:39.416+0000] {logging_mixin.py:154} INFO - [2023-12-20T20:51:39.416+0000] {dagbag.py:536} INFO - Filling up the DagBag from /usr/local/lib/python3.10/dist-packages/airflow/example_dags/example_short_circuit_operator.py
[2023-12-20T20:51:39.426+0000] {processor.py:839} INFO - DAG(s) dict_keys(['example_short_circuit_operator']) retrieved from /usr/local/lib/python3.10/dist-packages/airflow/example_dags/example_short_circuit_operator.py
[2023-12-20T20:51:39.448+0000] {logging_mixin.py:154} INFO - [2023-12-20T20:51:39.448+0000] {dag.py:2941} INFO - Sync 1 DAGs
[2023-12-20T20:51:39.474+0000] {logging_mixin.py:154} INFO - [2023-12-20T20:51:39.474+0000] {dag.py:3722} INFO - Setting next_dagrun for example_short_circuit_operator to 2023-12-19T20:51:39.474001+00:00, run_after=2023-12-20T20:51:39.474001+00:00
[2023-12-20T20:51:39.502+0000] {processor.py:179} INFO - Processing /usr/local/lib/python3.10/dist-packages/airflow/example_dags/example_short_circuit_operator.py took 0.092 seconds
[2023-12-20T20:55:06.565+0000] {processor.py:157} INFO - Started process (PID=11539) to work on /usr/local/lib/python3.10/dist-packages/airflow/example_dags/example_short_circuit_operator.py
[2023-12-20T20:55:06.566+0000] {processor.py:829} INFO - Processing file /usr/local/lib/python3.10/dist-packages/airflow/example_dags/example_short_circuit_operator.py for tasks to queue
[2023-12-20T20:55:06.567+0000] {logging_mixin.py:154} INFO - [2023-12-20T20:55:06.567+0000] {dagbag.py:536} INFO - Filling up the DagBag from /usr/local/lib/python3.10/dist-packages/airflow/example_dags/example_short_circuit_operator.py
[2023-12-20T20:55:06.578+0000] {processor.py:839} INFO - DAG(s) dict_keys(['example_short_circuit_operator']) retrieved from /usr/local/lib/python3.10/dist-packages/airflow/example_dags/example_short_circuit_operator.py
[2023-12-20T20:55:06.603+0000] {logging_mixin.py:154} INFO - [2023-12-20T20:55:06.602+0000] {dag.py:2941} INFO - Sync 1 DAGs
[2023-12-20T20:55:06.629+0000] {logging_mixin.py:154} INFO - [2023-12-20T20:55:06.629+0000] {dag.py:3722} INFO - Setting next_dagrun for example_short_circuit_operator to 2023-12-19T20:55:06.629273+00:00, run_after=2023-12-20T20:55:06.629273+00:00
[2023-12-20T20:55:06.659+0000] {processor.py:179} INFO - Processing /usr/local/lib/python3.10/dist-packages/airflow/example_dags/example_short_circuit_operator.py took 0.098 seconds
[2023-12-20T20:58:02.772+0000] {processor.py:157} INFO - Started process (PID=20369) to work on /usr/local/lib/python3.10/dist-packages/airflow/example_dags/example_short_circuit_operator.py
[2023-12-20T20:58:02.774+0000] {processor.py:829} INFO - Processing file /usr/local/lib/python3.10/dist-packages/airflow/example_dags/example_short_circuit_operator.py for tasks to queue
[2023-12-20T20:58:02.775+0000] {logging_mixin.py:154} INFO - [2023-12-20T20:58:02.774+0000] {dagbag.py:536} INFO - Filling up the DagBag from /usr/local/lib/python3.10/dist-packages/airflow/example_dags/example_short_circuit_operator.py
[2023-12-20T20:58:02.784+0000] {processor.py:839} INFO - DAG(s) dict_keys(['example_short_circuit_operator']) retrieved from /usr/local/lib/python3.10/dist-packages/airflow/example_dags/example_short_circuit_operator.py
[2023-12-20T20:58:02.803+0000] {logging_mixin.py:154} INFO - [2023-12-20T20:58:02.802+0000] {dag.py:2941} INFO - Sync 1 DAGs
[2023-12-20T20:58:02.822+0000] {logging_mixin.py:154} INFO - [2023-12-20T20:58:02.822+0000] {dag.py:3722} INFO - Setting next_dagrun for example_short_circuit_operator to 2023-12-19T20:58:02.821058+00:00, run_after=2023-12-20T20:58:02.821058+00:00
[2023-12-20T20:58:02.844+0000] {processor.py:179} INFO - Processing /usr/local/lib/python3.10/dist-packages/airflow/example_dags/example_short_circuit_operator.py took 0.077 seconds
[2023-12-20T21:00:10.123+0000] {processor.py:157} INFO - Started process (PID=20544) to work on /usr/local/lib/python3.10/dist-packages/airflow/example_dags/example_short_circuit_operator.py
[2023-12-20T21:00:10.143+0000] {processor.py:829} INFO - Processing file /usr/local/lib/python3.10/dist-packages/airflow/example_dags/example_short_circuit_operator.py for tasks to queue
[2023-12-20T21:00:10.144+0000] {logging_mixin.py:154} INFO - [2023-12-20T21:00:10.143+0000] {dagbag.py:536} INFO - Filling up the DagBag from /usr/local/lib/python3.10/dist-packages/airflow/example_dags/example_short_circuit_operator.py
[2023-12-20T21:00:10.154+0000] {processor.py:839} INFO - DAG(s) dict_keys(['example_short_circuit_operator']) retrieved from /usr/local/lib/python3.10/dist-packages/airflow/example_dags/example_short_circuit_operator.py
[2023-12-20T21:00:10.171+0000] {logging_mixin.py:154} INFO - [2023-12-20T21:00:10.171+0000] {dag.py:2941} INFO - Sync 1 DAGs
[2023-12-20T21:00:10.189+0000] {logging_mixin.py:154} INFO - [2023-12-20T21:00:10.189+0000] {dag.py:3722} INFO - Setting next_dagrun for example_short_circuit_operator to 2023-12-19T21:00:10.189553+00:00, run_after=2023-12-20T21:00:10.189553+00:00
[2023-12-20T21:00:10.210+0000] {processor.py:179} INFO - Processing /usr/local/lib/python3.10/dist-packages/airflow/example_dags/example_short_circuit_operator.py took 0.089 seconds
[2023-12-20T21:02:13.332+0000] {processor.py:157} INFO - Started process (PID=20716) to work on /usr/local/lib/python3.10/dist-packages/airflow/example_dags/example_short_circuit_operator.py
[2023-12-20T21:02:13.333+0000] {processor.py:829} INFO - Processing file /usr/local/lib/python3.10/dist-packages/airflow/example_dags/example_short_circuit_operator.py for tasks to queue
[2023-12-20T21:02:13.334+0000] {logging_mixin.py:154} INFO - [2023-12-20T21:02:13.334+0000] {dagbag.py:536} INFO - Filling up the DagBag from /usr/local/lib/python3.10/dist-packages/airflow/example_dags/example_short_circuit_operator.py
[2023-12-20T21:02:13.345+0000] {processor.py:839} INFO - DAG(s) dict_keys(['example_short_circuit_operator']) retrieved from /usr/local/lib/python3.10/dist-packages/airflow/example_dags/example_short_circuit_operator.py
[2023-12-20T21:02:13.365+0000] {logging_mixin.py:154} INFO - [2023-12-20T21:02:13.364+0000] {dag.py:2941} INFO - Sync 1 DAGs
[2023-12-20T21:02:13.388+0000] {logging_mixin.py:154} INFO - [2023-12-20T21:02:13.388+0000] {dag.py:3722} INFO - Setting next_dagrun for example_short_circuit_operator to 2023-12-19T21:02:13.388298+00:00, run_after=2023-12-20T21:02:13.388298+00:00
[2023-12-20T21:02:13.412+0000] {processor.py:179} INFO - Processing /usr/local/lib/python3.10/dist-packages/airflow/example_dags/example_short_circuit_operator.py took 0.087 seconds
[2023-12-20T21:04:05.757+0000] {processor.py:157} INFO - Started process (PID=20879) to work on /usr/local/lib/python3.10/dist-packages/airflow/example_dags/example_short_circuit_operator.py
[2023-12-20T21:04:05.759+0000] {processor.py:829} INFO - Processing file /usr/local/lib/python3.10/dist-packages/airflow/example_dags/example_short_circuit_operator.py for tasks to queue
[2023-12-20T21:04:05.759+0000] {logging_mixin.py:154} INFO - [2023-12-20T21:04:05.759+0000] {dagbag.py:536} INFO - Filling up the DagBag from /usr/local/lib/python3.10/dist-packages/airflow/example_dags/example_short_circuit_operator.py
[2023-12-20T21:04:05.767+0000] {processor.py:839} INFO - DAG(s) dict_keys(['example_short_circuit_operator']) retrieved from /usr/local/lib/python3.10/dist-packages/airflow/example_dags/example_short_circuit_operator.py
[2023-12-20T21:04:05.784+0000] {logging_mixin.py:154} INFO - [2023-12-20T21:04:05.783+0000] {dag.py:2941} INFO - Sync 1 DAGs
[2023-12-20T21:04:05.801+0000] {logging_mixin.py:154} INFO - [2023-12-20T21:04:05.801+0000] {dag.py:3722} INFO - Setting next_dagrun for example_short_circuit_operator to 2023-12-19T21:04:05.801567+00:00, run_after=2023-12-20T21:04:05.801567+00:00
[2023-12-20T21:04:05.825+0000] {processor.py:179} INFO - Processing /usr/local/lib/python3.10/dist-packages/airflow/example_dags/example_short_circuit_operator.py took 0.071 seconds
[2023-12-20T21:06:05.848+0000] {processor.py:157} INFO - Started process (PID=21049) to work on /usr/local/lib/python3.10/dist-packages/airflow/example_dags/example_short_circuit_operator.py
[2023-12-20T21:06:05.849+0000] {processor.py:829} INFO - Processing file /usr/local/lib/python3.10/dist-packages/airflow/example_dags/example_short_circuit_operator.py for tasks to queue
[2023-12-20T21:06:05.850+0000] {logging_mixin.py:154} INFO - [2023-12-20T21:06:05.850+0000] {dagbag.py:536} INFO - Filling up the DagBag from /usr/local/lib/python3.10/dist-packages/airflow/example_dags/example_short_circuit_operator.py
[2023-12-20T21:06:05.858+0000] {processor.py:839} INFO - DAG(s) dict_keys(['example_short_circuit_operator']) retrieved from /usr/local/lib/python3.10/dist-packages/airflow/example_dags/example_short_circuit_operator.py
[2023-12-20T21:06:05.892+0000] {logging_mixin.py:154} INFO - [2023-12-20T21:06:05.892+0000] {dag.py:2941} INFO - Sync 1 DAGs
[2023-12-20T21:06:05.911+0000] {logging_mixin.py:154} INFO - [2023-12-20T21:06:05.911+0000] {dag.py:3722} INFO - Setting next_dagrun for example_short_circuit_operator to 2023-12-19T21:06:05.910948+00:00, run_after=2023-12-20T21:06:05.910948+00:00
[2023-12-20T21:06:05.935+0000] {processor.py:179} INFO - Processing /usr/local/lib/python3.10/dist-packages/airflow/example_dags/example_short_circuit_operator.py took 0.090 seconds
[2023-12-20T21:07:56.370+0000] {processor.py:157} INFO - Started process (PID=21208) to work on /usr/local/lib/python3.10/dist-packages/airflow/example_dags/example_short_circuit_operator.py
[2023-12-20T21:07:56.372+0000] {processor.py:829} INFO - Processing file /usr/local/lib/python3.10/dist-packages/airflow/example_dags/example_short_circuit_operator.py for tasks to queue
[2023-12-20T21:07:56.373+0000] {logging_mixin.py:154} INFO - [2023-12-20T21:07:56.372+0000] {dagbag.py:536} INFO - Filling up the DagBag from /usr/local/lib/python3.10/dist-packages/airflow/example_dags/example_short_circuit_operator.py
[2023-12-20T21:07:56.381+0000] {processor.py:839} INFO - DAG(s) dict_keys(['example_short_circuit_operator']) retrieved from /usr/local/lib/python3.10/dist-packages/airflow/example_dags/example_short_circuit_operator.py
[2023-12-20T21:07:56.399+0000] {logging_mixin.py:154} INFO - [2023-12-20T21:07:56.399+0000] {dag.py:2941} INFO - Sync 1 DAGs
[2023-12-20T21:07:56.419+0000] {logging_mixin.py:154} INFO - [2023-12-20T21:07:56.418+0000] {dag.py:3722} INFO - Setting next_dagrun for example_short_circuit_operator to 2023-12-19T21:07:56.418617+00:00, run_after=2023-12-20T21:07:56.418617+00:00
[2023-12-20T21:07:56.446+0000] {processor.py:179} INFO - Processing /usr/local/lib/python3.10/dist-packages/airflow/example_dags/example_short_circuit_operator.py took 0.079 seconds
[2023-12-20T21:09:54.840+0000] {processor.py:157} INFO - Started process (PID=21391) to work on /usr/local/lib/python3.10/dist-packages/airflow/example_dags/example_short_circuit_operator.py
[2023-12-20T21:09:54.841+0000] {processor.py:829} INFO - Processing file /usr/local/lib/python3.10/dist-packages/airflow/example_dags/example_short_circuit_operator.py for tasks to queue
[2023-12-20T21:09:54.842+0000] {logging_mixin.py:154} INFO - [2023-12-20T21:09:54.842+0000] {dagbag.py:536} INFO - Filling up the DagBag from /usr/local/lib/python3.10/dist-packages/airflow/example_dags/example_short_circuit_operator.py
[2023-12-20T21:09:54.850+0000] {processor.py:839} INFO - DAG(s) dict_keys(['example_short_circuit_operator']) retrieved from /usr/local/lib/python3.10/dist-packages/airflow/example_dags/example_short_circuit_operator.py
[2023-12-20T21:09:54.876+0000] {logging_mixin.py:154} INFO - [2023-12-20T21:09:54.875+0000] {dag.py:2941} INFO - Sync 1 DAGs
[2023-12-20T21:09:54.895+0000] {logging_mixin.py:154} INFO - [2023-12-20T21:09:54.895+0000] {dag.py:3722} INFO - Setting next_dagrun for example_short_circuit_operator to 2023-12-19T21:09:54.895370+00:00, run_after=2023-12-20T21:09:54.895370+00:00
[2023-12-20T21:09:54.916+0000] {processor.py:179} INFO - Processing /usr/local/lib/python3.10/dist-packages/airflow/example_dags/example_short_circuit_operator.py took 0.079 seconds
[2023-12-20T21:11:45.159+0000] {processor.py:157} INFO - Started process (PID=21554) to work on /usr/local/lib/python3.10/dist-packages/airflow/example_dags/example_short_circuit_operator.py
[2023-12-20T21:11:45.160+0000] {processor.py:829} INFO - Processing file /usr/local/lib/python3.10/dist-packages/airflow/example_dags/example_short_circuit_operator.py for tasks to queue
[2023-12-20T21:11:45.161+0000] {logging_mixin.py:154} INFO - [2023-12-20T21:11:45.161+0000] {dagbag.py:536} INFO - Filling up the DagBag from /usr/local/lib/python3.10/dist-packages/airflow/example_dags/example_short_circuit_operator.py
[2023-12-20T21:11:45.169+0000] {processor.py:839} INFO - DAG(s) dict_keys(['example_short_circuit_operator']) retrieved from /usr/local/lib/python3.10/dist-packages/airflow/example_dags/example_short_circuit_operator.py
[2023-12-20T21:11:45.186+0000] {logging_mixin.py:154} INFO - [2023-12-20T21:11:45.186+0000] {dag.py:2941} INFO - Sync 1 DAGs
[2023-12-20T21:11:45.203+0000] {logging_mixin.py:154} INFO - [2023-12-20T21:11:45.203+0000] {dag.py:3722} INFO - Setting next_dagrun for example_short_circuit_operator to 2023-12-19T21:11:45.202969+00:00, run_after=2023-12-20T21:11:45.202969+00:00
[2023-12-20T21:11:45.222+0000] {processor.py:179} INFO - Processing /usr/local/lib/python3.10/dist-packages/airflow/example_dags/example_short_circuit_operator.py took 0.066 seconds
[2023-12-20T21:13:44.990+0000] {processor.py:157} INFO - Started process (PID=21729) to work on /usr/local/lib/python3.10/dist-packages/airflow/example_dags/example_short_circuit_operator.py
[2023-12-20T21:13:44.991+0000] {processor.py:829} INFO - Processing file /usr/local/lib/python3.10/dist-packages/airflow/example_dags/example_short_circuit_operator.py for tasks to queue
[2023-12-20T21:13:44.992+0000] {logging_mixin.py:154} INFO - [2023-12-20T21:13:44.992+0000] {dagbag.py:536} INFO - Filling up the DagBag from /usr/local/lib/python3.10/dist-packages/airflow/example_dags/example_short_circuit_operator.py
[2023-12-20T21:13:45.002+0000] {processor.py:839} INFO - DAG(s) dict_keys(['example_short_circuit_operator']) retrieved from /usr/local/lib/python3.10/dist-packages/airflow/example_dags/example_short_circuit_operator.py
[2023-12-20T21:13:45.020+0000] {logging_mixin.py:154} INFO - [2023-12-20T21:13:45.019+0000] {dag.py:2941} INFO - Sync 1 DAGs
[2023-12-20T21:13:45.038+0000] {logging_mixin.py:154} INFO - [2023-12-20T21:13:45.038+0000] {dag.py:3722} INFO - Setting next_dagrun for example_short_circuit_operator to 2023-12-19T21:13:45.038333+00:00, run_after=2023-12-20T21:13:45.038333+00:00
[2023-12-20T21:13:45.059+0000] {processor.py:179} INFO - Processing /usr/local/lib/python3.10/dist-packages/airflow/example_dags/example_short_circuit_operator.py took 0.073 seconds
[2023-12-20T21:15:34.587+0000] {processor.py:157} INFO - Started process (PID=21888) to work on /usr/local/lib/python3.10/dist-packages/airflow/example_dags/example_short_circuit_operator.py
[2023-12-20T21:15:34.589+0000] {processor.py:829} INFO - Processing file /usr/local/lib/python3.10/dist-packages/airflow/example_dags/example_short_circuit_operator.py for tasks to queue
[2023-12-20T21:15:34.589+0000] {logging_mixin.py:154} INFO - [2023-12-20T21:15:34.589+0000] {dagbag.py:536} INFO - Filling up the DagBag from /usr/local/lib/python3.10/dist-packages/airflow/example_dags/example_short_circuit_operator.py
[2023-12-20T21:15:34.600+0000] {processor.py:839} INFO - DAG(s) dict_keys(['example_short_circuit_operator']) retrieved from /usr/local/lib/python3.10/dist-packages/airflow/example_dags/example_short_circuit_operator.py
[2023-12-20T21:15:34.619+0000] {logging_mixin.py:154} INFO - [2023-12-20T21:15:34.618+0000] {dag.py:2941} INFO - Sync 1 DAGs
[2023-12-20T21:15:34.642+0000] {logging_mixin.py:154} INFO - [2023-12-20T21:15:34.642+0000] {dag.py:3722} INFO - Setting next_dagrun for example_short_circuit_operator to 2023-12-19T21:15:34.641931+00:00, run_after=2023-12-20T21:15:34.641931+00:00
[2023-12-20T21:15:34.667+0000] {processor.py:179} INFO - Processing /usr/local/lib/python3.10/dist-packages/airflow/example_dags/example_short_circuit_operator.py took 0.085 seconds
[2023-12-20T21:17:33.744+0000] {processor.py:157} INFO - Started process (PID=22061) to work on /usr/local/lib/python3.10/dist-packages/airflow/example_dags/example_short_circuit_operator.py
[2023-12-20T21:17:33.751+0000] {processor.py:829} INFO - Processing file /usr/local/lib/python3.10/dist-packages/airflow/example_dags/example_short_circuit_operator.py for tasks to queue
[2023-12-20T21:17:33.752+0000] {logging_mixin.py:154} INFO - [2023-12-20T21:17:33.752+0000] {dagbag.py:536} INFO - Filling up the DagBag from /usr/local/lib/python3.10/dist-packages/airflow/example_dags/example_short_circuit_operator.py
[2023-12-20T21:17:33.760+0000] {processor.py:839} INFO - DAG(s) dict_keys(['example_short_circuit_operator']) retrieved from /usr/local/lib/python3.10/dist-packages/airflow/example_dags/example_short_circuit_operator.py
[2023-12-20T21:17:33.778+0000] {logging_mixin.py:154} INFO - [2023-12-20T21:17:33.778+0000] {dag.py:2941} INFO - Sync 1 DAGs
[2023-12-20T21:17:33.796+0000] {logging_mixin.py:154} INFO - [2023-12-20T21:17:33.796+0000] {dag.py:3722} INFO - Setting next_dagrun for example_short_circuit_operator to 2023-12-19T21:17:33.795884+00:00, run_after=2023-12-20T21:17:33.795884+00:00
[2023-12-20T21:17:33.820+0000] {processor.py:179} INFO - Processing /usr/local/lib/python3.10/dist-packages/airflow/example_dags/example_short_circuit_operator.py took 0.079 seconds
[2023-12-20T21:19:25.515+0000] {processor.py:157} INFO - Started process (PID=22221) to work on /usr/local/lib/python3.10/dist-packages/airflow/example_dags/example_short_circuit_operator.py
[2023-12-20T21:19:25.516+0000] {processor.py:829} INFO - Processing file /usr/local/lib/python3.10/dist-packages/airflow/example_dags/example_short_circuit_operator.py for tasks to queue
[2023-12-20T21:19:25.516+0000] {logging_mixin.py:154} INFO - [2023-12-20T21:19:25.516+0000] {dagbag.py:536} INFO - Filling up the DagBag from /usr/local/lib/python3.10/dist-packages/airflow/example_dags/example_short_circuit_operator.py
[2023-12-20T21:19:25.525+0000] {processor.py:839} INFO - DAG(s) dict_keys(['example_short_circuit_operator']) retrieved from /usr/local/lib/python3.10/dist-packages/airflow/example_dags/example_short_circuit_operator.py
[2023-12-20T21:19:25.544+0000] {logging_mixin.py:154} INFO - [2023-12-20T21:19:25.544+0000] {dag.py:2941} INFO - Sync 1 DAGs
[2023-12-20T21:19:25.563+0000] {logging_mixin.py:154} INFO - [2023-12-20T21:19:25.563+0000] {dag.py:3722} INFO - Setting next_dagrun for example_short_circuit_operator to 2023-12-19T21:19:25.563358+00:00, run_after=2023-12-20T21:19:25.563358+00:00
[2023-12-20T21:19:25.595+0000] {processor.py:179} INFO - Processing /usr/local/lib/python3.10/dist-packages/airflow/example_dags/example_short_circuit_operator.py took 0.084 seconds
[2023-12-20T21:21:26.463+0000] {processor.py:157} INFO - Started process (PID=22392) to work on /usr/local/lib/python3.10/dist-packages/airflow/example_dags/example_short_circuit_operator.py
[2023-12-20T21:21:26.464+0000] {processor.py:829} INFO - Processing file /usr/local/lib/python3.10/dist-packages/airflow/example_dags/example_short_circuit_operator.py for tasks to queue
[2023-12-20T21:21:26.465+0000] {logging_mixin.py:154} INFO - [2023-12-20T21:21:26.465+0000] {dagbag.py:536} INFO - Filling up the DagBag from /usr/local/lib/python3.10/dist-packages/airflow/example_dags/example_short_circuit_operator.py
[2023-12-20T21:21:26.473+0000] {processor.py:839} INFO - DAG(s) dict_keys(['example_short_circuit_operator']) retrieved from /usr/local/lib/python3.10/dist-packages/airflow/example_dags/example_short_circuit_operator.py
[2023-12-20T21:21:26.492+0000] {logging_mixin.py:154} INFO - [2023-12-20T21:21:26.492+0000] {dag.py:2941} INFO - Sync 1 DAGs
[2023-12-20T21:21:26.510+0000] {logging_mixin.py:154} INFO - [2023-12-20T21:21:26.510+0000] {dag.py:3722} INFO - Setting next_dagrun for example_short_circuit_operator to 2023-12-19T21:21:26.510142+00:00, run_after=2023-12-20T21:21:26.510142+00:00
[2023-12-20T21:21:26.529+0000] {processor.py:179} INFO - Processing /usr/local/lib/python3.10/dist-packages/airflow/example_dags/example_short_circuit_operator.py took 0.069 seconds
[2023-12-20T21:23:19.447+0000] {processor.py:157} INFO - Started process (PID=22552) to work on /usr/local/lib/python3.10/dist-packages/airflow/example_dags/example_short_circuit_operator.py
[2023-12-20T21:23:19.462+0000] {processor.py:829} INFO - Processing file /usr/local/lib/python3.10/dist-packages/airflow/example_dags/example_short_circuit_operator.py for tasks to queue
[2023-12-20T21:23:19.463+0000] {logging_mixin.py:154} INFO - [2023-12-20T21:23:19.463+0000] {dagbag.py:536} INFO - Filling up the DagBag from /usr/local/lib/python3.10/dist-packages/airflow/example_dags/example_short_circuit_operator.py
[2023-12-20T21:23:19.472+0000] {processor.py:839} INFO - DAG(s) dict_keys(['example_short_circuit_operator']) retrieved from /usr/local/lib/python3.10/dist-packages/airflow/example_dags/example_short_circuit_operator.py
[2023-12-20T21:23:19.492+0000] {logging_mixin.py:154} INFO - [2023-12-20T21:23:19.492+0000] {dag.py:2941} INFO - Sync 1 DAGs
[2023-12-20T21:23:19.513+0000] {logging_mixin.py:154} INFO - [2023-12-20T21:23:19.513+0000] {dag.py:3722} INFO - Setting next_dagrun for example_short_circuit_operator to 2023-12-19T21:23:19.513221+00:00, run_after=2023-12-20T21:23:19.513221+00:00
[2023-12-20T21:23:19.534+0000] {processor.py:179} INFO - Processing /usr/local/lib/python3.10/dist-packages/airflow/example_dags/example_short_circuit_operator.py took 0.091 seconds
[2023-12-20T21:26:30.284+0000] {processor.py:157} INFO - Started process (PID=22723) to work on /usr/local/lib/python3.10/dist-packages/airflow/example_dags/example_short_circuit_operator.py
[2023-12-20T21:26:30.286+0000] {processor.py:829} INFO - Processing file /usr/local/lib/python3.10/dist-packages/airflow/example_dags/example_short_circuit_operator.py for tasks to queue
[2023-12-20T21:26:30.287+0000] {logging_mixin.py:154} INFO - [2023-12-20T21:26:30.286+0000] {dagbag.py:536} INFO - Filling up the DagBag from /usr/local/lib/python3.10/dist-packages/airflow/example_dags/example_short_circuit_operator.py
[2023-12-20T21:26:30.331+0000] {processor.py:839} INFO - DAG(s) dict_keys(['example_short_circuit_operator']) retrieved from /usr/local/lib/python3.10/dist-packages/airflow/example_dags/example_short_circuit_operator.py
[2023-12-20T21:26:30.415+0000] {logging_mixin.py:154} INFO - [2023-12-20T21:26:30.415+0000] {dag.py:2941} INFO - Sync 1 DAGs
[2023-12-20T21:26:30.493+0000] {logging_mixin.py:154} INFO - [2023-12-20T21:26:30.493+0000] {dag.py:3722} INFO - Setting next_dagrun for example_short_circuit_operator to 2023-12-19T21:26:30.493029+00:00, run_after=2023-12-20T21:26:30.493029+00:00
[2023-12-20T21:26:30.566+0000] {processor.py:179} INFO - Processing /usr/local/lib/python3.10/dist-packages/airflow/example_dags/example_short_circuit_operator.py took 0.285 seconds
[2023-12-20T21:31:02.050+0000] {processor.py:157} INFO - Started process (PID=22907) to work on /usr/local/lib/python3.10/dist-packages/airflow/example_dags/example_short_circuit_operator.py
[2023-12-20T21:31:02.052+0000] {processor.py:829} INFO - Processing file /usr/local/lib/python3.10/dist-packages/airflow/example_dags/example_short_circuit_operator.py for tasks to queue
[2023-12-20T21:31:02.053+0000] {logging_mixin.py:154} INFO - [2023-12-20T21:31:02.053+0000] {dagbag.py:536} INFO - Filling up the DagBag from /usr/local/lib/python3.10/dist-packages/airflow/example_dags/example_short_circuit_operator.py
[2023-12-20T21:31:02.094+0000] {processor.py:839} INFO - DAG(s) dict_keys(['example_short_circuit_operator']) retrieved from /usr/local/lib/python3.10/dist-packages/airflow/example_dags/example_short_circuit_operator.py
[2023-12-20T21:31:02.117+0000] {logging_mixin.py:154} INFO - [2023-12-20T21:31:02.117+0000] {dag.py:2941} INFO - Sync 1 DAGs
[2023-12-20T21:31:02.179+0000] {logging_mixin.py:154} INFO - [2023-12-20T21:31:02.179+0000] {dag.py:3722} INFO - Setting next_dagrun for example_short_circuit_operator to 2023-12-19T21:31:02.178713+00:00, run_after=2023-12-20T21:31:02.178713+00:00
[2023-12-20T21:31:02.246+0000] {processor.py:179} INFO - Processing /usr/local/lib/python3.10/dist-packages/airflow/example_dags/example_short_circuit_operator.py took 0.200 seconds
[2023-12-20T21:35:38.446+0000] {processor.py:157} INFO - Started process (PID=23092) to work on /usr/local/lib/python3.10/dist-packages/airflow/example_dags/example_short_circuit_operator.py
[2023-12-20T21:35:38.457+0000] {processor.py:829} INFO - Processing file /usr/local/lib/python3.10/dist-packages/airflow/example_dags/example_short_circuit_operator.py for tasks to queue
[2023-12-20T21:35:38.458+0000] {logging_mixin.py:154} INFO - [2023-12-20T21:35:38.457+0000] {dagbag.py:536} INFO - Filling up the DagBag from /usr/local/lib/python3.10/dist-packages/airflow/example_dags/example_short_circuit_operator.py
[2023-12-20T21:35:38.495+0000] {processor.py:839} INFO - DAG(s) dict_keys(['example_short_circuit_operator']) retrieved from /usr/local/lib/python3.10/dist-packages/airflow/example_dags/example_short_circuit_operator.py
[2023-12-20T21:35:38.518+0000] {logging_mixin.py:154} INFO - [2023-12-20T21:35:38.518+0000] {dag.py:2941} INFO - Sync 1 DAGs
[2023-12-20T21:35:38.581+0000] {logging_mixin.py:154} INFO - [2023-12-20T21:35:38.581+0000] {dag.py:3722} INFO - Setting next_dagrun for example_short_circuit_operator to 2023-12-19T21:35:38.581229+00:00, run_after=2023-12-20T21:35:38.581229+00:00
[2023-12-20T21:35:38.603+0000] {processor.py:179} INFO - Processing /usr/local/lib/python3.10/dist-packages/airflow/example_dags/example_short_circuit_operator.py took 0.162 seconds
