[2023-12-20T20:25:11.936+0000] {processor.py:157} INFO - Started process (PID=1178) to work on /usr/local/lib/python3.10/dist-packages/airflow/example_dags/example_branch_python_dop_operator_3.py
[2023-12-20T20:25:11.936+0000] {processor.py:829} INFO - Processing file /usr/local/lib/python3.10/dist-packages/airflow/example_dags/example_branch_python_dop_operator_3.py for tasks to queue
[2023-12-20T20:25:11.937+0000] {logging_mixin.py:154} INFO - [2023-12-20T20:25:11.937+0000] {dagbag.py:536} INFO - Filling up the DagBag from /usr/local/lib/python3.10/dist-packages/airflow/example_dags/example_branch_python_dop_operator_3.py
[2023-12-20T20:25:11.946+0000] {processor.py:839} INFO - DAG(s) dict_keys(['example_branch_dop_operator_v3']) retrieved from /usr/local/lib/python3.10/dist-packages/airflow/example_dags/example_branch_python_dop_operator_3.py
[2023-12-20T20:25:11.962+0000] {logging_mixin.py:154} INFO - [2023-12-20T20:25:11.962+0000] {dag.py:2941} INFO - Sync 1 DAGs
[2023-12-20T20:25:11.985+0000] {logging_mixin.py:154} INFO - [2023-12-20T20:25:11.985+0000] {dag.py:3722} INFO - Setting next_dagrun for example_branch_dop_operator_v3 to 2023-12-20T20:24:00+00:00, run_after=2023-12-20T20:25:00+00:00
[2023-12-20T20:25:12.007+0000] {processor.py:179} INFO - Processing /usr/local/lib/python3.10/dist-packages/airflow/example_dags/example_branch_python_dop_operator_3.py took 0.074 seconds
[2023-12-20T20:28:10.767+0000] {processor.py:157} INFO - Started process (PID=1395) to work on /usr/local/lib/python3.10/dist-packages/airflow/example_dags/example_branch_python_dop_operator_3.py
[2023-12-20T20:28:10.771+0000] {processor.py:829} INFO - Processing file /usr/local/lib/python3.10/dist-packages/airflow/example_dags/example_branch_python_dop_operator_3.py for tasks to queue
[2023-12-20T20:28:10.771+0000] {logging_mixin.py:154} INFO - [2023-12-20T20:28:10.771+0000] {dagbag.py:536} INFO - Filling up the DagBag from /usr/local/lib/python3.10/dist-packages/airflow/example_dags/example_branch_python_dop_operator_3.py
[2023-12-20T20:28:10.781+0000] {processor.py:839} INFO - DAG(s) dict_keys(['example_branch_dop_operator_v3']) retrieved from /usr/local/lib/python3.10/dist-packages/airflow/example_dags/example_branch_python_dop_operator_3.py
[2023-12-20T20:28:10.796+0000] {logging_mixin.py:154} INFO - [2023-12-20T20:28:10.796+0000] {dag.py:2941} INFO - Sync 1 DAGs
[2023-12-20T20:28:10.819+0000] {logging_mixin.py:154} INFO - [2023-12-20T20:28:10.819+0000] {dag.py:3722} INFO - Setting next_dagrun for example_branch_dop_operator_v3 to 2023-12-20T20:27:00+00:00, run_after=2023-12-20T20:28:00+00:00
[2023-12-20T20:28:10.839+0000] {processor.py:179} INFO - Processing /usr/local/lib/python3.10/dist-packages/airflow/example_dags/example_branch_python_dop_operator_3.py took 0.076 seconds
[2023-12-20T20:34:05.435+0000] {processor.py:157} INFO - Started process (PID=1851) to work on /usr/local/lib/python3.10/dist-packages/airflow/example_dags/example_branch_python_dop_operator_3.py
[2023-12-20T20:34:05.437+0000] {processor.py:829} INFO - Processing file /usr/local/lib/python3.10/dist-packages/airflow/example_dags/example_branch_python_dop_operator_3.py for tasks to queue
[2023-12-20T20:34:05.437+0000] {logging_mixin.py:154} INFO - [2023-12-20T20:34:05.437+0000] {dagbag.py:536} INFO - Filling up the DagBag from /usr/local/lib/python3.10/dist-packages/airflow/example_dags/example_branch_python_dop_operator_3.py
[2023-12-20T20:34:05.446+0000] {processor.py:839} INFO - DAG(s) dict_keys(['example_branch_dop_operator_v3']) retrieved from /usr/local/lib/python3.10/dist-packages/airflow/example_dags/example_branch_python_dop_operator_3.py
[2023-12-20T20:34:05.600+0000] {logging_mixin.py:154} INFO - [2023-12-20T20:34:05.600+0000] {dag.py:2941} INFO - Sync 1 DAGs
[2023-12-20T20:34:05.621+0000] {logging_mixin.py:154} INFO - [2023-12-20T20:34:05.621+0000] {dag.py:3722} INFO - Setting next_dagrun for example_branch_dop_operator_v3 to 2023-12-20T20:33:00+00:00, run_after=2023-12-20T20:34:00+00:00
[2023-12-20T20:34:05.643+0000] {processor.py:179} INFO - Processing /usr/local/lib/python3.10/dist-packages/airflow/example_dags/example_branch_python_dop_operator_3.py took 0.213 seconds
[2023-12-20T20:40:46.322+0000] {processor.py:157} INFO - Started process (PID=2369) to work on /usr/local/lib/python3.10/dist-packages/airflow/example_dags/example_branch_python_dop_operator_3.py
[2023-12-20T20:40:46.324+0000] {processor.py:829} INFO - Processing file /usr/local/lib/python3.10/dist-packages/airflow/example_dags/example_branch_python_dop_operator_3.py for tasks to queue
[2023-12-20T20:40:46.325+0000] {logging_mixin.py:154} INFO - [2023-12-20T20:40:46.325+0000] {dagbag.py:536} INFO - Filling up the DagBag from /usr/local/lib/python3.10/dist-packages/airflow/example_dags/example_branch_python_dop_operator_3.py
[2023-12-20T20:40:46.337+0000] {processor.py:839} INFO - DAG(s) dict_keys(['example_branch_dop_operator_v3']) retrieved from /usr/local/lib/python3.10/dist-packages/airflow/example_dags/example_branch_python_dop_operator_3.py
[2023-12-20T20:40:46.352+0000] {logging_mixin.py:154} INFO - [2023-12-20T20:40:46.352+0000] {dag.py:2941} INFO - Sync 1 DAGs
[2023-12-20T20:40:46.375+0000] {logging_mixin.py:154} INFO - [2023-12-20T20:40:46.375+0000] {dag.py:3722} INFO - Setting next_dagrun for example_branch_dop_operator_v3 to 2023-12-20T20:39:00+00:00, run_after=2023-12-20T20:40:00+00:00
[2023-12-20T20:40:46.400+0000] {processor.py:179} INFO - Processing /usr/local/lib/python3.10/dist-packages/airflow/example_dags/example_branch_python_dop_operator_3.py took 0.081 seconds
[2023-12-20T20:47:06.034+0000] {processor.py:157} INFO - Started process (PID=2824) to work on /usr/local/lib/python3.10/dist-packages/airflow/example_dags/example_branch_python_dop_operator_3.py
[2023-12-20T20:47:06.037+0000] {processor.py:829} INFO - Processing file /usr/local/lib/python3.10/dist-packages/airflow/example_dags/example_branch_python_dop_operator_3.py for tasks to queue
[2023-12-20T20:47:06.038+0000] {logging_mixin.py:154} INFO - [2023-12-20T20:47:06.038+0000] {dagbag.py:536} INFO - Filling up the DagBag from /usr/local/lib/python3.10/dist-packages/airflow/example_dags/example_branch_python_dop_operator_3.py
[2023-12-20T20:47:06.059+0000] {processor.py:839} INFO - DAG(s) dict_keys(['example_branch_dop_operator_v3']) retrieved from /usr/local/lib/python3.10/dist-packages/airflow/example_dags/example_branch_python_dop_operator_3.py
[2023-12-20T20:47:06.082+0000] {logging_mixin.py:154} INFO - [2023-12-20T20:47:06.081+0000] {dag.py:2941} INFO - Sync 1 DAGs
[2023-12-20T20:47:06.143+0000] {logging_mixin.py:154} INFO - [2023-12-20T20:47:06.143+0000] {dag.py:3722} INFO - Setting next_dagrun for example_branch_dop_operator_v3 to 2023-12-20T20:46:00+00:00, run_after=2023-12-20T20:47:00+00:00
[2023-12-20T20:47:06.171+0000] {processor.py:179} INFO - Processing /usr/local/lib/python3.10/dist-packages/airflow/example_dags/example_branch_python_dop_operator_3.py took 0.143 seconds
[2023-12-20T20:53:03.613+0000] {processor.py:157} INFO - Started process (PID=3931) to work on /usr/local/lib/python3.10/dist-packages/airflow/example_dags/example_branch_python_dop_operator_3.py
[2023-12-20T20:53:03.615+0000] {processor.py:829} INFO - Processing file /usr/local/lib/python3.10/dist-packages/airflow/example_dags/example_branch_python_dop_operator_3.py for tasks to queue
[2023-12-20T20:53:03.616+0000] {logging_mixin.py:154} INFO - [2023-12-20T20:53:03.615+0000] {dagbag.py:536} INFO - Filling up the DagBag from /usr/local/lib/python3.10/dist-packages/airflow/example_dags/example_branch_python_dop_operator_3.py
[2023-12-20T20:53:03.629+0000] {processor.py:839} INFO - DAG(s) dict_keys(['example_branch_dop_operator_v3']) retrieved from /usr/local/lib/python3.10/dist-packages/airflow/example_dags/example_branch_python_dop_operator_3.py
[2023-12-20T20:53:03.652+0000] {logging_mixin.py:154} INFO - [2023-12-20T20:53:03.652+0000] {dag.py:2941} INFO - Sync 1 DAGs
[2023-12-20T20:53:03.687+0000] {logging_mixin.py:154} INFO - [2023-12-20T20:53:03.687+0000] {dag.py:3722} INFO - Setting next_dagrun for example_branch_dop_operator_v3 to 2023-12-20T20:52:00+00:00, run_after=2023-12-20T20:53:00+00:00
[2023-12-20T20:53:03.717+0000] {processor.py:179} INFO - Processing /usr/local/lib/python3.10/dist-packages/airflow/example_dags/example_branch_python_dop_operator_3.py took 0.109 seconds
[2023-12-20T20:56:32.300+0000] {processor.py:157} INFO - Started process (PID=14678) to work on /usr/local/lib/python3.10/dist-packages/airflow/example_dags/example_branch_python_dop_operator_3.py
[2023-12-20T20:56:32.310+0000] {processor.py:829} INFO - Processing file /usr/local/lib/python3.10/dist-packages/airflow/example_dags/example_branch_python_dop_operator_3.py for tasks to queue
[2023-12-20T20:56:32.311+0000] {logging_mixin.py:154} INFO - [2023-12-20T20:56:32.311+0000] {dagbag.py:536} INFO - Filling up the DagBag from /usr/local/lib/python3.10/dist-packages/airflow/example_dags/example_branch_python_dop_operator_3.py
[2023-12-20T20:56:32.324+0000] {processor.py:839} INFO - DAG(s) dict_keys(['example_branch_dop_operator_v3']) retrieved from /usr/local/lib/python3.10/dist-packages/airflow/example_dags/example_branch_python_dop_operator_3.py
[2023-12-20T20:56:32.346+0000] {logging_mixin.py:154} INFO - [2023-12-20T20:56:32.346+0000] {dag.py:2941} INFO - Sync 1 DAGs
[2023-12-20T20:56:32.381+0000] {logging_mixin.py:154} INFO - [2023-12-20T20:56:32.381+0000] {dag.py:3722} INFO - Setting next_dagrun for example_branch_dop_operator_v3 to 2023-12-20T20:55:00+00:00, run_after=2023-12-20T20:56:00+00:00
[2023-12-20T20:56:32.413+0000] {processor.py:179} INFO - Processing /usr/local/lib/python3.10/dist-packages/airflow/example_dags/example_branch_python_dop_operator_3.py took 0.117 seconds
[2023-12-20T21:00:57.595+0000] {processor.py:157} INFO - Started process (PID=20611) to work on /usr/local/lib/python3.10/dist-packages/airflow/example_dags/example_branch_python_dop_operator_3.py
[2023-12-20T21:00:57.597+0000] {processor.py:829} INFO - Processing file /usr/local/lib/python3.10/dist-packages/airflow/example_dags/example_branch_python_dop_operator_3.py for tasks to queue
[2023-12-20T21:00:57.597+0000] {logging_mixin.py:154} INFO - [2023-12-20T21:00:57.597+0000] {dagbag.py:536} INFO - Filling up the DagBag from /usr/local/lib/python3.10/dist-packages/airflow/example_dags/example_branch_python_dop_operator_3.py
[2023-12-20T21:00:57.608+0000] {processor.py:839} INFO - DAG(s) dict_keys(['example_branch_dop_operator_v3']) retrieved from /usr/local/lib/python3.10/dist-packages/airflow/example_dags/example_branch_python_dop_operator_3.py
[2023-12-20T21:00:57.626+0000] {logging_mixin.py:154} INFO - [2023-12-20T21:00:57.626+0000] {dag.py:2941} INFO - Sync 1 DAGs
[2023-12-20T21:00:57.670+0000] {logging_mixin.py:154} INFO - [2023-12-20T21:00:57.670+0000] {dag.py:3722} INFO - Setting next_dagrun for example_branch_dop_operator_v3 to 2023-12-20T20:59:00+00:00, run_after=2023-12-20T21:00:00+00:00
[2023-12-20T21:00:57.695+0000] {processor.py:179} INFO - Processing /usr/local/lib/python3.10/dist-packages/airflow/example_dags/example_branch_python_dop_operator_3.py took 0.103 seconds
[2023-12-20T21:04:52.030+0000] {processor.py:157} INFO - Started process (PID=20944) to work on /usr/local/lib/python3.10/dist-packages/airflow/example_dags/example_branch_python_dop_operator_3.py
[2023-12-20T21:04:52.032+0000] {processor.py:829} INFO - Processing file /usr/local/lib/python3.10/dist-packages/airflow/example_dags/example_branch_python_dop_operator_3.py for tasks to queue
[2023-12-20T21:04:52.033+0000] {logging_mixin.py:154} INFO - [2023-12-20T21:04:52.032+0000] {dagbag.py:536} INFO - Filling up the DagBag from /usr/local/lib/python3.10/dist-packages/airflow/example_dags/example_branch_python_dop_operator_3.py
[2023-12-20T21:04:52.045+0000] {processor.py:839} INFO - DAG(s) dict_keys(['example_branch_dop_operator_v3']) retrieved from /usr/local/lib/python3.10/dist-packages/airflow/example_dags/example_branch_python_dop_operator_3.py
[2023-12-20T21:04:52.062+0000] {logging_mixin.py:154} INFO - [2023-12-20T21:04:52.062+0000] {dag.py:2941} INFO - Sync 1 DAGs
[2023-12-20T21:04:52.091+0000] {logging_mixin.py:154} INFO - [2023-12-20T21:04:52.091+0000] {dag.py:3722} INFO - Setting next_dagrun for example_branch_dop_operator_v3 to 2023-12-20T21:03:00+00:00, run_after=2023-12-20T21:04:00+00:00
[2023-12-20T21:04:52.112+0000] {processor.py:179} INFO - Processing /usr/local/lib/python3.10/dist-packages/airflow/example_dags/example_branch_python_dop_operator_3.py took 0.085 seconds
[2023-12-20T21:08:41.631+0000] {processor.py:157} INFO - Started process (PID=21286) to work on /usr/local/lib/python3.10/dist-packages/airflow/example_dags/example_branch_python_dop_operator_3.py
[2023-12-20T21:08:41.637+0000] {processor.py:829} INFO - Processing file /usr/local/lib/python3.10/dist-packages/airflow/example_dags/example_branch_python_dop_operator_3.py for tasks to queue
[2023-12-20T21:08:41.638+0000] {logging_mixin.py:154} INFO - [2023-12-20T21:08:41.638+0000] {dagbag.py:536} INFO - Filling up the DagBag from /usr/local/lib/python3.10/dist-packages/airflow/example_dags/example_branch_python_dop_operator_3.py
[2023-12-20T21:08:41.647+0000] {processor.py:839} INFO - DAG(s) dict_keys(['example_branch_dop_operator_v3']) retrieved from /usr/local/lib/python3.10/dist-packages/airflow/example_dags/example_branch_python_dop_operator_3.py
[2023-12-20T21:08:41.662+0000] {logging_mixin.py:154} INFO - [2023-12-20T21:08:41.662+0000] {dag.py:2941} INFO - Sync 1 DAGs
[2023-12-20T21:08:41.684+0000] {logging_mixin.py:154} INFO - [2023-12-20T21:08:41.684+0000] {dag.py:3722} INFO - Setting next_dagrun for example_branch_dop_operator_v3 to 2023-12-20T21:07:00+00:00, run_after=2023-12-20T21:08:00+00:00
[2023-12-20T21:08:41.706+0000] {processor.py:179} INFO - Processing /usr/local/lib/python3.10/dist-packages/airflow/example_dags/example_branch_python_dop_operator_3.py took 0.077 seconds
[2023-12-20T21:12:30.490+0000] {processor.py:157} INFO - Started process (PID=21619) to work on /usr/local/lib/python3.10/dist-packages/airflow/example_dags/example_branch_python_dop_operator_3.py
[2023-12-20T21:12:30.491+0000] {processor.py:829} INFO - Processing file /usr/local/lib/python3.10/dist-packages/airflow/example_dags/example_branch_python_dop_operator_3.py for tasks to queue
[2023-12-20T21:12:30.492+0000] {logging_mixin.py:154} INFO - [2023-12-20T21:12:30.492+0000] {dagbag.py:536} INFO - Filling up the DagBag from /usr/local/lib/python3.10/dist-packages/airflow/example_dags/example_branch_python_dop_operator_3.py
[2023-12-20T21:12:30.504+0000] {processor.py:839} INFO - DAG(s) dict_keys(['example_branch_dop_operator_v3']) retrieved from /usr/local/lib/python3.10/dist-packages/airflow/example_dags/example_branch_python_dop_operator_3.py
[2023-12-20T21:12:30.520+0000] {logging_mixin.py:154} INFO - [2023-12-20T21:12:30.520+0000] {dag.py:2941} INFO - Sync 1 DAGs
[2023-12-20T21:12:30.542+0000] {logging_mixin.py:154} INFO - [2023-12-20T21:12:30.541+0000] {dag.py:3722} INFO - Setting next_dagrun for example_branch_dop_operator_v3 to 2023-12-20T21:11:00+00:00, run_after=2023-12-20T21:12:00+00:00
[2023-12-20T21:12:30.566+0000] {processor.py:179} INFO - Processing /usr/local/lib/python3.10/dist-packages/airflow/example_dags/example_branch_python_dop_operator_3.py took 0.080 seconds
[2023-12-20T21:16:20.229+0000] {processor.py:157} INFO - Started process (PID=21953) to work on /usr/local/lib/python3.10/dist-packages/airflow/example_dags/example_branch_python_dop_operator_3.py
[2023-12-20T21:16:20.230+0000] {processor.py:829} INFO - Processing file /usr/local/lib/python3.10/dist-packages/airflow/example_dags/example_branch_python_dop_operator_3.py for tasks to queue
[2023-12-20T21:16:20.231+0000] {logging_mixin.py:154} INFO - [2023-12-20T21:16:20.231+0000] {dagbag.py:536} INFO - Filling up the DagBag from /usr/local/lib/python3.10/dist-packages/airflow/example_dags/example_branch_python_dop_operator_3.py
[2023-12-20T21:16:20.240+0000] {processor.py:839} INFO - DAG(s) dict_keys(['example_branch_dop_operator_v3']) retrieved from /usr/local/lib/python3.10/dist-packages/airflow/example_dags/example_branch_python_dop_operator_3.py
[2023-12-20T21:16:20.255+0000] {logging_mixin.py:154} INFO - [2023-12-20T21:16:20.255+0000] {dag.py:2941} INFO - Sync 1 DAGs
[2023-12-20T21:16:20.279+0000] {logging_mixin.py:154} INFO - [2023-12-20T21:16:20.279+0000] {dag.py:3722} INFO - Setting next_dagrun for example_branch_dop_operator_v3 to 2023-12-20T21:15:00+00:00, run_after=2023-12-20T21:16:00+00:00
[2023-12-20T21:16:20.303+0000] {processor.py:179} INFO - Processing /usr/local/lib/python3.10/dist-packages/airflow/example_dags/example_branch_python_dop_operator_3.py took 0.077 seconds
[2023-12-20T21:20:11.432+0000] {processor.py:157} INFO - Started process (PID=22286) to work on /usr/local/lib/python3.10/dist-packages/airflow/example_dags/example_branch_python_dop_operator_3.py
[2023-12-20T21:20:11.434+0000] {processor.py:829} INFO - Processing file /usr/local/lib/python3.10/dist-packages/airflow/example_dags/example_branch_python_dop_operator_3.py for tasks to queue
[2023-12-20T21:20:11.435+0000] {logging_mixin.py:154} INFO - [2023-12-20T21:20:11.435+0000] {dagbag.py:536} INFO - Filling up the DagBag from /usr/local/lib/python3.10/dist-packages/airflow/example_dags/example_branch_python_dop_operator_3.py
[2023-12-20T21:20:11.444+0000] {processor.py:839} INFO - DAG(s) dict_keys(['example_branch_dop_operator_v3']) retrieved from /usr/local/lib/python3.10/dist-packages/airflow/example_dags/example_branch_python_dop_operator_3.py
[2023-12-20T21:20:11.461+0000] {logging_mixin.py:154} INFO - [2023-12-20T21:20:11.461+0000] {dag.py:2941} INFO - Sync 1 DAGs
[2023-12-20T21:20:11.484+0000] {logging_mixin.py:154} INFO - [2023-12-20T21:20:11.483+0000] {dag.py:3722} INFO - Setting next_dagrun for example_branch_dop_operator_v3 to 2023-12-20T21:19:00+00:00, run_after=2023-12-20T21:20:00+00:00
[2023-12-20T21:20:11.504+0000] {processor.py:179} INFO - Processing /usr/local/lib/python3.10/dist-packages/airflow/example_dags/example_branch_python_dop_operator_3.py took 0.075 seconds
[2023-12-20T21:24:04.806+0000] {processor.py:157} INFO - Started process (PID=22617) to work on /usr/local/lib/python3.10/dist-packages/airflow/example_dags/example_branch_python_dop_operator_3.py
[2023-12-20T21:24:04.808+0000] {processor.py:829} INFO - Processing file /usr/local/lib/python3.10/dist-packages/airflow/example_dags/example_branch_python_dop_operator_3.py for tasks to queue
[2023-12-20T21:24:04.809+0000] {logging_mixin.py:154} INFO - [2023-12-20T21:24:04.808+0000] {dagbag.py:536} INFO - Filling up the DagBag from /usr/local/lib/python3.10/dist-packages/airflow/example_dags/example_branch_python_dop_operator_3.py
[2023-12-20T21:24:04.819+0000] {processor.py:839} INFO - DAG(s) dict_keys(['example_branch_dop_operator_v3']) retrieved from /usr/local/lib/python3.10/dist-packages/airflow/example_dags/example_branch_python_dop_operator_3.py
[2023-12-20T21:24:04.835+0000] {logging_mixin.py:154} INFO - [2023-12-20T21:24:04.835+0000] {dag.py:2941} INFO - Sync 1 DAGs
[2023-12-20T21:24:04.857+0000] {logging_mixin.py:154} INFO - [2023-12-20T21:24:04.857+0000] {dag.py:3722} INFO - Setting next_dagrun for example_branch_dop_operator_v3 to 2023-12-20T21:23:00+00:00, run_after=2023-12-20T21:24:00+00:00
[2023-12-20T21:24:04.883+0000] {processor.py:179} INFO - Processing /usr/local/lib/python3.10/dist-packages/airflow/example_dags/example_branch_python_dop_operator_3.py took 0.080 seconds
[2023-12-20T21:28:34.645+0000] {processor.py:157} INFO - Started process (PID=22808) to work on /usr/local/lib/python3.10/dist-packages/airflow/example_dags/example_branch_python_dop_operator_3.py
[2023-12-20T21:28:34.646+0000] {processor.py:829} INFO - Processing file /usr/local/lib/python3.10/dist-packages/airflow/example_dags/example_branch_python_dop_operator_3.py for tasks to queue
[2023-12-20T21:28:34.647+0000] {logging_mixin.py:154} INFO - [2023-12-20T21:28:34.647+0000] {dagbag.py:536} INFO - Filling up the DagBag from /usr/local/lib/python3.10/dist-packages/airflow/example_dags/example_branch_python_dop_operator_3.py
[2023-12-20T21:28:34.656+0000] {processor.py:839} INFO - DAG(s) dict_keys(['example_branch_dop_operator_v3']) retrieved from /usr/local/lib/python3.10/dist-packages/airflow/example_dags/example_branch_python_dop_operator_3.py
[2023-12-20T21:28:34.672+0000] {logging_mixin.py:154} INFO - [2023-12-20T21:28:34.672+0000] {dag.py:2941} INFO - Sync 1 DAGs
[2023-12-20T21:28:34.744+0000] {logging_mixin.py:154} INFO - [2023-12-20T21:28:34.744+0000] {dag.py:3722} INFO - Setting next_dagrun for example_branch_dop_operator_v3 to 2023-12-20T21:27:00+00:00, run_after=2023-12-20T21:28:00+00:00
[2023-12-20T21:28:34.824+0000] {processor.py:179} INFO - Processing /usr/local/lib/python3.10/dist-packages/airflow/example_dags/example_branch_python_dop_operator_3.py took 0.213 seconds
