[2023-12-20T20:26:09.557+0000] {processor.py:157} INFO - Started process (PID=1250) to work on /usr/local/lib/python3.10/dist-packages/airflow/example_dags/example_branch_labels.py
[2023-12-20T20:26:09.557+0000] {processor.py:829} INFO - Processing file /usr/local/lib/python3.10/dist-packages/airflow/example_dags/example_branch_labels.py for tasks to queue
[2023-12-20T20:26:09.558+0000] {logging_mixin.py:154} INFO - [2023-12-20T20:26:09.558+0000] {dagbag.py:536} INFO - Filling up the DagBag from /usr/local/lib/python3.10/dist-packages/airflow/example_dags/example_branch_labels.py
[2023-12-20T20:26:09.566+0000] {processor.py:839} INFO - DAG(s) dict_keys(['example_branch_labels']) retrieved from /usr/local/lib/python3.10/dist-packages/airflow/example_dags/example_branch_labels.py
[2023-12-20T20:26:09.582+0000] {logging_mixin.py:154} INFO - [2023-12-20T20:26:09.582+0000] {dag.py:2941} INFO - Sync 1 DAGs
[2023-12-20T20:26:09.603+0000] {logging_mixin.py:154} INFO - [2023-12-20T20:26:09.603+0000] {dag.py:3722} INFO - Setting next_dagrun for example_branch_labels to 2023-12-19T00:00:00+00:00, run_after=2023-12-20T00:00:00+00:00
[2023-12-20T20:26:09.631+0000] {processor.py:179} INFO - Processing /usr/local/lib/python3.10/dist-packages/airflow/example_dags/example_branch_labels.py took 0.078 seconds
[2023-12-20T20:31:04.908+0000] {processor.py:157} INFO - Started process (PID=1619) to work on /usr/local/lib/python3.10/dist-packages/airflow/example_dags/example_branch_labels.py
[2023-12-20T20:31:04.909+0000] {processor.py:829} INFO - Processing file /usr/local/lib/python3.10/dist-packages/airflow/example_dags/example_branch_labels.py for tasks to queue
[2023-12-20T20:31:04.910+0000] {logging_mixin.py:154} INFO - [2023-12-20T20:31:04.910+0000] {dagbag.py:536} INFO - Filling up the DagBag from /usr/local/lib/python3.10/dist-packages/airflow/example_dags/example_branch_labels.py
[2023-12-20T20:31:04.918+0000] {processor.py:839} INFO - DAG(s) dict_keys(['example_branch_labels']) retrieved from /usr/local/lib/python3.10/dist-packages/airflow/example_dags/example_branch_labels.py
[2023-12-20T20:31:04.935+0000] {logging_mixin.py:154} INFO - [2023-12-20T20:31:04.934+0000] {dag.py:2941} INFO - Sync 1 DAGs
[2023-12-20T20:31:05.117+0000] {logging_mixin.py:154} INFO - [2023-12-20T20:31:05.116+0000] {dag.py:3722} INFO - Setting next_dagrun for example_branch_labels to 2023-12-19T00:00:00+00:00, run_after=2023-12-20T00:00:00+00:00
[2023-12-20T20:31:05.135+0000] {processor.py:179} INFO - Processing /usr/local/lib/python3.10/dist-packages/airflow/example_dags/example_branch_labels.py took 0.230 seconds
[2023-12-20T20:37:57.938+0000] {processor.py:157} INFO - Started process (PID=2162) to work on /usr/local/lib/python3.10/dist-packages/airflow/example_dags/example_branch_labels.py
[2023-12-20T20:37:57.939+0000] {processor.py:829} INFO - Processing file /usr/local/lib/python3.10/dist-packages/airflow/example_dags/example_branch_labels.py for tasks to queue
[2023-12-20T20:37:57.940+0000] {logging_mixin.py:154} INFO - [2023-12-20T20:37:57.940+0000] {dagbag.py:536} INFO - Filling up the DagBag from /usr/local/lib/python3.10/dist-packages/airflow/example_dags/example_branch_labels.py
[2023-12-20T20:37:57.947+0000] {processor.py:839} INFO - DAG(s) dict_keys(['example_branch_labels']) retrieved from /usr/local/lib/python3.10/dist-packages/airflow/example_dags/example_branch_labels.py
[2023-12-20T20:37:57.964+0000] {logging_mixin.py:154} INFO - [2023-12-20T20:37:57.964+0000] {dag.py:2941} INFO - Sync 1 DAGs
[2023-12-20T20:37:57.984+0000] {logging_mixin.py:154} INFO - [2023-12-20T20:37:57.984+0000] {dag.py:3722} INFO - Setting next_dagrun for example_branch_labels to 2023-12-19T00:00:00+00:00, run_after=2023-12-20T00:00:00+00:00
[2023-12-20T20:37:58.004+0000] {processor.py:179} INFO - Processing /usr/local/lib/python3.10/dist-packages/airflow/example_dags/example_branch_labels.py took 0.069 seconds
[2023-12-20T20:44:05.951+0000] {processor.py:157} INFO - Started process (PID=2617) to work on /usr/local/lib/python3.10/dist-packages/airflow/example_dags/example_branch_labels.py
[2023-12-20T20:44:05.953+0000] {processor.py:829} INFO - Processing file /usr/local/lib/python3.10/dist-packages/airflow/example_dags/example_branch_labels.py for tasks to queue
[2023-12-20T20:44:05.955+0000] {logging_mixin.py:154} INFO - [2023-12-20T20:44:05.954+0000] {dagbag.py:536} INFO - Filling up the DagBag from /usr/local/lib/python3.10/dist-packages/airflow/example_dags/example_branch_labels.py
[2023-12-20T20:44:05.967+0000] {processor.py:839} INFO - DAG(s) dict_keys(['example_branch_labels']) retrieved from /usr/local/lib/python3.10/dist-packages/airflow/example_dags/example_branch_labels.py
[2023-12-20T20:44:05.989+0000] {logging_mixin.py:154} INFO - [2023-12-20T20:44:05.989+0000] {dag.py:2941} INFO - Sync 1 DAGs
[2023-12-20T20:44:06.025+0000] {logging_mixin.py:154} INFO - [2023-12-20T20:44:06.024+0000] {dag.py:3722} INFO - Setting next_dagrun for example_branch_labels to 2023-12-19T00:00:00+00:00, run_after=2023-12-20T00:00:00+00:00
[2023-12-20T20:44:06.053+0000] {processor.py:179} INFO - Processing /usr/local/lib/python3.10/dist-packages/airflow/example_dags/example_branch_labels.py took 0.108 seconds
[2023-12-20T20:50:03.389+0000] {processor.py:157} INFO - Started process (PID=3034) to work on /usr/local/lib/python3.10/dist-packages/airflow/example_dags/example_branch_labels.py
[2023-12-20T20:50:03.401+0000] {processor.py:829} INFO - Processing file /usr/local/lib/python3.10/dist-packages/airflow/example_dags/example_branch_labels.py for tasks to queue
[2023-12-20T20:50:03.402+0000] {logging_mixin.py:154} INFO - [2023-12-20T20:50:03.402+0000] {dagbag.py:536} INFO - Filling up the DagBag from /usr/local/lib/python3.10/dist-packages/airflow/example_dags/example_branch_labels.py
[2023-12-20T20:50:03.412+0000] {processor.py:839} INFO - DAG(s) dict_keys(['example_branch_labels']) retrieved from /usr/local/lib/python3.10/dist-packages/airflow/example_dags/example_branch_labels.py
[2023-12-20T20:50:03.440+0000] {logging_mixin.py:154} INFO - [2023-12-20T20:50:03.440+0000] {dag.py:2941} INFO - Sync 1 DAGs
[2023-12-20T20:50:03.484+0000] {logging_mixin.py:154} INFO - [2023-12-20T20:50:03.484+0000] {dag.py:3722} INFO - Setting next_dagrun for example_branch_labels to 2023-12-19T00:00:00+00:00, run_after=2023-12-20T00:00:00+00:00
[2023-12-20T20:50:03.507+0000] {processor.py:179} INFO - Processing /usr/local/lib/python3.10/dist-packages/airflow/example_dags/example_branch_labels.py took 0.122 seconds
[2023-12-20T20:56:57.607+0000] {processor.py:157} INFO - Started process (PID=19462) to work on /usr/local/lib/python3.10/dist-packages/airflow/example_dags/example_branch_labels.py
[2023-12-20T20:56:57.608+0000] {processor.py:829} INFO - Processing file /usr/local/lib/python3.10/dist-packages/airflow/example_dags/example_branch_labels.py for tasks to queue
[2023-12-20T20:56:57.609+0000] {logging_mixin.py:154} INFO - [2023-12-20T20:56:57.609+0000] {dagbag.py:536} INFO - Filling up the DagBag from /usr/local/lib/python3.10/dist-packages/airflow/example_dags/example_branch_labels.py
[2023-12-20T20:56:57.620+0000] {processor.py:839} INFO - DAG(s) dict_keys(['example_branch_labels']) retrieved from /usr/local/lib/python3.10/dist-packages/airflow/example_dags/example_branch_labels.py
[2023-12-20T20:56:57.643+0000] {logging_mixin.py:154} INFO - [2023-12-20T20:56:57.642+0000] {dag.py:2941} INFO - Sync 1 DAGs
[2023-12-20T20:56:57.669+0000] {logging_mixin.py:154} INFO - [2023-12-20T20:56:57.669+0000] {dag.py:3722} INFO - Setting next_dagrun for example_branch_labels to 2023-12-19T00:00:00+00:00, run_after=2023-12-20T00:00:00+00:00
[2023-12-20T20:56:57.695+0000] {processor.py:179} INFO - Processing /usr/local/lib/python3.10/dist-packages/airflow/example_dags/example_branch_labels.py took 0.092 seconds
[2023-12-20T21:01:16.579+0000] {processor.py:157} INFO - Started process (PID=20636) to work on /usr/local/lib/python3.10/dist-packages/airflow/example_dags/example_branch_labels.py
[2023-12-20T21:01:16.581+0000] {processor.py:829} INFO - Processing file /usr/local/lib/python3.10/dist-packages/airflow/example_dags/example_branch_labels.py for tasks to queue
[2023-12-20T21:01:16.582+0000] {logging_mixin.py:154} INFO - [2023-12-20T21:01:16.581+0000] {dagbag.py:536} INFO - Filling up the DagBag from /usr/local/lib/python3.10/dist-packages/airflow/example_dags/example_branch_labels.py
[2023-12-20T21:01:16.591+0000] {processor.py:839} INFO - DAG(s) dict_keys(['example_branch_labels']) retrieved from /usr/local/lib/python3.10/dist-packages/airflow/example_dags/example_branch_labels.py
[2023-12-20T21:01:16.607+0000] {logging_mixin.py:154} INFO - [2023-12-20T21:01:16.607+0000] {dag.py:2941} INFO - Sync 1 DAGs
[2023-12-20T21:01:16.627+0000] {logging_mixin.py:154} INFO - [2023-12-20T21:01:16.626+0000] {dag.py:3722} INFO - Setting next_dagrun for example_branch_labels to 2023-12-19T00:00:00+00:00, run_after=2023-12-20T00:00:00+00:00
[2023-12-20T21:01:16.651+0000] {processor.py:179} INFO - Processing /usr/local/lib/python3.10/dist-packages/airflow/example_dags/example_branch_labels.py took 0.075 seconds
[2023-12-20T21:05:09.537+0000] {processor.py:157} INFO - Started process (PID=20969) to work on /usr/local/lib/python3.10/dist-packages/airflow/example_dags/example_branch_labels.py
[2023-12-20T21:05:09.538+0000] {processor.py:829} INFO - Processing file /usr/local/lib/python3.10/dist-packages/airflow/example_dags/example_branch_labels.py for tasks to queue
[2023-12-20T21:05:09.539+0000] {logging_mixin.py:154} INFO - [2023-12-20T21:05:09.539+0000] {dagbag.py:536} INFO - Filling up the DagBag from /usr/local/lib/python3.10/dist-packages/airflow/example_dags/example_branch_labels.py
[2023-12-20T21:05:09.548+0000] {processor.py:839} INFO - DAG(s) dict_keys(['example_branch_labels']) retrieved from /usr/local/lib/python3.10/dist-packages/airflow/example_dags/example_branch_labels.py
[2023-12-20T21:05:09.565+0000] {logging_mixin.py:154} INFO - [2023-12-20T21:05:09.564+0000] {dag.py:2941} INFO - Sync 1 DAGs
[2023-12-20T21:05:09.585+0000] {logging_mixin.py:154} INFO - [2023-12-20T21:05:09.585+0000] {dag.py:3722} INFO - Setting next_dagrun for example_branch_labels to 2023-12-19T00:00:00+00:00, run_after=2023-12-20T00:00:00+00:00
[2023-12-20T21:05:09.605+0000] {processor.py:179} INFO - Processing /usr/local/lib/python3.10/dist-packages/airflow/example_dags/example_branch_labels.py took 0.071 seconds
[2023-12-20T21:08:59.482+0000] {processor.py:157} INFO - Started process (PID=21311) to work on /usr/local/lib/python3.10/dist-packages/airflow/example_dags/example_branch_labels.py
[2023-12-20T21:08:59.483+0000] {processor.py:829} INFO - Processing file /usr/local/lib/python3.10/dist-packages/airflow/example_dags/example_branch_labels.py for tasks to queue
[2023-12-20T21:08:59.484+0000] {logging_mixin.py:154} INFO - [2023-12-20T21:08:59.484+0000] {dagbag.py:536} INFO - Filling up the DagBag from /usr/local/lib/python3.10/dist-packages/airflow/example_dags/example_branch_labels.py
[2023-12-20T21:08:59.492+0000] {processor.py:839} INFO - DAG(s) dict_keys(['example_branch_labels']) retrieved from /usr/local/lib/python3.10/dist-packages/airflow/example_dags/example_branch_labels.py
[2023-12-20T21:08:59.509+0000] {logging_mixin.py:154} INFO - [2023-12-20T21:08:59.509+0000] {dag.py:2941} INFO - Sync 1 DAGs
[2023-12-20T21:08:59.528+0000] {logging_mixin.py:154} INFO - [2023-12-20T21:08:59.528+0000] {dag.py:3722} INFO - Setting next_dagrun for example_branch_labels to 2023-12-19T00:00:00+00:00, run_after=2023-12-20T00:00:00+00:00
[2023-12-20T21:08:59.549+0000] {processor.py:179} INFO - Processing /usr/local/lib/python3.10/dist-packages/airflow/example_dags/example_branch_labels.py took 0.070 seconds
[2023-12-20T21:12:48.105+0000] {processor.py:157} INFO - Started process (PID=21644) to work on /usr/local/lib/python3.10/dist-packages/airflow/example_dags/example_branch_labels.py
[2023-12-20T21:12:48.134+0000] {processor.py:829} INFO - Processing file /usr/local/lib/python3.10/dist-packages/airflow/example_dags/example_branch_labels.py for tasks to queue
[2023-12-20T21:12:48.136+0000] {logging_mixin.py:154} INFO - [2023-12-20T21:12:48.136+0000] {dagbag.py:536} INFO - Filling up the DagBag from /usr/local/lib/python3.10/dist-packages/airflow/example_dags/example_branch_labels.py
[2023-12-20T21:12:48.150+0000] {processor.py:839} INFO - DAG(s) dict_keys(['example_branch_labels']) retrieved from /usr/local/lib/python3.10/dist-packages/airflow/example_dags/example_branch_labels.py
[2023-12-20T21:12:48.172+0000] {logging_mixin.py:154} INFO - [2023-12-20T21:12:48.171+0000] {dag.py:2941} INFO - Sync 1 DAGs
[2023-12-20T21:12:48.199+0000] {logging_mixin.py:154} INFO - [2023-12-20T21:12:48.199+0000] {dag.py:3722} INFO - Setting next_dagrun for example_branch_labels to 2023-12-19T00:00:00+00:00, run_after=2023-12-20T00:00:00+00:00
[2023-12-20T21:12:48.224+0000] {processor.py:179} INFO - Processing /usr/local/lib/python3.10/dist-packages/airflow/example_dags/example_branch_labels.py took 0.122 seconds
[2023-12-20T21:16:37.366+0000] {processor.py:157} INFO - Started process (PID=21978) to work on /usr/local/lib/python3.10/dist-packages/airflow/example_dags/example_branch_labels.py
[2023-12-20T21:16:37.367+0000] {processor.py:829} INFO - Processing file /usr/local/lib/python3.10/dist-packages/airflow/example_dags/example_branch_labels.py for tasks to queue
[2023-12-20T21:16:37.368+0000] {logging_mixin.py:154} INFO - [2023-12-20T21:16:37.368+0000] {dagbag.py:536} INFO - Filling up the DagBag from /usr/local/lib/python3.10/dist-packages/airflow/example_dags/example_branch_labels.py
[2023-12-20T21:16:37.377+0000] {processor.py:839} INFO - DAG(s) dict_keys(['example_branch_labels']) retrieved from /usr/local/lib/python3.10/dist-packages/airflow/example_dags/example_branch_labels.py
[2023-12-20T21:16:37.394+0000] {logging_mixin.py:154} INFO - [2023-12-20T21:16:37.394+0000] {dag.py:2941} INFO - Sync 1 DAGs
[2023-12-20T21:16:37.413+0000] {logging_mixin.py:154} INFO - [2023-12-20T21:16:37.413+0000] {dag.py:3722} INFO - Setting next_dagrun for example_branch_labels to 2023-12-19T00:00:00+00:00, run_after=2023-12-20T00:00:00+00:00
[2023-12-20T21:16:37.431+0000] {processor.py:179} INFO - Processing /usr/local/lib/python3.10/dist-packages/airflow/example_dags/example_branch_labels.py took 0.068 seconds
[2023-12-20T21:20:29.185+0000] {processor.py:157} INFO - Started process (PID=22311) to work on /usr/local/lib/python3.10/dist-packages/airflow/example_dags/example_branch_labels.py
[2023-12-20T21:20:29.187+0000] {processor.py:829} INFO - Processing file /usr/local/lib/python3.10/dist-packages/airflow/example_dags/example_branch_labels.py for tasks to queue
[2023-12-20T21:20:29.187+0000] {logging_mixin.py:154} INFO - [2023-12-20T21:20:29.187+0000] {dagbag.py:536} INFO - Filling up the DagBag from /usr/local/lib/python3.10/dist-packages/airflow/example_dags/example_branch_labels.py
[2023-12-20T21:20:29.197+0000] {processor.py:839} INFO - DAG(s) dict_keys(['example_branch_labels']) retrieved from /usr/local/lib/python3.10/dist-packages/airflow/example_dags/example_branch_labels.py
[2023-12-20T21:20:29.218+0000] {logging_mixin.py:154} INFO - [2023-12-20T21:20:29.218+0000] {dag.py:2941} INFO - Sync 1 DAGs
[2023-12-20T21:20:29.238+0000] {logging_mixin.py:154} INFO - [2023-12-20T21:20:29.238+0000] {dag.py:3722} INFO - Setting next_dagrun for example_branch_labels to 2023-12-19T00:00:00+00:00, run_after=2023-12-20T00:00:00+00:00
[2023-12-20T21:20:29.261+0000] {processor.py:179} INFO - Processing /usr/local/lib/python3.10/dist-packages/airflow/example_dags/example_branch_labels.py took 0.079 seconds
[2023-12-20T21:24:33.772+0000] {processor.py:157} INFO - Started process (PID=22642) to work on /usr/local/lib/python3.10/dist-packages/airflow/example_dags/example_branch_labels.py
[2023-12-20T21:24:33.779+0000] {processor.py:829} INFO - Processing file /usr/local/lib/python3.10/dist-packages/airflow/example_dags/example_branch_labels.py for tasks to queue
[2023-12-20T21:24:33.780+0000] {logging_mixin.py:154} INFO - [2023-12-20T21:24:33.779+0000] {dagbag.py:536} INFO - Filling up the DagBag from /usr/local/lib/python3.10/dist-packages/airflow/example_dags/example_branch_labels.py
[2023-12-20T21:24:33.789+0000] {processor.py:839} INFO - DAG(s) dict_keys(['example_branch_labels']) retrieved from /usr/local/lib/python3.10/dist-packages/airflow/example_dags/example_branch_labels.py
[2023-12-20T21:24:33.848+0000] {logging_mixin.py:154} INFO - [2023-12-20T21:24:33.847+0000] {dag.py:2941} INFO - Sync 1 DAGs
[2023-12-20T21:24:33.872+0000] {logging_mixin.py:154} INFO - [2023-12-20T21:24:33.871+0000] {dag.py:3722} INFO - Setting next_dagrun for example_branch_labels to 2023-12-19T00:00:00+00:00, run_after=2023-12-20T00:00:00+00:00
[2023-12-20T21:24:33.949+0000] {processor.py:179} INFO - Processing /usr/local/lib/python3.10/dist-packages/airflow/example_dags/example_branch_labels.py took 0.181 seconds
[2023-12-20T21:33:38.325+0000] {processor.py:157} INFO - Started process (PID=23012) to work on /usr/local/lib/python3.10/dist-packages/airflow/example_dags/example_branch_labels.py
[2023-12-20T21:33:38.328+0000] {processor.py:829} INFO - Processing file /usr/local/lib/python3.10/dist-packages/airflow/example_dags/example_branch_labels.py for tasks to queue
[2023-12-20T21:33:38.330+0000] {logging_mixin.py:154} INFO - [2023-12-20T21:33:38.329+0000] {dagbag.py:536} INFO - Filling up the DagBag from /usr/local/lib/python3.10/dist-packages/airflow/example_dags/example_branch_labels.py
[2023-12-20T21:33:38.344+0000] {processor.py:839} INFO - DAG(s) dict_keys(['example_branch_labels']) retrieved from /usr/local/lib/python3.10/dist-packages/airflow/example_dags/example_branch_labels.py
[2023-12-20T21:33:38.416+0000] {logging_mixin.py:154} INFO - [2023-12-20T21:33:38.415+0000] {dag.py:2941} INFO - Sync 1 DAGs
[2023-12-20T21:33:38.501+0000] {logging_mixin.py:154} INFO - [2023-12-20T21:33:38.500+0000] {dag.py:3722} INFO - Setting next_dagrun for example_branch_labels to 2023-12-19T00:00:00+00:00, run_after=2023-12-20T00:00:00+00:00
[2023-12-20T21:33:38.555+0000] {processor.py:179} INFO - Processing /usr/local/lib/python3.10/dist-packages/airflow/example_dags/example_branch_labels.py took 0.294 seconds
