[2023-12-20T20:22:50.867+0000] {processor.py:157} INFO - Started process (PID=1007) to work on /usr/local/lib/python3.10/dist-packages/airflow/example_dags/example_setup_teardown_taskflow.py
[2023-12-20T20:22:50.868+0000] {processor.py:829} INFO - Processing file /usr/local/lib/python3.10/dist-packages/airflow/example_dags/example_setup_teardown_taskflow.py for tasks to queue
[2023-12-20T20:22:50.869+0000] {logging_mixin.py:154} INFO - [2023-12-20T20:22:50.868+0000] {dagbag.py:536} INFO - Filling up the DagBag from /usr/local/lib/python3.10/dist-packages/airflow/example_dags/example_setup_teardown_taskflow.py
[2023-12-20T20:22:50.881+0000] {processor.py:839} INFO - DAG(s) dict_keys(['example_setup_teardown_taskflow']) retrieved from /usr/local/lib/python3.10/dist-packages/airflow/example_dags/example_setup_teardown_taskflow.py
[2023-12-20T20:22:50.907+0000] {logging_mixin.py:154} INFO - [2023-12-20T20:22:50.907+0000] {dag.py:2941} INFO - Sync 1 DAGs
[2023-12-20T20:22:50.938+0000] {logging_mixin.py:154} INFO - [2023-12-20T20:22:50.938+0000] {dag.py:3722} INFO - Setting next_dagrun for example_setup_teardown_taskflow to 2023-12-19T20:22:50.937924+00:00, run_after=2023-12-20T20:22:50.937924+00:00
[2023-12-20T20:22:50.961+0000] {processor.py:179} INFO - Processing /usr/local/lib/python3.10/dist-packages/airflow/example_dags/example_setup_teardown_taskflow.py took 0.098 seconds
[2023-12-20T20:27:06.367+0000] {processor.py:157} INFO - Started process (PID=1320) to work on /usr/local/lib/python3.10/dist-packages/airflow/example_dags/example_setup_teardown_taskflow.py
[2023-12-20T20:27:06.369+0000] {processor.py:829} INFO - Processing file /usr/local/lib/python3.10/dist-packages/airflow/example_dags/example_setup_teardown_taskflow.py for tasks to queue
[2023-12-20T20:27:06.370+0000] {logging_mixin.py:154} INFO - [2023-12-20T20:27:06.369+0000] {dagbag.py:536} INFO - Filling up the DagBag from /usr/local/lib/python3.10/dist-packages/airflow/example_dags/example_setup_teardown_taskflow.py
[2023-12-20T20:27:06.383+0000] {processor.py:839} INFO - DAG(s) dict_keys(['example_setup_teardown_taskflow']) retrieved from /usr/local/lib/python3.10/dist-packages/airflow/example_dags/example_setup_teardown_taskflow.py
[2023-12-20T20:27:06.404+0000] {logging_mixin.py:154} INFO - [2023-12-20T20:27:06.404+0000] {dag.py:2941} INFO - Sync 1 DAGs
[2023-12-20T20:27:06.427+0000] {logging_mixin.py:154} INFO - [2023-12-20T20:27:06.427+0000] {dag.py:3722} INFO - Setting next_dagrun for example_setup_teardown_taskflow to 2023-12-19T20:27:06.427110+00:00, run_after=2023-12-20T20:27:06.427110+00:00
[2023-12-20T20:27:06.463+0000] {processor.py:179} INFO - Processing /usr/local/lib/python3.10/dist-packages/airflow/example_dags/example_setup_teardown_taskflow.py took 0.099 seconds
[2023-12-20T20:29:18.357+0000] {processor.py:157} INFO - Started process (PID=1484) to work on /usr/local/lib/python3.10/dist-packages/airflow/example_dags/example_setup_teardown_taskflow.py
[2023-12-20T20:29:18.358+0000] {processor.py:829} INFO - Processing file /usr/local/lib/python3.10/dist-packages/airflow/example_dags/example_setup_teardown_taskflow.py for tasks to queue
[2023-12-20T20:29:18.359+0000] {logging_mixin.py:154} INFO - [2023-12-20T20:29:18.358+0000] {dagbag.py:536} INFO - Filling up the DagBag from /usr/local/lib/python3.10/dist-packages/airflow/example_dags/example_setup_teardown_taskflow.py
[2023-12-20T20:29:18.368+0000] {processor.py:839} INFO - DAG(s) dict_keys(['example_setup_teardown_taskflow']) retrieved from /usr/local/lib/python3.10/dist-packages/airflow/example_dags/example_setup_teardown_taskflow.py
[2023-12-20T20:29:18.383+0000] {logging_mixin.py:154} INFO - [2023-12-20T20:29:18.383+0000] {dag.py:2941} INFO - Sync 1 DAGs
[2023-12-20T20:29:18.401+0000] {logging_mixin.py:154} INFO - [2023-12-20T20:29:18.400+0000] {dag.py:3722} INFO - Setting next_dagrun for example_setup_teardown_taskflow to 2023-12-19T20:29:18.400777+00:00, run_after=2023-12-20T20:29:18.400777+00:00
[2023-12-20T20:29:18.561+0000] {processor.py:179} INFO - Processing /usr/local/lib/python3.10/dist-packages/airflow/example_dags/example_setup_teardown_taskflow.py took 0.207 seconds
[2023-12-20T20:32:09.578+0000] {processor.py:157} INFO - Started process (PID=1704) to work on /usr/local/lib/python3.10/dist-packages/airflow/example_dags/example_setup_teardown_taskflow.py
[2023-12-20T20:32:09.579+0000] {processor.py:829} INFO - Processing file /usr/local/lib/python3.10/dist-packages/airflow/example_dags/example_setup_teardown_taskflow.py for tasks to queue
[2023-12-20T20:32:09.580+0000] {logging_mixin.py:154} INFO - [2023-12-20T20:32:09.580+0000] {dagbag.py:536} INFO - Filling up the DagBag from /usr/local/lib/python3.10/dist-packages/airflow/example_dags/example_setup_teardown_taskflow.py
[2023-12-20T20:32:09.589+0000] {processor.py:839} INFO - DAG(s) dict_keys(['example_setup_teardown_taskflow']) retrieved from /usr/local/lib/python3.10/dist-packages/airflow/example_dags/example_setup_teardown_taskflow.py
[2023-12-20T20:32:09.610+0000] {logging_mixin.py:154} INFO - [2023-12-20T20:32:09.609+0000] {dag.py:2941} INFO - Sync 1 DAGs
[2023-12-20T20:32:09.768+0000] {logging_mixin.py:154} INFO - [2023-12-20T20:32:09.768+0000] {dag.py:3722} INFO - Setting next_dagrun for example_setup_teardown_taskflow to 2023-12-19T20:32:09.768352+00:00, run_after=2023-12-20T20:32:09.768352+00:00
[2023-12-20T20:32:09.787+0000] {processor.py:179} INFO - Processing /usr/local/lib/python3.10/dist-packages/airflow/example_dags/example_setup_teardown_taskflow.py took 0.212 seconds
[2023-12-20T20:35:29.524+0000] {processor.py:157} INFO - Started process (PID=1968) to work on /usr/local/lib/python3.10/dist-packages/airflow/example_dags/example_setup_teardown_taskflow.py
[2023-12-20T20:35:29.526+0000] {processor.py:829} INFO - Processing file /usr/local/lib/python3.10/dist-packages/airflow/example_dags/example_setup_teardown_taskflow.py for tasks to queue
[2023-12-20T20:35:29.527+0000] {logging_mixin.py:154} INFO - [2023-12-20T20:35:29.526+0000] {dagbag.py:536} INFO - Filling up the DagBag from /usr/local/lib/python3.10/dist-packages/airflow/example_dags/example_setup_teardown_taskflow.py
[2023-12-20T20:35:29.537+0000] {processor.py:839} INFO - DAG(s) dict_keys(['example_setup_teardown_taskflow']) retrieved from /usr/local/lib/python3.10/dist-packages/airflow/example_dags/example_setup_teardown_taskflow.py
[2023-12-20T20:35:29.554+0000] {logging_mixin.py:154} INFO - [2023-12-20T20:35:29.554+0000] {dag.py:2941} INFO - Sync 1 DAGs
[2023-12-20T20:35:29.573+0000] {logging_mixin.py:154} INFO - [2023-12-20T20:35:29.573+0000] {dag.py:3722} INFO - Setting next_dagrun for example_setup_teardown_taskflow to 2023-12-19T20:35:29.573559+00:00, run_after=2023-12-20T20:35:29.573559+00:00
[2023-12-20T20:35:29.594+0000] {processor.py:179} INFO - Processing /usr/local/lib/python3.10/dist-packages/airflow/example_dags/example_setup_teardown_taskflow.py took 0.074 seconds
[2023-12-20T20:38:50.121+0000] {processor.py:157} INFO - Started process (PID=2227) to work on /usr/local/lib/python3.10/dist-packages/airflow/example_dags/example_setup_teardown_taskflow.py
[2023-12-20T20:38:50.123+0000] {processor.py:829} INFO - Processing file /usr/local/lib/python3.10/dist-packages/airflow/example_dags/example_setup_teardown_taskflow.py for tasks to queue
[2023-12-20T20:38:50.124+0000] {logging_mixin.py:154} INFO - [2023-12-20T20:38:50.123+0000] {dagbag.py:536} INFO - Filling up the DagBag from /usr/local/lib/python3.10/dist-packages/airflow/example_dags/example_setup_teardown_taskflow.py
[2023-12-20T20:38:50.136+0000] {processor.py:839} INFO - DAG(s) dict_keys(['example_setup_teardown_taskflow']) retrieved from /usr/local/lib/python3.10/dist-packages/airflow/example_dags/example_setup_teardown_taskflow.py
[2023-12-20T20:38:50.157+0000] {logging_mixin.py:154} INFO - [2023-12-20T20:38:50.157+0000] {dag.py:2941} INFO - Sync 1 DAGs
[2023-12-20T20:38:50.197+0000] {logging_mixin.py:154} INFO - [2023-12-20T20:38:50.196+0000] {dag.py:3722} INFO - Setting next_dagrun for example_setup_teardown_taskflow to 2023-12-19T20:38:50.196496+00:00, run_after=2023-12-20T20:38:50.196496+00:00
[2023-12-20T20:38:50.230+0000] {processor.py:179} INFO - Processing /usr/local/lib/python3.10/dist-packages/airflow/example_dags/example_setup_teardown_taskflow.py took 0.114 seconds
[2023-12-20T20:42:21.116+0000] {processor.py:157} INFO - Started process (PID=2489) to work on /usr/local/lib/python3.10/dist-packages/airflow/example_dags/example_setup_teardown_taskflow.py
[2023-12-20T20:42:21.117+0000] {processor.py:829} INFO - Processing file /usr/local/lib/python3.10/dist-packages/airflow/example_dags/example_setup_teardown_taskflow.py for tasks to queue
[2023-12-20T20:42:21.118+0000] {logging_mixin.py:154} INFO - [2023-12-20T20:42:21.118+0000] {dagbag.py:536} INFO - Filling up the DagBag from /usr/local/lib/python3.10/dist-packages/airflow/example_dags/example_setup_teardown_taskflow.py
[2023-12-20T20:42:21.128+0000] {processor.py:839} INFO - DAG(s) dict_keys(['example_setup_teardown_taskflow']) retrieved from /usr/local/lib/python3.10/dist-packages/airflow/example_dags/example_setup_teardown_taskflow.py
[2023-12-20T20:42:21.145+0000] {logging_mixin.py:154} INFO - [2023-12-20T20:42:21.145+0000] {dag.py:2941} INFO - Sync 1 DAGs
[2023-12-20T20:42:21.163+0000] {logging_mixin.py:154} INFO - [2023-12-20T20:42:21.163+0000] {dag.py:3722} INFO - Setting next_dagrun for example_setup_teardown_taskflow to 2023-12-19T20:42:21.163390+00:00, run_after=2023-12-20T20:42:21.163390+00:00
[2023-12-20T20:42:21.186+0000] {processor.py:179} INFO - Processing /usr/local/lib/python3.10/dist-packages/airflow/example_dags/example_setup_teardown_taskflow.py took 0.073 seconds
[2023-12-20T20:45:23.544+0000] {processor.py:157} INFO - Started process (PID=2707) to work on /usr/local/lib/python3.10/dist-packages/airflow/example_dags/example_setup_teardown_taskflow.py
[2023-12-20T20:45:23.546+0000] {processor.py:829} INFO - Processing file /usr/local/lib/python3.10/dist-packages/airflow/example_dags/example_setup_teardown_taskflow.py for tasks to queue
[2023-12-20T20:45:23.546+0000] {logging_mixin.py:154} INFO - [2023-12-20T20:45:23.546+0000] {dagbag.py:536} INFO - Filling up the DagBag from /usr/local/lib/python3.10/dist-packages/airflow/example_dags/example_setup_teardown_taskflow.py
[2023-12-20T20:45:23.556+0000] {processor.py:839} INFO - DAG(s) dict_keys(['example_setup_teardown_taskflow']) retrieved from /usr/local/lib/python3.10/dist-packages/airflow/example_dags/example_setup_teardown_taskflow.py
[2023-12-20T20:45:23.575+0000] {logging_mixin.py:154} INFO - [2023-12-20T20:45:23.575+0000] {dag.py:2941} INFO - Sync 1 DAGs
[2023-12-20T20:45:23.597+0000] {logging_mixin.py:154} INFO - [2023-12-20T20:45:23.597+0000] {dag.py:3722} INFO - Setting next_dagrun for example_setup_teardown_taskflow to 2023-12-19T20:45:23.596839+00:00, run_after=2023-12-20T20:45:23.596839+00:00
[2023-12-20T20:45:23.620+0000] {processor.py:179} INFO - Processing /usr/local/lib/python3.10/dist-packages/airflow/example_dags/example_setup_teardown_taskflow.py took 0.079 seconds
[2023-12-20T20:48:18.573+0000] {processor.py:157} INFO - Started process (PID=2909) to work on /usr/local/lib/python3.10/dist-packages/airflow/example_dags/example_setup_teardown_taskflow.py
[2023-12-20T20:48:18.574+0000] {processor.py:829} INFO - Processing file /usr/local/lib/python3.10/dist-packages/airflow/example_dags/example_setup_teardown_taskflow.py for tasks to queue
[2023-12-20T20:48:18.575+0000] {logging_mixin.py:154} INFO - [2023-12-20T20:48:18.575+0000] {dagbag.py:536} INFO - Filling up the DagBag from /usr/local/lib/python3.10/dist-packages/airflow/example_dags/example_setup_teardown_taskflow.py
[2023-12-20T20:48:18.585+0000] {processor.py:839} INFO - DAG(s) dict_keys(['example_setup_teardown_taskflow']) retrieved from /usr/local/lib/python3.10/dist-packages/airflow/example_dags/example_setup_teardown_taskflow.py
[2023-12-20T20:48:18.602+0000] {logging_mixin.py:154} INFO - [2023-12-20T20:48:18.602+0000] {dag.py:2941} INFO - Sync 1 DAGs
[2023-12-20T20:48:18.621+0000] {logging_mixin.py:154} INFO - [2023-12-20T20:48:18.621+0000] {dag.py:3722} INFO - Setting next_dagrun for example_setup_teardown_taskflow to 2023-12-19T20:48:18.621020+00:00, run_after=2023-12-20T20:48:18.621020+00:00
[2023-12-20T20:48:18.644+0000] {processor.py:179} INFO - Processing /usr/local/lib/python3.10/dist-packages/airflow/example_dags/example_setup_teardown_taskflow.py took 0.074 seconds
[2023-12-20T20:51:15.247+0000] {processor.py:157} INFO - Started process (PID=3124) to work on /usr/local/lib/python3.10/dist-packages/airflow/example_dags/example_setup_teardown_taskflow.py
[2023-12-20T20:51:15.249+0000] {processor.py:829} INFO - Processing file /usr/local/lib/python3.10/dist-packages/airflow/example_dags/example_setup_teardown_taskflow.py for tasks to queue
[2023-12-20T20:51:15.250+0000] {logging_mixin.py:154} INFO - [2023-12-20T20:51:15.249+0000] {dagbag.py:536} INFO - Filling up the DagBag from /usr/local/lib/python3.10/dist-packages/airflow/example_dags/example_setup_teardown_taskflow.py
[2023-12-20T20:51:15.260+0000] {processor.py:839} INFO - DAG(s) dict_keys(['example_setup_teardown_taskflow']) retrieved from /usr/local/lib/python3.10/dist-packages/airflow/example_dags/example_setup_teardown_taskflow.py
[2023-12-20T20:51:15.278+0000] {logging_mixin.py:154} INFO - [2023-12-20T20:51:15.278+0000] {dag.py:2941} INFO - Sync 1 DAGs
[2023-12-20T20:51:15.302+0000] {logging_mixin.py:154} INFO - [2023-12-20T20:51:15.301+0000] {dag.py:3722} INFO - Setting next_dagrun for example_setup_teardown_taskflow to 2023-12-19T20:51:15.301727+00:00, run_after=2023-12-20T20:51:15.301727+00:00
[2023-12-20T20:51:15.325+0000] {processor.py:179} INFO - Processing /usr/local/lib/python3.10/dist-packages/airflow/example_dags/example_setup_teardown_taskflow.py took 0.081 seconds
[2023-12-20T20:54:46.076+0000] {processor.py:157} INFO - Started process (PID=11025) to work on /usr/local/lib/python3.10/dist-packages/airflow/example_dags/example_setup_teardown_taskflow.py
[2023-12-20T20:54:46.081+0000] {processor.py:829} INFO - Processing file /usr/local/lib/python3.10/dist-packages/airflow/example_dags/example_setup_teardown_taskflow.py for tasks to queue
[2023-12-20T20:54:46.083+0000] {logging_mixin.py:154} INFO - [2023-12-20T20:54:46.082+0000] {dagbag.py:536} INFO - Filling up the DagBag from /usr/local/lib/python3.10/dist-packages/airflow/example_dags/example_setup_teardown_taskflow.py
[2023-12-20T20:54:46.096+0000] {processor.py:839} INFO - DAG(s) dict_keys(['example_setup_teardown_taskflow']) retrieved from /usr/local/lib/python3.10/dist-packages/airflow/example_dags/example_setup_teardown_taskflow.py
[2023-12-20T20:54:46.114+0000] {logging_mixin.py:154} INFO - [2023-12-20T20:54:46.114+0000] {dag.py:2941} INFO - Sync 1 DAGs
[2023-12-20T20:54:46.135+0000] {logging_mixin.py:154} INFO - [2023-12-20T20:54:46.134+0000] {dag.py:3722} INFO - Setting next_dagrun for example_setup_teardown_taskflow to 2023-12-19T20:54:46.134424+00:00, run_after=2023-12-20T20:54:46.134424+00:00
[2023-12-20T20:54:46.168+0000] {processor.py:179} INFO - Processing /usr/local/lib/python3.10/dist-packages/airflow/example_dags/example_setup_teardown_taskflow.py took 0.095 seconds
[2023-12-20T20:57:44.068+0000] {processor.py:157} INFO - Started process (PID=20344) to work on /usr/local/lib/python3.10/dist-packages/airflow/example_dags/example_setup_teardown_taskflow.py
[2023-12-20T20:57:44.073+0000] {processor.py:829} INFO - Processing file /usr/local/lib/python3.10/dist-packages/airflow/example_dags/example_setup_teardown_taskflow.py for tasks to queue
[2023-12-20T20:57:44.074+0000] {logging_mixin.py:154} INFO - [2023-12-20T20:57:44.074+0000] {dagbag.py:536} INFO - Filling up the DagBag from /usr/local/lib/python3.10/dist-packages/airflow/example_dags/example_setup_teardown_taskflow.py
[2023-12-20T20:57:44.086+0000] {processor.py:839} INFO - DAG(s) dict_keys(['example_setup_teardown_taskflow']) retrieved from /usr/local/lib/python3.10/dist-packages/airflow/example_dags/example_setup_teardown_taskflow.py
[2023-12-20T20:57:44.104+0000] {logging_mixin.py:154} INFO - [2023-12-20T20:57:44.103+0000] {dag.py:2941} INFO - Sync 1 DAGs
[2023-12-20T20:57:44.124+0000] {logging_mixin.py:154} INFO - [2023-12-20T20:57:44.124+0000] {dag.py:3722} INFO - Setting next_dagrun for example_setup_teardown_taskflow to 2023-12-19T20:57:44.124250+00:00, run_after=2023-12-20T20:57:44.124250+00:00
[2023-12-20T20:57:44.149+0000] {processor.py:179} INFO - Processing /usr/local/lib/python3.10/dist-packages/airflow/example_dags/example_setup_teardown_taskflow.py took 0.085 seconds
[2023-12-20T20:59:54.809+0000] {processor.py:157} INFO - Started process (PID=20524) to work on /usr/local/lib/python3.10/dist-packages/airflow/example_dags/example_setup_teardown_taskflow.py
[2023-12-20T20:59:54.810+0000] {processor.py:829} INFO - Processing file /usr/local/lib/python3.10/dist-packages/airflow/example_dags/example_setup_teardown_taskflow.py for tasks to queue
[2023-12-20T20:59:54.811+0000] {logging_mixin.py:154} INFO - [2023-12-20T20:59:54.811+0000] {dagbag.py:536} INFO - Filling up the DagBag from /usr/local/lib/python3.10/dist-packages/airflow/example_dags/example_setup_teardown_taskflow.py
[2023-12-20T20:59:54.821+0000] {processor.py:839} INFO - DAG(s) dict_keys(['example_setup_teardown_taskflow']) retrieved from /usr/local/lib/python3.10/dist-packages/airflow/example_dags/example_setup_teardown_taskflow.py
[2023-12-20T20:59:54.839+0000] {logging_mixin.py:154} INFO - [2023-12-20T20:59:54.839+0000] {dag.py:2941} INFO - Sync 1 DAGs
[2023-12-20T20:59:54.860+0000] {logging_mixin.py:154} INFO - [2023-12-20T20:59:54.859+0000] {dag.py:3722} INFO - Setting next_dagrun for example_setup_teardown_taskflow to 2023-12-19T20:59:54.859479+00:00, run_after=2023-12-20T20:59:54.859479+00:00
[2023-12-20T20:59:54.880+0000] {processor.py:179} INFO - Processing /usr/local/lib/python3.10/dist-packages/airflow/example_dags/example_setup_teardown_taskflow.py took 0.074 seconds
[2023-12-20T21:01:54.697+0000] {processor.py:157} INFO - Started process (PID=20691) to work on /usr/local/lib/python3.10/dist-packages/airflow/example_dags/example_setup_teardown_taskflow.py
[2023-12-20T21:01:54.698+0000] {processor.py:829} INFO - Processing file /usr/local/lib/python3.10/dist-packages/airflow/example_dags/example_setup_teardown_taskflow.py for tasks to queue
[2023-12-20T21:01:54.699+0000] {logging_mixin.py:154} INFO - [2023-12-20T21:01:54.698+0000] {dagbag.py:536} INFO - Filling up the DagBag from /usr/local/lib/python3.10/dist-packages/airflow/example_dags/example_setup_teardown_taskflow.py
[2023-12-20T21:01:54.711+0000] {processor.py:839} INFO - DAG(s) dict_keys(['example_setup_teardown_taskflow']) retrieved from /usr/local/lib/python3.10/dist-packages/airflow/example_dags/example_setup_teardown_taskflow.py
[2023-12-20T21:01:54.727+0000] {logging_mixin.py:154} INFO - [2023-12-20T21:01:54.727+0000] {dag.py:2941} INFO - Sync 1 DAGs
[2023-12-20T21:01:54.749+0000] {logging_mixin.py:154} INFO - [2023-12-20T21:01:54.749+0000] {dag.py:3722} INFO - Setting next_dagrun for example_setup_teardown_taskflow to 2023-12-19T21:01:54.748859+00:00, run_after=2023-12-20T21:01:54.748859+00:00
[2023-12-20T21:01:54.771+0000] {processor.py:179} INFO - Processing /usr/local/lib/python3.10/dist-packages/airflow/example_dags/example_setup_teardown_taskflow.py took 0.078 seconds
[2023-12-20T21:03:51.417+0000] {processor.py:157} INFO - Started process (PID=20859) to work on /usr/local/lib/python3.10/dist-packages/airflow/example_dags/example_setup_teardown_taskflow.py
[2023-12-20T21:03:51.433+0000] {processor.py:829} INFO - Processing file /usr/local/lib/python3.10/dist-packages/airflow/example_dags/example_setup_teardown_taskflow.py for tasks to queue
[2023-12-20T21:03:51.434+0000] {logging_mixin.py:154} INFO - [2023-12-20T21:03:51.433+0000] {dagbag.py:536} INFO - Filling up the DagBag from /usr/local/lib/python3.10/dist-packages/airflow/example_dags/example_setup_teardown_taskflow.py
[2023-12-20T21:03:51.444+0000] {processor.py:839} INFO - DAG(s) dict_keys(['example_setup_teardown_taskflow']) retrieved from /usr/local/lib/python3.10/dist-packages/airflow/example_dags/example_setup_teardown_taskflow.py
[2023-12-20T21:03:51.460+0000] {logging_mixin.py:154} INFO - [2023-12-20T21:03:51.459+0000] {dag.py:2941} INFO - Sync 1 DAGs
[2023-12-20T21:03:51.477+0000] {logging_mixin.py:154} INFO - [2023-12-20T21:03:51.477+0000] {dag.py:3722} INFO - Setting next_dagrun for example_setup_teardown_taskflow to 2023-12-19T21:03:51.477501+00:00, run_after=2023-12-20T21:03:51.477501+00:00
[2023-12-20T21:03:51.502+0000] {processor.py:179} INFO - Processing /usr/local/lib/python3.10/dist-packages/airflow/example_dags/example_setup_teardown_taskflow.py took 0.088 seconds
[2023-12-20T21:05:48.263+0000] {processor.py:157} INFO - Started process (PID=21024) to work on /usr/local/lib/python3.10/dist-packages/airflow/example_dags/example_setup_teardown_taskflow.py
[2023-12-20T21:05:48.264+0000] {processor.py:829} INFO - Processing file /usr/local/lib/python3.10/dist-packages/airflow/example_dags/example_setup_teardown_taskflow.py for tasks to queue
[2023-12-20T21:05:48.265+0000] {logging_mixin.py:154} INFO - [2023-12-20T21:05:48.264+0000] {dagbag.py:536} INFO - Filling up the DagBag from /usr/local/lib/python3.10/dist-packages/airflow/example_dags/example_setup_teardown_taskflow.py
[2023-12-20T21:05:48.274+0000] {processor.py:839} INFO - DAG(s) dict_keys(['example_setup_teardown_taskflow']) retrieved from /usr/local/lib/python3.10/dist-packages/airflow/example_dags/example_setup_teardown_taskflow.py
[2023-12-20T21:05:48.290+0000] {logging_mixin.py:154} INFO - [2023-12-20T21:05:48.290+0000] {dag.py:2941} INFO - Sync 1 DAGs
[2023-12-20T21:05:48.309+0000] {logging_mixin.py:154} INFO - [2023-12-20T21:05:48.309+0000] {dag.py:3722} INFO - Setting next_dagrun for example_setup_teardown_taskflow to 2023-12-19T21:05:48.309424+00:00, run_after=2023-12-20T21:05:48.309424+00:00
[2023-12-20T21:05:48.329+0000] {processor.py:179} INFO - Processing /usr/local/lib/python3.10/dist-packages/airflow/example_dags/example_setup_teardown_taskflow.py took 0.070 seconds
[2023-12-20T21:07:42.485+0000] {processor.py:157} INFO - Started process (PID=21188) to work on /usr/local/lib/python3.10/dist-packages/airflow/example_dags/example_setup_teardown_taskflow.py
[2023-12-20T21:07:42.486+0000] {processor.py:829} INFO - Processing file /usr/local/lib/python3.10/dist-packages/airflow/example_dags/example_setup_teardown_taskflow.py for tasks to queue
[2023-12-20T21:07:42.487+0000] {logging_mixin.py:154} INFO - [2023-12-20T21:07:42.486+0000] {dagbag.py:536} INFO - Filling up the DagBag from /usr/local/lib/python3.10/dist-packages/airflow/example_dags/example_setup_teardown_taskflow.py
[2023-12-20T21:07:42.498+0000] {processor.py:839} INFO - DAG(s) dict_keys(['example_setup_teardown_taskflow']) retrieved from /usr/local/lib/python3.10/dist-packages/airflow/example_dags/example_setup_teardown_taskflow.py
[2023-12-20T21:07:42.516+0000] {logging_mixin.py:154} INFO - [2023-12-20T21:07:42.516+0000] {dag.py:2941} INFO - Sync 1 DAGs
[2023-12-20T21:07:42.536+0000] {logging_mixin.py:154} INFO - [2023-12-20T21:07:42.535+0000] {dag.py:3722} INFO - Setting next_dagrun for example_setup_teardown_taskflow to 2023-12-19T21:07:42.535780+00:00, run_after=2023-12-20T21:07:42.535780+00:00
[2023-12-20T21:07:42.564+0000] {processor.py:179} INFO - Processing /usr/local/lib/python3.10/dist-packages/airflow/example_dags/example_setup_teardown_taskflow.py took 0.082 seconds
[2023-12-20T21:09:37.527+0000] {processor.py:157} INFO - Started process (PID=21366) to work on /usr/local/lib/python3.10/dist-packages/airflow/example_dags/example_setup_teardown_taskflow.py
[2023-12-20T21:09:37.528+0000] {processor.py:829} INFO - Processing file /usr/local/lib/python3.10/dist-packages/airflow/example_dags/example_setup_teardown_taskflow.py for tasks to queue
[2023-12-20T21:09:37.529+0000] {logging_mixin.py:154} INFO - [2023-12-20T21:09:37.528+0000] {dagbag.py:536} INFO - Filling up the DagBag from /usr/local/lib/python3.10/dist-packages/airflow/example_dags/example_setup_teardown_taskflow.py
[2023-12-20T21:09:37.539+0000] {processor.py:839} INFO - DAG(s) dict_keys(['example_setup_teardown_taskflow']) retrieved from /usr/local/lib/python3.10/dist-packages/airflow/example_dags/example_setup_teardown_taskflow.py
[2023-12-20T21:09:37.554+0000] {logging_mixin.py:154} INFO - [2023-12-20T21:09:37.554+0000] {dag.py:2941} INFO - Sync 1 DAGs
[2023-12-20T21:09:37.572+0000] {logging_mixin.py:154} INFO - [2023-12-20T21:09:37.572+0000] {dag.py:3722} INFO - Setting next_dagrun for example_setup_teardown_taskflow to 2023-12-19T21:09:37.572419+00:00, run_after=2023-12-20T21:09:37.572419+00:00
[2023-12-20T21:09:37.623+0000] {processor.py:179} INFO - Processing /usr/local/lib/python3.10/dist-packages/airflow/example_dags/example_setup_teardown_taskflow.py took 0.100 seconds
[2023-12-20T21:11:31.462+0000] {processor.py:157} INFO - Started process (PID=21534) to work on /usr/local/lib/python3.10/dist-packages/airflow/example_dags/example_setup_teardown_taskflow.py
[2023-12-20T21:11:31.465+0000] {processor.py:829} INFO - Processing file /usr/local/lib/python3.10/dist-packages/airflow/example_dags/example_setup_teardown_taskflow.py for tasks to queue
[2023-12-20T21:11:31.466+0000] {logging_mixin.py:154} INFO - [2023-12-20T21:11:31.466+0000] {dagbag.py:536} INFO - Filling up the DagBag from /usr/local/lib/python3.10/dist-packages/airflow/example_dags/example_setup_teardown_taskflow.py
[2023-12-20T21:11:31.477+0000] {processor.py:839} INFO - DAG(s) dict_keys(['example_setup_teardown_taskflow']) retrieved from /usr/local/lib/python3.10/dist-packages/airflow/example_dags/example_setup_teardown_taskflow.py
[2023-12-20T21:11:31.498+0000] {logging_mixin.py:154} INFO - [2023-12-20T21:11:31.498+0000] {dag.py:2941} INFO - Sync 1 DAGs
[2023-12-20T21:11:31.515+0000] {logging_mixin.py:154} INFO - [2023-12-20T21:11:31.515+0000] {dag.py:3722} INFO - Setting next_dagrun for example_setup_teardown_taskflow to 2023-12-19T21:11:31.514907+00:00, run_after=2023-12-20T21:11:31.514907+00:00
[2023-12-20T21:11:31.535+0000] {processor.py:179} INFO - Processing /usr/local/lib/python3.10/dist-packages/airflow/example_dags/example_setup_teardown_taskflow.py took 0.076 seconds
[2023-12-20T21:13:27.647+0000] {processor.py:157} INFO - Started process (PID=21703) to work on /usr/local/lib/python3.10/dist-packages/airflow/example_dags/example_setup_teardown_taskflow.py
[2023-12-20T21:13:27.649+0000] {processor.py:829} INFO - Processing file /usr/local/lib/python3.10/dist-packages/airflow/example_dags/example_setup_teardown_taskflow.py for tasks to queue
[2023-12-20T21:13:27.650+0000] {logging_mixin.py:154} INFO - [2023-12-20T21:13:27.649+0000] {dagbag.py:536} INFO - Filling up the DagBag from /usr/local/lib/python3.10/dist-packages/airflow/example_dags/example_setup_teardown_taskflow.py
[2023-12-20T21:13:27.660+0000] {processor.py:839} INFO - DAG(s) dict_keys(['example_setup_teardown_taskflow']) retrieved from /usr/local/lib/python3.10/dist-packages/airflow/example_dags/example_setup_teardown_taskflow.py
[2023-12-20T21:13:27.675+0000] {logging_mixin.py:154} INFO - [2023-12-20T21:13:27.675+0000] {dag.py:2941} INFO - Sync 1 DAGs
[2023-12-20T21:13:27.694+0000] {logging_mixin.py:154} INFO - [2023-12-20T21:13:27.694+0000] {dag.py:3722} INFO - Setting next_dagrun for example_setup_teardown_taskflow to 2023-12-19T21:13:27.694006+00:00, run_after=2023-12-20T21:13:27.694006+00:00
[2023-12-20T21:13:27.713+0000] {processor.py:179} INFO - Processing /usr/local/lib/python3.10/dist-packages/airflow/example_dags/example_setup_teardown_taskflow.py took 0.070 seconds
[2023-12-20T21:15:20.762+0000] {processor.py:157} INFO - Started process (PID=21868) to work on /usr/local/lib/python3.10/dist-packages/airflow/example_dags/example_setup_teardown_taskflow.py
[2023-12-20T21:15:20.763+0000] {processor.py:829} INFO - Processing file /usr/local/lib/python3.10/dist-packages/airflow/example_dags/example_setup_teardown_taskflow.py for tasks to queue
[2023-12-20T21:15:20.764+0000] {logging_mixin.py:154} INFO - [2023-12-20T21:15:20.764+0000] {dagbag.py:536} INFO - Filling up the DagBag from /usr/local/lib/python3.10/dist-packages/airflow/example_dags/example_setup_teardown_taskflow.py
[2023-12-20T21:15:20.775+0000] {processor.py:839} INFO - DAG(s) dict_keys(['example_setup_teardown_taskflow']) retrieved from /usr/local/lib/python3.10/dist-packages/airflow/example_dags/example_setup_teardown_taskflow.py
[2023-12-20T21:15:20.792+0000] {logging_mixin.py:154} INFO - [2023-12-20T21:15:20.791+0000] {dag.py:2941} INFO - Sync 1 DAGs
[2023-12-20T21:15:20.811+0000] {logging_mixin.py:154} INFO - [2023-12-20T21:15:20.811+0000] {dag.py:3722} INFO - Setting next_dagrun for example_setup_teardown_taskflow to 2023-12-19T21:15:20.810793+00:00, run_after=2023-12-20T21:15:20.810793+00:00
[2023-12-20T21:15:20.839+0000] {processor.py:179} INFO - Processing /usr/local/lib/python3.10/dist-packages/airflow/example_dags/example_setup_teardown_taskflow.py took 0.081 seconds
[2023-12-20T21:17:16.236+0000] {processor.py:157} INFO - Started process (PID=22036) to work on /usr/local/lib/python3.10/dist-packages/airflow/example_dags/example_setup_teardown_taskflow.py
[2023-12-20T21:17:16.240+0000] {processor.py:829} INFO - Processing file /usr/local/lib/python3.10/dist-packages/airflow/example_dags/example_setup_teardown_taskflow.py for tasks to queue
[2023-12-20T21:17:16.241+0000] {logging_mixin.py:154} INFO - [2023-12-20T21:17:16.241+0000] {dagbag.py:536} INFO - Filling up the DagBag from /usr/local/lib/python3.10/dist-packages/airflow/example_dags/example_setup_teardown_taskflow.py
[2023-12-20T21:17:16.250+0000] {processor.py:839} INFO - DAG(s) dict_keys(['example_setup_teardown_taskflow']) retrieved from /usr/local/lib/python3.10/dist-packages/airflow/example_dags/example_setup_teardown_taskflow.py
[2023-12-20T21:17:16.267+0000] {logging_mixin.py:154} INFO - [2023-12-20T21:17:16.266+0000] {dag.py:2941} INFO - Sync 1 DAGs
[2023-12-20T21:17:16.284+0000] {logging_mixin.py:154} INFO - [2023-12-20T21:17:16.283+0000] {dag.py:3722} INFO - Setting next_dagrun for example_setup_teardown_taskflow to 2023-12-19T21:17:16.283688+00:00, run_after=2023-12-20T21:17:16.283688+00:00
[2023-12-20T21:17:16.305+0000] {processor.py:179} INFO - Processing /usr/local/lib/python3.10/dist-packages/airflow/example_dags/example_setup_teardown_taskflow.py took 0.072 seconds
[2023-12-20T21:19:11.448+0000] {processor.py:157} INFO - Started process (PID=22201) to work on /usr/local/lib/python3.10/dist-packages/airflow/example_dags/example_setup_teardown_taskflow.py
[2023-12-20T21:19:11.450+0000] {processor.py:829} INFO - Processing file /usr/local/lib/python3.10/dist-packages/airflow/example_dags/example_setup_teardown_taskflow.py for tasks to queue
[2023-12-20T21:19:11.451+0000] {logging_mixin.py:154} INFO - [2023-12-20T21:19:11.450+0000] {dagbag.py:536} INFO - Filling up the DagBag from /usr/local/lib/python3.10/dist-packages/airflow/example_dags/example_setup_teardown_taskflow.py
[2023-12-20T21:19:11.460+0000] {processor.py:839} INFO - DAG(s) dict_keys(['example_setup_teardown_taskflow']) retrieved from /usr/local/lib/python3.10/dist-packages/airflow/example_dags/example_setup_teardown_taskflow.py
[2023-12-20T21:19:11.476+0000] {logging_mixin.py:154} INFO - [2023-12-20T21:19:11.476+0000] {dag.py:2941} INFO - Sync 1 DAGs
[2023-12-20T21:19:11.499+0000] {logging_mixin.py:154} INFO - [2023-12-20T21:19:11.499+0000] {dag.py:3722} INFO - Setting next_dagrun for example_setup_teardown_taskflow to 2023-12-19T21:19:11.498417+00:00, run_after=2023-12-20T21:19:11.498417+00:00
[2023-12-20T21:19:11.524+0000] {processor.py:179} INFO - Processing /usr/local/lib/python3.10/dist-packages/airflow/example_dags/example_setup_teardown_taskflow.py took 0.079 seconds
[2023-12-20T21:21:08.137+0000] {processor.py:157} INFO - Started process (PID=22366) to work on /usr/local/lib/python3.10/dist-packages/airflow/example_dags/example_setup_teardown_taskflow.py
[2023-12-20T21:21:08.139+0000] {processor.py:829} INFO - Processing file /usr/local/lib/python3.10/dist-packages/airflow/example_dags/example_setup_teardown_taskflow.py for tasks to queue
[2023-12-20T21:21:08.139+0000] {logging_mixin.py:154} INFO - [2023-12-20T21:21:08.139+0000] {dagbag.py:536} INFO - Filling up the DagBag from /usr/local/lib/python3.10/dist-packages/airflow/example_dags/example_setup_teardown_taskflow.py
[2023-12-20T21:21:08.150+0000] {processor.py:839} INFO - DAG(s) dict_keys(['example_setup_teardown_taskflow']) retrieved from /usr/local/lib/python3.10/dist-packages/airflow/example_dags/example_setup_teardown_taskflow.py
[2023-12-20T21:21:08.168+0000] {logging_mixin.py:154} INFO - [2023-12-20T21:21:08.168+0000] {dag.py:2941} INFO - Sync 1 DAGs
[2023-12-20T21:21:08.195+0000] {logging_mixin.py:154} INFO - [2023-12-20T21:21:08.195+0000] {dag.py:3722} INFO - Setting next_dagrun for example_setup_teardown_taskflow to 2023-12-19T21:21:08.195279+00:00, run_after=2023-12-20T21:21:08.195279+00:00
[2023-12-20T21:21:08.220+0000] {processor.py:179} INFO - Processing /usr/local/lib/python3.10/dist-packages/airflow/example_dags/example_setup_teardown_taskflow.py took 0.086 seconds
[2023-12-20T21:23:05.551+0000] {processor.py:157} INFO - Started process (PID=22532) to work on /usr/local/lib/python3.10/dist-packages/airflow/example_dags/example_setup_teardown_taskflow.py
[2023-12-20T21:23:05.553+0000] {processor.py:829} INFO - Processing file /usr/local/lib/python3.10/dist-packages/airflow/example_dags/example_setup_teardown_taskflow.py for tasks to queue
[2023-12-20T21:23:05.554+0000] {logging_mixin.py:154} INFO - [2023-12-20T21:23:05.553+0000] {dagbag.py:536} INFO - Filling up the DagBag from /usr/local/lib/python3.10/dist-packages/airflow/example_dags/example_setup_teardown_taskflow.py
[2023-12-20T21:23:05.564+0000] {processor.py:839} INFO - DAG(s) dict_keys(['example_setup_teardown_taskflow']) retrieved from /usr/local/lib/python3.10/dist-packages/airflow/example_dags/example_setup_teardown_taskflow.py
[2023-12-20T21:23:05.580+0000] {logging_mixin.py:154} INFO - [2023-12-20T21:23:05.580+0000] {dag.py:2941} INFO - Sync 1 DAGs
[2023-12-20T21:23:05.598+0000] {logging_mixin.py:154} INFO - [2023-12-20T21:23:05.598+0000] {dag.py:3722} INFO - Setting next_dagrun for example_setup_teardown_taskflow to 2023-12-19T21:23:05.598207+00:00, run_after=2023-12-20T21:23:05.598207+00:00
[2023-12-20T21:23:05.618+0000] {processor.py:179} INFO - Processing /usr/local/lib/python3.10/dist-packages/airflow/example_dags/example_setup_teardown_taskflow.py took 0.071 seconds
[2023-12-20T21:25:52.702+0000] {processor.py:157} INFO - Started process (PID=22698) to work on /usr/local/lib/python3.10/dist-packages/airflow/example_dags/example_setup_teardown_taskflow.py
[2023-12-20T21:25:52.703+0000] {processor.py:829} INFO - Processing file /usr/local/lib/python3.10/dist-packages/airflow/example_dags/example_setup_teardown_taskflow.py for tasks to queue
[2023-12-20T21:25:52.704+0000] {logging_mixin.py:154} INFO - [2023-12-20T21:25:52.704+0000] {dagbag.py:536} INFO - Filling up the DagBag from /usr/local/lib/python3.10/dist-packages/airflow/example_dags/example_setup_teardown_taskflow.py
[2023-12-20T21:25:52.714+0000] {processor.py:839} INFO - DAG(s) dict_keys(['example_setup_teardown_taskflow']) retrieved from /usr/local/lib/python3.10/dist-packages/airflow/example_dags/example_setup_teardown_taskflow.py
[2023-12-20T21:25:52.730+0000] {logging_mixin.py:154} INFO - [2023-12-20T21:25:52.729+0000] {dag.py:2941} INFO - Sync 1 DAGs
[2023-12-20T21:25:52.748+0000] {logging_mixin.py:154} INFO - [2023-12-20T21:25:52.748+0000] {dag.py:3722} INFO - Setting next_dagrun for example_setup_teardown_taskflow to 2023-12-19T21:25:52.747923+00:00, run_after=2023-12-20T21:25:52.747923+00:00
[2023-12-20T21:25:52.772+0000] {processor.py:179} INFO - Processing /usr/local/lib/python3.10/dist-packages/airflow/example_dags/example_setup_teardown_taskflow.py took 0.073 seconds
[2023-12-20T21:30:23.117+0000] {processor.py:157} INFO - Started process (PID=22882) to work on /usr/local/lib/python3.10/dist-packages/airflow/example_dags/example_setup_teardown_taskflow.py
[2023-12-20T21:30:23.118+0000] {processor.py:829} INFO - Processing file /usr/local/lib/python3.10/dist-packages/airflow/example_dags/example_setup_teardown_taskflow.py for tasks to queue
[2023-12-20T21:30:23.119+0000] {logging_mixin.py:154} INFO - [2023-12-20T21:30:23.119+0000] {dagbag.py:536} INFO - Filling up the DagBag from /usr/local/lib/python3.10/dist-packages/airflow/example_dags/example_setup_teardown_taskflow.py
[2023-12-20T21:30:23.133+0000] {processor.py:839} INFO - DAG(s) dict_keys(['example_setup_teardown_taskflow']) retrieved from /usr/local/lib/python3.10/dist-packages/airflow/example_dags/example_setup_teardown_taskflow.py
[2023-12-20T21:30:23.150+0000] {logging_mixin.py:154} INFO - [2023-12-20T21:30:23.150+0000] {dag.py:2941} INFO - Sync 1 DAGs
[2023-12-20T21:30:23.169+0000] {logging_mixin.py:154} INFO - [2023-12-20T21:30:23.169+0000] {dag.py:3722} INFO - Setting next_dagrun for example_setup_teardown_taskflow to 2023-12-19T21:30:23.169238+00:00, run_after=2023-12-20T21:30:23.169238+00:00
[2023-12-20T21:30:23.190+0000] {processor.py:179} INFO - Processing /usr/local/lib/python3.10/dist-packages/airflow/example_dags/example_setup_teardown_taskflow.py took 0.079 seconds
[2023-12-20T21:34:58.945+0000] {processor.py:157} INFO - Started process (PID=23067) to work on /usr/local/lib/python3.10/dist-packages/airflow/example_dags/example_setup_teardown_taskflow.py
[2023-12-20T21:34:58.946+0000] {processor.py:829} INFO - Processing file /usr/local/lib/python3.10/dist-packages/airflow/example_dags/example_setup_teardown_taskflow.py for tasks to queue
[2023-12-20T21:34:58.948+0000] {logging_mixin.py:154} INFO - [2023-12-20T21:34:58.948+0000] {dagbag.py:536} INFO - Filling up the DagBag from /usr/local/lib/python3.10/dist-packages/airflow/example_dags/example_setup_teardown_taskflow.py
[2023-12-20T21:34:58.960+0000] {processor.py:839} INFO - DAG(s) dict_keys(['example_setup_teardown_taskflow']) retrieved from /usr/local/lib/python3.10/dist-packages/airflow/example_dags/example_setup_teardown_taskflow.py
[2023-12-20T21:34:58.976+0000] {logging_mixin.py:154} INFO - [2023-12-20T21:34:58.976+0000] {dag.py:2941} INFO - Sync 1 DAGs
[2023-12-20T21:34:58.996+0000] {logging_mixin.py:154} INFO - [2023-12-20T21:34:58.995+0000] {dag.py:3722} INFO - Setting next_dagrun for example_setup_teardown_taskflow to 2023-12-19T21:34:58.995725+00:00, run_after=2023-12-20T21:34:58.995725+00:00
[2023-12-20T21:34:59.018+0000] {processor.py:179} INFO - Processing /usr/local/lib/python3.10/dist-packages/airflow/example_dags/example_setup_teardown_taskflow.py took 0.082 seconds
