[2023-12-20T20:24:57.311+0000] {processor.py:157} INFO - Started process (PID=1160) to work on /usr/local/lib/python3.10/dist-packages/airflow/example_dags/example_datasets.py
[2023-12-20T20:24:57.312+0000] {processor.py:829} INFO - Processing file /usr/local/lib/python3.10/dist-packages/airflow/example_dags/example_datasets.py for tasks to queue
[2023-12-20T20:24:57.312+0000] {logging_mixin.py:154} INFO - [2023-12-20T20:24:57.312+0000] {dagbag.py:536} INFO - Filling up the DagBag from /usr/local/lib/python3.10/dist-packages/airflow/example_dags/example_datasets.py
[2023-12-20T20:24:57.322+0000] {processor.py:839} INFO - DAG(s) dict_keys(['dataset_produces_2', 'dataset_consumes_unknown_never_scheduled', 'dataset_consumes_1_and_2', 'dataset_consumes_1', 'dataset_produces_1', 'dataset_consumes_1_never_scheduled']) retrieved from /usr/local/lib/python3.10/dist-packages/airflow/example_dags/example_datasets.py
[2023-12-20T20:24:57.351+0000] {logging_mixin.py:154} INFO - [2023-12-20T20:24:57.350+0000] {dag.py:2941} INFO - Sync 6 DAGs
[2023-12-20T20:24:57.370+0000] {logging_mixin.py:154} INFO - [2023-12-20T20:24:57.370+0000] {dag.py:3722} INFO - Setting next_dagrun for dataset_consumes_1 to None, run_after=None
[2023-12-20T20:24:57.373+0000] {logging_mixin.py:154} INFO - [2023-12-20T20:24:57.373+0000] {dag.py:3722} INFO - Setting next_dagrun for dataset_consumes_1_and_2 to None, run_after=None
[2023-12-20T20:24:57.374+0000] {logging_mixin.py:154} INFO - [2023-12-20T20:24:57.374+0000] {dag.py:3722} INFO - Setting next_dagrun for dataset_consumes_1_never_scheduled to None, run_after=None
[2023-12-20T20:24:57.375+0000] {logging_mixin.py:154} INFO - [2023-12-20T20:24:57.374+0000] {dag.py:3722} INFO - Setting next_dagrun for dataset_consumes_unknown_never_scheduled to None, run_after=None
[2023-12-20T20:24:57.377+0000] {logging_mixin.py:154} INFO - [2023-12-20T20:24:57.377+0000] {dag.py:3722} INFO - Setting next_dagrun for dataset_produces_1 to 2023-12-19T00:00:00+00:00, run_after=2023-12-20T00:00:00+00:00
[2023-12-20T20:24:57.377+0000] {logging_mixin.py:154} INFO - [2023-12-20T20:24:57.377+0000] {dag.py:3722} INFO - Setting next_dagrun for dataset_produces_2 to None, run_after=None
[2023-12-20T20:24:57.407+0000] {processor.py:179} INFO - Processing /usr/local/lib/python3.10/dist-packages/airflow/example_dags/example_datasets.py took 0.099 seconds
[2023-12-20T20:28:03.499+0000] {processor.py:157} INFO - Started process (PID=1387) to work on /usr/local/lib/python3.10/dist-packages/airflow/example_dags/example_datasets.py
[2023-12-20T20:28:03.500+0000] {processor.py:829} INFO - Processing file /usr/local/lib/python3.10/dist-packages/airflow/example_dags/example_datasets.py for tasks to queue
[2023-12-20T20:28:03.501+0000] {logging_mixin.py:154} INFO - [2023-12-20T20:28:03.501+0000] {dagbag.py:536} INFO - Filling up the DagBag from /usr/local/lib/python3.10/dist-packages/airflow/example_dags/example_datasets.py
[2023-12-20T20:28:03.511+0000] {processor.py:839} INFO - DAG(s) dict_keys(['dataset_consumes_unknown_never_scheduled', 'dataset_produces_1', 'dataset_consumes_1_never_scheduled', 'dataset_consumes_1', 'dataset_produces_2', 'dataset_consumes_1_and_2']) retrieved from /usr/local/lib/python3.10/dist-packages/airflow/example_dags/example_datasets.py
[2023-12-20T20:28:03.543+0000] {logging_mixin.py:154} INFO - [2023-12-20T20:28:03.543+0000] {dag.py:2941} INFO - Sync 6 DAGs
[2023-12-20T20:28:03.576+0000] {logging_mixin.py:154} INFO - [2023-12-20T20:28:03.576+0000] {dag.py:3722} INFO - Setting next_dagrun for dataset_consumes_1 to None, run_after=None
[2023-12-20T20:28:03.581+0000] {logging_mixin.py:154} INFO - [2023-12-20T20:28:03.581+0000] {dag.py:3722} INFO - Setting next_dagrun for dataset_consumes_1_and_2 to None, run_after=None
[2023-12-20T20:28:03.582+0000] {logging_mixin.py:154} INFO - [2023-12-20T20:28:03.582+0000] {dag.py:3722} INFO - Setting next_dagrun for dataset_consumes_1_never_scheduled to None, run_after=None
[2023-12-20T20:28:03.583+0000] {logging_mixin.py:154} INFO - [2023-12-20T20:28:03.583+0000] {dag.py:3722} INFO - Setting next_dagrun for dataset_consumes_unknown_never_scheduled to None, run_after=None
[2023-12-20T20:28:03.585+0000] {logging_mixin.py:154} INFO - [2023-12-20T20:28:03.585+0000] {dag.py:3722} INFO - Setting next_dagrun for dataset_produces_1 to 2023-12-19T00:00:00+00:00, run_after=2023-12-20T00:00:00+00:00
[2023-12-20T20:28:03.590+0000] {logging_mixin.py:154} INFO - [2023-12-20T20:28:03.586+0000] {dag.py:3722} INFO - Setting next_dagrun for dataset_produces_2 to None, run_after=None
[2023-12-20T20:28:03.840+0000] {processor.py:179} INFO - Processing /usr/local/lib/python3.10/dist-packages/airflow/example_dags/example_datasets.py took 0.345 seconds
[2023-12-20T20:33:51.983+0000] {processor.py:157} INFO - Started process (PID=1833) to work on /usr/local/lib/python3.10/dist-packages/airflow/example_dags/example_datasets.py
[2023-12-20T20:33:51.984+0000] {processor.py:829} INFO - Processing file /usr/local/lib/python3.10/dist-packages/airflow/example_dags/example_datasets.py for tasks to queue
[2023-12-20T20:33:51.985+0000] {logging_mixin.py:154} INFO - [2023-12-20T20:33:51.984+0000] {dagbag.py:536} INFO - Filling up the DagBag from /usr/local/lib/python3.10/dist-packages/airflow/example_dags/example_datasets.py
[2023-12-20T20:33:51.994+0000] {processor.py:839} INFO - DAG(s) dict_keys(['dataset_produces_2', 'dataset_consumes_unknown_never_scheduled', 'dataset_consumes_1_and_2', 'dataset_consumes_1', 'dataset_consumes_1_never_scheduled', 'dataset_produces_1']) retrieved from /usr/local/lib/python3.10/dist-packages/airflow/example_dags/example_datasets.py
[2023-12-20T20:33:52.169+0000] {logging_mixin.py:154} INFO - [2023-12-20T20:33:52.169+0000] {dag.py:2941} INFO - Sync 6 DAGs
[2023-12-20T20:33:52.188+0000] {logging_mixin.py:154} INFO - [2023-12-20T20:33:52.188+0000] {dag.py:3722} INFO - Setting next_dagrun for dataset_consumes_1 to None, run_after=None
[2023-12-20T20:33:52.191+0000] {logging_mixin.py:154} INFO - [2023-12-20T20:33:52.191+0000] {dag.py:3722} INFO - Setting next_dagrun for dataset_consumes_1_and_2 to None, run_after=None
[2023-12-20T20:33:52.192+0000] {logging_mixin.py:154} INFO - [2023-12-20T20:33:52.192+0000] {dag.py:3722} INFO - Setting next_dagrun for dataset_consumes_1_never_scheduled to None, run_after=None
[2023-12-20T20:33:52.193+0000] {logging_mixin.py:154} INFO - [2023-12-20T20:33:52.193+0000] {dag.py:3722} INFO - Setting next_dagrun for dataset_consumes_unknown_never_scheduled to None, run_after=None
[2023-12-20T20:33:52.195+0000] {logging_mixin.py:154} INFO - [2023-12-20T20:33:52.195+0000] {dag.py:3722} INFO - Setting next_dagrun for dataset_produces_1 to 2023-12-19T00:00:00+00:00, run_after=2023-12-20T00:00:00+00:00
[2023-12-20T20:33:52.196+0000] {logging_mixin.py:154} INFO - [2023-12-20T20:33:52.196+0000] {dag.py:3722} INFO - Setting next_dagrun for dataset_produces_2 to None, run_after=None
[2023-12-20T20:33:52.223+0000] {processor.py:179} INFO - Processing /usr/local/lib/python3.10/dist-packages/airflow/example_dags/example_datasets.py took 0.243 seconds
[2023-12-20T20:37:01.196+0000] {processor.py:157} INFO - Started process (PID=2090) to work on /usr/local/lib/python3.10/dist-packages/airflow/example_dags/example_datasets.py
[2023-12-20T20:37:01.197+0000] {processor.py:829} INFO - Processing file /usr/local/lib/python3.10/dist-packages/airflow/example_dags/example_datasets.py for tasks to queue
[2023-12-20T20:37:01.199+0000] {logging_mixin.py:154} INFO - [2023-12-20T20:37:01.198+0000] {dagbag.py:536} INFO - Filling up the DagBag from /usr/local/lib/python3.10/dist-packages/airflow/example_dags/example_datasets.py
[2023-12-20T20:37:01.209+0000] {processor.py:839} INFO - DAG(s) dict_keys(['dataset_consumes_unknown_never_scheduled', 'dataset_consumes_1', 'dataset_produces_1', 'dataset_consumes_1_and_2', 'dataset_produces_2', 'dataset_consumes_1_never_scheduled']) retrieved from /usr/local/lib/python3.10/dist-packages/airflow/example_dags/example_datasets.py
[2023-12-20T20:37:01.238+0000] {logging_mixin.py:154} INFO - [2023-12-20T20:37:01.238+0000] {dag.py:2941} INFO - Sync 6 DAGs
[2023-12-20T20:37:01.261+0000] {logging_mixin.py:154} INFO - [2023-12-20T20:37:01.261+0000] {dag.py:3722} INFO - Setting next_dagrun for dataset_consumes_1 to None, run_after=None
[2023-12-20T20:37:01.264+0000] {logging_mixin.py:154} INFO - [2023-12-20T20:37:01.264+0000] {dag.py:3722} INFO - Setting next_dagrun for dataset_consumes_1_and_2 to None, run_after=None
[2023-12-20T20:37:01.265+0000] {logging_mixin.py:154} INFO - [2023-12-20T20:37:01.265+0000] {dag.py:3722} INFO - Setting next_dagrun for dataset_consumes_1_never_scheduled to None, run_after=None
[2023-12-20T20:37:01.266+0000] {logging_mixin.py:154} INFO - [2023-12-20T20:37:01.266+0000] {dag.py:3722} INFO - Setting next_dagrun for dataset_consumes_unknown_never_scheduled to None, run_after=None
[2023-12-20T20:37:01.270+0000] {logging_mixin.py:154} INFO - [2023-12-20T20:37:01.269+0000] {dag.py:3722} INFO - Setting next_dagrun for dataset_produces_1 to 2023-12-19T00:00:00+00:00, run_after=2023-12-20T00:00:00+00:00
[2023-12-20T20:37:01.273+0000] {logging_mixin.py:154} INFO - [2023-12-20T20:37:01.272+0000] {dag.py:3722} INFO - Setting next_dagrun for dataset_produces_2 to None, run_after=None
[2023-12-20T20:37:01.318+0000] {processor.py:179} INFO - Processing /usr/local/lib/python3.10/dist-packages/airflow/example_dags/example_datasets.py took 0.125 seconds
[2023-12-20T20:40:35.642+0000] {processor.py:157} INFO - Started process (PID=2356) to work on /usr/local/lib/python3.10/dist-packages/airflow/example_dags/example_datasets.py
[2023-12-20T20:40:35.644+0000] {processor.py:829} INFO - Processing file /usr/local/lib/python3.10/dist-packages/airflow/example_dags/example_datasets.py for tasks to queue
[2023-12-20T20:40:35.645+0000] {logging_mixin.py:154} INFO - [2023-12-20T20:40:35.645+0000] {dagbag.py:536} INFO - Filling up the DagBag from /usr/local/lib/python3.10/dist-packages/airflow/example_dags/example_datasets.py
[2023-12-20T20:40:35.656+0000] {processor.py:839} INFO - DAG(s) dict_keys(['dataset_produces_2', 'dataset_consumes_1_never_scheduled', 'dataset_consumes_1', 'dataset_consumes_1_and_2', 'dataset_consumes_unknown_never_scheduled', 'dataset_produces_1']) retrieved from /usr/local/lib/python3.10/dist-packages/airflow/example_dags/example_datasets.py
[2023-12-20T20:40:35.686+0000] {logging_mixin.py:154} INFO - [2023-12-20T20:40:35.685+0000] {dag.py:2941} INFO - Sync 6 DAGs
[2023-12-20T20:40:35.708+0000] {logging_mixin.py:154} INFO - [2023-12-20T20:40:35.708+0000] {dag.py:3722} INFO - Setting next_dagrun for dataset_consumes_1 to None, run_after=None
[2023-12-20T20:40:35.712+0000] {logging_mixin.py:154} INFO - [2023-12-20T20:40:35.711+0000] {dag.py:3722} INFO - Setting next_dagrun for dataset_consumes_1_and_2 to None, run_after=None
[2023-12-20T20:40:35.713+0000] {logging_mixin.py:154} INFO - [2023-12-20T20:40:35.713+0000] {dag.py:3722} INFO - Setting next_dagrun for dataset_consumes_1_never_scheduled to None, run_after=None
[2023-12-20T20:40:35.714+0000] {logging_mixin.py:154} INFO - [2023-12-20T20:40:35.714+0000] {dag.py:3722} INFO - Setting next_dagrun for dataset_consumes_unknown_never_scheduled to None, run_after=None
[2023-12-20T20:40:35.716+0000] {logging_mixin.py:154} INFO - [2023-12-20T20:40:35.716+0000] {dag.py:3722} INFO - Setting next_dagrun for dataset_produces_1 to 2023-12-19T00:00:00+00:00, run_after=2023-12-20T00:00:00+00:00
[2023-12-20T20:40:35.717+0000] {logging_mixin.py:154} INFO - [2023-12-20T20:40:35.717+0000] {dag.py:3722} INFO - Setting next_dagrun for dataset_produces_2 to None, run_after=None
[2023-12-20T20:40:35.757+0000] {processor.py:179} INFO - Processing /usr/local/lib/python3.10/dist-packages/airflow/example_dags/example_datasets.py took 0.122 seconds
[2023-12-20T20:43:56.026+0000] {processor.py:157} INFO - Started process (PID=2606) to work on /usr/local/lib/python3.10/dist-packages/airflow/example_dags/example_datasets.py
[2023-12-20T20:43:56.028+0000] {processor.py:829} INFO - Processing file /usr/local/lib/python3.10/dist-packages/airflow/example_dags/example_datasets.py for tasks to queue
[2023-12-20T20:43:56.028+0000] {logging_mixin.py:154} INFO - [2023-12-20T20:43:56.028+0000] {dagbag.py:536} INFO - Filling up the DagBag from /usr/local/lib/python3.10/dist-packages/airflow/example_dags/example_datasets.py
[2023-12-20T20:43:56.039+0000] {processor.py:839} INFO - DAG(s) dict_keys(['dataset_produces_2', 'dataset_consumes_1_and_2', 'dataset_consumes_unknown_never_scheduled', 'dataset_produces_1', 'dataset_consumes_1', 'dataset_consumes_1_never_scheduled']) retrieved from /usr/local/lib/python3.10/dist-packages/airflow/example_dags/example_datasets.py
[2023-12-20T20:43:56.067+0000] {logging_mixin.py:154} INFO - [2023-12-20T20:43:56.067+0000] {dag.py:2941} INFO - Sync 6 DAGs
[2023-12-20T20:43:56.089+0000] {logging_mixin.py:154} INFO - [2023-12-20T20:43:56.089+0000] {dag.py:3722} INFO - Setting next_dagrun for dataset_consumes_1 to None, run_after=None
[2023-12-20T20:43:56.092+0000] {logging_mixin.py:154} INFO - [2023-12-20T20:43:56.092+0000] {dag.py:3722} INFO - Setting next_dagrun for dataset_consumes_1_and_2 to None, run_after=None
[2023-12-20T20:43:56.093+0000] {logging_mixin.py:154} INFO - [2023-12-20T20:43:56.093+0000] {dag.py:3722} INFO - Setting next_dagrun for dataset_consumes_1_never_scheduled to None, run_after=None
[2023-12-20T20:43:56.094+0000] {logging_mixin.py:154} INFO - [2023-12-20T20:43:56.094+0000] {dag.py:3722} INFO - Setting next_dagrun for dataset_consumes_unknown_never_scheduled to None, run_after=None
[2023-12-20T20:43:56.097+0000] {logging_mixin.py:154} INFO - [2023-12-20T20:43:56.097+0000] {dag.py:3722} INFO - Setting next_dagrun for dataset_produces_1 to 2023-12-19T00:00:00+00:00, run_after=2023-12-20T00:00:00+00:00
[2023-12-20T20:43:56.098+0000] {logging_mixin.py:154} INFO - [2023-12-20T20:43:56.098+0000] {dag.py:3722} INFO - Setting next_dagrun for dataset_produces_2 to None, run_after=None
[2023-12-20T20:43:56.129+0000] {processor.py:179} INFO - Processing /usr/local/lib/python3.10/dist-packages/airflow/example_dags/example_datasets.py took 0.106 seconds
[2023-12-20T20:49:36.803+0000] {processor.py:157} INFO - Started process (PID=3003) to work on /usr/local/lib/python3.10/dist-packages/airflow/example_dags/example_datasets.py
[2023-12-20T20:49:36.804+0000] {processor.py:829} INFO - Processing file /usr/local/lib/python3.10/dist-packages/airflow/example_dags/example_datasets.py for tasks to queue
[2023-12-20T20:49:36.805+0000] {logging_mixin.py:154} INFO - [2023-12-20T20:49:36.805+0000] {dagbag.py:536} INFO - Filling up the DagBag from /usr/local/lib/python3.10/dist-packages/airflow/example_dags/example_datasets.py
[2023-12-20T20:49:36.817+0000] {processor.py:839} INFO - DAG(s) dict_keys(['dataset_consumes_1_and_2', 'dataset_consumes_1', 'dataset_consumes_unknown_never_scheduled', 'dataset_consumes_1_never_scheduled', 'dataset_produces_1', 'dataset_produces_2']) retrieved from /usr/local/lib/python3.10/dist-packages/airflow/example_dags/example_datasets.py
[2023-12-20T20:49:36.855+0000] {logging_mixin.py:154} INFO - [2023-12-20T20:49:36.855+0000] {dag.py:2941} INFO - Sync 6 DAGs
[2023-12-20T20:49:36.876+0000] {logging_mixin.py:154} INFO - [2023-12-20T20:49:36.876+0000] {dag.py:3722} INFO - Setting next_dagrun for dataset_consumes_1 to None, run_after=None
[2023-12-20T20:49:36.880+0000] {logging_mixin.py:154} INFO - [2023-12-20T20:49:36.880+0000] {dag.py:3722} INFO - Setting next_dagrun for dataset_consumes_1_and_2 to None, run_after=None
[2023-12-20T20:49:36.881+0000] {logging_mixin.py:154} INFO - [2023-12-20T20:49:36.881+0000] {dag.py:3722} INFO - Setting next_dagrun for dataset_consumes_1_never_scheduled to None, run_after=None
[2023-12-20T20:49:36.882+0000] {logging_mixin.py:154} INFO - [2023-12-20T20:49:36.882+0000] {dag.py:3722} INFO - Setting next_dagrun for dataset_consumes_unknown_never_scheduled to None, run_after=None
[2023-12-20T20:49:36.885+0000] {logging_mixin.py:154} INFO - [2023-12-20T20:49:36.884+0000] {dag.py:3722} INFO - Setting next_dagrun for dataset_produces_1 to 2023-12-19T00:00:00+00:00, run_after=2023-12-20T00:00:00+00:00
[2023-12-20T20:49:36.885+0000] {logging_mixin.py:154} INFO - [2023-12-20T20:49:36.885+0000] {dag.py:3722} INFO - Setting next_dagrun for dataset_produces_2 to None, run_after=None
[2023-12-20T20:49:36.916+0000] {processor.py:179} INFO - Processing /usr/local/lib/python3.10/dist-packages/airflow/example_dags/example_datasets.py took 0.117 seconds
[2023-12-20T20:52:57.509+0000] {processor.py:157} INFO - Started process (PID=3776) to work on /usr/local/lib/python3.10/dist-packages/airflow/example_dags/example_datasets.py
[2023-12-20T20:52:57.530+0000] {processor.py:829} INFO - Processing file /usr/local/lib/python3.10/dist-packages/airflow/example_dags/example_datasets.py for tasks to queue
[2023-12-20T20:52:57.531+0000] {logging_mixin.py:154} INFO - [2023-12-20T20:52:57.531+0000] {dagbag.py:536} INFO - Filling up the DagBag from /usr/local/lib/python3.10/dist-packages/airflow/example_dags/example_datasets.py
[2023-12-20T20:52:57.544+0000] {processor.py:839} INFO - DAG(s) dict_keys(['dataset_produces_2', 'dataset_consumes_1', 'dataset_consumes_1_never_scheduled', 'dataset_consumes_unknown_never_scheduled', 'dataset_consumes_1_and_2', 'dataset_produces_1']) retrieved from /usr/local/lib/python3.10/dist-packages/airflow/example_dags/example_datasets.py
[2023-12-20T20:52:57.579+0000] {logging_mixin.py:154} INFO - [2023-12-20T20:52:57.578+0000] {dag.py:2941} INFO - Sync 6 DAGs
[2023-12-20T20:52:57.604+0000] {logging_mixin.py:154} INFO - [2023-12-20T20:52:57.603+0000] {dag.py:3722} INFO - Setting next_dagrun for dataset_consumes_1 to None, run_after=None
[2023-12-20T20:52:57.608+0000] {logging_mixin.py:154} INFO - [2023-12-20T20:52:57.607+0000] {dag.py:3722} INFO - Setting next_dagrun for dataset_consumes_1_and_2 to None, run_after=None
[2023-12-20T20:52:57.609+0000] {logging_mixin.py:154} INFO - [2023-12-20T20:52:57.609+0000] {dag.py:3722} INFO - Setting next_dagrun for dataset_consumes_1_never_scheduled to None, run_after=None
[2023-12-20T20:52:57.610+0000] {logging_mixin.py:154} INFO - [2023-12-20T20:52:57.610+0000] {dag.py:3722} INFO - Setting next_dagrun for dataset_consumes_unknown_never_scheduled to None, run_after=None
[2023-12-20T20:52:57.613+0000] {logging_mixin.py:154} INFO - [2023-12-20T20:52:57.612+0000] {dag.py:3722} INFO - Setting next_dagrun for dataset_produces_1 to 2023-12-19T00:00:00+00:00, run_after=2023-12-20T00:00:00+00:00
[2023-12-20T20:52:57.614+0000] {logging_mixin.py:154} INFO - [2023-12-20T20:52:57.613+0000] {dag.py:3722} INFO - Setting next_dagrun for dataset_produces_2 to None, run_after=None
[2023-12-20T20:52:57.649+0000] {processor.py:179} INFO - Processing /usr/local/lib/python3.10/dist-packages/airflow/example_dags/example_datasets.py took 0.144 seconds
[2023-12-20T20:56:19.475+0000] {processor.py:157} INFO - Started process (PID=14271) to work on /usr/local/lib/python3.10/dist-packages/airflow/example_dags/example_datasets.py
[2023-12-20T20:56:19.485+0000] {processor.py:829} INFO - Processing file /usr/local/lib/python3.10/dist-packages/airflow/example_dags/example_datasets.py for tasks to queue
[2023-12-20T20:56:19.487+0000] {logging_mixin.py:154} INFO - [2023-12-20T20:56:19.486+0000] {dagbag.py:536} INFO - Filling up the DagBag from /usr/local/lib/python3.10/dist-packages/airflow/example_dags/example_datasets.py
[2023-12-20T20:56:19.501+0000] {processor.py:839} INFO - DAG(s) dict_keys(['dataset_produces_2', 'dataset_consumes_1_never_scheduled', 'dataset_consumes_1_and_2', 'dataset_consumes_1', 'dataset_produces_1', 'dataset_consumes_unknown_never_scheduled']) retrieved from /usr/local/lib/python3.10/dist-packages/airflow/example_dags/example_datasets.py
[2023-12-20T20:56:19.552+0000] {logging_mixin.py:154} INFO - [2023-12-20T20:56:19.551+0000] {dag.py:2941} INFO - Sync 6 DAGs
[2023-12-20T20:56:19.583+0000] {logging_mixin.py:154} INFO - [2023-12-20T20:56:19.583+0000] {dag.py:3722} INFO - Setting next_dagrun for dataset_consumes_1 to None, run_after=None
[2023-12-20T20:56:19.588+0000] {logging_mixin.py:154} INFO - [2023-12-20T20:56:19.587+0000] {dag.py:3722} INFO - Setting next_dagrun for dataset_consumes_1_and_2 to None, run_after=None
[2023-12-20T20:56:19.589+0000] {logging_mixin.py:154} INFO - [2023-12-20T20:56:19.589+0000] {dag.py:3722} INFO - Setting next_dagrun for dataset_consumes_1_never_scheduled to None, run_after=None
[2023-12-20T20:56:19.590+0000] {logging_mixin.py:154} INFO - [2023-12-20T20:56:19.590+0000] {dag.py:3722} INFO - Setting next_dagrun for dataset_consumes_unknown_never_scheduled to None, run_after=None
[2023-12-20T20:56:19.594+0000] {logging_mixin.py:154} INFO - [2023-12-20T20:56:19.594+0000] {dag.py:3722} INFO - Setting next_dagrun for dataset_produces_1 to 2023-12-19T00:00:00+00:00, run_after=2023-12-20T00:00:00+00:00
[2023-12-20T20:56:19.595+0000] {logging_mixin.py:154} INFO - [2023-12-20T20:56:19.595+0000] {dag.py:3722} INFO - Setting next_dagrun for dataset_produces_2 to None, run_after=None
[2023-12-20T20:56:19.643+0000] {processor.py:179} INFO - Processing /usr/local/lib/python3.10/dist-packages/airflow/example_dags/example_datasets.py took 0.172 seconds
[2023-12-20T20:58:58.193+0000] {processor.py:157} INFO - Started process (PID=20441) to work on /usr/local/lib/python3.10/dist-packages/airflow/example_dags/example_datasets.py
[2023-12-20T20:58:58.195+0000] {processor.py:829} INFO - Processing file /usr/local/lib/python3.10/dist-packages/airflow/example_dags/example_datasets.py for tasks to queue
[2023-12-20T20:58:58.196+0000] {logging_mixin.py:154} INFO - [2023-12-20T20:58:58.195+0000] {dagbag.py:536} INFO - Filling up the DagBag from /usr/local/lib/python3.10/dist-packages/airflow/example_dags/example_datasets.py
[2023-12-20T20:58:58.206+0000] {processor.py:839} INFO - DAG(s) dict_keys(['dataset_produces_2', 'dataset_consumes_1_and_2', 'dataset_consumes_1_never_scheduled', 'dataset_consumes_unknown_never_scheduled', 'dataset_produces_1', 'dataset_consumes_1']) retrieved from /usr/local/lib/python3.10/dist-packages/airflow/example_dags/example_datasets.py
[2023-12-20T20:58:58.233+0000] {logging_mixin.py:154} INFO - [2023-12-20T20:58:58.233+0000] {dag.py:2941} INFO - Sync 6 DAGs
[2023-12-20T20:58:58.254+0000] {logging_mixin.py:154} INFO - [2023-12-20T20:58:58.253+0000] {dag.py:3722} INFO - Setting next_dagrun for dataset_consumes_1 to None, run_after=None
[2023-12-20T20:58:58.257+0000] {logging_mixin.py:154} INFO - [2023-12-20T20:58:58.257+0000] {dag.py:3722} INFO - Setting next_dagrun for dataset_consumes_1_and_2 to None, run_after=None
[2023-12-20T20:58:58.258+0000] {logging_mixin.py:154} INFO - [2023-12-20T20:58:58.258+0000] {dag.py:3722} INFO - Setting next_dagrun for dataset_consumes_1_never_scheduled to None, run_after=None
[2023-12-20T20:58:58.259+0000] {logging_mixin.py:154} INFO - [2023-12-20T20:58:58.259+0000] {dag.py:3722} INFO - Setting next_dagrun for dataset_consumes_unknown_never_scheduled to None, run_after=None
[2023-12-20T20:58:58.261+0000] {logging_mixin.py:154} INFO - [2023-12-20T20:58:58.261+0000] {dag.py:3722} INFO - Setting next_dagrun for dataset_produces_1 to 2023-12-19T00:00:00+00:00, run_after=2023-12-20T00:00:00+00:00
[2023-12-20T20:58:58.262+0000] {logging_mixin.py:154} INFO - [2023-12-20T20:58:58.262+0000] {dag.py:3722} INFO - Setting next_dagrun for dataset_produces_2 to None, run_after=None
[2023-12-20T20:58:58.294+0000] {processor.py:179} INFO - Processing /usr/local/lib/python3.10/dist-packages/airflow/example_dags/example_datasets.py took 0.105 seconds
[2023-12-20T21:02:56.462+0000] {processor.py:157} INFO - Started process (PID=20779) to work on /usr/local/lib/python3.10/dist-packages/airflow/example_dags/example_datasets.py
[2023-12-20T21:02:56.468+0000] {processor.py:829} INFO - Processing file /usr/local/lib/python3.10/dist-packages/airflow/example_dags/example_datasets.py for tasks to queue
[2023-12-20T21:02:56.470+0000] {logging_mixin.py:154} INFO - [2023-12-20T21:02:56.469+0000] {dagbag.py:536} INFO - Filling up the DagBag from /usr/local/lib/python3.10/dist-packages/airflow/example_dags/example_datasets.py
[2023-12-20T21:02:56.487+0000] {processor.py:839} INFO - DAG(s) dict_keys(['dataset_consumes_1', 'dataset_consumes_1_and_2', 'dataset_consumes_unknown_never_scheduled', 'dataset_produces_1', 'dataset_consumes_1_never_scheduled', 'dataset_produces_2']) retrieved from /usr/local/lib/python3.10/dist-packages/airflow/example_dags/example_datasets.py
[2023-12-20T21:02:56.515+0000] {logging_mixin.py:154} INFO - [2023-12-20T21:02:56.515+0000] {dag.py:2941} INFO - Sync 6 DAGs
[2023-12-20T21:02:56.534+0000] {logging_mixin.py:154} INFO - [2023-12-20T21:02:56.534+0000] {dag.py:3722} INFO - Setting next_dagrun for dataset_consumes_1 to None, run_after=None
[2023-12-20T21:02:56.537+0000] {logging_mixin.py:154} INFO - [2023-12-20T21:02:56.537+0000] {dag.py:3722} INFO - Setting next_dagrun for dataset_consumes_1_and_2 to None, run_after=None
[2023-12-20T21:02:56.538+0000] {logging_mixin.py:154} INFO - [2023-12-20T21:02:56.538+0000] {dag.py:3722} INFO - Setting next_dagrun for dataset_consumes_1_never_scheduled to None, run_after=None
[2023-12-20T21:02:56.539+0000] {logging_mixin.py:154} INFO - [2023-12-20T21:02:56.539+0000] {dag.py:3722} INFO - Setting next_dagrun for dataset_consumes_unknown_never_scheduled to None, run_after=None
[2023-12-20T21:02:56.541+0000] {logging_mixin.py:154} INFO - [2023-12-20T21:02:56.541+0000] {dag.py:3722} INFO - Setting next_dagrun for dataset_produces_1 to 2023-12-19T00:00:00+00:00, run_after=2023-12-20T00:00:00+00:00
[2023-12-20T21:02:56.542+0000] {logging_mixin.py:154} INFO - [2023-12-20T21:02:56.542+0000] {dag.py:3722} INFO - Setting next_dagrun for dataset_produces_2 to None, run_after=None
[2023-12-20T21:02:56.571+0000] {processor.py:179} INFO - Processing /usr/local/lib/python3.10/dist-packages/airflow/example_dags/example_datasets.py took 0.113 seconds
[2023-12-20T21:06:47.605+0000] {processor.py:157} INFO - Started process (PID=21108) to work on /usr/local/lib/python3.10/dist-packages/airflow/example_dags/example_datasets.py
[2023-12-20T21:06:47.606+0000] {processor.py:829} INFO - Processing file /usr/local/lib/python3.10/dist-packages/airflow/example_dags/example_datasets.py for tasks to queue
[2023-12-20T21:06:47.607+0000] {logging_mixin.py:154} INFO - [2023-12-20T21:06:47.606+0000] {dagbag.py:536} INFO - Filling up the DagBag from /usr/local/lib/python3.10/dist-packages/airflow/example_dags/example_datasets.py
[2023-12-20T21:06:47.616+0000] {processor.py:839} INFO - DAG(s) dict_keys(['dataset_produces_1', 'dataset_consumes_1_and_2', 'dataset_consumes_1_never_scheduled', 'dataset_produces_2', 'dataset_consumes_1', 'dataset_consumes_unknown_never_scheduled']) retrieved from /usr/local/lib/python3.10/dist-packages/airflow/example_dags/example_datasets.py
[2023-12-20T21:06:47.651+0000] {logging_mixin.py:154} INFO - [2023-12-20T21:06:47.651+0000] {dag.py:2941} INFO - Sync 6 DAGs
[2023-12-20T21:06:47.699+0000] {logging_mixin.py:154} INFO - [2023-12-20T21:06:47.699+0000] {dag.py:3722} INFO - Setting next_dagrun for dataset_consumes_1 to None, run_after=None
[2023-12-20T21:06:47.702+0000] {logging_mixin.py:154} INFO - [2023-12-20T21:06:47.702+0000] {dag.py:3722} INFO - Setting next_dagrun for dataset_consumes_1_and_2 to None, run_after=None
[2023-12-20T21:06:47.703+0000] {logging_mixin.py:154} INFO - [2023-12-20T21:06:47.703+0000] {dag.py:3722} INFO - Setting next_dagrun for dataset_consumes_1_never_scheduled to None, run_after=None
[2023-12-20T21:06:47.704+0000] {logging_mixin.py:154} INFO - [2023-12-20T21:06:47.704+0000] {dag.py:3722} INFO - Setting next_dagrun for dataset_consumes_unknown_never_scheduled to None, run_after=None
[2023-12-20T21:06:47.706+0000] {logging_mixin.py:154} INFO - [2023-12-20T21:06:47.706+0000] {dag.py:3722} INFO - Setting next_dagrun for dataset_produces_1 to 2023-12-19T00:00:00+00:00, run_after=2023-12-20T00:00:00+00:00
[2023-12-20T21:06:47.707+0000] {logging_mixin.py:154} INFO - [2023-12-20T21:06:47.707+0000] {dag.py:3722} INFO - Setting next_dagrun for dataset_produces_2 to None, run_after=None
[2023-12-20T21:06:47.741+0000] {processor.py:179} INFO - Processing /usr/local/lib/python3.10/dist-packages/airflow/example_dags/example_datasets.py took 0.139 seconds
[2023-12-20T21:10:37.101+0000] {processor.py:157} INFO - Started process (PID=21453) to work on /usr/local/lib/python3.10/dist-packages/airflow/example_dags/example_datasets.py
[2023-12-20T21:10:37.120+0000] {processor.py:829} INFO - Processing file /usr/local/lib/python3.10/dist-packages/airflow/example_dags/example_datasets.py for tasks to queue
[2023-12-20T21:10:37.121+0000] {logging_mixin.py:154} INFO - [2023-12-20T21:10:37.121+0000] {dagbag.py:536} INFO - Filling up the DagBag from /usr/local/lib/python3.10/dist-packages/airflow/example_dags/example_datasets.py
[2023-12-20T21:10:37.132+0000] {processor.py:839} INFO - DAG(s) dict_keys(['dataset_produces_2', 'dataset_consumes_1_and_2', 'dataset_consumes_1_never_scheduled', 'dataset_consumes_1', 'dataset_consumes_unknown_never_scheduled', 'dataset_produces_1']) retrieved from /usr/local/lib/python3.10/dist-packages/airflow/example_dags/example_datasets.py
[2023-12-20T21:10:37.158+0000] {logging_mixin.py:154} INFO - [2023-12-20T21:10:37.158+0000] {dag.py:2941} INFO - Sync 6 DAGs
[2023-12-20T21:10:37.179+0000] {logging_mixin.py:154} INFO - [2023-12-20T21:10:37.179+0000] {dag.py:3722} INFO - Setting next_dagrun for dataset_consumes_1 to None, run_after=None
[2023-12-20T21:10:37.183+0000] {logging_mixin.py:154} INFO - [2023-12-20T21:10:37.183+0000] {dag.py:3722} INFO - Setting next_dagrun for dataset_consumes_1_and_2 to None, run_after=None
[2023-12-20T21:10:37.184+0000] {logging_mixin.py:154} INFO - [2023-12-20T21:10:37.183+0000] {dag.py:3722} INFO - Setting next_dagrun for dataset_consumes_1_never_scheduled to None, run_after=None
[2023-12-20T21:10:37.184+0000] {logging_mixin.py:154} INFO - [2023-12-20T21:10:37.184+0000] {dag.py:3722} INFO - Setting next_dagrun for dataset_consumes_unknown_never_scheduled to None, run_after=None
[2023-12-20T21:10:37.187+0000] {logging_mixin.py:154} INFO - [2023-12-20T21:10:37.187+0000] {dag.py:3722} INFO - Setting next_dagrun for dataset_produces_1 to 2023-12-19T00:00:00+00:00, run_after=2023-12-20T00:00:00+00:00
[2023-12-20T21:10:37.188+0000] {logging_mixin.py:154} INFO - [2023-12-20T21:10:37.188+0000] {dag.py:3722} INFO - Setting next_dagrun for dataset_produces_2 to None, run_after=None
[2023-12-20T21:10:37.216+0000] {processor.py:179} INFO - Processing /usr/local/lib/python3.10/dist-packages/airflow/example_dags/example_datasets.py took 0.118 seconds
[2023-12-20T21:14:25.433+0000] {processor.py:157} INFO - Started process (PID=21788) to work on /usr/local/lib/python3.10/dist-packages/airflow/example_dags/example_datasets.py
[2023-12-20T21:14:25.434+0000] {processor.py:829} INFO - Processing file /usr/local/lib/python3.10/dist-packages/airflow/example_dags/example_datasets.py for tasks to queue
[2023-12-20T21:14:25.435+0000] {logging_mixin.py:154} INFO - [2023-12-20T21:14:25.435+0000] {dagbag.py:536} INFO - Filling up the DagBag from /usr/local/lib/python3.10/dist-packages/airflow/example_dags/example_datasets.py
[2023-12-20T21:14:25.444+0000] {processor.py:839} INFO - DAG(s) dict_keys(['dataset_consumes_1_and_2', 'dataset_produces_1', 'dataset_consumes_1_never_scheduled', 'dataset_produces_2', 'dataset_consumes_1', 'dataset_consumes_unknown_never_scheduled']) retrieved from /usr/local/lib/python3.10/dist-packages/airflow/example_dags/example_datasets.py
[2023-12-20T21:14:25.469+0000] {logging_mixin.py:154} INFO - [2023-12-20T21:14:25.469+0000] {dag.py:2941} INFO - Sync 6 DAGs
[2023-12-20T21:14:25.488+0000] {logging_mixin.py:154} INFO - [2023-12-20T21:14:25.488+0000] {dag.py:3722} INFO - Setting next_dagrun for dataset_consumes_1 to None, run_after=None
[2023-12-20T21:14:25.491+0000] {logging_mixin.py:154} INFO - [2023-12-20T21:14:25.491+0000] {dag.py:3722} INFO - Setting next_dagrun for dataset_consumes_1_and_2 to None, run_after=None
[2023-12-20T21:14:25.492+0000] {logging_mixin.py:154} INFO - [2023-12-20T21:14:25.492+0000] {dag.py:3722} INFO - Setting next_dagrun for dataset_consumes_1_never_scheduled to None, run_after=None
[2023-12-20T21:14:25.492+0000] {logging_mixin.py:154} INFO - [2023-12-20T21:14:25.492+0000] {dag.py:3722} INFO - Setting next_dagrun for dataset_consumes_unknown_never_scheduled to None, run_after=None
[2023-12-20T21:14:25.495+0000] {logging_mixin.py:154} INFO - [2023-12-20T21:14:25.494+0000] {dag.py:3722} INFO - Setting next_dagrun for dataset_produces_1 to 2023-12-19T00:00:00+00:00, run_after=2023-12-20T00:00:00+00:00
[2023-12-20T21:14:25.495+0000] {logging_mixin.py:154} INFO - [2023-12-20T21:14:25.495+0000] {dag.py:3722} INFO - Setting next_dagrun for dataset_produces_2 to None, run_after=None
[2023-12-20T21:14:25.522+0000] {processor.py:179} INFO - Processing /usr/local/lib/python3.10/dist-packages/airflow/example_dags/example_datasets.py took 0.092 seconds
[2023-12-20T21:18:15.729+0000] {processor.py:157} INFO - Started process (PID=22120) to work on /usr/local/lib/python3.10/dist-packages/airflow/example_dags/example_datasets.py
[2023-12-20T21:18:15.730+0000] {processor.py:829} INFO - Processing file /usr/local/lib/python3.10/dist-packages/airflow/example_dags/example_datasets.py for tasks to queue
[2023-12-20T21:18:15.731+0000] {logging_mixin.py:154} INFO - [2023-12-20T21:18:15.731+0000] {dagbag.py:536} INFO - Filling up the DagBag from /usr/local/lib/python3.10/dist-packages/airflow/example_dags/example_datasets.py
[2023-12-20T21:18:15.741+0000] {processor.py:839} INFO - DAG(s) dict_keys(['dataset_produces_2', 'dataset_consumes_unknown_never_scheduled', 'dataset_consumes_1', 'dataset_consumes_1_and_2', 'dataset_consumes_1_never_scheduled', 'dataset_produces_1']) retrieved from /usr/local/lib/python3.10/dist-packages/airflow/example_dags/example_datasets.py
[2023-12-20T21:18:15.768+0000] {logging_mixin.py:154} INFO - [2023-12-20T21:18:15.768+0000] {dag.py:2941} INFO - Sync 6 DAGs
[2023-12-20T21:18:15.810+0000] {logging_mixin.py:154} INFO - [2023-12-20T21:18:15.809+0000] {dag.py:3722} INFO - Setting next_dagrun for dataset_consumes_1 to None, run_after=None
[2023-12-20T21:18:15.817+0000] {logging_mixin.py:154} INFO - [2023-12-20T21:18:15.816+0000] {dag.py:3722} INFO - Setting next_dagrun for dataset_consumes_1_and_2 to None, run_after=None
[2023-12-20T21:18:15.817+0000] {logging_mixin.py:154} INFO - [2023-12-20T21:18:15.817+0000] {dag.py:3722} INFO - Setting next_dagrun for dataset_consumes_1_never_scheduled to None, run_after=None
[2023-12-20T21:18:15.818+0000] {logging_mixin.py:154} INFO - [2023-12-20T21:18:15.818+0000] {dag.py:3722} INFO - Setting next_dagrun for dataset_consumes_unknown_never_scheduled to None, run_after=None
[2023-12-20T21:18:15.822+0000] {logging_mixin.py:154} INFO - [2023-12-20T21:18:15.822+0000] {dag.py:3722} INFO - Setting next_dagrun for dataset_produces_1 to 2023-12-19T00:00:00+00:00, run_after=2023-12-20T00:00:00+00:00
[2023-12-20T21:18:15.824+0000] {logging_mixin.py:154} INFO - [2023-12-20T21:18:15.824+0000] {dag.py:3722} INFO - Setting next_dagrun for dataset_produces_2 to None, run_after=None
[2023-12-20T21:18:15.860+0000] {processor.py:179} INFO - Processing /usr/local/lib/python3.10/dist-packages/airflow/example_dags/example_datasets.py took 0.134 seconds
[2023-12-20T21:22:09.444+0000] {processor.py:157} INFO - Started process (PID=22452) to work on /usr/local/lib/python3.10/dist-packages/airflow/example_dags/example_datasets.py
[2023-12-20T21:22:09.445+0000] {processor.py:829} INFO - Processing file /usr/local/lib/python3.10/dist-packages/airflow/example_dags/example_datasets.py for tasks to queue
[2023-12-20T21:22:09.446+0000] {logging_mixin.py:154} INFO - [2023-12-20T21:22:09.446+0000] {dagbag.py:536} INFO - Filling up the DagBag from /usr/local/lib/python3.10/dist-packages/airflow/example_dags/example_datasets.py
[2023-12-20T21:22:09.469+0000] {processor.py:839} INFO - DAG(s) dict_keys(['dataset_consumes_unknown_never_scheduled', 'dataset_consumes_1_never_scheduled', 'dataset_consumes_1', 'dataset_consumes_1_and_2', 'dataset_produces_2', 'dataset_produces_1']) retrieved from /usr/local/lib/python3.10/dist-packages/airflow/example_dags/example_datasets.py
[2023-12-20T21:22:09.497+0000] {logging_mixin.py:154} INFO - [2023-12-20T21:22:09.497+0000] {dag.py:2941} INFO - Sync 6 DAGs
[2023-12-20T21:22:09.516+0000] {logging_mixin.py:154} INFO - [2023-12-20T21:22:09.516+0000] {dag.py:3722} INFO - Setting next_dagrun for dataset_consumes_1 to None, run_after=None
[2023-12-20T21:22:09.519+0000] {logging_mixin.py:154} INFO - [2023-12-20T21:22:09.519+0000] {dag.py:3722} INFO - Setting next_dagrun for dataset_consumes_1_and_2 to None, run_after=None
[2023-12-20T21:22:09.520+0000] {logging_mixin.py:154} INFO - [2023-12-20T21:22:09.520+0000] {dag.py:3722} INFO - Setting next_dagrun for dataset_consumes_1_never_scheduled to None, run_after=None
[2023-12-20T21:22:09.521+0000] {logging_mixin.py:154} INFO - [2023-12-20T21:22:09.521+0000] {dag.py:3722} INFO - Setting next_dagrun for dataset_consumes_unknown_never_scheduled to None, run_after=None
[2023-12-20T21:22:09.524+0000] {logging_mixin.py:154} INFO - [2023-12-20T21:22:09.523+0000] {dag.py:3722} INFO - Setting next_dagrun for dataset_produces_1 to 2023-12-19T00:00:00+00:00, run_after=2023-12-20T00:00:00+00:00
[2023-12-20T21:22:09.524+0000] {logging_mixin.py:154} INFO - [2023-12-20T21:22:09.524+0000] {dag.py:3722} INFO - Setting next_dagrun for dataset_produces_2 to None, run_after=None
[2023-12-20T21:22:09.565+0000] {processor.py:179} INFO - Processing /usr/local/lib/python3.10/dist-packages/airflow/example_dags/example_datasets.py took 0.124 seconds
[2023-12-20T21:28:15.846+0000] {processor.py:157} INFO - Started process (PID=22795) to work on /usr/local/lib/python3.10/dist-packages/airflow/example_dags/example_datasets.py
[2023-12-20T21:28:15.847+0000] {processor.py:829} INFO - Processing file /usr/local/lib/python3.10/dist-packages/airflow/example_dags/example_datasets.py for tasks to queue
[2023-12-20T21:28:15.849+0000] {logging_mixin.py:154} INFO - [2023-12-20T21:28:15.848+0000] {dagbag.py:536} INFO - Filling up the DagBag from /usr/local/lib/python3.10/dist-packages/airflow/example_dags/example_datasets.py
[2023-12-20T21:28:15.860+0000] {processor.py:839} INFO - DAG(s) dict_keys(['dataset_consumes_1_never_scheduled', 'dataset_consumes_1', 'dataset_produces_2', 'dataset_produces_1', 'dataset_consumes_unknown_never_scheduled', 'dataset_consumes_1_and_2']) retrieved from /usr/local/lib/python3.10/dist-packages/airflow/example_dags/example_datasets.py
[2023-12-20T21:28:15.935+0000] {logging_mixin.py:154} INFO - [2023-12-20T21:28:15.935+0000] {dag.py:2941} INFO - Sync 6 DAGs
[2023-12-20T21:28:15.961+0000] {logging_mixin.py:154} INFO - [2023-12-20T21:28:15.960+0000] {dag.py:3722} INFO - Setting next_dagrun for dataset_consumes_1 to None, run_after=None
[2023-12-20T21:28:15.964+0000] {logging_mixin.py:154} INFO - [2023-12-20T21:28:15.963+0000] {dag.py:3722} INFO - Setting next_dagrun for dataset_consumes_1_and_2 to None, run_after=None
[2023-12-20T21:28:15.964+0000] {logging_mixin.py:154} INFO - [2023-12-20T21:28:15.964+0000] {dag.py:3722} INFO - Setting next_dagrun for dataset_consumes_1_never_scheduled to None, run_after=None
[2023-12-20T21:28:16.005+0000] {logging_mixin.py:154} INFO - [2023-12-20T21:28:16.005+0000] {dag.py:3722} INFO - Setting next_dagrun for dataset_consumes_unknown_never_scheduled to None, run_after=None
[2023-12-20T21:28:16.008+0000] {logging_mixin.py:154} INFO - [2023-12-20T21:28:16.008+0000] {dag.py:3722} INFO - Setting next_dagrun for dataset_produces_1 to 2023-12-19T00:00:00+00:00, run_after=2023-12-20T00:00:00+00:00
[2023-12-20T21:28:16.009+0000] {logging_mixin.py:154} INFO - [2023-12-20T21:28:16.009+0000] {dag.py:3722} INFO - Setting next_dagrun for dataset_produces_2 to None, run_after=None
[2023-12-20T21:28:16.037+0000] {processor.py:179} INFO - Processing /usr/local/lib/python3.10/dist-packages/airflow/example_dags/example_datasets.py took 0.231 seconds
[2023-12-20T21:32:50.100+0000] {processor.py:157} INFO - Started process (PID=22980) to work on /usr/local/lib/python3.10/dist-packages/airflow/example_dags/example_datasets.py
[2023-12-20T21:32:50.102+0000] {processor.py:829} INFO - Processing file /usr/local/lib/python3.10/dist-packages/airflow/example_dags/example_datasets.py for tasks to queue
[2023-12-20T21:32:50.103+0000] {logging_mixin.py:154} INFO - [2023-12-20T21:32:50.102+0000] {dagbag.py:536} INFO - Filling up the DagBag from /usr/local/lib/python3.10/dist-packages/airflow/example_dags/example_datasets.py
[2023-12-20T21:32:50.126+0000] {processor.py:839} INFO - DAG(s) dict_keys(['dataset_consumes_1_never_scheduled', 'dataset_consumes_1', 'dataset_produces_2', 'dataset_consumes_1_and_2', 'dataset_produces_1', 'dataset_consumes_unknown_never_scheduled']) retrieved from /usr/local/lib/python3.10/dist-packages/airflow/example_dags/example_datasets.py
[2023-12-20T21:32:50.197+0000] {logging_mixin.py:154} INFO - [2023-12-20T21:32:50.197+0000] {dag.py:2941} INFO - Sync 6 DAGs
[2023-12-20T21:32:50.277+0000] {logging_mixin.py:154} INFO - [2023-12-20T21:32:50.277+0000] {dag.py:3722} INFO - Setting next_dagrun for dataset_consumes_1 to None, run_after=None
[2023-12-20T21:32:50.281+0000] {logging_mixin.py:154} INFO - [2023-12-20T21:32:50.281+0000] {dag.py:3722} INFO - Setting next_dagrun for dataset_consumes_1_and_2 to None, run_after=None
[2023-12-20T21:32:50.282+0000] {logging_mixin.py:154} INFO - [2023-12-20T21:32:50.282+0000] {dag.py:3722} INFO - Setting next_dagrun for dataset_consumes_1_never_scheduled to None, run_after=None
[2023-12-20T21:32:50.283+0000] {logging_mixin.py:154} INFO - [2023-12-20T21:32:50.283+0000] {dag.py:3722} INFO - Setting next_dagrun for dataset_consumes_unknown_never_scheduled to None, run_after=None
[2023-12-20T21:32:50.286+0000] {logging_mixin.py:154} INFO - [2023-12-20T21:32:50.285+0000] {dag.py:3722} INFO - Setting next_dagrun for dataset_produces_1 to 2023-12-19T00:00:00+00:00, run_after=2023-12-20T00:00:00+00:00
[2023-12-20T21:32:50.286+0000] {logging_mixin.py:154} INFO - [2023-12-20T21:32:50.286+0000] {dag.py:3722} INFO - Setting next_dagrun for dataset_produces_2 to None, run_after=None
[2023-12-20T21:32:50.356+0000] {processor.py:179} INFO - Processing /usr/local/lib/python3.10/dist-packages/airflow/example_dags/example_datasets.py took 0.259 seconds
