[2023-12-20T20:24:52.655+0000] {processor.py:157} INFO - Started process (PID=1154) to work on /usr/local/lib/python3.10/dist-packages/airflow/example_dags/example_kubernetes_executor.py
[2023-12-20T20:24:52.656+0000] {processor.py:829} INFO - Processing file /usr/local/lib/python3.10/dist-packages/airflow/example_dags/example_kubernetes_executor.py for tasks to queue
[2023-12-20T20:24:52.657+0000] {logging_mixin.py:154} INFO - [2023-12-20T20:24:52.656+0000] {dagbag.py:536} INFO - Filling up the DagBag from /usr/local/lib/python3.10/dist-packages/airflow/example_dags/example_kubernetes_executor.py
[2023-12-20T20:24:52.679+0000] {processor.py:839} INFO - DAG(s) dict_keys(['example_kubernetes_executor']) retrieved from /usr/local/lib/python3.10/dist-packages/airflow/example_dags/example_kubernetes_executor.py
[2023-12-20T20:24:52.718+0000] {logging_mixin.py:154} INFO - [2023-12-20T20:24:52.718+0000] {dag.py:2941} INFO - Sync 1 DAGs
[2023-12-20T20:24:52.729+0000] {logging_mixin.py:154} INFO - [2023-12-20T20:24:52.729+0000] {dag.py:3722} INFO - Setting next_dagrun for example_kubernetes_executor to None, run_after=None
[2023-12-20T20:24:52.758+0000] {processor.py:179} INFO - Processing /usr/local/lib/python3.10/dist-packages/airflow/example_dags/example_kubernetes_executor.py took 0.107 seconds
[2023-12-20T20:28:03.014+0000] {processor.py:157} INFO - Started process (PID=1386) to work on /usr/local/lib/python3.10/dist-packages/airflow/example_dags/example_kubernetes_executor.py
[2023-12-20T20:28:03.016+0000] {processor.py:829} INFO - Processing file /usr/local/lib/python3.10/dist-packages/airflow/example_dags/example_kubernetes_executor.py for tasks to queue
[2023-12-20T20:28:03.017+0000] {logging_mixin.py:154} INFO - [2023-12-20T20:28:03.016+0000] {dagbag.py:536} INFO - Filling up the DagBag from /usr/local/lib/python3.10/dist-packages/airflow/example_dags/example_kubernetes_executor.py
[2023-12-20T20:28:03.030+0000] {processor.py:839} INFO - DAG(s) dict_keys(['example_kubernetes_executor']) retrieved from /usr/local/lib/python3.10/dist-packages/airflow/example_dags/example_kubernetes_executor.py
[2023-12-20T20:28:03.060+0000] {logging_mixin.py:154} INFO - [2023-12-20T20:28:03.060+0000] {dag.py:2941} INFO - Sync 1 DAGs
[2023-12-20T20:28:03.071+0000] {logging_mixin.py:154} INFO - [2023-12-20T20:28:03.070+0000] {dag.py:3722} INFO - Setting next_dagrun for example_kubernetes_executor to None, run_after=None
[2023-12-20T20:28:03.095+0000] {processor.py:179} INFO - Processing /usr/local/lib/python3.10/dist-packages/airflow/example_dags/example_kubernetes_executor.py took 0.084 seconds
[2023-12-20T20:33:47.439+0000] {processor.py:157} INFO - Started process (PID=1827) to work on /usr/local/lib/python3.10/dist-packages/airflow/example_dags/example_kubernetes_executor.py
[2023-12-20T20:33:47.442+0000] {processor.py:829} INFO - Processing file /usr/local/lib/python3.10/dist-packages/airflow/example_dags/example_kubernetes_executor.py for tasks to queue
[2023-12-20T20:33:47.443+0000] {logging_mixin.py:154} INFO - [2023-12-20T20:33:47.443+0000] {dagbag.py:536} INFO - Filling up the DagBag from /usr/local/lib/python3.10/dist-packages/airflow/example_dags/example_kubernetes_executor.py
[2023-12-20T20:33:47.470+0000] {processor.py:839} INFO - DAG(s) dict_keys(['example_kubernetes_executor']) retrieved from /usr/local/lib/python3.10/dist-packages/airflow/example_dags/example_kubernetes_executor.py
[2023-12-20T20:33:47.695+0000] {logging_mixin.py:154} INFO - [2023-12-20T20:33:47.695+0000] {dag.py:2941} INFO - Sync 1 DAGs
[2023-12-20T20:33:47.704+0000] {logging_mixin.py:154} INFO - [2023-12-20T20:33:47.704+0000] {dag.py:3722} INFO - Setting next_dagrun for example_kubernetes_executor to None, run_after=None
[2023-12-20T20:33:47.723+0000] {processor.py:179} INFO - Processing /usr/local/lib/python3.10/dist-packages/airflow/example_dags/example_kubernetes_executor.py took 0.289 seconds
[2023-12-20T20:36:51.389+0000] {processor.py:157} INFO - Started process (PID=2079) to work on /usr/local/lib/python3.10/dist-packages/airflow/example_dags/example_kubernetes_executor.py
[2023-12-20T20:36:51.393+0000] {processor.py:829} INFO - Processing file /usr/local/lib/python3.10/dist-packages/airflow/example_dags/example_kubernetes_executor.py for tasks to queue
[2023-12-20T20:36:51.395+0000] {logging_mixin.py:154} INFO - [2023-12-20T20:36:51.394+0000] {dagbag.py:536} INFO - Filling up the DagBag from /usr/local/lib/python3.10/dist-packages/airflow/example_dags/example_kubernetes_executor.py
[2023-12-20T20:36:51.423+0000] {processor.py:839} INFO - DAG(s) dict_keys(['example_kubernetes_executor']) retrieved from /usr/local/lib/python3.10/dist-packages/airflow/example_dags/example_kubernetes_executor.py
[2023-12-20T20:36:51.464+0000] {logging_mixin.py:154} INFO - [2023-12-20T20:36:51.463+0000] {dag.py:2941} INFO - Sync 1 DAGs
[2023-12-20T20:36:51.477+0000] {logging_mixin.py:154} INFO - [2023-12-20T20:36:51.476+0000] {dag.py:3722} INFO - Setting next_dagrun for example_kubernetes_executor to None, run_after=None
[2023-12-20T20:36:51.502+0000] {processor.py:179} INFO - Processing /usr/local/lib/python3.10/dist-packages/airflow/example_dags/example_kubernetes_executor.py took 0.116 seconds
[2023-12-20T20:40:34.450+0000] {processor.py:157} INFO - Started process (PID=2355) to work on /usr/local/lib/python3.10/dist-packages/airflow/example_dags/example_kubernetes_executor.py
[2023-12-20T20:40:34.452+0000] {processor.py:829} INFO - Processing file /usr/local/lib/python3.10/dist-packages/airflow/example_dags/example_kubernetes_executor.py for tasks to queue
[2023-12-20T20:40:34.453+0000] {logging_mixin.py:154} INFO - [2023-12-20T20:40:34.452+0000] {dagbag.py:536} INFO - Filling up the DagBag from /usr/local/lib/python3.10/dist-packages/airflow/example_dags/example_kubernetes_executor.py
[2023-12-20T20:40:34.465+0000] {processor.py:839} INFO - DAG(s) dict_keys(['example_kubernetes_executor']) retrieved from /usr/local/lib/python3.10/dist-packages/airflow/example_dags/example_kubernetes_executor.py
[2023-12-20T20:40:34.498+0000] {logging_mixin.py:154} INFO - [2023-12-20T20:40:34.498+0000] {dag.py:2941} INFO - Sync 1 DAGs
[2023-12-20T20:40:34.508+0000] {logging_mixin.py:154} INFO - [2023-12-20T20:40:34.508+0000] {dag.py:3722} INFO - Setting next_dagrun for example_kubernetes_executor to None, run_after=None
[2023-12-20T20:40:34.538+0000] {processor.py:179} INFO - Processing /usr/local/lib/python3.10/dist-packages/airflow/example_dags/example_kubernetes_executor.py took 0.090 seconds
[2023-12-20T20:43:47.060+0000] {processor.py:157} INFO - Started process (PID=2595) to work on /usr/local/lib/python3.10/dist-packages/airflow/example_dags/example_kubernetes_executor.py
[2023-12-20T20:43:47.064+0000] {processor.py:829} INFO - Processing file /usr/local/lib/python3.10/dist-packages/airflow/example_dags/example_kubernetes_executor.py for tasks to queue
[2023-12-20T20:43:47.065+0000] {logging_mixin.py:154} INFO - [2023-12-20T20:43:47.065+0000] {dagbag.py:536} INFO - Filling up the DagBag from /usr/local/lib/python3.10/dist-packages/airflow/example_dags/example_kubernetes_executor.py
[2023-12-20T20:43:47.083+0000] {processor.py:839} INFO - DAG(s) dict_keys(['example_kubernetes_executor']) retrieved from /usr/local/lib/python3.10/dist-packages/airflow/example_dags/example_kubernetes_executor.py
[2023-12-20T20:43:47.150+0000] {logging_mixin.py:154} INFO - [2023-12-20T20:43:47.149+0000] {dag.py:2941} INFO - Sync 1 DAGs
[2023-12-20T20:43:47.174+0000] {logging_mixin.py:154} INFO - [2023-12-20T20:43:47.173+0000] {dag.py:3722} INFO - Setting next_dagrun for example_kubernetes_executor to None, run_after=None
[2023-12-20T20:43:47.199+0000] {processor.py:179} INFO - Processing /usr/local/lib/python3.10/dist-packages/airflow/example_dags/example_kubernetes_executor.py took 0.144 seconds
[2023-12-20T20:49:35.636+0000] {processor.py:157} INFO - Started process (PID=3002) to work on /usr/local/lib/python3.10/dist-packages/airflow/example_dags/example_kubernetes_executor.py
[2023-12-20T20:49:35.638+0000] {processor.py:829} INFO - Processing file /usr/local/lib/python3.10/dist-packages/airflow/example_dags/example_kubernetes_executor.py for tasks to queue
[2023-12-20T20:49:35.639+0000] {logging_mixin.py:154} INFO - [2023-12-20T20:49:35.638+0000] {dagbag.py:536} INFO - Filling up the DagBag from /usr/local/lib/python3.10/dist-packages/airflow/example_dags/example_kubernetes_executor.py
[2023-12-20T20:49:35.653+0000] {processor.py:839} INFO - DAG(s) dict_keys(['example_kubernetes_executor']) retrieved from /usr/local/lib/python3.10/dist-packages/airflow/example_dags/example_kubernetes_executor.py
[2023-12-20T20:49:35.686+0000] {logging_mixin.py:154} INFO - [2023-12-20T20:49:35.686+0000] {dag.py:2941} INFO - Sync 1 DAGs
[2023-12-20T20:49:35.699+0000] {logging_mixin.py:154} INFO - [2023-12-20T20:49:35.699+0000] {dag.py:3722} INFO - Setting next_dagrun for example_kubernetes_executor to None, run_after=None
[2023-12-20T20:49:35.721+0000] {processor.py:179} INFO - Processing /usr/local/lib/python3.10/dist-packages/airflow/example_dags/example_kubernetes_executor.py took 0.088 seconds
[2023-12-20T20:52:51.768+0000] {processor.py:157} INFO - Started process (PID=3660) to work on /usr/local/lib/python3.10/dist-packages/airflow/example_dags/example_kubernetes_executor.py
[2023-12-20T20:52:51.769+0000] {processor.py:829} INFO - Processing file /usr/local/lib/python3.10/dist-packages/airflow/example_dags/example_kubernetes_executor.py for tasks to queue
[2023-12-20T20:52:51.770+0000] {logging_mixin.py:154} INFO - [2023-12-20T20:52:51.770+0000] {dagbag.py:536} INFO - Filling up the DagBag from /usr/local/lib/python3.10/dist-packages/airflow/example_dags/example_kubernetes_executor.py
[2023-12-20T20:52:51.788+0000] {processor.py:839} INFO - DAG(s) dict_keys(['example_kubernetes_executor']) retrieved from /usr/local/lib/python3.10/dist-packages/airflow/example_dags/example_kubernetes_executor.py
[2023-12-20T20:52:51.832+0000] {logging_mixin.py:154} INFO - [2023-12-20T20:52:51.832+0000] {dag.py:2941} INFO - Sync 1 DAGs
[2023-12-20T20:52:51.847+0000] {logging_mixin.py:154} INFO - [2023-12-20T20:52:51.847+0000] {dag.py:3722} INFO - Setting next_dagrun for example_kubernetes_executor to None, run_after=None
[2023-12-20T20:52:51.874+0000] {processor.py:179} INFO - Processing /usr/local/lib/python3.10/dist-packages/airflow/example_dags/example_kubernetes_executor.py took 0.110 seconds
[2023-12-20T20:56:18.571+0000] {processor.py:157} INFO - Started process (PID=14254) to work on /usr/local/lib/python3.10/dist-packages/airflow/example_dags/example_kubernetes_executor.py
[2023-12-20T20:56:18.574+0000] {processor.py:829} INFO - Processing file /usr/local/lib/python3.10/dist-packages/airflow/example_dags/example_kubernetes_executor.py for tasks to queue
[2023-12-20T20:56:18.575+0000] {logging_mixin.py:154} INFO - [2023-12-20T20:56:18.574+0000] {dagbag.py:536} INFO - Filling up the DagBag from /usr/local/lib/python3.10/dist-packages/airflow/example_dags/example_kubernetes_executor.py
[2023-12-20T20:56:18.594+0000] {processor.py:839} INFO - DAG(s) dict_keys(['example_kubernetes_executor']) retrieved from /usr/local/lib/python3.10/dist-packages/airflow/example_dags/example_kubernetes_executor.py
[2023-12-20T20:56:18.642+0000] {logging_mixin.py:154} INFO - [2023-12-20T20:56:18.641+0000] {dag.py:2941} INFO - Sync 1 DAGs
[2023-12-20T20:56:18.660+0000] {logging_mixin.py:154} INFO - [2023-12-20T20:56:18.660+0000] {dag.py:3722} INFO - Setting next_dagrun for example_kubernetes_executor to None, run_after=None
[2023-12-20T20:56:18.692+0000] {processor.py:179} INFO - Processing /usr/local/lib/python3.10/dist-packages/airflow/example_dags/example_kubernetes_executor.py took 0.125 seconds
[2023-12-20T20:58:53.475+0000] {processor.py:157} INFO - Started process (PID=20435) to work on /usr/local/lib/python3.10/dist-packages/airflow/example_dags/example_kubernetes_executor.py
[2023-12-20T20:58:53.476+0000] {processor.py:829} INFO - Processing file /usr/local/lib/python3.10/dist-packages/airflow/example_dags/example_kubernetes_executor.py for tasks to queue
[2023-12-20T20:58:53.477+0000] {logging_mixin.py:154} INFO - [2023-12-20T20:58:53.477+0000] {dagbag.py:536} INFO - Filling up the DagBag from /usr/local/lib/python3.10/dist-packages/airflow/example_dags/example_kubernetes_executor.py
[2023-12-20T20:58:53.498+0000] {processor.py:839} INFO - DAG(s) dict_keys(['example_kubernetes_executor']) retrieved from /usr/local/lib/python3.10/dist-packages/airflow/example_dags/example_kubernetes_executor.py
[2023-12-20T20:58:53.543+0000] {logging_mixin.py:154} INFO - [2023-12-20T20:58:53.543+0000] {dag.py:2941} INFO - Sync 1 DAGs
[2023-12-20T20:58:53.558+0000] {logging_mixin.py:154} INFO - [2023-12-20T20:58:53.558+0000] {dag.py:3722} INFO - Setting next_dagrun for example_kubernetes_executor to None, run_after=None
[2023-12-20T20:58:53.584+0000] {processor.py:179} INFO - Processing /usr/local/lib/python3.10/dist-packages/airflow/example_dags/example_kubernetes_executor.py took 0.113 seconds
[2023-12-20T21:02:52.345+0000] {processor.py:157} INFO - Started process (PID=20772) to work on /usr/local/lib/python3.10/dist-packages/airflow/example_dags/example_kubernetes_executor.py
[2023-12-20T21:02:52.346+0000] {processor.py:829} INFO - Processing file /usr/local/lib/python3.10/dist-packages/airflow/example_dags/example_kubernetes_executor.py for tasks to queue
[2023-12-20T21:02:52.347+0000] {logging_mixin.py:154} INFO - [2023-12-20T21:02:52.347+0000] {dagbag.py:536} INFO - Filling up the DagBag from /usr/local/lib/python3.10/dist-packages/airflow/example_dags/example_kubernetes_executor.py
[2023-12-20T21:02:52.361+0000] {processor.py:839} INFO - DAG(s) dict_keys(['example_kubernetes_executor']) retrieved from /usr/local/lib/python3.10/dist-packages/airflow/example_dags/example_kubernetes_executor.py
[2023-12-20T21:02:52.393+0000] {logging_mixin.py:154} INFO - [2023-12-20T21:02:52.392+0000] {dag.py:2941} INFO - Sync 1 DAGs
[2023-12-20T21:02:52.409+0000] {logging_mixin.py:154} INFO - [2023-12-20T21:02:52.409+0000] {dag.py:3722} INFO - Setting next_dagrun for example_kubernetes_executor to None, run_after=None
[2023-12-20T21:02:52.430+0000] {processor.py:179} INFO - Processing /usr/local/lib/python3.10/dist-packages/airflow/example_dags/example_kubernetes_executor.py took 0.088 seconds
[2023-12-20T21:06:43.414+0000] {processor.py:157} INFO - Started process (PID=21102) to work on /usr/local/lib/python3.10/dist-packages/airflow/example_dags/example_kubernetes_executor.py
[2023-12-20T21:06:43.415+0000] {processor.py:829} INFO - Processing file /usr/local/lib/python3.10/dist-packages/airflow/example_dags/example_kubernetes_executor.py for tasks to queue
[2023-12-20T21:06:43.416+0000] {logging_mixin.py:154} INFO - [2023-12-20T21:06:43.415+0000] {dagbag.py:536} INFO - Filling up the DagBag from /usr/local/lib/python3.10/dist-packages/airflow/example_dags/example_kubernetes_executor.py
[2023-12-20T21:06:43.429+0000] {processor.py:839} INFO - DAG(s) dict_keys(['example_kubernetes_executor']) retrieved from /usr/local/lib/python3.10/dist-packages/airflow/example_dags/example_kubernetes_executor.py
[2023-12-20T21:06:43.461+0000] {logging_mixin.py:154} INFO - [2023-12-20T21:06:43.461+0000] {dag.py:2941} INFO - Sync 1 DAGs
[2023-12-20T21:06:43.472+0000] {logging_mixin.py:154} INFO - [2023-12-20T21:06:43.472+0000] {dag.py:3722} INFO - Setting next_dagrun for example_kubernetes_executor to None, run_after=None
[2023-12-20T21:06:43.495+0000] {processor.py:179} INFO - Processing /usr/local/lib/python3.10/dist-packages/airflow/example_dags/example_kubernetes_executor.py took 0.085 seconds
[2023-12-20T21:10:33.208+0000] {processor.py:157} INFO - Started process (PID=21447) to work on /usr/local/lib/python3.10/dist-packages/airflow/example_dags/example_kubernetes_executor.py
[2023-12-20T21:10:33.209+0000] {processor.py:829} INFO - Processing file /usr/local/lib/python3.10/dist-packages/airflow/example_dags/example_kubernetes_executor.py for tasks to queue
[2023-12-20T21:10:33.210+0000] {logging_mixin.py:154} INFO - [2023-12-20T21:10:33.210+0000] {dagbag.py:536} INFO - Filling up the DagBag from /usr/local/lib/python3.10/dist-packages/airflow/example_dags/example_kubernetes_executor.py
[2023-12-20T21:10:33.222+0000] {processor.py:839} INFO - DAG(s) dict_keys(['example_kubernetes_executor']) retrieved from /usr/local/lib/python3.10/dist-packages/airflow/example_dags/example_kubernetes_executor.py
[2023-12-20T21:10:33.254+0000] {logging_mixin.py:154} INFO - [2023-12-20T21:10:33.254+0000] {dag.py:2941} INFO - Sync 1 DAGs
[2023-12-20T21:10:33.264+0000] {logging_mixin.py:154} INFO - [2023-12-20T21:10:33.264+0000] {dag.py:3722} INFO - Setting next_dagrun for example_kubernetes_executor to None, run_after=None
[2023-12-20T21:10:33.284+0000] {processor.py:179} INFO - Processing /usr/local/lib/python3.10/dist-packages/airflow/example_dags/example_kubernetes_executor.py took 0.081 seconds
[2023-12-20T21:14:21.382+0000] {processor.py:157} INFO - Started process (PID=21782) to work on /usr/local/lib/python3.10/dist-packages/airflow/example_dags/example_kubernetes_executor.py
[2023-12-20T21:14:21.383+0000] {processor.py:829} INFO - Processing file /usr/local/lib/python3.10/dist-packages/airflow/example_dags/example_kubernetes_executor.py for tasks to queue
[2023-12-20T21:14:21.384+0000] {logging_mixin.py:154} INFO - [2023-12-20T21:14:21.384+0000] {dagbag.py:536} INFO - Filling up the DagBag from /usr/local/lib/python3.10/dist-packages/airflow/example_dags/example_kubernetes_executor.py
[2023-12-20T21:14:21.396+0000] {processor.py:839} INFO - DAG(s) dict_keys(['example_kubernetes_executor']) retrieved from /usr/local/lib/python3.10/dist-packages/airflow/example_dags/example_kubernetes_executor.py
[2023-12-20T21:14:21.428+0000] {logging_mixin.py:154} INFO - [2023-12-20T21:14:21.428+0000] {dag.py:2941} INFO - Sync 1 DAGs
[2023-12-20T21:14:21.438+0000] {logging_mixin.py:154} INFO - [2023-12-20T21:14:21.438+0000] {dag.py:3722} INFO - Setting next_dagrun for example_kubernetes_executor to None, run_after=None
[2023-12-20T21:14:21.458+0000] {processor.py:179} INFO - Processing /usr/local/lib/python3.10/dist-packages/airflow/example_dags/example_kubernetes_executor.py took 0.079 seconds
[2023-12-20T21:18:11.154+0000] {processor.py:157} INFO - Started process (PID=22114) to work on /usr/local/lib/python3.10/dist-packages/airflow/example_dags/example_kubernetes_executor.py
[2023-12-20T21:18:11.156+0000] {processor.py:829} INFO - Processing file /usr/local/lib/python3.10/dist-packages/airflow/example_dags/example_kubernetes_executor.py for tasks to queue
[2023-12-20T21:18:11.157+0000] {logging_mixin.py:154} INFO - [2023-12-20T21:18:11.156+0000] {dagbag.py:536} INFO - Filling up the DagBag from /usr/local/lib/python3.10/dist-packages/airflow/example_dags/example_kubernetes_executor.py
[2023-12-20T21:18:11.193+0000] {processor.py:839} INFO - DAG(s) dict_keys(['example_kubernetes_executor']) retrieved from /usr/local/lib/python3.10/dist-packages/airflow/example_dags/example_kubernetes_executor.py
[2023-12-20T21:18:11.226+0000] {logging_mixin.py:154} INFO - [2023-12-20T21:18:11.226+0000] {dag.py:2941} INFO - Sync 1 DAGs
[2023-12-20T21:18:11.238+0000] {logging_mixin.py:154} INFO - [2023-12-20T21:18:11.238+0000] {dag.py:3722} INFO - Setting next_dagrun for example_kubernetes_executor to None, run_after=None
[2023-12-20T21:18:11.262+0000] {processor.py:179} INFO - Processing /usr/local/lib/python3.10/dist-packages/airflow/example_dags/example_kubernetes_executor.py took 0.121 seconds
[2023-12-20T21:22:05.004+0000] {processor.py:157} INFO - Started process (PID=22446) to work on /usr/local/lib/python3.10/dist-packages/airflow/example_dags/example_kubernetes_executor.py
[2023-12-20T21:22:05.011+0000] {processor.py:829} INFO - Processing file /usr/local/lib/python3.10/dist-packages/airflow/example_dags/example_kubernetes_executor.py for tasks to queue
[2023-12-20T21:22:05.012+0000] {logging_mixin.py:154} INFO - [2023-12-20T21:22:05.011+0000] {dagbag.py:536} INFO - Filling up the DagBag from /usr/local/lib/python3.10/dist-packages/airflow/example_dags/example_kubernetes_executor.py
[2023-12-20T21:22:05.026+0000] {processor.py:839} INFO - DAG(s) dict_keys(['example_kubernetes_executor']) retrieved from /usr/local/lib/python3.10/dist-packages/airflow/example_dags/example_kubernetes_executor.py
[2023-12-20T21:22:05.063+0000] {logging_mixin.py:154} INFO - [2023-12-20T21:22:05.063+0000] {dag.py:2941} INFO - Sync 1 DAGs
[2023-12-20T21:22:05.079+0000] {logging_mixin.py:154} INFO - [2023-12-20T21:22:05.079+0000] {dag.py:3722} INFO - Setting next_dagrun for example_kubernetes_executor to None, run_after=None
[2023-12-20T21:22:05.103+0000] {processor.py:179} INFO - Processing /usr/local/lib/python3.10/dist-packages/airflow/example_dags/example_kubernetes_executor.py took 0.105 seconds
[2023-12-20T21:28:07.387+0000] {processor.py:157} INFO - Started process (PID=22789) to work on /usr/local/lib/python3.10/dist-packages/airflow/example_dags/example_kubernetes_executor.py
[2023-12-20T21:28:07.389+0000] {processor.py:829} INFO - Processing file /usr/local/lib/python3.10/dist-packages/airflow/example_dags/example_kubernetes_executor.py for tasks to queue
[2023-12-20T21:28:07.389+0000] {logging_mixin.py:154} INFO - [2023-12-20T21:28:07.389+0000] {dagbag.py:536} INFO - Filling up the DagBag from /usr/local/lib/python3.10/dist-packages/airflow/example_dags/example_kubernetes_executor.py
[2023-12-20T21:28:07.405+0000] {processor.py:839} INFO - DAG(s) dict_keys(['example_kubernetes_executor']) retrieved from /usr/local/lib/python3.10/dist-packages/airflow/example_dags/example_kubernetes_executor.py
[2023-12-20T21:28:07.443+0000] {logging_mixin.py:154} INFO - [2023-12-20T21:28:07.443+0000] {dag.py:2941} INFO - Sync 1 DAGs
[2023-12-20T21:28:07.457+0000] {logging_mixin.py:154} INFO - [2023-12-20T21:28:07.457+0000] {dag.py:3722} INFO - Setting next_dagrun for example_kubernetes_executor to None, run_after=None
[2023-12-20T21:28:07.481+0000] {processor.py:179} INFO - Processing /usr/local/lib/python3.10/dist-packages/airflow/example_dags/example_kubernetes_executor.py took 0.104 seconds
[2023-12-20T21:32:41.567+0000] {processor.py:157} INFO - Started process (PID=22974) to work on /usr/local/lib/python3.10/dist-packages/airflow/example_dags/example_kubernetes_executor.py
[2023-12-20T21:32:41.569+0000] {processor.py:829} INFO - Processing file /usr/local/lib/python3.10/dist-packages/airflow/example_dags/example_kubernetes_executor.py for tasks to queue
[2023-12-20T21:32:41.570+0000] {logging_mixin.py:154} INFO - [2023-12-20T21:32:41.569+0000] {dagbag.py:536} INFO - Filling up the DagBag from /usr/local/lib/python3.10/dist-packages/airflow/example_dags/example_kubernetes_executor.py
[2023-12-20T21:32:41.585+0000] {processor.py:839} INFO - DAG(s) dict_keys(['example_kubernetes_executor']) retrieved from /usr/local/lib/python3.10/dist-packages/airflow/example_dags/example_kubernetes_executor.py
[2023-12-20T21:32:41.636+0000] {logging_mixin.py:154} INFO - [2023-12-20T21:32:41.636+0000] {dag.py:2941} INFO - Sync 1 DAGs
[2023-12-20T21:32:41.656+0000] {logging_mixin.py:154} INFO - [2023-12-20T21:32:41.656+0000] {dag.py:3722} INFO - Setting next_dagrun for example_kubernetes_executor to None, run_after=None
[2023-12-20T21:32:41.682+0000] {processor.py:179} INFO - Processing /usr/local/lib/python3.10/dist-packages/airflow/example_dags/example_kubernetes_executor.py took 0.126 seconds
