[2023-12-20T20:25:07.473+0000] {processor.py:157} INFO - Started process (PID=1172) to work on /usr/local/lib/python3.10/dist-packages/airflow/example_dags/example_dynamic_task_mapping_with_no_taskflow_operators.py
[2023-12-20T20:25:07.474+0000] {processor.py:829} INFO - Processing file /usr/local/lib/python3.10/dist-packages/airflow/example_dags/example_dynamic_task_mapping_with_no_taskflow_operators.py for tasks to queue
[2023-12-20T20:25:07.475+0000] {logging_mixin.py:154} INFO - [2023-12-20T20:25:07.475+0000] {dagbag.py:536} INFO - Filling up the DagBag from /usr/local/lib/python3.10/dist-packages/airflow/example_dags/example_dynamic_task_mapping_with_no_taskflow_operators.py
[2023-12-20T20:25:07.483+0000] {processor.py:839} INFO - DAG(s) dict_keys(['example_dynamic_task_mapping_with_no_taskflow_operators']) retrieved from /usr/local/lib/python3.10/dist-packages/airflow/example_dags/example_dynamic_task_mapping_with_no_taskflow_operators.py
[2023-12-20T20:25:07.499+0000] {logging_mixin.py:154} INFO - [2023-12-20T20:25:07.499+0000] {dag.py:2941} INFO - Sync 1 DAGs
[2023-12-20T20:25:07.518+0000] {logging_mixin.py:154} INFO - [2023-12-20T20:25:07.518+0000] {dag.py:3722} INFO - Setting next_dagrun for example_dynamic_task_mapping_with_no_taskflow_operators to 2023-12-19T20:25:07.518326+00:00, run_after=2023-12-20T20:25:07.518326+00:00
[2023-12-20T20:25:07.540+0000] {processor.py:179} INFO - Processing /usr/local/lib/python3.10/dist-packages/airflow/example_dags/example_dynamic_task_mapping_with_no_taskflow_operators.py took 0.070 seconds
[2023-12-20T20:28:09.577+0000] {processor.py:157} INFO - Started process (PID=1394) to work on /usr/local/lib/python3.10/dist-packages/airflow/example_dags/example_dynamic_task_mapping_with_no_taskflow_operators.py
[2023-12-20T20:28:09.579+0000] {processor.py:829} INFO - Processing file /usr/local/lib/python3.10/dist-packages/airflow/example_dags/example_dynamic_task_mapping_with_no_taskflow_operators.py for tasks to queue
[2023-12-20T20:28:09.580+0000] {logging_mixin.py:154} INFO - [2023-12-20T20:28:09.579+0000] {dagbag.py:536} INFO - Filling up the DagBag from /usr/local/lib/python3.10/dist-packages/airflow/example_dags/example_dynamic_task_mapping_with_no_taskflow_operators.py
[2023-12-20T20:28:09.588+0000] {processor.py:839} INFO - DAG(s) dict_keys(['example_dynamic_task_mapping_with_no_taskflow_operators']) retrieved from /usr/local/lib/python3.10/dist-packages/airflow/example_dags/example_dynamic_task_mapping_with_no_taskflow_operators.py
[2023-12-20T20:28:09.602+0000] {logging_mixin.py:154} INFO - [2023-12-20T20:28:09.602+0000] {dag.py:2941} INFO - Sync 1 DAGs
[2023-12-20T20:28:09.620+0000] {logging_mixin.py:154} INFO - [2023-12-20T20:28:09.620+0000] {dag.py:3722} INFO - Setting next_dagrun for example_dynamic_task_mapping_with_no_taskflow_operators to 2023-12-19T20:28:09.620141+00:00, run_after=2023-12-20T20:28:09.620141+00:00
[2023-12-20T20:28:09.643+0000] {processor.py:179} INFO - Processing /usr/local/lib/python3.10/dist-packages/airflow/example_dags/example_dynamic_task_mapping_with_no_taskflow_operators.py took 0.068 seconds
[2023-12-20T20:34:00.863+0000] {processor.py:157} INFO - Started process (PID=1845) to work on /usr/local/lib/python3.10/dist-packages/airflow/example_dags/example_dynamic_task_mapping_with_no_taskflow_operators.py
[2023-12-20T20:34:00.864+0000] {processor.py:829} INFO - Processing file /usr/local/lib/python3.10/dist-packages/airflow/example_dags/example_dynamic_task_mapping_with_no_taskflow_operators.py for tasks to queue
[2023-12-20T20:34:00.865+0000] {logging_mixin.py:154} INFO - [2023-12-20T20:34:00.865+0000] {dagbag.py:536} INFO - Filling up the DagBag from /usr/local/lib/python3.10/dist-packages/airflow/example_dags/example_dynamic_task_mapping_with_no_taskflow_operators.py
[2023-12-20T20:34:00.878+0000] {processor.py:839} INFO - DAG(s) dict_keys(['example_dynamic_task_mapping_with_no_taskflow_operators']) retrieved from /usr/local/lib/python3.10/dist-packages/airflow/example_dags/example_dynamic_task_mapping_with_no_taskflow_operators.py
[2023-12-20T20:34:01.065+0000] {logging_mixin.py:154} INFO - [2023-12-20T20:34:01.065+0000] {dag.py:2941} INFO - Sync 1 DAGs
[2023-12-20T20:34:01.082+0000] {logging_mixin.py:154} INFO - [2023-12-20T20:34:01.082+0000] {dag.py:3722} INFO - Setting next_dagrun for example_dynamic_task_mapping_with_no_taskflow_operators to 2023-12-19T20:34:01.082570+00:00, run_after=2023-12-20T20:34:01.082570+00:00
[2023-12-20T20:34:01.103+0000] {processor.py:179} INFO - Processing /usr/local/lib/python3.10/dist-packages/airflow/example_dags/example_dynamic_task_mapping_with_no_taskflow_operators.py took 0.248 seconds
[2023-12-20T20:37:19.279+0000] {processor.py:157} INFO - Started process (PID=2112) to work on /usr/local/lib/python3.10/dist-packages/airflow/example_dags/example_dynamic_task_mapping_with_no_taskflow_operators.py
[2023-12-20T20:37:19.281+0000] {processor.py:829} INFO - Processing file /usr/local/lib/python3.10/dist-packages/airflow/example_dags/example_dynamic_task_mapping_with_no_taskflow_operators.py for tasks to queue
[2023-12-20T20:37:19.282+0000] {logging_mixin.py:154} INFO - [2023-12-20T20:37:19.281+0000] {dagbag.py:536} INFO - Filling up the DagBag from /usr/local/lib/python3.10/dist-packages/airflow/example_dags/example_dynamic_task_mapping_with_no_taskflow_operators.py
[2023-12-20T20:37:19.290+0000] {processor.py:839} INFO - DAG(s) dict_keys(['example_dynamic_task_mapping_with_no_taskflow_operators']) retrieved from /usr/local/lib/python3.10/dist-packages/airflow/example_dags/example_dynamic_task_mapping_with_no_taskflow_operators.py
[2023-12-20T20:37:19.307+0000] {logging_mixin.py:154} INFO - [2023-12-20T20:37:19.307+0000] {dag.py:2941} INFO - Sync 1 DAGs
[2023-12-20T20:37:19.329+0000] {logging_mixin.py:154} INFO - [2023-12-20T20:37:19.329+0000] {dag.py:3722} INFO - Setting next_dagrun for example_dynamic_task_mapping_with_no_taskflow_operators to 2023-12-19T20:37:19.328915+00:00, run_after=2023-12-20T20:37:19.328915+00:00
[2023-12-20T20:37:19.352+0000] {processor.py:179} INFO - Processing /usr/local/lib/python3.10/dist-packages/airflow/example_dags/example_dynamic_task_mapping_with_no_taskflow_operators.py took 0.076 seconds
[2023-12-20T20:40:41.502+0000] {processor.py:157} INFO - Started process (PID=2363) to work on /usr/local/lib/python3.10/dist-packages/airflow/example_dags/example_dynamic_task_mapping_with_no_taskflow_operators.py
[2023-12-20T20:40:41.504+0000] {processor.py:829} INFO - Processing file /usr/local/lib/python3.10/dist-packages/airflow/example_dags/example_dynamic_task_mapping_with_no_taskflow_operators.py for tasks to queue
[2023-12-20T20:40:41.505+0000] {logging_mixin.py:154} INFO - [2023-12-20T20:40:41.505+0000] {dagbag.py:536} INFO - Filling up the DagBag from /usr/local/lib/python3.10/dist-packages/airflow/example_dags/example_dynamic_task_mapping_with_no_taskflow_operators.py
[2023-12-20T20:40:41.519+0000] {processor.py:839} INFO - DAG(s) dict_keys(['example_dynamic_task_mapping_with_no_taskflow_operators']) retrieved from /usr/local/lib/python3.10/dist-packages/airflow/example_dags/example_dynamic_task_mapping_with_no_taskflow_operators.py
[2023-12-20T20:40:41.535+0000] {logging_mixin.py:154} INFO - [2023-12-20T20:40:41.535+0000] {dag.py:2941} INFO - Sync 1 DAGs
[2023-12-20T20:40:41.554+0000] {logging_mixin.py:154} INFO - [2023-12-20T20:40:41.554+0000] {dag.py:3722} INFO - Setting next_dagrun for example_dynamic_task_mapping_with_no_taskflow_operators to 2023-12-19T20:40:41.553925+00:00, run_after=2023-12-20T20:40:41.553925+00:00
[2023-12-20T20:40:41.588+0000] {processor.py:179} INFO - Processing /usr/local/lib/python3.10/dist-packages/airflow/example_dags/example_dynamic_task_mapping_with_no_taskflow_operators.py took 0.089 seconds
[2023-12-20T20:44:01.048+0000] {processor.py:157} INFO - Started process (PID=2613) to work on /usr/local/lib/python3.10/dist-packages/airflow/example_dags/example_dynamic_task_mapping_with_no_taskflow_operators.py
[2023-12-20T20:44:01.050+0000] {processor.py:829} INFO - Processing file /usr/local/lib/python3.10/dist-packages/airflow/example_dags/example_dynamic_task_mapping_with_no_taskflow_operators.py for tasks to queue
[2023-12-20T20:44:01.051+0000] {logging_mixin.py:154} INFO - [2023-12-20T20:44:01.050+0000] {dagbag.py:536} INFO - Filling up the DagBag from /usr/local/lib/python3.10/dist-packages/airflow/example_dags/example_dynamic_task_mapping_with_no_taskflow_operators.py
[2023-12-20T20:44:01.058+0000] {processor.py:839} INFO - DAG(s) dict_keys(['example_dynamic_task_mapping_with_no_taskflow_operators']) retrieved from /usr/local/lib/python3.10/dist-packages/airflow/example_dags/example_dynamic_task_mapping_with_no_taskflow_operators.py
[2023-12-20T20:44:01.072+0000] {logging_mixin.py:154} INFO - [2023-12-20T20:44:01.072+0000] {dag.py:2941} INFO - Sync 1 DAGs
[2023-12-20T20:44:01.091+0000] {logging_mixin.py:154} INFO - [2023-12-20T20:44:01.091+0000] {dag.py:3722} INFO - Setting next_dagrun for example_dynamic_task_mapping_with_no_taskflow_operators to 2023-12-19T20:44:01.091091+00:00, run_after=2023-12-20T20:44:01.091091+00:00
[2023-12-20T20:44:01.113+0000] {processor.py:179} INFO - Processing /usr/local/lib/python3.10/dist-packages/airflow/example_dags/example_dynamic_task_mapping_with_no_taskflow_operators.py took 0.068 seconds
[2023-12-20T20:49:55.269+0000] {processor.py:157} INFO - Started process (PID=3025) to work on /usr/local/lib/python3.10/dist-packages/airflow/example_dags/example_dynamic_task_mapping_with_no_taskflow_operators.py
[2023-12-20T20:49:55.329+0000] {processor.py:829} INFO - Processing file /usr/local/lib/python3.10/dist-packages/airflow/example_dags/example_dynamic_task_mapping_with_no_taskflow_operators.py for tasks to queue
[2023-12-20T20:49:55.330+0000] {logging_mixin.py:154} INFO - [2023-12-20T20:49:55.330+0000] {dagbag.py:536} INFO - Filling up the DagBag from /usr/local/lib/python3.10/dist-packages/airflow/example_dags/example_dynamic_task_mapping_with_no_taskflow_operators.py
[2023-12-20T20:49:55.338+0000] {processor.py:839} INFO - DAG(s) dict_keys(['example_dynamic_task_mapping_with_no_taskflow_operators']) retrieved from /usr/local/lib/python3.10/dist-packages/airflow/example_dags/example_dynamic_task_mapping_with_no_taskflow_operators.py
[2023-12-20T20:49:55.354+0000] {logging_mixin.py:154} INFO - [2023-12-20T20:49:55.354+0000] {dag.py:2941} INFO - Sync 1 DAGs
[2023-12-20T20:49:55.373+0000] {logging_mixin.py:154} INFO - [2023-12-20T20:49:55.373+0000] {dag.py:3722} INFO - Setting next_dagrun for example_dynamic_task_mapping_with_no_taskflow_operators to 2023-12-19T20:49:55.373026+00:00, run_after=2023-12-20T20:49:55.373026+00:00
[2023-12-20T20:49:55.395+0000] {processor.py:179} INFO - Processing /usr/local/lib/python3.10/dist-packages/airflow/example_dags/example_dynamic_task_mapping_with_no_taskflow_operators.py took 0.129 seconds
[2023-12-20T20:56:30.962+0000] {processor.py:157} INFO - Started process (PID=14611) to work on /usr/local/lib/python3.10/dist-packages/airflow/example_dags/example_dynamic_task_mapping_with_no_taskflow_operators.py
[2023-12-20T20:56:30.977+0000] {processor.py:829} INFO - Processing file /usr/local/lib/python3.10/dist-packages/airflow/example_dags/example_dynamic_task_mapping_with_no_taskflow_operators.py for tasks to queue
[2023-12-20T20:56:30.978+0000] {logging_mixin.py:154} INFO - [2023-12-20T20:56:30.977+0000] {dagbag.py:536} INFO - Filling up the DagBag from /usr/local/lib/python3.10/dist-packages/airflow/example_dags/example_dynamic_task_mapping_with_no_taskflow_operators.py
[2023-12-20T20:56:30.988+0000] {processor.py:839} INFO - DAG(s) dict_keys(['example_dynamic_task_mapping_with_no_taskflow_operators']) retrieved from /usr/local/lib/python3.10/dist-packages/airflow/example_dags/example_dynamic_task_mapping_with_no_taskflow_operators.py
[2023-12-20T20:56:31.010+0000] {logging_mixin.py:154} INFO - [2023-12-20T20:56:31.009+0000] {dag.py:2941} INFO - Sync 1 DAGs
[2023-12-20T20:56:31.039+0000] {logging_mixin.py:154} INFO - [2023-12-20T20:56:31.039+0000] {dag.py:3722} INFO - Setting next_dagrun for example_dynamic_task_mapping_with_no_taskflow_operators to 2023-12-19T20:56:31.038726+00:00, run_after=2023-12-20T20:56:31.038726+00:00
[2023-12-20T20:56:31.072+0000] {processor.py:179} INFO - Processing /usr/local/lib/python3.10/dist-packages/airflow/example_dags/example_dynamic_task_mapping_with_no_taskflow_operators.py took 0.114 seconds
[2023-12-20T21:00:57.230+0000] {processor.py:157} INFO - Started process (PID=20610) to work on /usr/local/lib/python3.10/dist-packages/airflow/example_dags/example_dynamic_task_mapping_with_no_taskflow_operators.py
[2023-12-20T21:00:57.232+0000] {processor.py:829} INFO - Processing file /usr/local/lib/python3.10/dist-packages/airflow/example_dags/example_dynamic_task_mapping_with_no_taskflow_operators.py for tasks to queue
[2023-12-20T21:00:57.233+0000] {logging_mixin.py:154} INFO - [2023-12-20T21:00:57.233+0000] {dagbag.py:536} INFO - Filling up the DagBag from /usr/local/lib/python3.10/dist-packages/airflow/example_dags/example_dynamic_task_mapping_with_no_taskflow_operators.py
[2023-12-20T21:00:57.241+0000] {processor.py:839} INFO - DAG(s) dict_keys(['example_dynamic_task_mapping_with_no_taskflow_operators']) retrieved from /usr/local/lib/python3.10/dist-packages/airflow/example_dags/example_dynamic_task_mapping_with_no_taskflow_operators.py
[2023-12-20T21:00:57.258+0000] {logging_mixin.py:154} INFO - [2023-12-20T21:00:57.258+0000] {dag.py:2941} INFO - Sync 1 DAGs
[2023-12-20T21:00:57.278+0000] {logging_mixin.py:154} INFO - [2023-12-20T21:00:57.278+0000] {dag.py:3722} INFO - Setting next_dagrun for example_dynamic_task_mapping_with_no_taskflow_operators to 2023-12-19T21:00:57.278397+00:00, run_after=2023-12-20T21:00:57.278397+00:00
[2023-12-20T21:00:57.298+0000] {processor.py:179} INFO - Processing /usr/local/lib/python3.10/dist-packages/airflow/example_dags/example_dynamic_task_mapping_with_no_taskflow_operators.py took 0.072 seconds
[2023-12-20T21:04:51.443+0000] {processor.py:157} INFO - Started process (PID=20943) to work on /usr/local/lib/python3.10/dist-packages/airflow/example_dags/example_dynamic_task_mapping_with_no_taskflow_operators.py
[2023-12-20T21:04:51.444+0000] {processor.py:829} INFO - Processing file /usr/local/lib/python3.10/dist-packages/airflow/example_dags/example_dynamic_task_mapping_with_no_taskflow_operators.py for tasks to queue
[2023-12-20T21:04:51.445+0000] {logging_mixin.py:154} INFO - [2023-12-20T21:04:51.445+0000] {dagbag.py:536} INFO - Filling up the DagBag from /usr/local/lib/python3.10/dist-packages/airflow/example_dags/example_dynamic_task_mapping_with_no_taskflow_operators.py
[2023-12-20T21:04:51.453+0000] {processor.py:839} INFO - DAG(s) dict_keys(['example_dynamic_task_mapping_with_no_taskflow_operators']) retrieved from /usr/local/lib/python3.10/dist-packages/airflow/example_dags/example_dynamic_task_mapping_with_no_taskflow_operators.py
[2023-12-20T21:04:51.469+0000] {logging_mixin.py:154} INFO - [2023-12-20T21:04:51.469+0000] {dag.py:2941} INFO - Sync 1 DAGs
[2023-12-20T21:04:51.498+0000] {logging_mixin.py:154} INFO - [2023-12-20T21:04:51.498+0000] {dag.py:3722} INFO - Setting next_dagrun for example_dynamic_task_mapping_with_no_taskflow_operators to 2023-12-19T21:04:51.498510+00:00, run_after=2023-12-20T21:04:51.498510+00:00
[2023-12-20T21:04:51.517+0000] {processor.py:179} INFO - Processing /usr/local/lib/python3.10/dist-packages/airflow/example_dags/example_dynamic_task_mapping_with_no_taskflow_operators.py took 0.078 seconds
[2023-12-20T21:08:40.854+0000] {processor.py:157} INFO - Started process (PID=21285) to work on /usr/local/lib/python3.10/dist-packages/airflow/example_dags/example_dynamic_task_mapping_with_no_taskflow_operators.py
[2023-12-20T21:08:40.855+0000] {processor.py:829} INFO - Processing file /usr/local/lib/python3.10/dist-packages/airflow/example_dags/example_dynamic_task_mapping_with_no_taskflow_operators.py for tasks to queue
[2023-12-20T21:08:40.856+0000] {logging_mixin.py:154} INFO - [2023-12-20T21:08:40.856+0000] {dagbag.py:536} INFO - Filling up the DagBag from /usr/local/lib/python3.10/dist-packages/airflow/example_dags/example_dynamic_task_mapping_with_no_taskflow_operators.py
[2023-12-20T21:08:40.864+0000] {processor.py:839} INFO - DAG(s) dict_keys(['example_dynamic_task_mapping_with_no_taskflow_operators']) retrieved from /usr/local/lib/python3.10/dist-packages/airflow/example_dags/example_dynamic_task_mapping_with_no_taskflow_operators.py
[2023-12-20T21:08:40.880+0000] {logging_mixin.py:154} INFO - [2023-12-20T21:08:40.880+0000] {dag.py:2941} INFO - Sync 1 DAGs
[2023-12-20T21:08:40.907+0000] {logging_mixin.py:154} INFO - [2023-12-20T21:08:40.907+0000] {dag.py:3722} INFO - Setting next_dagrun for example_dynamic_task_mapping_with_no_taskflow_operators to 2023-12-19T21:08:40.907486+00:00, run_after=2023-12-20T21:08:40.907486+00:00
[2023-12-20T21:08:40.928+0000] {processor.py:179} INFO - Processing /usr/local/lib/python3.10/dist-packages/airflow/example_dags/example_dynamic_task_mapping_with_no_taskflow_operators.py took 0.078 seconds
[2023-12-20T21:12:30.208+0000] {processor.py:157} INFO - Started process (PID=21618) to work on /usr/local/lib/python3.10/dist-packages/airflow/example_dags/example_dynamic_task_mapping_with_no_taskflow_operators.py
[2023-12-20T21:12:30.210+0000] {processor.py:829} INFO - Processing file /usr/local/lib/python3.10/dist-packages/airflow/example_dags/example_dynamic_task_mapping_with_no_taskflow_operators.py for tasks to queue
[2023-12-20T21:12:30.210+0000] {logging_mixin.py:154} INFO - [2023-12-20T21:12:30.210+0000] {dagbag.py:536} INFO - Filling up the DagBag from /usr/local/lib/python3.10/dist-packages/airflow/example_dags/example_dynamic_task_mapping_with_no_taskflow_operators.py
[2023-12-20T21:12:30.217+0000] {processor.py:839} INFO - DAG(s) dict_keys(['example_dynamic_task_mapping_with_no_taskflow_operators']) retrieved from /usr/local/lib/python3.10/dist-packages/airflow/example_dags/example_dynamic_task_mapping_with_no_taskflow_operators.py
[2023-12-20T21:12:30.231+0000] {logging_mixin.py:154} INFO - [2023-12-20T21:12:30.231+0000] {dag.py:2941} INFO - Sync 1 DAGs
[2023-12-20T21:12:30.249+0000] {logging_mixin.py:154} INFO - [2023-12-20T21:12:30.249+0000] {dag.py:3722} INFO - Setting next_dagrun for example_dynamic_task_mapping_with_no_taskflow_operators to 2023-12-19T21:12:30.248918+00:00, run_after=2023-12-20T21:12:30.248918+00:00
[2023-12-20T21:12:30.268+0000] {processor.py:179} INFO - Processing /usr/local/lib/python3.10/dist-packages/airflow/example_dags/example_dynamic_task_mapping_with_no_taskflow_operators.py took 0.063 seconds
[2023-12-20T21:16:19.279+0000] {processor.py:157} INFO - Started process (PID=21952) to work on /usr/local/lib/python3.10/dist-packages/airflow/example_dags/example_dynamic_task_mapping_with_no_taskflow_operators.py
[2023-12-20T21:16:19.281+0000] {processor.py:829} INFO - Processing file /usr/local/lib/python3.10/dist-packages/airflow/example_dags/example_dynamic_task_mapping_with_no_taskflow_operators.py for tasks to queue
[2023-12-20T21:16:19.281+0000] {logging_mixin.py:154} INFO - [2023-12-20T21:16:19.281+0000] {dagbag.py:536} INFO - Filling up the DagBag from /usr/local/lib/python3.10/dist-packages/airflow/example_dags/example_dynamic_task_mapping_with_no_taskflow_operators.py
[2023-12-20T21:16:19.289+0000] {processor.py:839} INFO - DAG(s) dict_keys(['example_dynamic_task_mapping_with_no_taskflow_operators']) retrieved from /usr/local/lib/python3.10/dist-packages/airflow/example_dags/example_dynamic_task_mapping_with_no_taskflow_operators.py
[2023-12-20T21:16:19.304+0000] {logging_mixin.py:154} INFO - [2023-12-20T21:16:19.303+0000] {dag.py:2941} INFO - Sync 1 DAGs
[2023-12-20T21:16:19.322+0000] {logging_mixin.py:154} INFO - [2023-12-20T21:16:19.321+0000] {dag.py:3722} INFO - Setting next_dagrun for example_dynamic_task_mapping_with_no_taskflow_operators to 2023-12-19T21:16:19.321606+00:00, run_after=2023-12-20T21:16:19.321606+00:00
[2023-12-20T21:16:19.345+0000] {processor.py:179} INFO - Processing /usr/local/lib/python3.10/dist-packages/airflow/example_dags/example_dynamic_task_mapping_with_no_taskflow_operators.py took 0.069 seconds
[2023-12-20T21:20:10.540+0000] {processor.py:157} INFO - Started process (PID=22285) to work on /usr/local/lib/python3.10/dist-packages/airflow/example_dags/example_dynamic_task_mapping_with_no_taskflow_operators.py
[2023-12-20T21:20:10.541+0000] {processor.py:829} INFO - Processing file /usr/local/lib/python3.10/dist-packages/airflow/example_dags/example_dynamic_task_mapping_with_no_taskflow_operators.py for tasks to queue
[2023-12-20T21:20:10.542+0000] {logging_mixin.py:154} INFO - [2023-12-20T21:20:10.541+0000] {dagbag.py:536} INFO - Filling up the DagBag from /usr/local/lib/python3.10/dist-packages/airflow/example_dags/example_dynamic_task_mapping_with_no_taskflow_operators.py
[2023-12-20T21:20:10.549+0000] {processor.py:839} INFO - DAG(s) dict_keys(['example_dynamic_task_mapping_with_no_taskflow_operators']) retrieved from /usr/local/lib/python3.10/dist-packages/airflow/example_dags/example_dynamic_task_mapping_with_no_taskflow_operators.py
[2023-12-20T21:20:10.564+0000] {logging_mixin.py:154} INFO - [2023-12-20T21:20:10.564+0000] {dag.py:2941} INFO - Sync 1 DAGs
[2023-12-20T21:20:10.583+0000] {logging_mixin.py:154} INFO - [2023-12-20T21:20:10.582+0000] {dag.py:3722} INFO - Setting next_dagrun for example_dynamic_task_mapping_with_no_taskflow_operators to 2023-12-19T21:20:10.582662+00:00, run_after=2023-12-20T21:20:10.582662+00:00
[2023-12-20T21:20:10.602+0000] {processor.py:179} INFO - Processing /usr/local/lib/python3.10/dist-packages/airflow/example_dags/example_dynamic_task_mapping_with_no_taskflow_operators.py took 0.067 seconds
[2023-12-20T21:24:04.179+0000] {processor.py:157} INFO - Started process (PID=22616) to work on /usr/local/lib/python3.10/dist-packages/airflow/example_dags/example_dynamic_task_mapping_with_no_taskflow_operators.py
[2023-12-20T21:24:04.181+0000] {processor.py:829} INFO - Processing file /usr/local/lib/python3.10/dist-packages/airflow/example_dags/example_dynamic_task_mapping_with_no_taskflow_operators.py for tasks to queue
[2023-12-20T21:24:04.182+0000] {logging_mixin.py:154} INFO - [2023-12-20T21:24:04.181+0000] {dagbag.py:536} INFO - Filling up the DagBag from /usr/local/lib/python3.10/dist-packages/airflow/example_dags/example_dynamic_task_mapping_with_no_taskflow_operators.py
[2023-12-20T21:24:04.189+0000] {processor.py:839} INFO - DAG(s) dict_keys(['example_dynamic_task_mapping_with_no_taskflow_operators']) retrieved from /usr/local/lib/python3.10/dist-packages/airflow/example_dags/example_dynamic_task_mapping_with_no_taskflow_operators.py
[2023-12-20T21:24:04.207+0000] {logging_mixin.py:154} INFO - [2023-12-20T21:24:04.207+0000] {dag.py:2941} INFO - Sync 1 DAGs
[2023-12-20T21:24:04.227+0000] {logging_mixin.py:154} INFO - [2023-12-20T21:24:04.227+0000] {dag.py:3722} INFO - Setting next_dagrun for example_dynamic_task_mapping_with_no_taskflow_operators to 2023-12-19T21:24:04.227197+00:00, run_after=2023-12-20T21:24:04.227197+00:00
[2023-12-20T21:24:04.251+0000] {processor.py:179} INFO - Processing /usr/local/lib/python3.10/dist-packages/airflow/example_dags/example_dynamic_task_mapping_with_no_taskflow_operators.py took 0.075 seconds
[2023-12-20T21:28:26.333+0000] {processor.py:157} INFO - Started process (PID=22802) to work on /usr/local/lib/python3.10/dist-packages/airflow/example_dags/example_dynamic_task_mapping_with_no_taskflow_operators.py
[2023-12-20T21:28:26.335+0000] {processor.py:829} INFO - Processing file /usr/local/lib/python3.10/dist-packages/airflow/example_dags/example_dynamic_task_mapping_with_no_taskflow_operators.py for tasks to queue
[2023-12-20T21:28:26.335+0000] {logging_mixin.py:154} INFO - [2023-12-20T21:28:26.335+0000] {dagbag.py:536} INFO - Filling up the DagBag from /usr/local/lib/python3.10/dist-packages/airflow/example_dags/example_dynamic_task_mapping_with_no_taskflow_operators.py
[2023-12-20T21:28:26.342+0000] {processor.py:839} INFO - DAG(s) dict_keys(['example_dynamic_task_mapping_with_no_taskflow_operators']) retrieved from /usr/local/lib/python3.10/dist-packages/airflow/example_dags/example_dynamic_task_mapping_with_no_taskflow_operators.py
[2023-12-20T21:28:26.356+0000] {logging_mixin.py:154} INFO - [2023-12-20T21:28:26.356+0000] {dag.py:2941} INFO - Sync 1 DAGs
[2023-12-20T21:28:26.374+0000] {logging_mixin.py:154} INFO - [2023-12-20T21:28:26.374+0000] {dag.py:3722} INFO - Setting next_dagrun for example_dynamic_task_mapping_with_no_taskflow_operators to 2023-12-19T21:28:26.374315+00:00, run_after=2023-12-20T21:28:26.374315+00:00
[2023-12-20T21:28:26.397+0000] {processor.py:179} INFO - Processing /usr/local/lib/python3.10/dist-packages/airflow/example_dags/example_dynamic_task_mapping_with_no_taskflow_operators.py took 0.068 seconds
[2023-12-20T21:33:01.129+0000] {processor.py:157} INFO - Started process (PID=22987) to work on /usr/local/lib/python3.10/dist-packages/airflow/example_dags/example_dynamic_task_mapping_with_no_taskflow_operators.py
[2023-12-20T21:33:01.145+0000] {processor.py:829} INFO - Processing file /usr/local/lib/python3.10/dist-packages/airflow/example_dags/example_dynamic_task_mapping_with_no_taskflow_operators.py for tasks to queue
[2023-12-20T21:33:01.146+0000] {logging_mixin.py:154} INFO - [2023-12-20T21:33:01.146+0000] {dagbag.py:536} INFO - Filling up the DagBag from /usr/local/lib/python3.10/dist-packages/airflow/example_dags/example_dynamic_task_mapping_with_no_taskflow_operators.py
[2023-12-20T21:33:01.156+0000] {processor.py:839} INFO - DAG(s) dict_keys(['example_dynamic_task_mapping_with_no_taskflow_operators']) retrieved from /usr/local/lib/python3.10/dist-packages/airflow/example_dags/example_dynamic_task_mapping_with_no_taskflow_operators.py
[2023-12-20T21:33:01.173+0000] {logging_mixin.py:154} INFO - [2023-12-20T21:33:01.172+0000] {dag.py:2941} INFO - Sync 1 DAGs
[2023-12-20T21:33:01.195+0000] {logging_mixin.py:154} INFO - [2023-12-20T21:33:01.194+0000] {dag.py:3722} INFO - Setting next_dagrun for example_dynamic_task_mapping_with_no_taskflow_operators to 2023-12-19T21:33:01.194553+00:00, run_after=2023-12-20T21:33:01.194553+00:00
[2023-12-20T21:33:01.220+0000] {processor.py:179} INFO - Processing /usr/local/lib/python3.10/dist-packages/airflow/example_dags/example_dynamic_task_mapping_with_no_taskflow_operators.py took 0.095 seconds
