[2023-12-20T20:23:48.383+0000] {processor.py:157} INFO - Started process (PID=1073) to work on /usr/local/lib/python3.10/dist-packages/airflow/example_dags/example_skip_dag.py
[2023-12-20T20:23:48.384+0000] {processor.py:829} INFO - Processing file /usr/local/lib/python3.10/dist-packages/airflow/example_dags/example_skip_dag.py for tasks to queue
[2023-12-20T20:23:48.385+0000] {logging_mixin.py:154} INFO - [2023-12-20T20:23:48.384+0000] {dagbag.py:536} INFO - Filling up the DagBag from /usr/local/lib/python3.10/dist-packages/airflow/example_dags/example_skip_dag.py
[2023-12-20T20:23:48.397+0000] {processor.py:839} INFO - DAG(s) dict_keys(['example_skip_dag']) retrieved from /usr/local/lib/python3.10/dist-packages/airflow/example_dags/example_skip_dag.py
[2023-12-20T20:23:48.421+0000] {logging_mixin.py:154} INFO - [2023-12-20T20:23:48.421+0000] {dag.py:2941} INFO - Sync 1 DAGs
[2023-12-20T20:23:48.442+0000] {logging_mixin.py:154} INFO - [2023-12-20T20:23:48.442+0000] {dag.py:3722} INFO - Setting next_dagrun for example_skip_dag to 2023-12-19T20:23:48.441651+00:00, run_after=2023-12-20T20:23:48.441651+00:00
[2023-12-20T20:23:48.481+0000] {processor.py:179} INFO - Processing /usr/local/lib/python3.10/dist-packages/airflow/example_dags/example_skip_dag.py took 0.105 seconds
[2023-12-20T20:27:27.187+0000] {processor.py:157} INFO - Started process (PID=1346) to work on /usr/local/lib/python3.10/dist-packages/airflow/example_dags/example_skip_dag.py
[2023-12-20T20:27:27.188+0000] {processor.py:829} INFO - Processing file /usr/local/lib/python3.10/dist-packages/airflow/example_dags/example_skip_dag.py for tasks to queue
[2023-12-20T20:27:27.189+0000] {logging_mixin.py:154} INFO - [2023-12-20T20:27:27.188+0000] {dagbag.py:536} INFO - Filling up the DagBag from /usr/local/lib/python3.10/dist-packages/airflow/example_dags/example_skip_dag.py
[2023-12-20T20:27:27.197+0000] {processor.py:839} INFO - DAG(s) dict_keys(['example_skip_dag']) retrieved from /usr/local/lib/python3.10/dist-packages/airflow/example_dags/example_skip_dag.py
[2023-12-20T20:27:27.212+0000] {logging_mixin.py:154} INFO - [2023-12-20T20:27:27.212+0000] {dag.py:2941} INFO - Sync 1 DAGs
[2023-12-20T20:27:27.230+0000] {logging_mixin.py:154} INFO - [2023-12-20T20:27:27.230+0000] {dag.py:3722} INFO - Setting next_dagrun for example_skip_dag to 2023-12-19T20:27:27.230300+00:00, run_after=2023-12-20T20:27:27.230300+00:00
[2023-12-20T20:27:27.261+0000] {processor.py:179} INFO - Processing /usr/local/lib/python3.10/dist-packages/airflow/example_dags/example_skip_dag.py took 0.077 seconds
[2023-12-20T20:29:51.268+0000] {processor.py:157} INFO - Started process (PID=1526) to work on /usr/local/lib/python3.10/dist-packages/airflow/example_dags/example_skip_dag.py
[2023-12-20T20:29:51.322+0000] {processor.py:829} INFO - Processing file /usr/local/lib/python3.10/dist-packages/airflow/example_dags/example_skip_dag.py for tasks to queue
[2023-12-20T20:29:51.323+0000] {logging_mixin.py:154} INFO - [2023-12-20T20:29:51.322+0000] {dagbag.py:536} INFO - Filling up the DagBag from /usr/local/lib/python3.10/dist-packages/airflow/example_dags/example_skip_dag.py
[2023-12-20T20:29:51.331+0000] {processor.py:839} INFO - DAG(s) dict_keys(['example_skip_dag']) retrieved from /usr/local/lib/python3.10/dist-packages/airflow/example_dags/example_skip_dag.py
[2023-12-20T20:29:51.349+0000] {logging_mixin.py:154} INFO - [2023-12-20T20:29:51.348+0000] {dag.py:2941} INFO - Sync 1 DAGs
[2023-12-20T20:29:51.371+0000] {logging_mixin.py:154} INFO - [2023-12-20T20:29:51.370+0000] {dag.py:3722} INFO - Setting next_dagrun for example_skip_dag to 2023-12-19T20:29:51.370498+00:00, run_after=2023-12-20T20:29:51.370498+00:00
[2023-12-20T20:29:51.578+0000] {processor.py:179} INFO - Processing /usr/local/lib/python3.10/dist-packages/airflow/example_dags/example_skip_dag.py took 0.318 seconds
[2023-12-20T20:33:05.458+0000] {processor.py:157} INFO - Started process (PID=1775) to work on /usr/local/lib/python3.10/dist-packages/airflow/example_dags/example_skip_dag.py
[2023-12-20T20:33:05.462+0000] {processor.py:829} INFO - Processing file /usr/local/lib/python3.10/dist-packages/airflow/example_dags/example_skip_dag.py for tasks to queue
[2023-12-20T20:33:05.463+0000] {logging_mixin.py:154} INFO - [2023-12-20T20:33:05.462+0000] {dagbag.py:536} INFO - Filling up the DagBag from /usr/local/lib/python3.10/dist-packages/airflow/example_dags/example_skip_dag.py
[2023-12-20T20:33:05.471+0000] {processor.py:839} INFO - DAG(s) dict_keys(['example_skip_dag']) retrieved from /usr/local/lib/python3.10/dist-packages/airflow/example_dags/example_skip_dag.py
[2023-12-20T20:33:05.490+0000] {logging_mixin.py:154} INFO - [2023-12-20T20:33:05.489+0000] {dag.py:2941} INFO - Sync 1 DAGs
[2023-12-20T20:33:05.659+0000] {logging_mixin.py:154} INFO - [2023-12-20T20:33:05.659+0000] {dag.py:3722} INFO - Setting next_dagrun for example_skip_dag to 2023-12-19T20:33:05.658858+00:00, run_after=2023-12-20T20:33:05.658858+00:00
[2023-12-20T20:33:05.680+0000] {processor.py:179} INFO - Processing /usr/local/lib/python3.10/dist-packages/airflow/example_dags/example_skip_dag.py took 0.225 seconds
[2023-12-20T20:35:49.759+0000] {processor.py:157} INFO - Started process (PID=1994) to work on /usr/local/lib/python3.10/dist-packages/airflow/example_dags/example_skip_dag.py
[2023-12-20T20:35:49.760+0000] {processor.py:829} INFO - Processing file /usr/local/lib/python3.10/dist-packages/airflow/example_dags/example_skip_dag.py for tasks to queue
[2023-12-20T20:35:49.761+0000] {logging_mixin.py:154} INFO - [2023-12-20T20:35:49.761+0000] {dagbag.py:536} INFO - Filling up the DagBag from /usr/local/lib/python3.10/dist-packages/airflow/example_dags/example_skip_dag.py
[2023-12-20T20:35:49.768+0000] {processor.py:839} INFO - DAG(s) dict_keys(['example_skip_dag']) retrieved from /usr/local/lib/python3.10/dist-packages/airflow/example_dags/example_skip_dag.py
[2023-12-20T20:35:49.785+0000] {logging_mixin.py:154} INFO - [2023-12-20T20:35:49.784+0000] {dag.py:2941} INFO - Sync 1 DAGs
[2023-12-20T20:35:49.804+0000] {logging_mixin.py:154} INFO - [2023-12-20T20:35:49.803+0000] {dag.py:3722} INFO - Setting next_dagrun for example_skip_dag to 2023-12-19T20:35:49.803627+00:00, run_after=2023-12-20T20:35:49.803627+00:00
[2023-12-20T20:35:49.826+0000] {processor.py:179} INFO - Processing /usr/local/lib/python3.10/dist-packages/airflow/example_dags/example_skip_dag.py took 0.070 seconds
[2023-12-20T20:39:28.947+0000] {processor.py:157} INFO - Started process (PID=2273) to work on /usr/local/lib/python3.10/dist-packages/airflow/example_dags/example_skip_dag.py
[2023-12-20T20:39:28.949+0000] {processor.py:829} INFO - Processing file /usr/local/lib/python3.10/dist-packages/airflow/example_dags/example_skip_dag.py for tasks to queue
[2023-12-20T20:39:28.950+0000] {logging_mixin.py:154} INFO - [2023-12-20T20:39:28.949+0000] {dagbag.py:536} INFO - Filling up the DagBag from /usr/local/lib/python3.10/dist-packages/airflow/example_dags/example_skip_dag.py
[2023-12-20T20:39:28.957+0000] {processor.py:839} INFO - DAG(s) dict_keys(['example_skip_dag']) retrieved from /usr/local/lib/python3.10/dist-packages/airflow/example_dags/example_skip_dag.py
[2023-12-20T20:39:28.974+0000] {logging_mixin.py:154} INFO - [2023-12-20T20:39:28.974+0000] {dag.py:2941} INFO - Sync 1 DAGs
[2023-12-20T20:39:28.993+0000] {logging_mixin.py:154} INFO - [2023-12-20T20:39:28.992+0000] {dag.py:3722} INFO - Setting next_dagrun for example_skip_dag to 2023-12-19T20:39:28.992644+00:00, run_after=2023-12-20T20:39:28.992644+00:00
[2023-12-20T20:39:29.012+0000] {processor.py:179} INFO - Processing /usr/local/lib/python3.10/dist-packages/airflow/example_dags/example_skip_dag.py took 0.068 seconds
[2023-12-20T20:42:38.396+0000] {processor.py:157} INFO - Started process (PID=2510) to work on /usr/local/lib/python3.10/dist-packages/airflow/example_dags/example_skip_dag.py
[2023-12-20T20:42:38.397+0000] {processor.py:829} INFO - Processing file /usr/local/lib/python3.10/dist-packages/airflow/example_dags/example_skip_dag.py for tasks to queue
[2023-12-20T20:42:38.398+0000] {logging_mixin.py:154} INFO - [2023-12-20T20:42:38.398+0000] {dagbag.py:536} INFO - Filling up the DagBag from /usr/local/lib/python3.10/dist-packages/airflow/example_dags/example_skip_dag.py
[2023-12-20T20:42:38.406+0000] {processor.py:839} INFO - DAG(s) dict_keys(['example_skip_dag']) retrieved from /usr/local/lib/python3.10/dist-packages/airflow/example_dags/example_skip_dag.py
[2023-12-20T20:42:38.423+0000] {logging_mixin.py:154} INFO - [2023-12-20T20:42:38.423+0000] {dag.py:2941} INFO - Sync 1 DAGs
[2023-12-20T20:42:38.442+0000] {logging_mixin.py:154} INFO - [2023-12-20T20:42:38.441+0000] {dag.py:3722} INFO - Setting next_dagrun for example_skip_dag to 2023-12-19T20:42:38.441735+00:00, run_after=2023-12-20T20:42:38.441735+00:00
[2023-12-20T20:42:38.475+0000] {processor.py:179} INFO - Processing /usr/local/lib/python3.10/dist-packages/airflow/example_dags/example_skip_dag.py took 0.082 seconds
[2023-12-20T20:45:43.159+0000] {processor.py:157} INFO - Started process (PID=2729) to work on /usr/local/lib/python3.10/dist-packages/airflow/example_dags/example_skip_dag.py
[2023-12-20T20:45:43.161+0000] {processor.py:829} INFO - Processing file /usr/local/lib/python3.10/dist-packages/airflow/example_dags/example_skip_dag.py for tasks to queue
[2023-12-20T20:45:43.162+0000] {logging_mixin.py:154} INFO - [2023-12-20T20:45:43.161+0000] {dagbag.py:536} INFO - Filling up the DagBag from /usr/local/lib/python3.10/dist-packages/airflow/example_dags/example_skip_dag.py
[2023-12-20T20:45:43.174+0000] {processor.py:839} INFO - DAG(s) dict_keys(['example_skip_dag']) retrieved from /usr/local/lib/python3.10/dist-packages/airflow/example_dags/example_skip_dag.py
[2023-12-20T20:45:43.196+0000] {logging_mixin.py:154} INFO - [2023-12-20T20:45:43.196+0000] {dag.py:2941} INFO - Sync 1 DAGs
[2023-12-20T20:45:43.218+0000] {logging_mixin.py:154} INFO - [2023-12-20T20:45:43.218+0000] {dag.py:3722} INFO - Setting next_dagrun for example_skip_dag to 2023-12-19T20:45:43.218299+00:00, run_after=2023-12-20T20:45:43.218299+00:00
[2023-12-20T20:45:43.257+0000] {processor.py:179} INFO - Processing /usr/local/lib/python3.10/dist-packages/airflow/example_dags/example_skip_dag.py took 0.103 seconds
[2023-12-20T20:48:51.670+0000] {processor.py:157} INFO - Started process (PID=2950) to work on /usr/local/lib/python3.10/dist-packages/airflow/example_dags/example_skip_dag.py
[2023-12-20T20:48:51.671+0000] {processor.py:829} INFO - Processing file /usr/local/lib/python3.10/dist-packages/airflow/example_dags/example_skip_dag.py for tasks to queue
[2023-12-20T20:48:51.672+0000] {logging_mixin.py:154} INFO - [2023-12-20T20:48:51.671+0000] {dagbag.py:536} INFO - Filling up the DagBag from /usr/local/lib/python3.10/dist-packages/airflow/example_dags/example_skip_dag.py
[2023-12-20T20:48:51.681+0000] {processor.py:839} INFO - DAG(s) dict_keys(['example_skip_dag']) retrieved from /usr/local/lib/python3.10/dist-packages/airflow/example_dags/example_skip_dag.py
[2023-12-20T20:48:51.708+0000] {logging_mixin.py:154} INFO - [2023-12-20T20:48:51.708+0000] {dag.py:2941} INFO - Sync 1 DAGs
[2023-12-20T20:48:51.728+0000] {logging_mixin.py:154} INFO - [2023-12-20T20:48:51.728+0000] {dag.py:3722} INFO - Setting next_dagrun for example_skip_dag to 2023-12-19T20:48:51.728353+00:00, run_after=2023-12-20T20:48:51.728353+00:00
[2023-12-20T20:48:51.750+0000] {processor.py:179} INFO - Processing /usr/local/lib/python3.10/dist-packages/airflow/example_dags/example_skip_dag.py took 0.083 seconds
[2023-12-20T20:51:44.510+0000] {processor.py:157} INFO - Started process (PID=3161) to work on /usr/local/lib/python3.10/dist-packages/airflow/example_dags/example_skip_dag.py
[2023-12-20T20:51:44.513+0000] {processor.py:829} INFO - Processing file /usr/local/lib/python3.10/dist-packages/airflow/example_dags/example_skip_dag.py for tasks to queue
[2023-12-20T20:51:44.515+0000] {logging_mixin.py:154} INFO - [2023-12-20T20:51:44.514+0000] {dagbag.py:536} INFO - Filling up the DagBag from /usr/local/lib/python3.10/dist-packages/airflow/example_dags/example_skip_dag.py
[2023-12-20T20:51:44.525+0000] {processor.py:839} INFO - DAG(s) dict_keys(['example_skip_dag']) retrieved from /usr/local/lib/python3.10/dist-packages/airflow/example_dags/example_skip_dag.py
[2023-12-20T20:51:44.551+0000] {logging_mixin.py:154} INFO - [2023-12-20T20:51:44.551+0000] {dag.py:2941} INFO - Sync 1 DAGs
[2023-12-20T20:51:44.589+0000] {logging_mixin.py:154} INFO - [2023-12-20T20:51:44.589+0000] {dag.py:3722} INFO - Setting next_dagrun for example_skip_dag to 2023-12-19T20:51:44.589365+00:00, run_after=2023-12-20T20:51:44.589365+00:00
[2023-12-20T20:51:44.636+0000] {processor.py:179} INFO - Processing /usr/local/lib/python3.10/dist-packages/airflow/example_dags/example_skip_dag.py took 0.131 seconds
[2023-12-20T20:55:12.030+0000] {processor.py:157} INFO - Started process (PID=11667) to work on /usr/local/lib/python3.10/dist-packages/airflow/example_dags/example_skip_dag.py
[2023-12-20T20:55:12.032+0000] {processor.py:829} INFO - Processing file /usr/local/lib/python3.10/dist-packages/airflow/example_dags/example_skip_dag.py for tasks to queue
[2023-12-20T20:55:12.033+0000] {logging_mixin.py:154} INFO - [2023-12-20T20:55:12.032+0000] {dagbag.py:536} INFO - Filling up the DagBag from /usr/local/lib/python3.10/dist-packages/airflow/example_dags/example_skip_dag.py
[2023-12-20T20:55:12.043+0000] {processor.py:839} INFO - DAG(s) dict_keys(['example_skip_dag']) retrieved from /usr/local/lib/python3.10/dist-packages/airflow/example_dags/example_skip_dag.py
[2023-12-20T20:55:12.066+0000] {logging_mixin.py:154} INFO - [2023-12-20T20:55:12.066+0000] {dag.py:2941} INFO - Sync 1 DAGs
[2023-12-20T20:55:12.094+0000] {logging_mixin.py:154} INFO - [2023-12-20T20:55:12.093+0000] {dag.py:3722} INFO - Setting next_dagrun for example_skip_dag to 2023-12-19T20:55:12.093606+00:00, run_after=2023-12-20T20:55:12.093606+00:00
[2023-12-20T20:55:12.123+0000] {processor.py:179} INFO - Processing /usr/local/lib/python3.10/dist-packages/airflow/example_dags/example_skip_dag.py took 0.097 seconds
[2023-12-20T20:58:03.380+0000] {processor.py:157} INFO - Started process (PID=20370) to work on /usr/local/lib/python3.10/dist-packages/airflow/example_dags/example_skip_dag.py
[2023-12-20T20:58:03.381+0000] {processor.py:829} INFO - Processing file /usr/local/lib/python3.10/dist-packages/airflow/example_dags/example_skip_dag.py for tasks to queue
[2023-12-20T20:58:03.382+0000] {logging_mixin.py:154} INFO - [2023-12-20T20:58:03.382+0000] {dagbag.py:536} INFO - Filling up the DagBag from /usr/local/lib/python3.10/dist-packages/airflow/example_dags/example_skip_dag.py
[2023-12-20T20:58:03.395+0000] {processor.py:839} INFO - DAG(s) dict_keys(['example_skip_dag']) retrieved from /usr/local/lib/python3.10/dist-packages/airflow/example_dags/example_skip_dag.py
[2023-12-20T20:58:03.421+0000] {logging_mixin.py:154} INFO - [2023-12-20T20:58:03.421+0000] {dag.py:2941} INFO - Sync 1 DAGs
[2023-12-20T20:58:03.440+0000] {logging_mixin.py:154} INFO - [2023-12-20T20:58:03.439+0000] {dag.py:3722} INFO - Setting next_dagrun for example_skip_dag to 2023-12-19T20:58:03.439760+00:00, run_after=2023-12-20T20:58:03.439760+00:00
[2023-12-20T20:58:03.466+0000] {processor.py:179} INFO - Processing /usr/local/lib/python3.10/dist-packages/airflow/example_dags/example_skip_dag.py took 0.092 seconds
[2023-12-20T21:00:14.382+0000] {processor.py:157} INFO - Started process (PID=20550) to work on /usr/local/lib/python3.10/dist-packages/airflow/example_dags/example_skip_dag.py
[2023-12-20T21:00:14.383+0000] {processor.py:829} INFO - Processing file /usr/local/lib/python3.10/dist-packages/airflow/example_dags/example_skip_dag.py for tasks to queue
[2023-12-20T21:00:14.384+0000] {logging_mixin.py:154} INFO - [2023-12-20T21:00:14.384+0000] {dagbag.py:536} INFO - Filling up the DagBag from /usr/local/lib/python3.10/dist-packages/airflow/example_dags/example_skip_dag.py
[2023-12-20T21:00:14.393+0000] {processor.py:839} INFO - DAG(s) dict_keys(['example_skip_dag']) retrieved from /usr/local/lib/python3.10/dist-packages/airflow/example_dags/example_skip_dag.py
[2023-12-20T21:00:14.412+0000] {logging_mixin.py:154} INFO - [2023-12-20T21:00:14.411+0000] {dag.py:2941} INFO - Sync 1 DAGs
[2023-12-20T21:00:14.432+0000] {logging_mixin.py:154} INFO - [2023-12-20T21:00:14.431+0000] {dag.py:3722} INFO - Setting next_dagrun for example_skip_dag to 2023-12-19T21:00:14.431531+00:00, run_after=2023-12-20T21:00:14.431531+00:00
[2023-12-20T21:00:14.453+0000] {processor.py:179} INFO - Processing /usr/local/lib/python3.10/dist-packages/airflow/example_dags/example_skip_dag.py took 0.074 seconds
[2023-12-20T21:02:14.047+0000] {processor.py:157} INFO - Started process (PID=20717) to work on /usr/local/lib/python3.10/dist-packages/airflow/example_dags/example_skip_dag.py
[2023-12-20T21:02:14.048+0000] {processor.py:829} INFO - Processing file /usr/local/lib/python3.10/dist-packages/airflow/example_dags/example_skip_dag.py for tasks to queue
[2023-12-20T21:02:14.049+0000] {logging_mixin.py:154} INFO - [2023-12-20T21:02:14.049+0000] {dagbag.py:536} INFO - Filling up the DagBag from /usr/local/lib/python3.10/dist-packages/airflow/example_dags/example_skip_dag.py
[2023-12-20T21:02:14.057+0000] {processor.py:839} INFO - DAG(s) dict_keys(['example_skip_dag']) retrieved from /usr/local/lib/python3.10/dist-packages/airflow/example_dags/example_skip_dag.py
[2023-12-20T21:02:14.077+0000] {logging_mixin.py:154} INFO - [2023-12-20T21:02:14.077+0000] {dag.py:2941} INFO - Sync 1 DAGs
[2023-12-20T21:02:14.100+0000] {logging_mixin.py:154} INFO - [2023-12-20T21:02:14.100+0000] {dag.py:3722} INFO - Setting next_dagrun for example_skip_dag to 2023-12-19T21:02:14.099810+00:00, run_after=2023-12-20T21:02:14.099810+00:00
[2023-12-20T21:02:14.122+0000] {processor.py:179} INFO - Processing /usr/local/lib/python3.10/dist-packages/airflow/example_dags/example_skip_dag.py took 0.079 seconds
[2023-12-20T21:04:10.555+0000] {processor.py:157} INFO - Started process (PID=20885) to work on /usr/local/lib/python3.10/dist-packages/airflow/example_dags/example_skip_dag.py
[2023-12-20T21:04:10.557+0000] {processor.py:829} INFO - Processing file /usr/local/lib/python3.10/dist-packages/airflow/example_dags/example_skip_dag.py for tasks to queue
[2023-12-20T21:04:10.557+0000] {logging_mixin.py:154} INFO - [2023-12-20T21:04:10.557+0000] {dagbag.py:536} INFO - Filling up the DagBag from /usr/local/lib/python3.10/dist-packages/airflow/example_dags/example_skip_dag.py
[2023-12-20T21:04:10.566+0000] {processor.py:839} INFO - DAG(s) dict_keys(['example_skip_dag']) retrieved from /usr/local/lib/python3.10/dist-packages/airflow/example_dags/example_skip_dag.py
[2023-12-20T21:04:10.584+0000] {logging_mixin.py:154} INFO - [2023-12-20T21:04:10.584+0000] {dag.py:2941} INFO - Sync 1 DAGs
[2023-12-20T21:04:10.603+0000] {logging_mixin.py:154} INFO - [2023-12-20T21:04:10.603+0000] {dag.py:3722} INFO - Setting next_dagrun for example_skip_dag to 2023-12-19T21:04:10.602895+00:00, run_after=2023-12-20T21:04:10.602895+00:00
[2023-12-20T21:04:10.624+0000] {processor.py:179} INFO - Processing /usr/local/lib/python3.10/dist-packages/airflow/example_dags/example_skip_dag.py took 0.073 seconds
[2023-12-20T21:06:06.322+0000] {processor.py:157} INFO - Started process (PID=21050) to work on /usr/local/lib/python3.10/dist-packages/airflow/example_dags/example_skip_dag.py
[2023-12-20T21:06:06.323+0000] {processor.py:829} INFO - Processing file /usr/local/lib/python3.10/dist-packages/airflow/example_dags/example_skip_dag.py for tasks to queue
[2023-12-20T21:06:06.324+0000] {logging_mixin.py:154} INFO - [2023-12-20T21:06:06.324+0000] {dagbag.py:536} INFO - Filling up the DagBag from /usr/local/lib/python3.10/dist-packages/airflow/example_dags/example_skip_dag.py
[2023-12-20T21:06:06.331+0000] {processor.py:839} INFO - DAG(s) dict_keys(['example_skip_dag']) retrieved from /usr/local/lib/python3.10/dist-packages/airflow/example_dags/example_skip_dag.py
[2023-12-20T21:06:06.348+0000] {logging_mixin.py:154} INFO - [2023-12-20T21:06:06.348+0000] {dag.py:2941} INFO - Sync 1 DAGs
[2023-12-20T21:06:06.367+0000] {logging_mixin.py:154} INFO - [2023-12-20T21:06:06.367+0000] {dag.py:3722} INFO - Setting next_dagrun for example_skip_dag to 2023-12-19T21:06:06.367397+00:00, run_after=2023-12-20T21:06:06.367397+00:00
[2023-12-20T21:06:06.386+0000] {processor.py:179} INFO - Processing /usr/local/lib/python3.10/dist-packages/airflow/example_dags/example_skip_dag.py took 0.067 seconds
[2023-12-20T21:08:00.590+0000] {processor.py:157} INFO - Started process (PID=21215) to work on /usr/local/lib/python3.10/dist-packages/airflow/example_dags/example_skip_dag.py
[2023-12-20T21:08:00.605+0000] {processor.py:829} INFO - Processing file /usr/local/lib/python3.10/dist-packages/airflow/example_dags/example_skip_dag.py for tasks to queue
[2023-12-20T21:08:00.606+0000] {logging_mixin.py:154} INFO - [2023-12-20T21:08:00.606+0000] {dagbag.py:536} INFO - Filling up the DagBag from /usr/local/lib/python3.10/dist-packages/airflow/example_dags/example_skip_dag.py
[2023-12-20T21:08:00.614+0000] {processor.py:839} INFO - DAG(s) dict_keys(['example_skip_dag']) retrieved from /usr/local/lib/python3.10/dist-packages/airflow/example_dags/example_skip_dag.py
[2023-12-20T21:08:00.634+0000] {logging_mixin.py:154} INFO - [2023-12-20T21:08:00.634+0000] {dag.py:2941} INFO - Sync 1 DAGs
[2023-12-20T21:08:00.652+0000] {logging_mixin.py:154} INFO - [2023-12-20T21:08:00.652+0000] {dag.py:3722} INFO - Setting next_dagrun for example_skip_dag to 2023-12-19T21:08:00.652156+00:00, run_after=2023-12-20T21:08:00.652156+00:00
[2023-12-20T21:08:00.672+0000] {processor.py:179} INFO - Processing /usr/local/lib/python3.10/dist-packages/airflow/example_dags/example_skip_dag.py took 0.085 seconds
[2023-12-20T21:09:55.556+0000] {processor.py:157} INFO - Started process (PID=21392) to work on /usr/local/lib/python3.10/dist-packages/airflow/example_dags/example_skip_dag.py
[2023-12-20T21:09:55.557+0000] {processor.py:829} INFO - Processing file /usr/local/lib/python3.10/dist-packages/airflow/example_dags/example_skip_dag.py for tasks to queue
[2023-12-20T21:09:55.558+0000] {logging_mixin.py:154} INFO - [2023-12-20T21:09:55.558+0000] {dagbag.py:536} INFO - Filling up the DagBag from /usr/local/lib/python3.10/dist-packages/airflow/example_dags/example_skip_dag.py
[2023-12-20T21:09:55.567+0000] {processor.py:839} INFO - DAG(s) dict_keys(['example_skip_dag']) retrieved from /usr/local/lib/python3.10/dist-packages/airflow/example_dags/example_skip_dag.py
[2023-12-20T21:09:55.584+0000] {logging_mixin.py:154} INFO - [2023-12-20T21:09:55.583+0000] {dag.py:2941} INFO - Sync 1 DAGs
[2023-12-20T21:09:55.606+0000] {logging_mixin.py:154} INFO - [2023-12-20T21:09:55.606+0000] {dag.py:3722} INFO - Setting next_dagrun for example_skip_dag to 2023-12-19T21:09:55.606046+00:00, run_after=2023-12-20T21:09:55.606046+00:00
[2023-12-20T21:09:55.633+0000] {processor.py:179} INFO - Processing /usr/local/lib/python3.10/dist-packages/airflow/example_dags/example_skip_dag.py took 0.080 seconds
[2023-12-20T21:11:49.252+0000] {processor.py:157} INFO - Started process (PID=21560) to work on /usr/local/lib/python3.10/dist-packages/airflow/example_dags/example_skip_dag.py
[2023-12-20T21:11:49.254+0000] {processor.py:829} INFO - Processing file /usr/local/lib/python3.10/dist-packages/airflow/example_dags/example_skip_dag.py for tasks to queue
[2023-12-20T21:11:49.254+0000] {logging_mixin.py:154} INFO - [2023-12-20T21:11:49.254+0000] {dagbag.py:536} INFO - Filling up the DagBag from /usr/local/lib/python3.10/dist-packages/airflow/example_dags/example_skip_dag.py
[2023-12-20T21:11:49.262+0000] {processor.py:839} INFO - DAG(s) dict_keys(['example_skip_dag']) retrieved from /usr/local/lib/python3.10/dist-packages/airflow/example_dags/example_skip_dag.py
[2023-12-20T21:11:49.277+0000] {logging_mixin.py:154} INFO - [2023-12-20T21:11:49.277+0000] {dag.py:2941} INFO - Sync 1 DAGs
[2023-12-20T21:11:49.294+0000] {logging_mixin.py:154} INFO - [2023-12-20T21:11:49.294+0000] {dag.py:3722} INFO - Setting next_dagrun for example_skip_dag to 2023-12-19T21:11:49.294297+00:00, run_after=2023-12-20T21:11:49.294297+00:00
[2023-12-20T21:11:49.315+0000] {processor.py:179} INFO - Processing /usr/local/lib/python3.10/dist-packages/airflow/example_dags/example_skip_dag.py took 0.066 seconds
[2023-12-20T21:13:45.619+0000] {processor.py:157} INFO - Started process (PID=21730) to work on /usr/local/lib/python3.10/dist-packages/airflow/example_dags/example_skip_dag.py
[2023-12-20T21:13:45.621+0000] {processor.py:829} INFO - Processing file /usr/local/lib/python3.10/dist-packages/airflow/example_dags/example_skip_dag.py for tasks to queue
[2023-12-20T21:13:45.622+0000] {logging_mixin.py:154} INFO - [2023-12-20T21:13:45.621+0000] {dagbag.py:536} INFO - Filling up the DagBag from /usr/local/lib/python3.10/dist-packages/airflow/example_dags/example_skip_dag.py
[2023-12-20T21:13:45.632+0000] {processor.py:839} INFO - DAG(s) dict_keys(['example_skip_dag']) retrieved from /usr/local/lib/python3.10/dist-packages/airflow/example_dags/example_skip_dag.py
[2023-12-20T21:13:45.652+0000] {logging_mixin.py:154} INFO - [2023-12-20T21:13:45.652+0000] {dag.py:2941} INFO - Sync 1 DAGs
[2023-12-20T21:13:45.676+0000] {logging_mixin.py:154} INFO - [2023-12-20T21:13:45.676+0000] {dag.py:3722} INFO - Setting next_dagrun for example_skip_dag to 2023-12-19T21:13:45.675802+00:00, run_after=2023-12-20T21:13:45.675802+00:00
[2023-12-20T21:13:45.710+0000] {processor.py:179} INFO - Processing /usr/local/lib/python3.10/dist-packages/airflow/example_dags/example_skip_dag.py took 0.094 seconds
[2023-12-20T21:15:38.752+0000] {processor.py:157} INFO - Started process (PID=21894) to work on /usr/local/lib/python3.10/dist-packages/airflow/example_dags/example_skip_dag.py
[2023-12-20T21:15:38.753+0000] {processor.py:829} INFO - Processing file /usr/local/lib/python3.10/dist-packages/airflow/example_dags/example_skip_dag.py for tasks to queue
[2023-12-20T21:15:38.754+0000] {logging_mixin.py:154} INFO - [2023-12-20T21:15:38.754+0000] {dagbag.py:536} INFO - Filling up the DagBag from /usr/local/lib/python3.10/dist-packages/airflow/example_dags/example_skip_dag.py
[2023-12-20T21:15:38.762+0000] {processor.py:839} INFO - DAG(s) dict_keys(['example_skip_dag']) retrieved from /usr/local/lib/python3.10/dist-packages/airflow/example_dags/example_skip_dag.py
[2023-12-20T21:15:38.778+0000] {logging_mixin.py:154} INFO - [2023-12-20T21:15:38.778+0000] {dag.py:2941} INFO - Sync 1 DAGs
[2023-12-20T21:15:38.797+0000] {logging_mixin.py:154} INFO - [2023-12-20T21:15:38.797+0000] {dag.py:3722} INFO - Setting next_dagrun for example_skip_dag to 2023-12-19T21:15:38.796928+00:00, run_after=2023-12-20T21:15:38.796928+00:00
[2023-12-20T21:15:38.819+0000] {processor.py:179} INFO - Processing /usr/local/lib/python3.10/dist-packages/airflow/example_dags/example_skip_dag.py took 0.070 seconds
[2023-12-20T21:17:34.602+0000] {processor.py:157} INFO - Started process (PID=22062) to work on /usr/local/lib/python3.10/dist-packages/airflow/example_dags/example_skip_dag.py
[2023-12-20T21:17:34.604+0000] {processor.py:829} INFO - Processing file /usr/local/lib/python3.10/dist-packages/airflow/example_dags/example_skip_dag.py for tasks to queue
[2023-12-20T21:17:34.605+0000] {logging_mixin.py:154} INFO - [2023-12-20T21:17:34.604+0000] {dagbag.py:536} INFO - Filling up the DagBag from /usr/local/lib/python3.10/dist-packages/airflow/example_dags/example_skip_dag.py
[2023-12-20T21:17:34.612+0000] {processor.py:839} INFO - DAG(s) dict_keys(['example_skip_dag']) retrieved from /usr/local/lib/python3.10/dist-packages/airflow/example_dags/example_skip_dag.py
[2023-12-20T21:17:34.629+0000] {logging_mixin.py:154} INFO - [2023-12-20T21:17:34.629+0000] {dag.py:2941} INFO - Sync 1 DAGs
[2023-12-20T21:17:34.659+0000] {logging_mixin.py:154} INFO - [2023-12-20T21:17:34.659+0000] {dag.py:3722} INFO - Setting next_dagrun for example_skip_dag to 2023-12-19T21:17:34.658331+00:00, run_after=2023-12-20T21:17:34.658331+00:00
[2023-12-20T21:17:34.683+0000] {processor.py:179} INFO - Processing /usr/local/lib/python3.10/dist-packages/airflow/example_dags/example_skip_dag.py took 0.084 seconds
[2023-12-20T21:19:29.792+0000] {processor.py:157} INFO - Started process (PID=22227) to work on /usr/local/lib/python3.10/dist-packages/airflow/example_dags/example_skip_dag.py
[2023-12-20T21:19:29.793+0000] {processor.py:829} INFO - Processing file /usr/local/lib/python3.10/dist-packages/airflow/example_dags/example_skip_dag.py for tasks to queue
[2023-12-20T21:19:29.794+0000] {logging_mixin.py:154} INFO - [2023-12-20T21:19:29.794+0000] {dagbag.py:536} INFO - Filling up the DagBag from /usr/local/lib/python3.10/dist-packages/airflow/example_dags/example_skip_dag.py
[2023-12-20T21:19:29.802+0000] {processor.py:839} INFO - DAG(s) dict_keys(['example_skip_dag']) retrieved from /usr/local/lib/python3.10/dist-packages/airflow/example_dags/example_skip_dag.py
[2023-12-20T21:19:29.826+0000] {logging_mixin.py:154} INFO - [2023-12-20T21:19:29.825+0000] {dag.py:2941} INFO - Sync 1 DAGs
[2023-12-20T21:19:29.846+0000] {logging_mixin.py:154} INFO - [2023-12-20T21:19:29.846+0000] {dag.py:3722} INFO - Setting next_dagrun for example_skip_dag to 2023-12-19T21:19:29.846378+00:00, run_after=2023-12-20T21:19:29.846378+00:00
[2023-12-20T21:19:29.868+0000] {processor.py:179} INFO - Processing /usr/local/lib/python3.10/dist-packages/airflow/example_dags/example_skip_dag.py took 0.079 seconds
[2023-12-20T21:21:27.416+0000] {processor.py:157} INFO - Started process (PID=22393) to work on /usr/local/lib/python3.10/dist-packages/airflow/example_dags/example_skip_dag.py
[2023-12-20T21:21:27.418+0000] {processor.py:829} INFO - Processing file /usr/local/lib/python3.10/dist-packages/airflow/example_dags/example_skip_dag.py for tasks to queue
[2023-12-20T21:21:27.418+0000] {logging_mixin.py:154} INFO - [2023-12-20T21:21:27.418+0000] {dagbag.py:536} INFO - Filling up the DagBag from /usr/local/lib/python3.10/dist-packages/airflow/example_dags/example_skip_dag.py
[2023-12-20T21:21:27.426+0000] {processor.py:839} INFO - DAG(s) dict_keys(['example_skip_dag']) retrieved from /usr/local/lib/python3.10/dist-packages/airflow/example_dags/example_skip_dag.py
[2023-12-20T21:21:27.442+0000] {logging_mixin.py:154} INFO - [2023-12-20T21:21:27.442+0000] {dag.py:2941} INFO - Sync 1 DAGs
[2023-12-20T21:21:27.462+0000] {logging_mixin.py:154} INFO - [2023-12-20T21:21:27.461+0000] {dag.py:3722} INFO - Setting next_dagrun for example_skip_dag to 2023-12-19T21:21:27.461797+00:00, run_after=2023-12-20T21:21:27.461797+00:00
[2023-12-20T21:21:27.482+0000] {processor.py:179} INFO - Processing /usr/local/lib/python3.10/dist-packages/airflow/example_dags/example_skip_dag.py took 0.069 seconds
[2023-12-20T21:23:23.707+0000] {processor.py:157} INFO - Started process (PID=22558) to work on /usr/local/lib/python3.10/dist-packages/airflow/example_dags/example_skip_dag.py
[2023-12-20T21:23:23.709+0000] {processor.py:829} INFO - Processing file /usr/local/lib/python3.10/dist-packages/airflow/example_dags/example_skip_dag.py for tasks to queue
[2023-12-20T21:23:23.710+0000] {logging_mixin.py:154} INFO - [2023-12-20T21:23:23.709+0000] {dagbag.py:536} INFO - Filling up the DagBag from /usr/local/lib/python3.10/dist-packages/airflow/example_dags/example_skip_dag.py
[2023-12-20T21:23:23.717+0000] {processor.py:839} INFO - DAG(s) dict_keys(['example_skip_dag']) retrieved from /usr/local/lib/python3.10/dist-packages/airflow/example_dags/example_skip_dag.py
[2023-12-20T21:23:23.736+0000] {logging_mixin.py:154} INFO - [2023-12-20T21:23:23.735+0000] {dag.py:2941} INFO - Sync 1 DAGs
[2023-12-20T21:23:23.756+0000] {logging_mixin.py:154} INFO - [2023-12-20T21:23:23.755+0000] {dag.py:3722} INFO - Setting next_dagrun for example_skip_dag to 2023-12-19T21:23:23.755610+00:00, run_after=2023-12-20T21:23:23.755610+00:00
[2023-12-20T21:23:23.779+0000] {processor.py:179} INFO - Processing /usr/local/lib/python3.10/dist-packages/airflow/example_dags/example_skip_dag.py took 0.075 seconds
[2023-12-20T21:26:30.863+0000] {processor.py:157} INFO - Started process (PID=22724) to work on /usr/local/lib/python3.10/dist-packages/airflow/example_dags/example_skip_dag.py
[2023-12-20T21:26:30.864+0000] {processor.py:829} INFO - Processing file /usr/local/lib/python3.10/dist-packages/airflow/example_dags/example_skip_dag.py for tasks to queue
[2023-12-20T21:26:30.865+0000] {logging_mixin.py:154} INFO - [2023-12-20T21:26:30.865+0000] {dagbag.py:536} INFO - Filling up the DagBag from /usr/local/lib/python3.10/dist-packages/airflow/example_dags/example_skip_dag.py
[2023-12-20T21:26:30.872+0000] {processor.py:839} INFO - DAG(s) dict_keys(['example_skip_dag']) retrieved from /usr/local/lib/python3.10/dist-packages/airflow/example_dags/example_skip_dag.py
[2023-12-20T21:26:30.888+0000] {logging_mixin.py:154} INFO - [2023-12-20T21:26:30.887+0000] {dag.py:2941} INFO - Sync 1 DAGs
[2023-12-20T21:26:30.905+0000] {logging_mixin.py:154} INFO - [2023-12-20T21:26:30.905+0000] {dag.py:3722} INFO - Setting next_dagrun for example_skip_dag to 2023-12-19T21:26:30.905430+00:00, run_after=2023-12-20T21:26:30.905430+00:00
[2023-12-20T21:26:30.933+0000] {processor.py:179} INFO - Processing /usr/local/lib/python3.10/dist-packages/airflow/example_dags/example_skip_dag.py took 0.072 seconds
[2023-12-20T21:31:03.419+0000] {processor.py:157} INFO - Started process (PID=22908) to work on /usr/local/lib/python3.10/dist-packages/airflow/example_dags/example_skip_dag.py
[2023-12-20T21:31:03.421+0000] {processor.py:829} INFO - Processing file /usr/local/lib/python3.10/dist-packages/airflow/example_dags/example_skip_dag.py for tasks to queue
[2023-12-20T21:31:03.423+0000] {logging_mixin.py:154} INFO - [2023-12-20T21:31:03.422+0000] {dagbag.py:536} INFO - Filling up the DagBag from /usr/local/lib/python3.10/dist-packages/airflow/example_dags/example_skip_dag.py
[2023-12-20T21:31:03.431+0000] {processor.py:839} INFO - DAG(s) dict_keys(['example_skip_dag']) retrieved from /usr/local/lib/python3.10/dist-packages/airflow/example_dags/example_skip_dag.py
[2023-12-20T21:31:03.449+0000] {logging_mixin.py:154} INFO - [2023-12-20T21:31:03.449+0000] {dag.py:2941} INFO - Sync 1 DAGs
[2023-12-20T21:31:03.471+0000] {logging_mixin.py:154} INFO - [2023-12-20T21:31:03.471+0000] {dag.py:3722} INFO - Setting next_dagrun for example_skip_dag to 2023-12-19T21:31:03.471271+00:00, run_after=2023-12-20T21:31:03.471271+00:00
[2023-12-20T21:31:03.496+0000] {processor.py:179} INFO - Processing /usr/local/lib/python3.10/dist-packages/airflow/example_dags/example_skip_dag.py took 0.080 seconds
[2023-12-20T21:35:39.789+0000] {processor.py:157} INFO - Started process (PID=23093) to work on /usr/local/lib/python3.10/dist-packages/airflow/example_dags/example_skip_dag.py
[2023-12-20T21:35:39.790+0000] {processor.py:829} INFO - Processing file /usr/local/lib/python3.10/dist-packages/airflow/example_dags/example_skip_dag.py for tasks to queue
[2023-12-20T21:35:39.791+0000] {logging_mixin.py:154} INFO - [2023-12-20T21:35:39.791+0000] {dagbag.py:536} INFO - Filling up the DagBag from /usr/local/lib/python3.10/dist-packages/airflow/example_dags/example_skip_dag.py
[2023-12-20T21:35:39.799+0000] {processor.py:839} INFO - DAG(s) dict_keys(['example_skip_dag']) retrieved from /usr/local/lib/python3.10/dist-packages/airflow/example_dags/example_skip_dag.py
[2023-12-20T21:35:39.815+0000] {logging_mixin.py:154} INFO - [2023-12-20T21:35:39.815+0000] {dag.py:2941} INFO - Sync 1 DAGs
[2023-12-20T21:35:39.841+0000] {logging_mixin.py:154} INFO - [2023-12-20T21:35:39.840+0000] {dag.py:3722} INFO - Setting next_dagrun for example_skip_dag to 2023-12-19T21:35:39.839861+00:00, run_after=2023-12-20T21:35:39.839861+00:00
[2023-12-20T21:35:39.871+0000] {processor.py:179} INFO - Processing /usr/local/lib/python3.10/dist-packages/airflow/example_dags/example_skip_dag.py took 0.086 seconds
