[2023-12-20T20:24:23.807+0000] {processor.py:157} INFO - Started process (PID=1116) to work on /usr/local/lib/python3.10/dist-packages/airflow/example_dags/example_python_operator.py
[2023-12-20T20:24:23.808+0000] {processor.py:829} INFO - Processing file /usr/local/lib/python3.10/dist-packages/airflow/example_dags/example_python_operator.py for tasks to queue
[2023-12-20T20:24:23.809+0000] {logging_mixin.py:154} INFO - [2023-12-20T20:24:23.808+0000] {dagbag.py:536} INFO - Filling up the DagBag from /usr/local/lib/python3.10/dist-packages/airflow/example_dags/example_python_operator.py
[2023-12-20T20:24:23.817+0000] {logging_mixin.py:154} INFO - [2023-12-20T20:24:23.817+0000] {example_python_operator.py:86} WARNING - The virtalenv_python example task requires virtualenv, please install it.
[2023-12-20T20:24:23.818+0000] {processor.py:839} INFO - DAG(s) dict_keys(['example_python_operator']) retrieved from /usr/local/lib/python3.10/dist-packages/airflow/example_dags/example_python_operator.py
[2023-12-20T20:24:23.837+0000] {logging_mixin.py:154} INFO - [2023-12-20T20:24:23.836+0000] {dag.py:2941} INFO - Sync 1 DAGs
[2023-12-20T20:24:23.849+0000] {logging_mixin.py:154} INFO - [2023-12-20T20:24:23.849+0000] {dag.py:3722} INFO - Setting next_dagrun for example_python_operator to None, run_after=None
[2023-12-20T20:24:23.878+0000] {processor.py:179} INFO - Processing /usr/local/lib/python3.10/dist-packages/airflow/example_dags/example_python_operator.py took 0.074 seconds
[2023-12-20T20:27:46.492+0000] {processor.py:157} INFO - Started process (PID=1368) to work on /usr/local/lib/python3.10/dist-packages/airflow/example_dags/example_python_operator.py
[2023-12-20T20:27:46.493+0000] {processor.py:829} INFO - Processing file /usr/local/lib/python3.10/dist-packages/airflow/example_dags/example_python_operator.py for tasks to queue
[2023-12-20T20:27:46.494+0000] {logging_mixin.py:154} INFO - [2023-12-20T20:27:46.494+0000] {dagbag.py:536} INFO - Filling up the DagBag from /usr/local/lib/python3.10/dist-packages/airflow/example_dags/example_python_operator.py
[2023-12-20T20:27:46.503+0000] {logging_mixin.py:154} INFO - [2023-12-20T20:27:46.503+0000] {example_python_operator.py:86} WARNING - The virtalenv_python example task requires virtualenv, please install it.
[2023-12-20T20:27:46.504+0000] {processor.py:839} INFO - DAG(s) dict_keys(['example_python_operator']) retrieved from /usr/local/lib/python3.10/dist-packages/airflow/example_dags/example_python_operator.py
[2023-12-20T20:27:46.520+0000] {logging_mixin.py:154} INFO - [2023-12-20T20:27:46.520+0000] {dag.py:2941} INFO - Sync 1 DAGs
[2023-12-20T20:27:46.530+0000] {logging_mixin.py:154} INFO - [2023-12-20T20:27:46.530+0000] {dag.py:3722} INFO - Setting next_dagrun for example_python_operator to None, run_after=None
[2023-12-20T20:27:46.552+0000] {processor.py:179} INFO - Processing /usr/local/lib/python3.10/dist-packages/airflow/example_dags/example_python_operator.py took 0.063 seconds
[2023-12-20T20:30:21.232+0000] {processor.py:157} INFO - Started process (PID=1563) to work on /usr/local/lib/python3.10/dist-packages/airflow/example_dags/example_python_operator.py
[2023-12-20T20:30:21.234+0000] {processor.py:829} INFO - Processing file /usr/local/lib/python3.10/dist-packages/airflow/example_dags/example_python_operator.py for tasks to queue
[2023-12-20T20:30:21.235+0000] {logging_mixin.py:154} INFO - [2023-12-20T20:30:21.234+0000] {dagbag.py:536} INFO - Filling up the DagBag from /usr/local/lib/python3.10/dist-packages/airflow/example_dags/example_python_operator.py
[2023-12-20T20:30:21.245+0000] {logging_mixin.py:154} INFO - [2023-12-20T20:30:21.245+0000] {example_python_operator.py:86} WARNING - The virtalenv_python example task requires virtualenv, please install it.
[2023-12-20T20:30:21.246+0000] {processor.py:839} INFO - DAG(s) dict_keys(['example_python_operator']) retrieved from /usr/local/lib/python3.10/dist-packages/airflow/example_dags/example_python_operator.py
[2023-12-20T20:30:21.271+0000] {logging_mixin.py:154} INFO - [2023-12-20T20:30:21.270+0000] {dag.py:2941} INFO - Sync 1 DAGs
[2023-12-20T20:30:21.281+0000] {logging_mixin.py:154} INFO - [2023-12-20T20:30:21.281+0000] {dag.py:3722} INFO - Setting next_dagrun for example_python_operator to None, run_after=None
[2023-12-20T20:30:21.305+0000] {processor.py:179} INFO - Processing /usr/local/lib/python3.10/dist-packages/airflow/example_dags/example_python_operator.py took 0.077 seconds
[2023-12-20T20:33:35.092+0000] {processor.py:157} INFO - Started process (PID=1812) to work on /usr/local/lib/python3.10/dist-packages/airflow/example_dags/example_python_operator.py
[2023-12-20T20:33:35.093+0000] {processor.py:829} INFO - Processing file /usr/local/lib/python3.10/dist-packages/airflow/example_dags/example_python_operator.py for tasks to queue
[2023-12-20T20:33:35.094+0000] {logging_mixin.py:154} INFO - [2023-12-20T20:33:35.093+0000] {dagbag.py:536} INFO - Filling up the DagBag from /usr/local/lib/python3.10/dist-packages/airflow/example_dags/example_python_operator.py
[2023-12-20T20:33:35.102+0000] {logging_mixin.py:154} INFO - [2023-12-20T20:33:35.102+0000] {example_python_operator.py:86} WARNING - The virtalenv_python example task requires virtualenv, please install it.
[2023-12-20T20:33:35.102+0000] {processor.py:839} INFO - DAG(s) dict_keys(['example_python_operator']) retrieved from /usr/local/lib/python3.10/dist-packages/airflow/example_dags/example_python_operator.py
[2023-12-20T20:33:35.292+0000] {logging_mixin.py:154} INFO - [2023-12-20T20:33:35.292+0000] {dag.py:2941} INFO - Sync 1 DAGs
[2023-12-20T20:33:35.302+0000] {logging_mixin.py:154} INFO - [2023-12-20T20:33:35.302+0000] {dag.py:3722} INFO - Setting next_dagrun for example_python_operator to None, run_after=None
[2023-12-20T20:33:35.328+0000] {processor.py:179} INFO - Processing /usr/local/lib/python3.10/dist-packages/airflow/example_dags/example_python_operator.py took 0.240 seconds
[2023-12-20T20:36:12.666+0000] {processor.py:157} INFO - Started process (PID=2026) to work on /usr/local/lib/python3.10/dist-packages/airflow/example_dags/example_python_operator.py
[2023-12-20T20:36:12.667+0000] {processor.py:829} INFO - Processing file /usr/local/lib/python3.10/dist-packages/airflow/example_dags/example_python_operator.py for tasks to queue
[2023-12-20T20:36:12.668+0000] {logging_mixin.py:154} INFO - [2023-12-20T20:36:12.667+0000] {dagbag.py:536} INFO - Filling up the DagBag from /usr/local/lib/python3.10/dist-packages/airflow/example_dags/example_python_operator.py
[2023-12-20T20:36:12.678+0000] {logging_mixin.py:154} INFO - [2023-12-20T20:36:12.678+0000] {example_python_operator.py:86} WARNING - The virtalenv_python example task requires virtualenv, please install it.
[2023-12-20T20:36:12.678+0000] {processor.py:839} INFO - DAG(s) dict_keys(['example_python_operator']) retrieved from /usr/local/lib/python3.10/dist-packages/airflow/example_dags/example_python_operator.py
[2023-12-20T20:36:12.695+0000] {logging_mixin.py:154} INFO - [2023-12-20T20:36:12.695+0000] {dag.py:2941} INFO - Sync 1 DAGs
[2023-12-20T20:36:12.706+0000] {logging_mixin.py:154} INFO - [2023-12-20T20:36:12.705+0000] {dag.py:3722} INFO - Setting next_dagrun for example_python_operator to None, run_after=None
[2023-12-20T20:36:12.725+0000] {processor.py:179} INFO - Processing /usr/local/lib/python3.10/dist-packages/airflow/example_dags/example_python_operator.py took 0.063 seconds
[2023-12-20T20:40:02.309+0000] {processor.py:157} INFO - Started process (PID=2316) to work on /usr/local/lib/python3.10/dist-packages/airflow/example_dags/example_python_operator.py
[2023-12-20T20:40:02.311+0000] {processor.py:829} INFO - Processing file /usr/local/lib/python3.10/dist-packages/airflow/example_dags/example_python_operator.py for tasks to queue
[2023-12-20T20:40:02.312+0000] {logging_mixin.py:154} INFO - [2023-12-20T20:40:02.312+0000] {dagbag.py:536} INFO - Filling up the DagBag from /usr/local/lib/python3.10/dist-packages/airflow/example_dags/example_python_operator.py
[2023-12-20T20:40:02.325+0000] {logging_mixin.py:154} INFO - [2023-12-20T20:40:02.324+0000] {example_python_operator.py:86} WARNING - The virtalenv_python example task requires virtualenv, please install it.
[2023-12-20T20:40:02.325+0000] {processor.py:839} INFO - DAG(s) dict_keys(['example_python_operator']) retrieved from /usr/local/lib/python3.10/dist-packages/airflow/example_dags/example_python_operator.py
[2023-12-20T20:40:02.370+0000] {logging_mixin.py:154} INFO - [2023-12-20T20:40:02.370+0000] {dag.py:2941} INFO - Sync 1 DAGs
[2023-12-20T20:40:02.387+0000] {logging_mixin.py:154} INFO - [2023-12-20T20:40:02.386+0000] {dag.py:3722} INFO - Setting next_dagrun for example_python_operator to None, run_after=None
[2023-12-20T20:40:02.422+0000] {processor.py:179} INFO - Processing /usr/local/lib/python3.10/dist-packages/airflow/example_dags/example_python_operator.py took 0.116 seconds
[2023-12-20T20:43:06.246+0000] {processor.py:157} INFO - Started process (PID=2542) to work on /usr/local/lib/python3.10/dist-packages/airflow/example_dags/example_python_operator.py
[2023-12-20T20:43:06.247+0000] {processor.py:829} INFO - Processing file /usr/local/lib/python3.10/dist-packages/airflow/example_dags/example_python_operator.py for tasks to queue
[2023-12-20T20:43:06.248+0000] {logging_mixin.py:154} INFO - [2023-12-20T20:43:06.247+0000] {dagbag.py:536} INFO - Filling up the DagBag from /usr/local/lib/python3.10/dist-packages/airflow/example_dags/example_python_operator.py
[2023-12-20T20:43:06.257+0000] {logging_mixin.py:154} INFO - [2023-12-20T20:43:06.256+0000] {example_python_operator.py:86} WARNING - The virtalenv_python example task requires virtualenv, please install it.
[2023-12-20T20:43:06.257+0000] {processor.py:839} INFO - DAG(s) dict_keys(['example_python_operator']) retrieved from /usr/local/lib/python3.10/dist-packages/airflow/example_dags/example_python_operator.py
[2023-12-20T20:43:06.275+0000] {logging_mixin.py:154} INFO - [2023-12-20T20:43:06.275+0000] {dag.py:2941} INFO - Sync 1 DAGs
[2023-12-20T20:43:06.286+0000] {logging_mixin.py:154} INFO - [2023-12-20T20:43:06.286+0000] {dag.py:3722} INFO - Setting next_dagrun for example_python_operator to None, run_after=None
[2023-12-20T20:43:06.307+0000] {processor.py:179} INFO - Processing /usr/local/lib/python3.10/dist-packages/airflow/example_dags/example_python_operator.py took 0.065 seconds
[2023-12-20T20:46:10.795+0000] {processor.py:157} INFO - Started process (PID=2761) to work on /usr/local/lib/python3.10/dist-packages/airflow/example_dags/example_python_operator.py
[2023-12-20T20:46:10.799+0000] {processor.py:829} INFO - Processing file /usr/local/lib/python3.10/dist-packages/airflow/example_dags/example_python_operator.py for tasks to queue
[2023-12-20T20:46:10.799+0000] {logging_mixin.py:154} INFO - [2023-12-20T20:46:10.799+0000] {dagbag.py:536} INFO - Filling up the DagBag from /usr/local/lib/python3.10/dist-packages/airflow/example_dags/example_python_operator.py
[2023-12-20T20:46:10.810+0000] {logging_mixin.py:154} INFO - [2023-12-20T20:46:10.809+0000] {example_python_operator.py:86} WARNING - The virtalenv_python example task requires virtualenv, please install it.
[2023-12-20T20:46:10.810+0000] {processor.py:839} INFO - DAG(s) dict_keys(['example_python_operator']) retrieved from /usr/local/lib/python3.10/dist-packages/airflow/example_dags/example_python_operator.py
[2023-12-20T20:46:10.828+0000] {logging_mixin.py:154} INFO - [2023-12-20T20:46:10.828+0000] {dag.py:2941} INFO - Sync 1 DAGs
[2023-12-20T20:46:10.838+0000] {logging_mixin.py:154} INFO - [2023-12-20T20:46:10.838+0000] {dag.py:3722} INFO - Setting next_dagrun for example_python_operator to None, run_after=None
[2023-12-20T20:46:10.862+0000] {processor.py:179} INFO - Processing /usr/local/lib/python3.10/dist-packages/airflow/example_dags/example_python_operator.py took 0.070 seconds
[2023-12-20T20:49:18.238+0000] {processor.py:157} INFO - Started process (PID=2982) to work on /usr/local/lib/python3.10/dist-packages/airflow/example_dags/example_python_operator.py
[2023-12-20T20:49:18.240+0000] {processor.py:829} INFO - Processing file /usr/local/lib/python3.10/dist-packages/airflow/example_dags/example_python_operator.py for tasks to queue
[2023-12-20T20:49:18.241+0000] {logging_mixin.py:154} INFO - [2023-12-20T20:49:18.240+0000] {dagbag.py:536} INFO - Filling up the DagBag from /usr/local/lib/python3.10/dist-packages/airflow/example_dags/example_python_operator.py
[2023-12-20T20:49:18.251+0000] {logging_mixin.py:154} INFO - [2023-12-20T20:49:18.251+0000] {example_python_operator.py:86} WARNING - The virtalenv_python example task requires virtualenv, please install it.
[2023-12-20T20:49:18.252+0000] {processor.py:839} INFO - DAG(s) dict_keys(['example_python_operator']) retrieved from /usr/local/lib/python3.10/dist-packages/airflow/example_dags/example_python_operator.py
[2023-12-20T20:49:18.268+0000] {logging_mixin.py:154} INFO - [2023-12-20T20:49:18.268+0000] {dag.py:2941} INFO - Sync 1 DAGs
[2023-12-20T20:49:18.278+0000] {logging_mixin.py:154} INFO - [2023-12-20T20:49:18.278+0000] {dag.py:3722} INFO - Setting next_dagrun for example_python_operator to None, run_after=None
[2023-12-20T20:49:18.298+0000] {processor.py:179} INFO - Processing /usr/local/lib/python3.10/dist-packages/airflow/example_dags/example_python_operator.py took 0.063 seconds
[2023-12-20T20:52:18.194+0000] {processor.py:157} INFO - Started process (PID=3251) to work on /usr/local/lib/python3.10/dist-packages/airflow/example_dags/example_python_operator.py
[2023-12-20T20:52:18.196+0000] {processor.py:829} INFO - Processing file /usr/local/lib/python3.10/dist-packages/airflow/example_dags/example_python_operator.py for tasks to queue
[2023-12-20T20:52:18.198+0000] {logging_mixin.py:154} INFO - [2023-12-20T20:52:18.197+0000] {dagbag.py:536} INFO - Filling up the DagBag from /usr/local/lib/python3.10/dist-packages/airflow/example_dags/example_python_operator.py
[2023-12-20T20:52:18.209+0000] {logging_mixin.py:154} INFO - [2023-12-20T20:52:18.209+0000] {example_python_operator.py:86} WARNING - The virtalenv_python example task requires virtualenv, please install it.
[2023-12-20T20:52:18.209+0000] {processor.py:839} INFO - DAG(s) dict_keys(['example_python_operator']) retrieved from /usr/local/lib/python3.10/dist-packages/airflow/example_dags/example_python_operator.py
[2023-12-20T20:52:18.231+0000] {logging_mixin.py:154} INFO - [2023-12-20T20:52:18.230+0000] {dag.py:2941} INFO - Sync 1 DAGs
[2023-12-20T20:52:18.244+0000] {logging_mixin.py:154} INFO - [2023-12-20T20:52:18.244+0000] {dag.py:3722} INFO - Setting next_dagrun for example_python_operator to None, run_after=None
[2023-12-20T20:52:18.271+0000] {processor.py:179} INFO - Processing /usr/local/lib/python3.10/dist-packages/airflow/example_dags/example_python_operator.py took 0.080 seconds
[2023-12-20T20:55:40.009+0000] {processor.py:157} INFO - Started process (PID=12986) to work on /usr/local/lib/python3.10/dist-packages/airflow/example_dags/example_python_operator.py
[2023-12-20T20:55:40.010+0000] {processor.py:829} INFO - Processing file /usr/local/lib/python3.10/dist-packages/airflow/example_dags/example_python_operator.py for tasks to queue
[2023-12-20T20:55:40.012+0000] {logging_mixin.py:154} INFO - [2023-12-20T20:55:40.011+0000] {dagbag.py:536} INFO - Filling up the DagBag from /usr/local/lib/python3.10/dist-packages/airflow/example_dags/example_python_operator.py
[2023-12-20T20:55:40.023+0000] {logging_mixin.py:154} INFO - [2023-12-20T20:55:40.022+0000] {example_python_operator.py:86} WARNING - The virtalenv_python example task requires virtualenv, please install it.
[2023-12-20T20:55:40.023+0000] {processor.py:839} INFO - DAG(s) dict_keys(['example_python_operator']) retrieved from /usr/local/lib/python3.10/dist-packages/airflow/example_dags/example_python_operator.py
[2023-12-20T20:55:40.044+0000] {logging_mixin.py:154} INFO - [2023-12-20T20:55:40.044+0000] {dag.py:2941} INFO - Sync 1 DAGs
[2023-12-20T20:55:40.058+0000] {logging_mixin.py:154} INFO - [2023-12-20T20:55:40.058+0000] {dag.py:3722} INFO - Setting next_dagrun for example_python_operator to None, run_after=None
[2023-12-20T20:55:40.086+0000] {processor.py:179} INFO - Processing /usr/local/lib/python3.10/dist-packages/airflow/example_dags/example_python_operator.py took 0.081 seconds
[2023-12-20T20:58:29.463+0000] {processor.py:157} INFO - Started process (PID=20402) to work on /usr/local/lib/python3.10/dist-packages/airflow/example_dags/example_python_operator.py
[2023-12-20T20:58:29.466+0000] {processor.py:829} INFO - Processing file /usr/local/lib/python3.10/dist-packages/airflow/example_dags/example_python_operator.py for tasks to queue
[2023-12-20T20:58:29.467+0000] {logging_mixin.py:154} INFO - [2023-12-20T20:58:29.466+0000] {dagbag.py:536} INFO - Filling up the DagBag from /usr/local/lib/python3.10/dist-packages/airflow/example_dags/example_python_operator.py
[2023-12-20T20:58:29.477+0000] {logging_mixin.py:154} INFO - [2023-12-20T20:58:29.477+0000] {example_python_operator.py:86} WARNING - The virtalenv_python example task requires virtualenv, please install it.
[2023-12-20T20:58:29.478+0000] {processor.py:839} INFO - DAG(s) dict_keys(['example_python_operator']) retrieved from /usr/local/lib/python3.10/dist-packages/airflow/example_dags/example_python_operator.py
[2023-12-20T20:58:29.500+0000] {logging_mixin.py:154} INFO - [2023-12-20T20:58:29.500+0000] {dag.py:2941} INFO - Sync 1 DAGs
[2023-12-20T20:58:29.516+0000] {logging_mixin.py:154} INFO - [2023-12-20T20:58:29.516+0000] {dag.py:3722} INFO - Setting next_dagrun for example_python_operator to None, run_after=None
[2023-12-20T20:58:29.544+0000] {processor.py:179} INFO - Processing /usr/local/lib/python3.10/dist-packages/airflow/example_dags/example_python_operator.py took 0.084 seconds
[2023-12-20T21:00:38.304+0000] {processor.py:157} INFO - Started process (PID=20584) to work on /usr/local/lib/python3.10/dist-packages/airflow/example_dags/example_python_operator.py
[2023-12-20T21:00:38.305+0000] {processor.py:829} INFO - Processing file /usr/local/lib/python3.10/dist-packages/airflow/example_dags/example_python_operator.py for tasks to queue
[2023-12-20T21:00:38.306+0000] {logging_mixin.py:154} INFO - [2023-12-20T21:00:38.306+0000] {dagbag.py:536} INFO - Filling up the DagBag from /usr/local/lib/python3.10/dist-packages/airflow/example_dags/example_python_operator.py
[2023-12-20T21:00:38.315+0000] {logging_mixin.py:154} INFO - [2023-12-20T21:00:38.315+0000] {example_python_operator.py:86} WARNING - The virtalenv_python example task requires virtualenv, please install it.
[2023-12-20T21:00:38.315+0000] {processor.py:839} INFO - DAG(s) dict_keys(['example_python_operator']) retrieved from /usr/local/lib/python3.10/dist-packages/airflow/example_dags/example_python_operator.py
[2023-12-20T21:00:38.333+0000] {logging_mixin.py:154} INFO - [2023-12-20T21:00:38.332+0000] {dag.py:2941} INFO - Sync 1 DAGs
[2023-12-20T21:00:38.344+0000] {logging_mixin.py:154} INFO - [2023-12-20T21:00:38.344+0000] {dag.py:3722} INFO - Setting next_dagrun for example_python_operator to None, run_after=None
[2023-12-20T21:00:38.369+0000] {processor.py:179} INFO - Processing /usr/local/lib/python3.10/dist-packages/airflow/example_dags/example_python_operator.py took 0.068 seconds
[2023-12-20T21:02:37.676+0000] {processor.py:157} INFO - Started process (PID=20751) to work on /usr/local/lib/python3.10/dist-packages/airflow/example_dags/example_python_operator.py
[2023-12-20T21:02:37.677+0000] {processor.py:829} INFO - Processing file /usr/local/lib/python3.10/dist-packages/airflow/example_dags/example_python_operator.py for tasks to queue
[2023-12-20T21:02:37.678+0000] {logging_mixin.py:154} INFO - [2023-12-20T21:02:37.677+0000] {dagbag.py:536} INFO - Filling up the DagBag from /usr/local/lib/python3.10/dist-packages/airflow/example_dags/example_python_operator.py
[2023-12-20T21:02:37.687+0000] {logging_mixin.py:154} INFO - [2023-12-20T21:02:37.686+0000] {example_python_operator.py:86} WARNING - The virtalenv_python example task requires virtualenv, please install it.
[2023-12-20T21:02:37.687+0000] {processor.py:839} INFO - DAG(s) dict_keys(['example_python_operator']) retrieved from /usr/local/lib/python3.10/dist-packages/airflow/example_dags/example_python_operator.py
[2023-12-20T21:02:37.705+0000] {logging_mixin.py:154} INFO - [2023-12-20T21:02:37.705+0000] {dag.py:2941} INFO - Sync 1 DAGs
[2023-12-20T21:02:37.716+0000] {logging_mixin.py:154} INFO - [2023-12-20T21:02:37.716+0000] {dag.py:3722} INFO - Setting next_dagrun for example_python_operator to None, run_after=None
[2023-12-20T21:02:37.738+0000] {processor.py:179} INFO - Processing /usr/local/lib/python3.10/dist-packages/airflow/example_dags/example_python_operator.py took 0.065 seconds
[2023-12-20T21:04:33.538+0000] {processor.py:157} INFO - Started process (PID=20917) to work on /usr/local/lib/python3.10/dist-packages/airflow/example_dags/example_python_operator.py
[2023-12-20T21:04:33.539+0000] {processor.py:829} INFO - Processing file /usr/local/lib/python3.10/dist-packages/airflow/example_dags/example_python_operator.py for tasks to queue
[2023-12-20T21:04:33.540+0000] {logging_mixin.py:154} INFO - [2023-12-20T21:04:33.539+0000] {dagbag.py:536} INFO - Filling up the DagBag from /usr/local/lib/python3.10/dist-packages/airflow/example_dags/example_python_operator.py
[2023-12-20T21:04:33.549+0000] {logging_mixin.py:154} INFO - [2023-12-20T21:04:33.548+0000] {example_python_operator.py:86} WARNING - The virtalenv_python example task requires virtualenv, please install it.
[2023-12-20T21:04:33.549+0000] {processor.py:839} INFO - DAG(s) dict_keys(['example_python_operator']) retrieved from /usr/local/lib/python3.10/dist-packages/airflow/example_dags/example_python_operator.py
[2023-12-20T21:04:33.569+0000] {logging_mixin.py:154} INFO - [2023-12-20T21:04:33.568+0000] {dag.py:2941} INFO - Sync 1 DAGs
[2023-12-20T21:04:33.596+0000] {logging_mixin.py:154} INFO - [2023-12-20T21:04:33.596+0000] {dag.py:3722} INFO - Setting next_dagrun for example_python_operator to None, run_after=None
[2023-12-20T21:04:33.620+0000] {processor.py:179} INFO - Processing /usr/local/lib/python3.10/dist-packages/airflow/example_dags/example_python_operator.py took 0.086 seconds
[2023-12-20T21:06:29.473+0000] {processor.py:157} INFO - Started process (PID=21082) to work on /usr/local/lib/python3.10/dist-packages/airflow/example_dags/example_python_operator.py
[2023-12-20T21:06:29.475+0000] {processor.py:829} INFO - Processing file /usr/local/lib/python3.10/dist-packages/airflow/example_dags/example_python_operator.py for tasks to queue
[2023-12-20T21:06:29.476+0000] {logging_mixin.py:154} INFO - [2023-12-20T21:06:29.475+0000] {dagbag.py:536} INFO - Filling up the DagBag from /usr/local/lib/python3.10/dist-packages/airflow/example_dags/example_python_operator.py
[2023-12-20T21:06:29.484+0000] {logging_mixin.py:154} INFO - [2023-12-20T21:06:29.484+0000] {example_python_operator.py:86} WARNING - The virtalenv_python example task requires virtualenv, please install it.
[2023-12-20T21:06:29.485+0000] {processor.py:839} INFO - DAG(s) dict_keys(['example_python_operator']) retrieved from /usr/local/lib/python3.10/dist-packages/airflow/example_dags/example_python_operator.py
[2023-12-20T21:06:29.501+0000] {logging_mixin.py:154} INFO - [2023-12-20T21:06:29.501+0000] {dag.py:2941} INFO - Sync 1 DAGs
[2023-12-20T21:06:29.515+0000] {logging_mixin.py:154} INFO - [2023-12-20T21:06:29.515+0000] {dag.py:3722} INFO - Setting next_dagrun for example_python_operator to None, run_after=None
[2023-12-20T21:06:29.537+0000] {processor.py:179} INFO - Processing /usr/local/lib/python3.10/dist-packages/airflow/example_dags/example_python_operator.py took 0.067 seconds
[2023-12-20T21:08:22.542+0000] {processor.py:157} INFO - Started process (PID=21249) to work on /usr/local/lib/python3.10/dist-packages/airflow/example_dags/example_python_operator.py
[2023-12-20T21:08:22.544+0000] {processor.py:829} INFO - Processing file /usr/local/lib/python3.10/dist-packages/airflow/example_dags/example_python_operator.py for tasks to queue
[2023-12-20T21:08:22.545+0000] {logging_mixin.py:154} INFO - [2023-12-20T21:08:22.544+0000] {dagbag.py:536} INFO - Filling up the DagBag from /usr/local/lib/python3.10/dist-packages/airflow/example_dags/example_python_operator.py
[2023-12-20T21:08:22.554+0000] {logging_mixin.py:154} INFO - [2023-12-20T21:08:22.553+0000] {example_python_operator.py:86} WARNING - The virtalenv_python example task requires virtualenv, please install it.
[2023-12-20T21:08:22.554+0000] {processor.py:839} INFO - DAG(s) dict_keys(['example_python_operator']) retrieved from /usr/local/lib/python3.10/dist-packages/airflow/example_dags/example_python_operator.py
[2023-12-20T21:08:22.571+0000] {logging_mixin.py:154} INFO - [2023-12-20T21:08:22.570+0000] {dag.py:2941} INFO - Sync 1 DAGs
[2023-12-20T21:08:22.580+0000] {logging_mixin.py:154} INFO - [2023-12-20T21:08:22.580+0000] {dag.py:3722} INFO - Setting next_dagrun for example_python_operator to None, run_after=None
[2023-12-20T21:08:22.600+0000] {processor.py:179} INFO - Processing /usr/local/lib/python3.10/dist-packages/airflow/example_dags/example_python_operator.py took 0.061 seconds
[2023-12-20T21:10:18.864+0000] {processor.py:157} INFO - Started process (PID=21427) to work on /usr/local/lib/python3.10/dist-packages/airflow/example_dags/example_python_operator.py
[2023-12-20T21:10:18.865+0000] {processor.py:829} INFO - Processing file /usr/local/lib/python3.10/dist-packages/airflow/example_dags/example_python_operator.py for tasks to queue
[2023-12-20T21:10:18.866+0000] {logging_mixin.py:154} INFO - [2023-12-20T21:10:18.866+0000] {dagbag.py:536} INFO - Filling up the DagBag from /usr/local/lib/python3.10/dist-packages/airflow/example_dags/example_python_operator.py
[2023-12-20T21:10:18.875+0000] {logging_mixin.py:154} INFO - [2023-12-20T21:10:18.874+0000] {example_python_operator.py:86} WARNING - The virtalenv_python example task requires virtualenv, please install it.
[2023-12-20T21:10:18.875+0000] {processor.py:839} INFO - DAG(s) dict_keys(['example_python_operator']) retrieved from /usr/local/lib/python3.10/dist-packages/airflow/example_dags/example_python_operator.py
[2023-12-20T21:10:18.892+0000] {logging_mixin.py:154} INFO - [2023-12-20T21:10:18.891+0000] {dag.py:2941} INFO - Sync 1 DAGs
[2023-12-20T21:10:18.902+0000] {logging_mixin.py:154} INFO - [2023-12-20T21:10:18.902+0000] {dag.py:3722} INFO - Setting next_dagrun for example_python_operator to None, run_after=None
[2023-12-20T21:10:18.923+0000] {processor.py:179} INFO - Processing /usr/local/lib/python3.10/dist-packages/airflow/example_dags/example_python_operator.py took 0.062 seconds
[2023-12-20T21:12:11.721+0000] {processor.py:157} INFO - Started process (PID=21592) to work on /usr/local/lib/python3.10/dist-packages/airflow/example_dags/example_python_operator.py
[2023-12-20T21:12:11.723+0000] {processor.py:829} INFO - Processing file /usr/local/lib/python3.10/dist-packages/airflow/example_dags/example_python_operator.py for tasks to queue
[2023-12-20T21:12:11.724+0000] {logging_mixin.py:154} INFO - [2023-12-20T21:12:11.723+0000] {dagbag.py:536} INFO - Filling up the DagBag from /usr/local/lib/python3.10/dist-packages/airflow/example_dags/example_python_operator.py
[2023-12-20T21:12:11.732+0000] {logging_mixin.py:154} INFO - [2023-12-20T21:12:11.732+0000] {example_python_operator.py:86} WARNING - The virtalenv_python example task requires virtualenv, please install it.
[2023-12-20T21:12:11.733+0000] {processor.py:839} INFO - DAG(s) dict_keys(['example_python_operator']) retrieved from /usr/local/lib/python3.10/dist-packages/airflow/example_dags/example_python_operator.py
[2023-12-20T21:12:11.748+0000] {logging_mixin.py:154} INFO - [2023-12-20T21:12:11.748+0000] {dag.py:2941} INFO - Sync 1 DAGs
[2023-12-20T21:12:11.758+0000] {logging_mixin.py:154} INFO - [2023-12-20T21:12:11.758+0000] {dag.py:3722} INFO - Setting next_dagrun for example_python_operator to None, run_after=None
[2023-12-20T21:12:11.778+0000] {processor.py:179} INFO - Processing /usr/local/lib/python3.10/dist-packages/airflow/example_dags/example_python_operator.py took 0.060 seconds
[2023-12-20T21:14:07.777+0000] {processor.py:157} INFO - Started process (PID=21762) to work on /usr/local/lib/python3.10/dist-packages/airflow/example_dags/example_python_operator.py
[2023-12-20T21:14:07.779+0000] {processor.py:829} INFO - Processing file /usr/local/lib/python3.10/dist-packages/airflow/example_dags/example_python_operator.py for tasks to queue
[2023-12-20T21:14:07.780+0000] {logging_mixin.py:154} INFO - [2023-12-20T21:14:07.779+0000] {dagbag.py:536} INFO - Filling up the DagBag from /usr/local/lib/python3.10/dist-packages/airflow/example_dags/example_python_operator.py
[2023-12-20T21:14:07.793+0000] {logging_mixin.py:154} INFO - [2023-12-20T21:14:07.792+0000] {example_python_operator.py:86} WARNING - The virtalenv_python example task requires virtualenv, please install it.
[2023-12-20T21:14:07.793+0000] {processor.py:839} INFO - DAG(s) dict_keys(['example_python_operator']) retrieved from /usr/local/lib/python3.10/dist-packages/airflow/example_dags/example_python_operator.py
[2023-12-20T21:14:07.813+0000] {logging_mixin.py:154} INFO - [2023-12-20T21:14:07.812+0000] {dag.py:2941} INFO - Sync 1 DAGs
[2023-12-20T21:14:07.824+0000] {logging_mixin.py:154} INFO - [2023-12-20T21:14:07.824+0000] {dag.py:3722} INFO - Setting next_dagrun for example_python_operator to None, run_after=None
[2023-12-20T21:14:07.847+0000] {processor.py:179} INFO - Processing /usr/local/lib/python3.10/dist-packages/airflow/example_dags/example_python_operator.py took 0.075 seconds
[2023-12-20T21:16:01.321+0000] {processor.py:157} INFO - Started process (PID=21926) to work on /usr/local/lib/python3.10/dist-packages/airflow/example_dags/example_python_operator.py
[2023-12-20T21:16:01.322+0000] {processor.py:829} INFO - Processing file /usr/local/lib/python3.10/dist-packages/airflow/example_dags/example_python_operator.py for tasks to queue
[2023-12-20T21:16:01.323+0000] {logging_mixin.py:154} INFO - [2023-12-20T21:16:01.323+0000] {dagbag.py:536} INFO - Filling up the DagBag from /usr/local/lib/python3.10/dist-packages/airflow/example_dags/example_python_operator.py
[2023-12-20T21:16:01.334+0000] {logging_mixin.py:154} INFO - [2023-12-20T21:16:01.334+0000] {example_python_operator.py:86} WARNING - The virtalenv_python example task requires virtualenv, please install it.
[2023-12-20T21:16:01.335+0000] {processor.py:839} INFO - DAG(s) dict_keys(['example_python_operator']) retrieved from /usr/local/lib/python3.10/dist-packages/airflow/example_dags/example_python_operator.py
[2023-12-20T21:16:01.354+0000] {logging_mixin.py:154} INFO - [2023-12-20T21:16:01.353+0000] {dag.py:2941} INFO - Sync 1 DAGs
[2023-12-20T21:16:01.374+0000] {logging_mixin.py:154} INFO - [2023-12-20T21:16:01.374+0000] {dag.py:3722} INFO - Setting next_dagrun for example_python_operator to None, run_after=None
[2023-12-20T21:16:01.405+0000] {processor.py:179} INFO - Processing /usr/local/lib/python3.10/dist-packages/airflow/example_dags/example_python_operator.py took 0.091 seconds
[2023-12-20T21:17:56.937+0000] {processor.py:157} INFO - Started process (PID=22094) to work on /usr/local/lib/python3.10/dist-packages/airflow/example_dags/example_python_operator.py
[2023-12-20T21:17:56.938+0000] {processor.py:829} INFO - Processing file /usr/local/lib/python3.10/dist-packages/airflow/example_dags/example_python_operator.py for tasks to queue
[2023-12-20T21:17:56.939+0000] {logging_mixin.py:154} INFO - [2023-12-20T21:17:56.939+0000] {dagbag.py:536} INFO - Filling up the DagBag from /usr/local/lib/python3.10/dist-packages/airflow/example_dags/example_python_operator.py
[2023-12-20T21:17:56.948+0000] {logging_mixin.py:154} INFO - [2023-12-20T21:17:56.948+0000] {example_python_operator.py:86} WARNING - The virtalenv_python example task requires virtualenv, please install it.
[2023-12-20T21:17:56.949+0000] {processor.py:839} INFO - DAG(s) dict_keys(['example_python_operator']) retrieved from /usr/local/lib/python3.10/dist-packages/airflow/example_dags/example_python_operator.py
[2023-12-20T21:17:56.965+0000] {logging_mixin.py:154} INFO - [2023-12-20T21:17:56.965+0000] {dag.py:2941} INFO - Sync 1 DAGs
[2023-12-20T21:17:56.976+0000] {logging_mixin.py:154} INFO - [2023-12-20T21:17:56.976+0000] {dag.py:3722} INFO - Setting next_dagrun for example_python_operator to None, run_after=None
[2023-12-20T21:17:56.996+0000] {processor.py:179} INFO - Processing /usr/local/lib/python3.10/dist-packages/airflow/example_dags/example_python_operator.py took 0.062 seconds
[2023-12-20T21:19:52.193+0000] {processor.py:157} INFO - Started process (PID=22259) to work on /usr/local/lib/python3.10/dist-packages/airflow/example_dags/example_python_operator.py
[2023-12-20T21:19:52.195+0000] {processor.py:829} INFO - Processing file /usr/local/lib/python3.10/dist-packages/airflow/example_dags/example_python_operator.py for tasks to queue
[2023-12-20T21:19:52.196+0000] {logging_mixin.py:154} INFO - [2023-12-20T21:19:52.195+0000] {dagbag.py:536} INFO - Filling up the DagBag from /usr/local/lib/python3.10/dist-packages/airflow/example_dags/example_python_operator.py
[2023-12-20T21:19:52.205+0000] {logging_mixin.py:154} INFO - [2023-12-20T21:19:52.205+0000] {example_python_operator.py:86} WARNING - The virtalenv_python example task requires virtualenv, please install it.
[2023-12-20T21:19:52.205+0000] {processor.py:839} INFO - DAG(s) dict_keys(['example_python_operator']) retrieved from /usr/local/lib/python3.10/dist-packages/airflow/example_dags/example_python_operator.py
[2023-12-20T21:19:52.222+0000] {logging_mixin.py:154} INFO - [2023-12-20T21:19:52.222+0000] {dag.py:2941} INFO - Sync 1 DAGs
[2023-12-20T21:19:52.233+0000] {logging_mixin.py:154} INFO - [2023-12-20T21:19:52.233+0000] {dag.py:3722} INFO - Setting next_dagrun for example_python_operator to None, run_after=None
[2023-12-20T21:19:52.255+0000] {processor.py:179} INFO - Processing /usr/local/lib/python3.10/dist-packages/airflow/example_dags/example_python_operator.py took 0.065 seconds
[2023-12-20T21:21:50.499+0000] {processor.py:157} INFO - Started process (PID=22425) to work on /usr/local/lib/python3.10/dist-packages/airflow/example_dags/example_python_operator.py
[2023-12-20T21:21:50.501+0000] {processor.py:829} INFO - Processing file /usr/local/lib/python3.10/dist-packages/airflow/example_dags/example_python_operator.py for tasks to queue
[2023-12-20T21:21:50.501+0000] {logging_mixin.py:154} INFO - [2023-12-20T21:21:50.501+0000] {dagbag.py:536} INFO - Filling up the DagBag from /usr/local/lib/python3.10/dist-packages/airflow/example_dags/example_python_operator.py
[2023-12-20T21:21:50.510+0000] {logging_mixin.py:154} INFO - [2023-12-20T21:21:50.510+0000] {example_python_operator.py:86} WARNING - The virtalenv_python example task requires virtualenv, please install it.
[2023-12-20T21:21:50.510+0000] {processor.py:839} INFO - DAG(s) dict_keys(['example_python_operator']) retrieved from /usr/local/lib/python3.10/dist-packages/airflow/example_dags/example_python_operator.py
[2023-12-20T21:21:50.526+0000] {logging_mixin.py:154} INFO - [2023-12-20T21:21:50.526+0000] {dag.py:2941} INFO - Sync 1 DAGs
[2023-12-20T21:21:50.536+0000] {logging_mixin.py:154} INFO - [2023-12-20T21:21:50.536+0000] {dag.py:3722} INFO - Setting next_dagrun for example_python_operator to None, run_after=None
[2023-12-20T21:21:50.557+0000] {processor.py:179} INFO - Processing /usr/local/lib/python3.10/dist-packages/airflow/example_dags/example_python_operator.py took 0.061 seconds
[2023-12-20T21:23:45.706+0000] {processor.py:157} INFO - Started process (PID=22590) to work on /usr/local/lib/python3.10/dist-packages/airflow/example_dags/example_python_operator.py
[2023-12-20T21:23:45.707+0000] {processor.py:829} INFO - Processing file /usr/local/lib/python3.10/dist-packages/airflow/example_dags/example_python_operator.py for tasks to queue
[2023-12-20T21:23:45.708+0000] {logging_mixin.py:154} INFO - [2023-12-20T21:23:45.708+0000] {dagbag.py:536} INFO - Filling up the DagBag from /usr/local/lib/python3.10/dist-packages/airflow/example_dags/example_python_operator.py
[2023-12-20T21:23:45.716+0000] {logging_mixin.py:154} INFO - [2023-12-20T21:23:45.716+0000] {example_python_operator.py:86} WARNING - The virtalenv_python example task requires virtualenv, please install it.
[2023-12-20T21:23:45.717+0000] {processor.py:839} INFO - DAG(s) dict_keys(['example_python_operator']) retrieved from /usr/local/lib/python3.10/dist-packages/airflow/example_dags/example_python_operator.py
[2023-12-20T21:23:45.735+0000] {logging_mixin.py:154} INFO - [2023-12-20T21:23:45.735+0000] {dag.py:2941} INFO - Sync 1 DAGs
[2023-12-20T21:23:45.748+0000] {logging_mixin.py:154} INFO - [2023-12-20T21:23:45.748+0000] {dag.py:3722} INFO - Setting next_dagrun for example_python_operator to None, run_after=None
[2023-12-20T21:23:45.777+0000] {processor.py:179} INFO - Processing /usr/local/lib/python3.10/dist-packages/airflow/example_dags/example_python_operator.py took 0.074 seconds
[2023-12-20T21:27:18.570+0000] {processor.py:157} INFO - Started process (PID=22756) to work on /usr/local/lib/python3.10/dist-packages/airflow/example_dags/example_python_operator.py
[2023-12-20T21:27:18.572+0000] {processor.py:829} INFO - Processing file /usr/local/lib/python3.10/dist-packages/airflow/example_dags/example_python_operator.py for tasks to queue
[2023-12-20T21:27:18.573+0000] {logging_mixin.py:154} INFO - [2023-12-20T21:27:18.573+0000] {dagbag.py:536} INFO - Filling up the DagBag from /usr/local/lib/python3.10/dist-packages/airflow/example_dags/example_python_operator.py
[2023-12-20T21:27:18.583+0000] {logging_mixin.py:154} INFO - [2023-12-20T21:27:18.582+0000] {example_python_operator.py:86} WARNING - The virtalenv_python example task requires virtualenv, please install it.
[2023-12-20T21:27:18.583+0000] {processor.py:839} INFO - DAG(s) dict_keys(['example_python_operator']) retrieved from /usr/local/lib/python3.10/dist-packages/airflow/example_dags/example_python_operator.py
[2023-12-20T21:27:18.646+0000] {logging_mixin.py:154} INFO - [2023-12-20T21:27:18.646+0000] {dag.py:2941} INFO - Sync 1 DAGs
[2023-12-20T21:27:18.658+0000] {logging_mixin.py:154} INFO - [2023-12-20T21:27:18.658+0000] {dag.py:3722} INFO - Setting next_dagrun for example_python_operator to None, run_after=None
[2023-12-20T21:27:18.681+0000] {processor.py:179} INFO - Processing /usr/local/lib/python3.10/dist-packages/airflow/example_dags/example_python_operator.py took 0.115 seconds
[2023-12-20T21:31:51.235+0000] {processor.py:157} INFO - Started process (PID=22941) to work on /usr/local/lib/python3.10/dist-packages/airflow/example_dags/example_python_operator.py
[2023-12-20T21:31:51.258+0000] {processor.py:829} INFO - Processing file /usr/local/lib/python3.10/dist-packages/airflow/example_dags/example_python_operator.py for tasks to queue
[2023-12-20T21:31:51.259+0000] {logging_mixin.py:154} INFO - [2023-12-20T21:31:51.258+0000] {dagbag.py:536} INFO - Filling up the DagBag from /usr/local/lib/python3.10/dist-packages/airflow/example_dags/example_python_operator.py
[2023-12-20T21:31:51.292+0000] {logging_mixin.py:154} INFO - [2023-12-20T21:31:51.292+0000] {example_python_operator.py:86} WARNING - The virtalenv_python example task requires virtualenv, please install it.
[2023-12-20T21:31:51.292+0000] {processor.py:839} INFO - DAG(s) dict_keys(['example_python_operator']) retrieved from /usr/local/lib/python3.10/dist-packages/airflow/example_dags/example_python_operator.py
[2023-12-20T21:31:51.309+0000] {logging_mixin.py:154} INFO - [2023-12-20T21:31:51.309+0000] {dag.py:2941} INFO - Sync 1 DAGs
[2023-12-20T21:31:51.368+0000] {logging_mixin.py:154} INFO - [2023-12-20T21:31:51.368+0000] {dag.py:3722} INFO - Setting next_dagrun for example_python_operator to None, run_after=None
[2023-12-20T21:31:51.389+0000] {processor.py:179} INFO - Processing /usr/local/lib/python3.10/dist-packages/airflow/example_dags/example_python_operator.py took 0.157 seconds
[2023-12-20T21:36:28.181+0000] {processor.py:157} INFO - Started process (PID=23125) to work on /usr/local/lib/python3.10/dist-packages/airflow/example_dags/example_python_operator.py
[2023-12-20T21:36:28.183+0000] {processor.py:829} INFO - Processing file /usr/local/lib/python3.10/dist-packages/airflow/example_dags/example_python_operator.py for tasks to queue
[2023-12-20T21:36:28.184+0000] {logging_mixin.py:154} INFO - [2023-12-20T21:36:28.183+0000] {dagbag.py:536} INFO - Filling up the DagBag from /usr/local/lib/python3.10/dist-packages/airflow/example_dags/example_python_operator.py
[2023-12-20T21:36:28.194+0000] {logging_mixin.py:154} INFO - [2023-12-20T21:36:28.194+0000] {example_python_operator.py:86} WARNING - The virtalenv_python example task requires virtualenv, please install it.
[2023-12-20T21:36:28.194+0000] {processor.py:839} INFO - DAG(s) dict_keys(['example_python_operator']) retrieved from /usr/local/lib/python3.10/dist-packages/airflow/example_dags/example_python_operator.py
[2023-12-20T21:36:28.260+0000] {logging_mixin.py:154} INFO - [2023-12-20T21:36:28.260+0000] {dag.py:2941} INFO - Sync 1 DAGs
[2023-12-20T21:36:28.273+0000] {logging_mixin.py:154} INFO - [2023-12-20T21:36:28.272+0000] {dag.py:3722} INFO - Setting next_dagrun for example_python_operator to None, run_after=None
[2023-12-20T21:36:28.336+0000] {processor.py:179} INFO - Processing /usr/local/lib/python3.10/dist-packages/airflow/example_dags/example_python_operator.py took 0.158 seconds
