[2023-12-20T20:23:11.072+0000] {processor.py:157} INFO - Started process (PID=1030) to work on /usr/local/lib/python3.10/dist-packages/airflow/example_dags/example_trigger_controller_dag.py
[2023-12-20T20:23:11.074+0000] {processor.py:829} INFO - Processing file /usr/local/lib/python3.10/dist-packages/airflow/example_dags/example_trigger_controller_dag.py for tasks to queue
[2023-12-20T20:23:11.074+0000] {logging_mixin.py:154} INFO - [2023-12-20T20:23:11.074+0000] {dagbag.py:536} INFO - Filling up the DagBag from /usr/local/lib/python3.10/dist-packages/airflow/example_dags/example_trigger_controller_dag.py
[2023-12-20T20:23:11.085+0000] {processor.py:839} INFO - DAG(s) dict_keys(['example_trigger_controller_dag']) retrieved from /usr/local/lib/python3.10/dist-packages/airflow/example_dags/example_trigger_controller_dag.py
[2023-12-20T20:23:11.103+0000] {logging_mixin.py:154} INFO - [2023-12-20T20:23:11.103+0000] {dag.py:2941} INFO - Sync 1 DAGs
[2023-12-20T20:23:11.127+0000] {logging_mixin.py:154} INFO - [2023-12-20T20:23:11.126+0000] {dag.py:3722} INFO - Setting next_dagrun for example_trigger_controller_dag to 2021-01-01T00:00:00+00:00, run_after=2021-01-01T00:00:00+00:00
[2023-12-20T20:23:11.150+0000] {processor.py:179} INFO - Processing /usr/local/lib/python3.10/dist-packages/airflow/example_dags/example_trigger_controller_dag.py took 0.081 seconds
[2023-12-20T20:27:13.093+0000] {processor.py:157} INFO - Started process (PID=1328) to work on /usr/local/lib/python3.10/dist-packages/airflow/example_dags/example_trigger_controller_dag.py
[2023-12-20T20:27:13.106+0000] {processor.py:829} INFO - Processing file /usr/local/lib/python3.10/dist-packages/airflow/example_dags/example_trigger_controller_dag.py for tasks to queue
[2023-12-20T20:27:13.107+0000] {logging_mixin.py:154} INFO - [2023-12-20T20:27:13.107+0000] {dagbag.py:536} INFO - Filling up the DagBag from /usr/local/lib/python3.10/dist-packages/airflow/example_dags/example_trigger_controller_dag.py
[2023-12-20T20:27:13.114+0000] {processor.py:839} INFO - DAG(s) dict_keys(['example_trigger_controller_dag']) retrieved from /usr/local/lib/python3.10/dist-packages/airflow/example_dags/example_trigger_controller_dag.py
[2023-12-20T20:27:13.134+0000] {logging_mixin.py:154} INFO - [2023-12-20T20:27:13.133+0000] {dag.py:2941} INFO - Sync 1 DAGs
[2023-12-20T20:27:13.152+0000] {logging_mixin.py:154} INFO - [2023-12-20T20:27:13.151+0000] {dag.py:3722} INFO - Setting next_dagrun for example_trigger_controller_dag to 2021-01-01T00:00:00+00:00, run_after=2021-01-01T00:00:00+00:00
[2023-12-20T20:27:13.173+0000] {processor.py:179} INFO - Processing /usr/local/lib/python3.10/dist-packages/airflow/example_dags/example_trigger_controller_dag.py took 0.082 seconds
[2023-12-20T20:29:31.965+0000] {processor.py:157} INFO - Started process (PID=1502) to work on /usr/local/lib/python3.10/dist-packages/airflow/example_dags/example_trigger_controller_dag.py
[2023-12-20T20:29:31.972+0000] {processor.py:829} INFO - Processing file /usr/local/lib/python3.10/dist-packages/airflow/example_dags/example_trigger_controller_dag.py for tasks to queue
[2023-12-20T20:29:31.973+0000] {logging_mixin.py:154} INFO - [2023-12-20T20:29:31.973+0000] {dagbag.py:536} INFO - Filling up the DagBag from /usr/local/lib/python3.10/dist-packages/airflow/example_dags/example_trigger_controller_dag.py
[2023-12-20T20:29:31.978+0000] {processor.py:839} INFO - DAG(s) dict_keys(['example_trigger_controller_dag']) retrieved from /usr/local/lib/python3.10/dist-packages/airflow/example_dags/example_trigger_controller_dag.py
[2023-12-20T20:29:31.992+0000] {logging_mixin.py:154} INFO - [2023-12-20T20:29:31.992+0000] {dag.py:2941} INFO - Sync 1 DAGs
[2023-12-20T20:29:32.009+0000] {logging_mixin.py:154} INFO - [2023-12-20T20:29:32.009+0000] {dag.py:3722} INFO - Setting next_dagrun for example_trigger_controller_dag to 2021-01-01T00:00:00+00:00, run_after=2021-01-01T00:00:00+00:00
[2023-12-20T20:29:32.168+0000] {processor.py:179} INFO - Processing /usr/local/lib/python3.10/dist-packages/airflow/example_dags/example_trigger_controller_dag.py took 0.206 seconds
[2023-12-20T20:32:38.857+0000] {processor.py:157} INFO - Started process (PID=1742) to work on /usr/local/lib/python3.10/dist-packages/airflow/example_dags/example_trigger_controller_dag.py
[2023-12-20T20:32:38.858+0000] {processor.py:829} INFO - Processing file /usr/local/lib/python3.10/dist-packages/airflow/example_dags/example_trigger_controller_dag.py for tasks to queue
[2023-12-20T20:32:38.859+0000] {logging_mixin.py:154} INFO - [2023-12-20T20:32:38.859+0000] {dagbag.py:536} INFO - Filling up the DagBag from /usr/local/lib/python3.10/dist-packages/airflow/example_dags/example_trigger_controller_dag.py
[2023-12-20T20:32:38.864+0000] {processor.py:839} INFO - DAG(s) dict_keys(['example_trigger_controller_dag']) retrieved from /usr/local/lib/python3.10/dist-packages/airflow/example_dags/example_trigger_controller_dag.py
[2023-12-20T20:32:38.880+0000] {logging_mixin.py:154} INFO - [2023-12-20T20:32:38.879+0000] {dag.py:2941} INFO - Sync 1 DAGs
[2023-12-20T20:32:39.062+0000] {logging_mixin.py:154} INFO - [2023-12-20T20:32:39.061+0000] {dag.py:3722} INFO - Setting next_dagrun for example_trigger_controller_dag to 2021-01-01T00:00:00+00:00, run_after=2021-01-01T00:00:00+00:00
[2023-12-20T20:32:39.089+0000] {processor.py:179} INFO - Processing /usr/local/lib/python3.10/dist-packages/airflow/example_dags/example_trigger_controller_dag.py took 0.235 seconds
[2023-12-20T20:35:32.344+0000] {processor.py:157} INFO - Started process (PID=1971) to work on /usr/local/lib/python3.10/dist-packages/airflow/example_dags/example_trigger_controller_dag.py
[2023-12-20T20:35:32.345+0000] {processor.py:829} INFO - Processing file /usr/local/lib/python3.10/dist-packages/airflow/example_dags/example_trigger_controller_dag.py for tasks to queue
[2023-12-20T20:35:32.346+0000] {logging_mixin.py:154} INFO - [2023-12-20T20:35:32.346+0000] {dagbag.py:536} INFO - Filling up the DagBag from /usr/local/lib/python3.10/dist-packages/airflow/example_dags/example_trigger_controller_dag.py
[2023-12-20T20:35:32.352+0000] {processor.py:839} INFO - DAG(s) dict_keys(['example_trigger_controller_dag']) retrieved from /usr/local/lib/python3.10/dist-packages/airflow/example_dags/example_trigger_controller_dag.py
[2023-12-20T20:35:32.370+0000] {logging_mixin.py:154} INFO - [2023-12-20T20:35:32.370+0000] {dag.py:2941} INFO - Sync 1 DAGs
[2023-12-20T20:35:32.388+0000] {logging_mixin.py:154} INFO - [2023-12-20T20:35:32.388+0000] {dag.py:3722} INFO - Setting next_dagrun for example_trigger_controller_dag to 2021-01-01T00:00:00+00:00, run_after=2021-01-01T00:00:00+00:00
[2023-12-20T20:35:32.410+0000] {processor.py:179} INFO - Processing /usr/local/lib/python3.10/dist-packages/airflow/example_dags/example_trigger_controller_dag.py took 0.069 seconds
[2023-12-20T20:39:04.847+0000] {processor.py:157} INFO - Started process (PID=2245) to work on /usr/local/lib/python3.10/dist-packages/airflow/example_dags/example_trigger_controller_dag.py
[2023-12-20T20:39:04.848+0000] {processor.py:829} INFO - Processing file /usr/local/lib/python3.10/dist-packages/airflow/example_dags/example_trigger_controller_dag.py for tasks to queue
[2023-12-20T20:39:04.849+0000] {logging_mixin.py:154} INFO - [2023-12-20T20:39:04.848+0000] {dagbag.py:536} INFO - Filling up the DagBag from /usr/local/lib/python3.10/dist-packages/airflow/example_dags/example_trigger_controller_dag.py
[2023-12-20T20:39:04.854+0000] {processor.py:839} INFO - DAG(s) dict_keys(['example_trigger_controller_dag']) retrieved from /usr/local/lib/python3.10/dist-packages/airflow/example_dags/example_trigger_controller_dag.py
[2023-12-20T20:39:04.871+0000] {logging_mixin.py:154} INFO - [2023-12-20T20:39:04.871+0000] {dag.py:2941} INFO - Sync 1 DAGs
[2023-12-20T20:39:04.890+0000] {logging_mixin.py:154} INFO - [2023-12-20T20:39:04.889+0000] {dag.py:3722} INFO - Setting next_dagrun for example_trigger_controller_dag to 2021-01-01T00:00:00+00:00, run_after=2021-01-01T00:00:00+00:00
[2023-12-20T20:39:04.913+0000] {processor.py:179} INFO - Processing /usr/local/lib/python3.10/dist-packages/airflow/example_dags/example_trigger_controller_dag.py took 0.069 seconds
[2023-12-20T20:42:31.201+0000] {processor.py:157} INFO - Started process (PID=2502) to work on /usr/local/lib/python3.10/dist-packages/airflow/example_dags/example_trigger_controller_dag.py
[2023-12-20T20:42:31.242+0000] {processor.py:829} INFO - Processing file /usr/local/lib/python3.10/dist-packages/airflow/example_dags/example_trigger_controller_dag.py for tasks to queue
[2023-12-20T20:42:31.244+0000] {logging_mixin.py:154} INFO - [2023-12-20T20:42:31.243+0000] {dagbag.py:536} INFO - Filling up the DagBag from /usr/local/lib/python3.10/dist-packages/airflow/example_dags/example_trigger_controller_dag.py
[2023-12-20T20:42:31.255+0000] {processor.py:839} INFO - DAG(s) dict_keys(['example_trigger_controller_dag']) retrieved from /usr/local/lib/python3.10/dist-packages/airflow/example_dags/example_trigger_controller_dag.py
[2023-12-20T20:42:31.276+0000] {logging_mixin.py:154} INFO - [2023-12-20T20:42:31.275+0000] {dag.py:2941} INFO - Sync 1 DAGs
[2023-12-20T20:42:31.300+0000] {logging_mixin.py:154} INFO - [2023-12-20T20:42:31.299+0000] {dag.py:3722} INFO - Setting next_dagrun for example_trigger_controller_dag to 2021-01-01T00:00:00+00:00, run_after=2021-01-01T00:00:00+00:00
[2023-12-20T20:42:31.322+0000] {processor.py:179} INFO - Processing /usr/local/lib/python3.10/dist-packages/airflow/example_dags/example_trigger_controller_dag.py took 0.125 seconds
[2023-12-20T20:45:39.576+0000] {processor.py:157} INFO - Started process (PID=2725) to work on /usr/local/lib/python3.10/dist-packages/airflow/example_dags/example_trigger_controller_dag.py
[2023-12-20T20:45:39.577+0000] {processor.py:829} INFO - Processing file /usr/local/lib/python3.10/dist-packages/airflow/example_dags/example_trigger_controller_dag.py for tasks to queue
[2023-12-20T20:45:39.578+0000] {logging_mixin.py:154} INFO - [2023-12-20T20:45:39.578+0000] {dagbag.py:536} INFO - Filling up the DagBag from /usr/local/lib/python3.10/dist-packages/airflow/example_dags/example_trigger_controller_dag.py
[2023-12-20T20:45:39.585+0000] {processor.py:839} INFO - DAG(s) dict_keys(['example_trigger_controller_dag']) retrieved from /usr/local/lib/python3.10/dist-packages/airflow/example_dags/example_trigger_controller_dag.py
[2023-12-20T20:45:39.602+0000] {logging_mixin.py:154} INFO - [2023-12-20T20:45:39.602+0000] {dag.py:2941} INFO - Sync 1 DAGs
[2023-12-20T20:45:39.623+0000] {logging_mixin.py:154} INFO - [2023-12-20T20:45:39.623+0000] {dag.py:3722} INFO - Setting next_dagrun for example_trigger_controller_dag to 2021-01-01T00:00:00+00:00, run_after=2021-01-01T00:00:00+00:00
[2023-12-20T20:45:39.668+0000] {processor.py:179} INFO - Processing /usr/local/lib/python3.10/dist-packages/airflow/example_dags/example_trigger_controller_dag.py took 0.095 seconds
[2023-12-20T20:48:37.669+0000] {processor.py:157} INFO - Started process (PID=2932) to work on /usr/local/lib/python3.10/dist-packages/airflow/example_dags/example_trigger_controller_dag.py
[2023-12-20T20:48:37.671+0000] {processor.py:829} INFO - Processing file /usr/local/lib/python3.10/dist-packages/airflow/example_dags/example_trigger_controller_dag.py for tasks to queue
[2023-12-20T20:48:37.671+0000] {logging_mixin.py:154} INFO - [2023-12-20T20:48:37.671+0000] {dagbag.py:536} INFO - Filling up the DagBag from /usr/local/lib/python3.10/dist-packages/airflow/example_dags/example_trigger_controller_dag.py
[2023-12-20T20:48:37.677+0000] {processor.py:839} INFO - DAG(s) dict_keys(['example_trigger_controller_dag']) retrieved from /usr/local/lib/python3.10/dist-packages/airflow/example_dags/example_trigger_controller_dag.py
[2023-12-20T20:48:37.693+0000] {logging_mixin.py:154} INFO - [2023-12-20T20:48:37.693+0000] {dag.py:2941} INFO - Sync 1 DAGs
[2023-12-20T20:48:37.713+0000] {logging_mixin.py:154} INFO - [2023-12-20T20:48:37.713+0000] {dag.py:3722} INFO - Setting next_dagrun for example_trigger_controller_dag to 2021-01-01T00:00:00+00:00, run_after=2021-01-01T00:00:00+00:00
[2023-12-20T20:48:37.736+0000] {processor.py:179} INFO - Processing /usr/local/lib/python3.10/dist-packages/airflow/example_dags/example_trigger_controller_dag.py took 0.070 seconds
[2023-12-20T20:51:30.324+0000] {processor.py:157} INFO - Started process (PID=3142) to work on /usr/local/lib/python3.10/dist-packages/airflow/example_dags/example_trigger_controller_dag.py
[2023-12-20T20:51:30.326+0000] {processor.py:829} INFO - Processing file /usr/local/lib/python3.10/dist-packages/airflow/example_dags/example_trigger_controller_dag.py for tasks to queue
[2023-12-20T20:51:30.328+0000] {logging_mixin.py:154} INFO - [2023-12-20T20:51:30.327+0000] {dagbag.py:536} INFO - Filling up the DagBag from /usr/local/lib/python3.10/dist-packages/airflow/example_dags/example_trigger_controller_dag.py
[2023-12-20T20:51:30.333+0000] {processor.py:839} INFO - DAG(s) dict_keys(['example_trigger_controller_dag']) retrieved from /usr/local/lib/python3.10/dist-packages/airflow/example_dags/example_trigger_controller_dag.py
[2023-12-20T20:51:30.353+0000] {logging_mixin.py:154} INFO - [2023-12-20T20:51:30.353+0000] {dag.py:2941} INFO - Sync 1 DAGs
[2023-12-20T20:51:30.380+0000] {logging_mixin.py:154} INFO - [2023-12-20T20:51:30.379+0000] {dag.py:3722} INFO - Setting next_dagrun for example_trigger_controller_dag to 2021-01-01T00:00:00+00:00, run_after=2021-01-01T00:00:00+00:00
[2023-12-20T20:51:30.412+0000] {processor.py:179} INFO - Processing /usr/local/lib/python3.10/dist-packages/airflow/example_dags/example_trigger_controller_dag.py took 0.092 seconds
[2023-12-20T20:54:59.107+0000] {processor.py:157} INFO - Started process (PID=11326) to work on /usr/local/lib/python3.10/dist-packages/airflow/example_dags/example_trigger_controller_dag.py
[2023-12-20T20:54:59.109+0000] {processor.py:829} INFO - Processing file /usr/local/lib/python3.10/dist-packages/airflow/example_dags/example_trigger_controller_dag.py for tasks to queue
[2023-12-20T20:54:59.110+0000] {logging_mixin.py:154} INFO - [2023-12-20T20:54:59.110+0000] {dagbag.py:536} INFO - Filling up the DagBag from /usr/local/lib/python3.10/dist-packages/airflow/example_dags/example_trigger_controller_dag.py
[2023-12-20T20:54:59.116+0000] {processor.py:839} INFO - DAG(s) dict_keys(['example_trigger_controller_dag']) retrieved from /usr/local/lib/python3.10/dist-packages/airflow/example_dags/example_trigger_controller_dag.py
[2023-12-20T20:54:59.136+0000] {logging_mixin.py:154} INFO - [2023-12-20T20:54:59.136+0000] {dag.py:2941} INFO - Sync 1 DAGs
[2023-12-20T20:54:59.160+0000] {logging_mixin.py:154} INFO - [2023-12-20T20:54:59.160+0000] {dag.py:3722} INFO - Setting next_dagrun for example_trigger_controller_dag to 2021-01-01T00:00:00+00:00, run_after=2021-01-01T00:00:00+00:00
[2023-12-20T20:54:59.199+0000] {processor.py:179} INFO - Processing /usr/local/lib/python3.10/dist-packages/airflow/example_dags/example_trigger_controller_dag.py took 0.095 seconds
[2023-12-20T20:57:53.960+0000] {processor.py:157} INFO - Started process (PID=20357) to work on /usr/local/lib/python3.10/dist-packages/airflow/example_dags/example_trigger_controller_dag.py
[2023-12-20T20:57:53.962+0000] {processor.py:829} INFO - Processing file /usr/local/lib/python3.10/dist-packages/airflow/example_dags/example_trigger_controller_dag.py for tasks to queue
[2023-12-20T20:57:53.963+0000] {logging_mixin.py:154} INFO - [2023-12-20T20:57:53.962+0000] {dagbag.py:536} INFO - Filling up the DagBag from /usr/local/lib/python3.10/dist-packages/airflow/example_dags/example_trigger_controller_dag.py
[2023-12-20T20:57:53.970+0000] {processor.py:839} INFO - DAG(s) dict_keys(['example_trigger_controller_dag']) retrieved from /usr/local/lib/python3.10/dist-packages/airflow/example_dags/example_trigger_controller_dag.py
[2023-12-20T20:57:53.994+0000] {logging_mixin.py:154} INFO - [2023-12-20T20:57:53.993+0000] {dag.py:2941} INFO - Sync 1 DAGs
[2023-12-20T20:57:54.025+0000] {logging_mixin.py:154} INFO - [2023-12-20T20:57:54.024+0000] {dag.py:3722} INFO - Setting next_dagrun for example_trigger_controller_dag to 2021-01-01T00:00:00+00:00, run_after=2021-01-01T00:00:00+00:00
[2023-12-20T20:57:54.061+0000] {processor.py:179} INFO - Processing /usr/local/lib/python3.10/dist-packages/airflow/example_dags/example_trigger_controller_dag.py took 0.107 seconds
[2023-12-20T21:00:05.133+0000] {processor.py:157} INFO - Started process (PID=20537) to work on /usr/local/lib/python3.10/dist-packages/airflow/example_dags/example_trigger_controller_dag.py
[2023-12-20T21:00:05.135+0000] {processor.py:829} INFO - Processing file /usr/local/lib/python3.10/dist-packages/airflow/example_dags/example_trigger_controller_dag.py for tasks to queue
[2023-12-20T21:00:05.136+0000] {logging_mixin.py:154} INFO - [2023-12-20T21:00:05.135+0000] {dagbag.py:536} INFO - Filling up the DagBag from /usr/local/lib/python3.10/dist-packages/airflow/example_dags/example_trigger_controller_dag.py
[2023-12-20T21:00:05.141+0000] {processor.py:839} INFO - DAG(s) dict_keys(['example_trigger_controller_dag']) retrieved from /usr/local/lib/python3.10/dist-packages/airflow/example_dags/example_trigger_controller_dag.py
[2023-12-20T21:00:05.167+0000] {logging_mixin.py:154} INFO - [2023-12-20T21:00:05.166+0000] {dag.py:2941} INFO - Sync 1 DAGs
[2023-12-20T21:00:05.194+0000] {logging_mixin.py:154} INFO - [2023-12-20T21:00:05.194+0000] {dag.py:3722} INFO - Setting next_dagrun for example_trigger_controller_dag to 2021-01-01T00:00:00+00:00, run_after=2021-01-01T00:00:00+00:00
[2023-12-20T21:00:05.224+0000] {processor.py:179} INFO - Processing /usr/local/lib/python3.10/dist-packages/airflow/example_dags/example_trigger_controller_dag.py took 0.094 seconds
[2023-12-20T21:02:04.288+0000] {processor.py:157} INFO - Started process (PID=20704) to work on /usr/local/lib/python3.10/dist-packages/airflow/example_dags/example_trigger_controller_dag.py
[2023-12-20T21:02:04.289+0000] {processor.py:829} INFO - Processing file /usr/local/lib/python3.10/dist-packages/airflow/example_dags/example_trigger_controller_dag.py for tasks to queue
[2023-12-20T21:02:04.290+0000] {logging_mixin.py:154} INFO - [2023-12-20T21:02:04.290+0000] {dagbag.py:536} INFO - Filling up the DagBag from /usr/local/lib/python3.10/dist-packages/airflow/example_dags/example_trigger_controller_dag.py
[2023-12-20T21:02:04.301+0000] {processor.py:839} INFO - DAG(s) dict_keys(['example_trigger_controller_dag']) retrieved from /usr/local/lib/python3.10/dist-packages/airflow/example_dags/example_trigger_controller_dag.py
[2023-12-20T21:02:04.333+0000] {logging_mixin.py:154} INFO - [2023-12-20T21:02:04.333+0000] {dag.py:2941} INFO - Sync 1 DAGs
[2023-12-20T21:02:04.351+0000] {logging_mixin.py:154} INFO - [2023-12-20T21:02:04.351+0000] {dag.py:3722} INFO - Setting next_dagrun for example_trigger_controller_dag to 2021-01-01T00:00:00+00:00, run_after=2021-01-01T00:00:00+00:00
[2023-12-20T21:02:04.373+0000] {processor.py:179} INFO - Processing /usr/local/lib/python3.10/dist-packages/airflow/example_dags/example_trigger_controller_dag.py took 0.089 seconds
[2023-12-20T21:04:00.758+0000] {processor.py:157} INFO - Started process (PID=20872) to work on /usr/local/lib/python3.10/dist-packages/airflow/example_dags/example_trigger_controller_dag.py
[2023-12-20T21:04:00.762+0000] {processor.py:829} INFO - Processing file /usr/local/lib/python3.10/dist-packages/airflow/example_dags/example_trigger_controller_dag.py for tasks to queue
[2023-12-20T21:04:00.762+0000] {logging_mixin.py:154} INFO - [2023-12-20T21:04:00.762+0000] {dagbag.py:536} INFO - Filling up the DagBag from /usr/local/lib/python3.10/dist-packages/airflow/example_dags/example_trigger_controller_dag.py
[2023-12-20T21:04:00.767+0000] {processor.py:839} INFO - DAG(s) dict_keys(['example_trigger_controller_dag']) retrieved from /usr/local/lib/python3.10/dist-packages/airflow/example_dags/example_trigger_controller_dag.py
[2023-12-20T21:04:00.786+0000] {logging_mixin.py:154} INFO - [2023-12-20T21:04:00.786+0000] {dag.py:2941} INFO - Sync 1 DAGs
[2023-12-20T21:04:00.805+0000] {logging_mixin.py:154} INFO - [2023-12-20T21:04:00.805+0000] {dag.py:3722} INFO - Setting next_dagrun for example_trigger_controller_dag to 2021-01-01T00:00:00+00:00, run_after=2021-01-01T00:00:00+00:00
[2023-12-20T21:04:00.844+0000] {processor.py:179} INFO - Processing /usr/local/lib/python3.10/dist-packages/airflow/example_dags/example_trigger_controller_dag.py took 0.089 seconds
[2023-12-20T21:05:57.204+0000] {processor.py:157} INFO - Started process (PID=21037) to work on /usr/local/lib/python3.10/dist-packages/airflow/example_dags/example_trigger_controller_dag.py
[2023-12-20T21:05:57.205+0000] {processor.py:829} INFO - Processing file /usr/local/lib/python3.10/dist-packages/airflow/example_dags/example_trigger_controller_dag.py for tasks to queue
[2023-12-20T21:05:57.206+0000] {logging_mixin.py:154} INFO - [2023-12-20T21:05:57.206+0000] {dagbag.py:536} INFO - Filling up the DagBag from /usr/local/lib/python3.10/dist-packages/airflow/example_dags/example_trigger_controller_dag.py
[2023-12-20T21:05:57.212+0000] {processor.py:839} INFO - DAG(s) dict_keys(['example_trigger_controller_dag']) retrieved from /usr/local/lib/python3.10/dist-packages/airflow/example_dags/example_trigger_controller_dag.py
[2023-12-20T21:05:57.232+0000] {logging_mixin.py:154} INFO - [2023-12-20T21:05:57.231+0000] {dag.py:2941} INFO - Sync 1 DAGs
[2023-12-20T21:05:57.257+0000] {logging_mixin.py:154} INFO - [2023-12-20T21:05:57.257+0000] {dag.py:3722} INFO - Setting next_dagrun for example_trigger_controller_dag to 2021-01-01T00:00:00+00:00, run_after=2021-01-01T00:00:00+00:00
[2023-12-20T21:05:57.278+0000] {processor.py:179} INFO - Processing /usr/local/lib/python3.10/dist-packages/airflow/example_dags/example_trigger_controller_dag.py took 0.077 seconds
[2023-12-20T21:07:51.405+0000] {processor.py:157} INFO - Started process (PID=21201) to work on /usr/local/lib/python3.10/dist-packages/airflow/example_dags/example_trigger_controller_dag.py
[2023-12-20T21:07:51.407+0000] {processor.py:829} INFO - Processing file /usr/local/lib/python3.10/dist-packages/airflow/example_dags/example_trigger_controller_dag.py for tasks to queue
[2023-12-20T21:07:51.407+0000] {logging_mixin.py:154} INFO - [2023-12-20T21:07:51.407+0000] {dagbag.py:536} INFO - Filling up the DagBag from /usr/local/lib/python3.10/dist-packages/airflow/example_dags/example_trigger_controller_dag.py
[2023-12-20T21:07:51.412+0000] {processor.py:839} INFO - DAG(s) dict_keys(['example_trigger_controller_dag']) retrieved from /usr/local/lib/python3.10/dist-packages/airflow/example_dags/example_trigger_controller_dag.py
[2023-12-20T21:07:51.427+0000] {logging_mixin.py:154} INFO - [2023-12-20T21:07:51.427+0000] {dag.py:2941} INFO - Sync 1 DAGs
[2023-12-20T21:07:51.454+0000] {logging_mixin.py:154} INFO - [2023-12-20T21:07:51.454+0000] {dag.py:3722} INFO - Setting next_dagrun for example_trigger_controller_dag to 2021-01-01T00:00:00+00:00, run_after=2021-01-01T00:00:00+00:00
[2023-12-20T21:07:51.480+0000] {processor.py:179} INFO - Processing /usr/local/lib/python3.10/dist-packages/airflow/example_dags/example_trigger_controller_dag.py took 0.077 seconds
[2023-12-20T21:09:46.506+0000] {processor.py:157} INFO - Started process (PID=21379) to work on /usr/local/lib/python3.10/dist-packages/airflow/example_dags/example_trigger_controller_dag.py
[2023-12-20T21:09:46.508+0000] {processor.py:829} INFO - Processing file /usr/local/lib/python3.10/dist-packages/airflow/example_dags/example_trigger_controller_dag.py for tasks to queue
[2023-12-20T21:09:46.508+0000] {logging_mixin.py:154} INFO - [2023-12-20T21:09:46.508+0000] {dagbag.py:536} INFO - Filling up the DagBag from /usr/local/lib/python3.10/dist-packages/airflow/example_dags/example_trigger_controller_dag.py
[2023-12-20T21:09:46.513+0000] {processor.py:839} INFO - DAG(s) dict_keys(['example_trigger_controller_dag']) retrieved from /usr/local/lib/python3.10/dist-packages/airflow/example_dags/example_trigger_controller_dag.py
[2023-12-20T21:09:46.527+0000] {logging_mixin.py:154} INFO - [2023-12-20T21:09:46.527+0000] {dag.py:2941} INFO - Sync 1 DAGs
[2023-12-20T21:09:46.544+0000] {logging_mixin.py:154} INFO - [2023-12-20T21:09:46.544+0000] {dag.py:3722} INFO - Setting next_dagrun for example_trigger_controller_dag to 2021-01-01T00:00:00+00:00, run_after=2021-01-01T00:00:00+00:00
[2023-12-20T21:09:46.566+0000] {processor.py:179} INFO - Processing /usr/local/lib/python3.10/dist-packages/airflow/example_dags/example_trigger_controller_dag.py took 0.063 seconds
[2023-12-20T21:11:40.302+0000] {processor.py:157} INFO - Started process (PID=21547) to work on /usr/local/lib/python3.10/dist-packages/airflow/example_dags/example_trigger_controller_dag.py
[2023-12-20T21:11:40.303+0000] {processor.py:829} INFO - Processing file /usr/local/lib/python3.10/dist-packages/airflow/example_dags/example_trigger_controller_dag.py for tasks to queue
[2023-12-20T21:11:40.304+0000] {logging_mixin.py:154} INFO - [2023-12-20T21:11:40.304+0000] {dagbag.py:536} INFO - Filling up the DagBag from /usr/local/lib/python3.10/dist-packages/airflow/example_dags/example_trigger_controller_dag.py
[2023-12-20T21:11:40.309+0000] {processor.py:839} INFO - DAG(s) dict_keys(['example_trigger_controller_dag']) retrieved from /usr/local/lib/python3.10/dist-packages/airflow/example_dags/example_trigger_controller_dag.py
[2023-12-20T21:11:40.324+0000] {logging_mixin.py:154} INFO - [2023-12-20T21:11:40.324+0000] {dag.py:2941} INFO - Sync 1 DAGs
[2023-12-20T21:11:40.341+0000] {logging_mixin.py:154} INFO - [2023-12-20T21:11:40.341+0000] {dag.py:3722} INFO - Setting next_dagrun for example_trigger_controller_dag to 2021-01-01T00:00:00+00:00, run_after=2021-01-01T00:00:00+00:00
[2023-12-20T21:11:40.360+0000] {processor.py:179} INFO - Processing /usr/local/lib/python3.10/dist-packages/airflow/example_dags/example_trigger_controller_dag.py took 0.061 seconds
[2023-12-20T21:13:36.781+0000] {processor.py:157} INFO - Started process (PID=21716) to work on /usr/local/lib/python3.10/dist-packages/airflow/example_dags/example_trigger_controller_dag.py
[2023-12-20T21:13:36.783+0000] {processor.py:829} INFO - Processing file /usr/local/lib/python3.10/dist-packages/airflow/example_dags/example_trigger_controller_dag.py for tasks to queue
[2023-12-20T21:13:36.783+0000] {logging_mixin.py:154} INFO - [2023-12-20T21:13:36.783+0000] {dagbag.py:536} INFO - Filling up the DagBag from /usr/local/lib/python3.10/dist-packages/airflow/example_dags/example_trigger_controller_dag.py
[2023-12-20T21:13:36.793+0000] {processor.py:839} INFO - DAG(s) dict_keys(['example_trigger_controller_dag']) retrieved from /usr/local/lib/python3.10/dist-packages/airflow/example_dags/example_trigger_controller_dag.py
[2023-12-20T21:13:36.816+0000] {logging_mixin.py:154} INFO - [2023-12-20T21:13:36.816+0000] {dag.py:2941} INFO - Sync 1 DAGs
[2023-12-20T21:13:36.836+0000] {logging_mixin.py:154} INFO - [2023-12-20T21:13:36.836+0000] {dag.py:3722} INFO - Setting next_dagrun for example_trigger_controller_dag to 2021-01-01T00:00:00+00:00, run_after=2021-01-01T00:00:00+00:00
[2023-12-20T21:13:36.858+0000] {processor.py:179} INFO - Processing /usr/local/lib/python3.10/dist-packages/airflow/example_dags/example_trigger_controller_dag.py took 0.087 seconds
[2023-12-20T21:15:29.577+0000] {processor.py:157} INFO - Started process (PID=21881) to work on /usr/local/lib/python3.10/dist-packages/airflow/example_dags/example_trigger_controller_dag.py
[2023-12-20T21:15:29.579+0000] {processor.py:829} INFO - Processing file /usr/local/lib/python3.10/dist-packages/airflow/example_dags/example_trigger_controller_dag.py for tasks to queue
[2023-12-20T21:15:29.580+0000] {logging_mixin.py:154} INFO - [2023-12-20T21:15:29.580+0000] {dagbag.py:536} INFO - Filling up the DagBag from /usr/local/lib/python3.10/dist-packages/airflow/example_dags/example_trigger_controller_dag.py
[2023-12-20T21:15:29.585+0000] {processor.py:839} INFO - DAG(s) dict_keys(['example_trigger_controller_dag']) retrieved from /usr/local/lib/python3.10/dist-packages/airflow/example_dags/example_trigger_controller_dag.py
[2023-12-20T21:15:29.600+0000] {logging_mixin.py:154} INFO - [2023-12-20T21:15:29.600+0000] {dag.py:2941} INFO - Sync 1 DAGs
[2023-12-20T21:15:29.617+0000] {logging_mixin.py:154} INFO - [2023-12-20T21:15:29.617+0000] {dag.py:3722} INFO - Setting next_dagrun for example_trigger_controller_dag to 2021-01-01T00:00:00+00:00, run_after=2021-01-01T00:00:00+00:00
[2023-12-20T21:15:29.637+0000] {processor.py:179} INFO - Processing /usr/local/lib/python3.10/dist-packages/airflow/example_dags/example_trigger_controller_dag.py took 0.062 seconds
[2023-12-20T21:17:25.493+0000] {processor.py:157} INFO - Started process (PID=22049) to work on /usr/local/lib/python3.10/dist-packages/airflow/example_dags/example_trigger_controller_dag.py
[2023-12-20T21:17:25.495+0000] {processor.py:829} INFO - Processing file /usr/local/lib/python3.10/dist-packages/airflow/example_dags/example_trigger_controller_dag.py for tasks to queue
[2023-12-20T21:17:25.496+0000] {logging_mixin.py:154} INFO - [2023-12-20T21:17:25.495+0000] {dagbag.py:536} INFO - Filling up the DagBag from /usr/local/lib/python3.10/dist-packages/airflow/example_dags/example_trigger_controller_dag.py
[2023-12-20T21:17:25.501+0000] {processor.py:839} INFO - DAG(s) dict_keys(['example_trigger_controller_dag']) retrieved from /usr/local/lib/python3.10/dist-packages/airflow/example_dags/example_trigger_controller_dag.py
[2023-12-20T21:17:25.517+0000] {logging_mixin.py:154} INFO - [2023-12-20T21:17:25.517+0000] {dag.py:2941} INFO - Sync 1 DAGs
[2023-12-20T21:17:25.536+0000] {logging_mixin.py:154} INFO - [2023-12-20T21:17:25.536+0000] {dag.py:3722} INFO - Setting next_dagrun for example_trigger_controller_dag to 2021-01-01T00:00:00+00:00, run_after=2021-01-01T00:00:00+00:00
[2023-12-20T21:17:25.556+0000] {processor.py:179} INFO - Processing /usr/local/lib/python3.10/dist-packages/airflow/example_dags/example_trigger_controller_dag.py took 0.066 seconds
[2023-12-20T21:19:20.512+0000] {processor.py:157} INFO - Started process (PID=22214) to work on /usr/local/lib/python3.10/dist-packages/airflow/example_dags/example_trigger_controller_dag.py
[2023-12-20T21:19:20.513+0000] {processor.py:829} INFO - Processing file /usr/local/lib/python3.10/dist-packages/airflow/example_dags/example_trigger_controller_dag.py for tasks to queue
[2023-12-20T21:19:20.514+0000] {logging_mixin.py:154} INFO - [2023-12-20T21:19:20.514+0000] {dagbag.py:536} INFO - Filling up the DagBag from /usr/local/lib/python3.10/dist-packages/airflow/example_dags/example_trigger_controller_dag.py
[2023-12-20T21:19:20.520+0000] {processor.py:839} INFO - DAG(s) dict_keys(['example_trigger_controller_dag']) retrieved from /usr/local/lib/python3.10/dist-packages/airflow/example_dags/example_trigger_controller_dag.py
[2023-12-20T21:19:20.536+0000] {logging_mixin.py:154} INFO - [2023-12-20T21:19:20.536+0000] {dag.py:2941} INFO - Sync 1 DAGs
[2023-12-20T21:19:20.557+0000] {logging_mixin.py:154} INFO - [2023-12-20T21:19:20.554+0000] {dag.py:3722} INFO - Setting next_dagrun for example_trigger_controller_dag to 2021-01-01T00:00:00+00:00, run_after=2021-01-01T00:00:00+00:00
[2023-12-20T21:19:20.577+0000] {processor.py:179} INFO - Processing /usr/local/lib/python3.10/dist-packages/airflow/example_dags/example_trigger_controller_dag.py took 0.067 seconds
[2023-12-20T21:21:18.143+0000] {processor.py:157} INFO - Started process (PID=22380) to work on /usr/local/lib/python3.10/dist-packages/airflow/example_dags/example_trigger_controller_dag.py
[2023-12-20T21:21:18.149+0000] {processor.py:829} INFO - Processing file /usr/local/lib/python3.10/dist-packages/airflow/example_dags/example_trigger_controller_dag.py for tasks to queue
[2023-12-20T21:21:18.150+0000] {logging_mixin.py:154} INFO - [2023-12-20T21:21:18.150+0000] {dagbag.py:536} INFO - Filling up the DagBag from /usr/local/lib/python3.10/dist-packages/airflow/example_dags/example_trigger_controller_dag.py
[2023-12-20T21:21:18.156+0000] {processor.py:839} INFO - DAG(s) dict_keys(['example_trigger_controller_dag']) retrieved from /usr/local/lib/python3.10/dist-packages/airflow/example_dags/example_trigger_controller_dag.py
[2023-12-20T21:21:18.171+0000] {logging_mixin.py:154} INFO - [2023-12-20T21:21:18.171+0000] {dag.py:2941} INFO - Sync 1 DAGs
[2023-12-20T21:21:18.189+0000] {logging_mixin.py:154} INFO - [2023-12-20T21:21:18.189+0000] {dag.py:3722} INFO - Setting next_dagrun for example_trigger_controller_dag to 2021-01-01T00:00:00+00:00, run_after=2021-01-01T00:00:00+00:00
[2023-12-20T21:21:18.209+0000] {processor.py:179} INFO - Processing /usr/local/lib/python3.10/dist-packages/airflow/example_dags/example_trigger_controller_dag.py took 0.069 seconds
[2023-12-20T21:23:14.447+0000] {processor.py:157} INFO - Started process (PID=22545) to work on /usr/local/lib/python3.10/dist-packages/airflow/example_dags/example_trigger_controller_dag.py
[2023-12-20T21:23:14.449+0000] {processor.py:829} INFO - Processing file /usr/local/lib/python3.10/dist-packages/airflow/example_dags/example_trigger_controller_dag.py for tasks to queue
[2023-12-20T21:23:14.451+0000] {logging_mixin.py:154} INFO - [2023-12-20T21:23:14.450+0000] {dagbag.py:536} INFO - Filling up the DagBag from /usr/local/lib/python3.10/dist-packages/airflow/example_dags/example_trigger_controller_dag.py
[2023-12-20T21:23:14.457+0000] {processor.py:839} INFO - DAG(s) dict_keys(['example_trigger_controller_dag']) retrieved from /usr/local/lib/python3.10/dist-packages/airflow/example_dags/example_trigger_controller_dag.py
[2023-12-20T21:23:14.473+0000] {logging_mixin.py:154} INFO - [2023-12-20T21:23:14.473+0000] {dag.py:2941} INFO - Sync 1 DAGs
[2023-12-20T21:23:14.491+0000] {logging_mixin.py:154} INFO - [2023-12-20T21:23:14.491+0000] {dag.py:3722} INFO - Setting next_dagrun for example_trigger_controller_dag to 2021-01-01T00:00:00+00:00, run_after=2021-01-01T00:00:00+00:00
[2023-12-20T21:23:14.511+0000] {processor.py:179} INFO - Processing /usr/local/lib/python3.10/dist-packages/airflow/example_dags/example_trigger_controller_dag.py took 0.067 seconds
[2023-12-20T21:26:11.708+0000] {processor.py:157} INFO - Started process (PID=22711) to work on /usr/local/lib/python3.10/dist-packages/airflow/example_dags/example_trigger_controller_dag.py
[2023-12-20T21:26:11.710+0000] {processor.py:829} INFO - Processing file /usr/local/lib/python3.10/dist-packages/airflow/example_dags/example_trigger_controller_dag.py for tasks to queue
[2023-12-20T21:26:11.711+0000] {logging_mixin.py:154} INFO - [2023-12-20T21:26:11.710+0000] {dagbag.py:536} INFO - Filling up the DagBag from /usr/local/lib/python3.10/dist-packages/airflow/example_dags/example_trigger_controller_dag.py
[2023-12-20T21:26:11.715+0000] {processor.py:839} INFO - DAG(s) dict_keys(['example_trigger_controller_dag']) retrieved from /usr/local/lib/python3.10/dist-packages/airflow/example_dags/example_trigger_controller_dag.py
[2023-12-20T21:26:11.731+0000] {logging_mixin.py:154} INFO - [2023-12-20T21:26:11.731+0000] {dag.py:2941} INFO - Sync 1 DAGs
[2023-12-20T21:26:11.759+0000] {logging_mixin.py:154} INFO - [2023-12-20T21:26:11.758+0000] {dag.py:3722} INFO - Setting next_dagrun for example_trigger_controller_dag to 2021-01-01T00:00:00+00:00, run_after=2021-01-01T00:00:00+00:00
[2023-12-20T21:26:11.777+0000] {processor.py:179} INFO - Processing /usr/local/lib/python3.10/dist-packages/airflow/example_dags/example_trigger_controller_dag.py took 0.072 seconds
[2023-12-20T21:30:43.721+0000] {processor.py:157} INFO - Started process (PID=22895) to work on /usr/local/lib/python3.10/dist-packages/airflow/example_dags/example_trigger_controller_dag.py
[2023-12-20T21:30:43.722+0000] {processor.py:829} INFO - Processing file /usr/local/lib/python3.10/dist-packages/airflow/example_dags/example_trigger_controller_dag.py for tasks to queue
[2023-12-20T21:30:43.723+0000] {logging_mixin.py:154} INFO - [2023-12-20T21:30:43.723+0000] {dagbag.py:536} INFO - Filling up the DagBag from /usr/local/lib/python3.10/dist-packages/airflow/example_dags/example_trigger_controller_dag.py
[2023-12-20T21:30:43.729+0000] {processor.py:839} INFO - DAG(s) dict_keys(['example_trigger_controller_dag']) retrieved from /usr/local/lib/python3.10/dist-packages/airflow/example_dags/example_trigger_controller_dag.py
[2023-12-20T21:30:43.746+0000] {logging_mixin.py:154} INFO - [2023-12-20T21:30:43.746+0000] {dag.py:2941} INFO - Sync 1 DAGs
[2023-12-20T21:30:43.766+0000] {logging_mixin.py:154} INFO - [2023-12-20T21:30:43.765+0000] {dag.py:3722} INFO - Setting next_dagrun for example_trigger_controller_dag to 2021-01-01T00:00:00+00:00, run_after=2021-01-01T00:00:00+00:00
[2023-12-20T21:30:43.795+0000] {processor.py:179} INFO - Processing /usr/local/lib/python3.10/dist-packages/airflow/example_dags/example_trigger_controller_dag.py took 0.077 seconds
[2023-12-20T21:35:19.779+0000] {processor.py:157} INFO - Started process (PID=23080) to work on /usr/local/lib/python3.10/dist-packages/airflow/example_dags/example_trigger_controller_dag.py
[2023-12-20T21:35:19.780+0000] {processor.py:829} INFO - Processing file /usr/local/lib/python3.10/dist-packages/airflow/example_dags/example_trigger_controller_dag.py for tasks to queue
[2023-12-20T21:35:19.781+0000] {logging_mixin.py:154} INFO - [2023-12-20T21:35:19.781+0000] {dagbag.py:536} INFO - Filling up the DagBag from /usr/local/lib/python3.10/dist-packages/airflow/example_dags/example_trigger_controller_dag.py
[2023-12-20T21:35:19.787+0000] {processor.py:839} INFO - DAG(s) dict_keys(['example_trigger_controller_dag']) retrieved from /usr/local/lib/python3.10/dist-packages/airflow/example_dags/example_trigger_controller_dag.py
[2023-12-20T21:35:19.806+0000] {logging_mixin.py:154} INFO - [2023-12-20T21:35:19.806+0000] {dag.py:2941} INFO - Sync 1 DAGs
[2023-12-20T21:35:19.828+0000] {logging_mixin.py:154} INFO - [2023-12-20T21:35:19.827+0000] {dag.py:3722} INFO - Setting next_dagrun for example_trigger_controller_dag to 2021-01-01T00:00:00+00:00, run_after=2021-01-01T00:00:00+00:00
[2023-12-20T21:35:19.852+0000] {processor.py:179} INFO - Processing /usr/local/lib/python3.10/dist-packages/airflow/example_dags/example_trigger_controller_dag.py took 0.077 seconds
