[2023-12-20T20:25:45.759+0000] {processor.py:157} INFO - Started process (PID=1221) to work on /usr/local/lib/python3.10/dist-packages/airflow/example_dags/example_complex.py
[2023-12-20T20:25:45.760+0000] {processor.py:829} INFO - Processing file /usr/local/lib/python3.10/dist-packages/airflow/example_dags/example_complex.py for tasks to queue
[2023-12-20T20:25:45.761+0000] {logging_mixin.py:154} INFO - [2023-12-20T20:25:45.761+0000] {dagbag.py:536} INFO - Filling up the DagBag from /usr/local/lib/python3.10/dist-packages/airflow/example_dags/example_complex.py
[2023-12-20T20:25:45.772+0000] {processor.py:839} INFO - DAG(s) dict_keys(['example_complex']) retrieved from /usr/local/lib/python3.10/dist-packages/airflow/example_dags/example_complex.py
[2023-12-20T20:25:45.797+0000] {logging_mixin.py:154} INFO - [2023-12-20T20:25:45.797+0000] {dag.py:2941} INFO - Sync 1 DAGs
[2023-12-20T20:25:45.810+0000] {logging_mixin.py:154} INFO - [2023-12-20T20:25:45.809+0000] {dag.py:3722} INFO - Setting next_dagrun for example_complex to None, run_after=None
[2023-12-20T20:25:45.842+0000] {processor.py:179} INFO - Processing /usr/local/lib/python3.10/dist-packages/airflow/example_dags/example_complex.py took 0.086 seconds
[2023-12-20T20:30:50.573+0000] {processor.py:157} INFO - Started process (PID=1600) to work on /usr/local/lib/python3.10/dist-packages/airflow/example_dags/example_complex.py
[2023-12-20T20:30:50.574+0000] {processor.py:829} INFO - Processing file /usr/local/lib/python3.10/dist-packages/airflow/example_dags/example_complex.py for tasks to queue
[2023-12-20T20:30:50.575+0000] {logging_mixin.py:154} INFO - [2023-12-20T20:30:50.575+0000] {dagbag.py:536} INFO - Filling up the DagBag from /usr/local/lib/python3.10/dist-packages/airflow/example_dags/example_complex.py
[2023-12-20T20:30:50.585+0000] {processor.py:839} INFO - DAG(s) dict_keys(['example_complex']) retrieved from /usr/local/lib/python3.10/dist-packages/airflow/example_dags/example_complex.py
[2023-12-20T20:30:50.610+0000] {logging_mixin.py:154} INFO - [2023-12-20T20:30:50.610+0000] {dag.py:2941} INFO - Sync 1 DAGs
[2023-12-20T20:30:50.770+0000] {logging_mixin.py:154} INFO - [2023-12-20T20:30:50.770+0000] {dag.py:3722} INFO - Setting next_dagrun for example_complex to None, run_after=None
[2023-12-20T20:30:50.796+0000] {processor.py:179} INFO - Processing /usr/local/lib/python3.10/dist-packages/airflow/example_dags/example_complex.py took 0.226 seconds
[2023-12-20T20:37:27.422+0000] {processor.py:157} INFO - Started process (PID=2123) to work on /usr/local/lib/python3.10/dist-packages/airflow/example_dags/example_complex.py
[2023-12-20T20:37:27.423+0000] {processor.py:829} INFO - Processing file /usr/local/lib/python3.10/dist-packages/airflow/example_dags/example_complex.py for tasks to queue
[2023-12-20T20:37:27.424+0000] {logging_mixin.py:154} INFO - [2023-12-20T20:37:27.423+0000] {dagbag.py:536} INFO - Filling up the DagBag from /usr/local/lib/python3.10/dist-packages/airflow/example_dags/example_complex.py
[2023-12-20T20:37:27.434+0000] {processor.py:839} INFO - DAG(s) dict_keys(['example_complex']) retrieved from /usr/local/lib/python3.10/dist-packages/airflow/example_dags/example_complex.py
[2023-12-20T20:37:27.459+0000] {logging_mixin.py:154} INFO - [2023-12-20T20:37:27.459+0000] {dag.py:2941} INFO - Sync 1 DAGs
[2023-12-20T20:37:27.470+0000] {logging_mixin.py:154} INFO - [2023-12-20T20:37:27.470+0000] {dag.py:3722} INFO - Setting next_dagrun for example_complex to None, run_after=None
[2023-12-20T20:37:27.490+0000] {processor.py:179} INFO - Processing /usr/local/lib/python3.10/dist-packages/airflow/example_dags/example_complex.py took 0.071 seconds
[2023-12-20T20:41:10.712+0000] {processor.py:157} INFO - Started process (PID=2399) to work on /usr/local/lib/python3.10/dist-packages/airflow/example_dags/example_complex.py
[2023-12-20T20:41:10.731+0000] {processor.py:829} INFO - Processing file /usr/local/lib/python3.10/dist-packages/airflow/example_dags/example_complex.py for tasks to queue
[2023-12-20T20:41:10.734+0000] {logging_mixin.py:154} INFO - [2023-12-20T20:41:10.734+0000] {dagbag.py:536} INFO - Filling up the DagBag from /usr/local/lib/python3.10/dist-packages/airflow/example_dags/example_complex.py
[2023-12-20T20:41:10.754+0000] {processor.py:839} INFO - DAG(s) dict_keys(['example_complex']) retrieved from /usr/local/lib/python3.10/dist-packages/airflow/example_dags/example_complex.py
[2023-12-20T20:41:10.780+0000] {logging_mixin.py:154} INFO - [2023-12-20T20:41:10.780+0000] {dag.py:2941} INFO - Sync 1 DAGs
[2023-12-20T20:41:10.791+0000] {logging_mixin.py:154} INFO - [2023-12-20T20:41:10.791+0000] {dag.py:3722} INFO - Setting next_dagrun for example_complex to None, run_after=None
[2023-12-20T20:41:10.812+0000] {processor.py:179} INFO - Processing /usr/local/lib/python3.10/dist-packages/airflow/example_dags/example_complex.py took 0.103 seconds
[2023-12-20T20:47:19.461+0000] {processor.py:157} INFO - Started process (PID=2839) to work on /usr/local/lib/python3.10/dist-packages/airflow/example_dags/example_complex.py
[2023-12-20T20:47:19.463+0000] {processor.py:829} INFO - Processing file /usr/local/lib/python3.10/dist-packages/airflow/example_dags/example_complex.py for tasks to queue
[2023-12-20T20:47:19.464+0000] {logging_mixin.py:154} INFO - [2023-12-20T20:47:19.464+0000] {dagbag.py:536} INFO - Filling up the DagBag from /usr/local/lib/python3.10/dist-packages/airflow/example_dags/example_complex.py
[2023-12-20T20:47:19.477+0000] {processor.py:839} INFO - DAG(s) dict_keys(['example_complex']) retrieved from /usr/local/lib/python3.10/dist-packages/airflow/example_dags/example_complex.py
[2023-12-20T20:47:19.510+0000] {logging_mixin.py:154} INFO - [2023-12-20T20:47:19.509+0000] {dag.py:2941} INFO - Sync 1 DAGs
[2023-12-20T20:47:19.523+0000] {logging_mixin.py:154} INFO - [2023-12-20T20:47:19.523+0000] {dag.py:3722} INFO - Setting next_dagrun for example_complex to None, run_after=None
[2023-12-20T20:47:19.559+0000] {processor.py:179} INFO - Processing /usr/local/lib/python3.10/dist-packages/airflow/example_dags/example_complex.py took 0.102 seconds
[2023-12-20T20:53:40.362+0000] {processor.py:157} INFO - Started process (PID=9338) to work on /usr/local/lib/python3.10/dist-packages/airflow/example_dags/example_complex.py
[2023-12-20T20:53:40.365+0000] {processor.py:829} INFO - Processing file /usr/local/lib/python3.10/dist-packages/airflow/example_dags/example_complex.py for tasks to queue
[2023-12-20T20:53:40.366+0000] {logging_mixin.py:154} INFO - [2023-12-20T20:53:40.365+0000] {dagbag.py:536} INFO - Filling up the DagBag from /usr/local/lib/python3.10/dist-packages/airflow/example_dags/example_complex.py
[2023-12-20T20:53:40.383+0000] {processor.py:839} INFO - DAG(s) dict_keys(['example_complex']) retrieved from /usr/local/lib/python3.10/dist-packages/airflow/example_dags/example_complex.py
[2023-12-20T20:53:40.424+0000] {logging_mixin.py:154} INFO - [2023-12-20T20:53:40.423+0000] {dag.py:2941} INFO - Sync 1 DAGs
[2023-12-20T20:53:40.441+0000] {logging_mixin.py:154} INFO - [2023-12-20T20:53:40.440+0000] {dag.py:3722} INFO - Setting next_dagrun for example_complex to None, run_after=None
[2023-12-20T20:53:40.472+0000] {processor.py:179} INFO - Processing /usr/local/lib/python3.10/dist-packages/airflow/example_dags/example_complex.py took 0.114 seconds
[2023-12-20T20:59:12.505+0000] {processor.py:157} INFO - Started process (PID=20462) to work on /usr/local/lib/python3.10/dist-packages/airflow/example_dags/example_complex.py
[2023-12-20T20:59:12.536+0000] {processor.py:829} INFO - Processing file /usr/local/lib/python3.10/dist-packages/airflow/example_dags/example_complex.py for tasks to queue
[2023-12-20T20:59:12.537+0000] {logging_mixin.py:154} INFO - [2023-12-20T20:59:12.537+0000] {dagbag.py:536} INFO - Filling up the DagBag from /usr/local/lib/python3.10/dist-packages/airflow/example_dags/example_complex.py
[2023-12-20T20:59:12.549+0000] {processor.py:839} INFO - DAG(s) dict_keys(['example_complex']) retrieved from /usr/local/lib/python3.10/dist-packages/airflow/example_dags/example_complex.py
[2023-12-20T20:59:12.573+0000] {logging_mixin.py:154} INFO - [2023-12-20T20:59:12.573+0000] {dag.py:2941} INFO - Sync 1 DAGs
[2023-12-20T20:59:12.584+0000] {logging_mixin.py:154} INFO - [2023-12-20T20:59:12.584+0000] {dag.py:3722} INFO - Setting next_dagrun for example_complex to None, run_after=None
[2023-12-20T20:59:12.607+0000] {processor.py:179} INFO - Processing /usr/local/lib/python3.10/dist-packages/airflow/example_dags/example_complex.py took 0.118 seconds
[2023-12-20T21:03:10.854+0000] {processor.py:157} INFO - Started process (PID=20799) to work on /usr/local/lib/python3.10/dist-packages/airflow/example_dags/example_complex.py
[2023-12-20T21:03:10.856+0000] {processor.py:829} INFO - Processing file /usr/local/lib/python3.10/dist-packages/airflow/example_dags/example_complex.py for tasks to queue
[2023-12-20T21:03:10.857+0000] {logging_mixin.py:154} INFO - [2023-12-20T21:03:10.856+0000] {dagbag.py:536} INFO - Filling up the DagBag from /usr/local/lib/python3.10/dist-packages/airflow/example_dags/example_complex.py
[2023-12-20T21:03:10.869+0000] {processor.py:839} INFO - DAG(s) dict_keys(['example_complex']) retrieved from /usr/local/lib/python3.10/dist-packages/airflow/example_dags/example_complex.py
[2023-12-20T21:03:10.893+0000] {logging_mixin.py:154} INFO - [2023-12-20T21:03:10.893+0000] {dag.py:2941} INFO - Sync 1 DAGs
[2023-12-20T21:03:10.905+0000] {logging_mixin.py:154} INFO - [2023-12-20T21:03:10.904+0000] {dag.py:3722} INFO - Setting next_dagrun for example_complex to None, run_after=None
[2023-12-20T21:03:10.929+0000] {processor.py:179} INFO - Processing /usr/local/lib/python3.10/dist-packages/airflow/example_dags/example_complex.py took 0.079 seconds
[2023-12-20T21:07:00.973+0000] {processor.py:157} INFO - Started process (PID=21128) to work on /usr/local/lib/python3.10/dist-packages/airflow/example_dags/example_complex.py
[2023-12-20T21:07:00.974+0000] {processor.py:829} INFO - Processing file /usr/local/lib/python3.10/dist-packages/airflow/example_dags/example_complex.py for tasks to queue
[2023-12-20T21:07:00.975+0000] {logging_mixin.py:154} INFO - [2023-12-20T21:07:00.975+0000] {dagbag.py:536} INFO - Filling up the DagBag from /usr/local/lib/python3.10/dist-packages/airflow/example_dags/example_complex.py
[2023-12-20T21:07:00.985+0000] {processor.py:839} INFO - DAG(s) dict_keys(['example_complex']) retrieved from /usr/local/lib/python3.10/dist-packages/airflow/example_dags/example_complex.py
[2023-12-20T21:07:01.012+0000] {logging_mixin.py:154} INFO - [2023-12-20T21:07:01.012+0000] {dag.py:2941} INFO - Sync 1 DAGs
[2023-12-20T21:07:01.023+0000] {logging_mixin.py:154} INFO - [2023-12-20T21:07:01.023+0000] {dag.py:3722} INFO - Setting next_dagrun for example_complex to None, run_after=None
[2023-12-20T21:07:01.041+0000] {processor.py:179} INFO - Processing /usr/local/lib/python3.10/dist-packages/airflow/example_dags/example_complex.py took 0.072 seconds
[2023-12-20T21:10:51.039+0000] {processor.py:157} INFO - Started process (PID=21473) to work on /usr/local/lib/python3.10/dist-packages/airflow/example_dags/example_complex.py
[2023-12-20T21:10:51.040+0000] {processor.py:829} INFO - Processing file /usr/local/lib/python3.10/dist-packages/airflow/example_dags/example_complex.py for tasks to queue
[2023-12-20T21:10:51.041+0000] {logging_mixin.py:154} INFO - [2023-12-20T21:10:51.041+0000] {dagbag.py:536} INFO - Filling up the DagBag from /usr/local/lib/python3.10/dist-packages/airflow/example_dags/example_complex.py
[2023-12-20T21:10:51.053+0000] {processor.py:839} INFO - DAG(s) dict_keys(['example_complex']) retrieved from /usr/local/lib/python3.10/dist-packages/airflow/example_dags/example_complex.py
[2023-12-20T21:10:51.079+0000] {logging_mixin.py:154} INFO - [2023-12-20T21:10:51.079+0000] {dag.py:2941} INFO - Sync 1 DAGs
[2023-12-20T21:10:51.090+0000] {logging_mixin.py:154} INFO - [2023-12-20T21:10:51.090+0000] {dag.py:3722} INFO - Setting next_dagrun for example_complex to None, run_after=None
[2023-12-20T21:10:51.112+0000] {processor.py:179} INFO - Processing /usr/local/lib/python3.10/dist-packages/airflow/example_dags/example_complex.py took 0.076 seconds
[2023-12-20T21:14:39.641+0000] {processor.py:157} INFO - Started process (PID=21808) to work on /usr/local/lib/python3.10/dist-packages/airflow/example_dags/example_complex.py
[2023-12-20T21:14:39.643+0000] {processor.py:829} INFO - Processing file /usr/local/lib/python3.10/dist-packages/airflow/example_dags/example_complex.py for tasks to queue
[2023-12-20T21:14:39.644+0000] {logging_mixin.py:154} INFO - [2023-12-20T21:14:39.643+0000] {dagbag.py:536} INFO - Filling up the DagBag from /usr/local/lib/python3.10/dist-packages/airflow/example_dags/example_complex.py
[2023-12-20T21:14:39.654+0000] {processor.py:839} INFO - DAG(s) dict_keys(['example_complex']) retrieved from /usr/local/lib/python3.10/dist-packages/airflow/example_dags/example_complex.py
[2023-12-20T21:14:39.680+0000] {logging_mixin.py:154} INFO - [2023-12-20T21:14:39.680+0000] {dag.py:2941} INFO - Sync 1 DAGs
[2023-12-20T21:14:39.691+0000] {logging_mixin.py:154} INFO - [2023-12-20T21:14:39.691+0000] {dag.py:3722} INFO - Setting next_dagrun for example_complex to None, run_after=None
[2023-12-20T21:14:39.712+0000] {processor.py:179} INFO - Processing /usr/local/lib/python3.10/dist-packages/airflow/example_dags/example_complex.py took 0.074 seconds
[2023-12-20T21:18:30.059+0000] {processor.py:157} INFO - Started process (PID=22141) to work on /usr/local/lib/python3.10/dist-packages/airflow/example_dags/example_complex.py
[2023-12-20T21:18:30.061+0000] {processor.py:829} INFO - Processing file /usr/local/lib/python3.10/dist-packages/airflow/example_dags/example_complex.py for tasks to queue
[2023-12-20T21:18:30.062+0000] {logging_mixin.py:154} INFO - [2023-12-20T21:18:30.061+0000] {dagbag.py:536} INFO - Filling up the DagBag from /usr/local/lib/python3.10/dist-packages/airflow/example_dags/example_complex.py
[2023-12-20T21:18:30.092+0000] {processor.py:839} INFO - DAG(s) dict_keys(['example_complex']) retrieved from /usr/local/lib/python3.10/dist-packages/airflow/example_dags/example_complex.py
[2023-12-20T21:18:30.121+0000] {logging_mixin.py:154} INFO - [2023-12-20T21:18:30.121+0000] {dag.py:2941} INFO - Sync 1 DAGs
[2023-12-20T21:18:30.139+0000] {logging_mixin.py:154} INFO - [2023-12-20T21:18:30.139+0000] {dag.py:3722} INFO - Setting next_dagrun for example_complex to None, run_after=None
[2023-12-20T21:18:30.165+0000] {processor.py:179} INFO - Processing /usr/local/lib/python3.10/dist-packages/airflow/example_dags/example_complex.py took 0.112 seconds
[2023-12-20T21:22:23.860+0000] {processor.py:157} INFO - Started process (PID=22472) to work on /usr/local/lib/python3.10/dist-packages/airflow/example_dags/example_complex.py
[2023-12-20T21:22:23.863+0000] {processor.py:829} INFO - Processing file /usr/local/lib/python3.10/dist-packages/airflow/example_dags/example_complex.py for tasks to queue
[2023-12-20T21:22:23.864+0000] {logging_mixin.py:154} INFO - [2023-12-20T21:22:23.863+0000] {dagbag.py:536} INFO - Filling up the DagBag from /usr/local/lib/python3.10/dist-packages/airflow/example_dags/example_complex.py
[2023-12-20T21:22:23.875+0000] {processor.py:839} INFO - DAG(s) dict_keys(['example_complex']) retrieved from /usr/local/lib/python3.10/dist-packages/airflow/example_dags/example_complex.py
[2023-12-20T21:22:23.902+0000] {logging_mixin.py:154} INFO - [2023-12-20T21:22:23.902+0000] {dag.py:2941} INFO - Sync 1 DAGs
[2023-12-20T21:22:23.915+0000] {logging_mixin.py:154} INFO - [2023-12-20T21:22:23.914+0000] {dag.py:3722} INFO - Setting next_dagrun for example_complex to None, run_after=None
[2023-12-20T21:22:23.939+0000] {processor.py:179} INFO - Processing /usr/local/lib/python3.10/dist-packages/airflow/example_dags/example_complex.py took 0.084 seconds
[2023-12-20T21:29:03.366+0000] {processor.py:157} INFO - Started process (PID=22827) to work on /usr/local/lib/python3.10/dist-packages/airflow/example_dags/example_complex.py
[2023-12-20T21:29:03.376+0000] {processor.py:829} INFO - Processing file /usr/local/lib/python3.10/dist-packages/airflow/example_dags/example_complex.py for tasks to queue
[2023-12-20T21:29:03.377+0000] {logging_mixin.py:154} INFO - [2023-12-20T21:29:03.377+0000] {dagbag.py:536} INFO - Filling up the DagBag from /usr/local/lib/python3.10/dist-packages/airflow/example_dags/example_complex.py
[2023-12-20T21:29:03.390+0000] {processor.py:839} INFO - DAG(s) dict_keys(['example_complex']) retrieved from /usr/local/lib/python3.10/dist-packages/airflow/example_dags/example_complex.py
[2023-12-20T21:29:03.456+0000] {logging_mixin.py:154} INFO - [2023-12-20T21:29:03.456+0000] {dag.py:2941} INFO - Sync 1 DAGs
[2023-12-20T21:29:03.469+0000] {logging_mixin.py:154} INFO - [2023-12-20T21:29:03.468+0000] {dag.py:3722} INFO - Setting next_dagrun for example_complex to None, run_after=None
[2023-12-20T21:29:03.533+0000] {processor.py:179} INFO - Processing /usr/local/lib/python3.10/dist-packages/airflow/example_dags/example_complex.py took 0.204 seconds
