[2023-12-20T20:22:45.959+0000] {processor.py:157} INFO - Started process (PID=1000) to work on /usr/local/lib/python3.10/dist-packages/airflow/example_dags/example_trigger_target_dag.py
[2023-12-20T20:22:45.959+0000] {processor.py:829} INFO - Processing file /usr/local/lib/python3.10/dist-packages/airflow/example_dags/example_trigger_target_dag.py for tasks to queue
[2023-12-20T20:22:45.960+0000] {logging_mixin.py:154} INFO - [2023-12-20T20:22:45.960+0000] {dagbag.py:536} INFO - Filling up the DagBag from /usr/local/lib/python3.10/dist-packages/airflow/example_dags/example_trigger_target_dag.py
[2023-12-20T20:22:45.968+0000] {processor.py:839} INFO - DAG(s) dict_keys(['example_trigger_target_dag']) retrieved from /usr/local/lib/python3.10/dist-packages/airflow/example_dags/example_trigger_target_dag.py
[2023-12-20T20:22:45.988+0000] {logging_mixin.py:154} INFO - [2023-12-20T20:22:45.988+0000] {dag.py:2941} INFO - Sync 1 DAGs
[2023-12-20T20:22:45.999+0000] {logging_mixin.py:154} INFO - [2023-12-20T20:22:45.999+0000] {dag.py:3722} INFO - Setting next_dagrun for example_trigger_target_dag to None, run_after=None
[2023-12-20T20:22:46.023+0000] {processor.py:179} INFO - Processing /usr/local/lib/python3.10/dist-packages/airflow/example_dags/example_trigger_target_dag.py took 0.071 seconds
[2023-12-20T20:27:05.066+0000] {processor.py:157} INFO - Started process (PID=1319) to work on /usr/local/lib/python3.10/dist-packages/airflow/example_dags/example_trigger_target_dag.py
[2023-12-20T20:27:05.073+0000] {processor.py:829} INFO - Processing file /usr/local/lib/python3.10/dist-packages/airflow/example_dags/example_trigger_target_dag.py for tasks to queue
[2023-12-20T20:27:05.074+0000] {logging_mixin.py:154} INFO - [2023-12-20T20:27:05.074+0000] {dagbag.py:536} INFO - Filling up the DagBag from /usr/local/lib/python3.10/dist-packages/airflow/example_dags/example_trigger_target_dag.py
[2023-12-20T20:27:05.087+0000] {processor.py:839} INFO - DAG(s) dict_keys(['example_trigger_target_dag']) retrieved from /usr/local/lib/python3.10/dist-packages/airflow/example_dags/example_trigger_target_dag.py
[2023-12-20T20:27:05.122+0000] {logging_mixin.py:154} INFO - [2023-12-20T20:27:05.122+0000] {dag.py:2941} INFO - Sync 1 DAGs
[2023-12-20T20:27:05.136+0000] {logging_mixin.py:154} INFO - [2023-12-20T20:27:05.136+0000] {dag.py:3722} INFO - Setting next_dagrun for example_trigger_target_dag to None, run_after=None
[2023-12-20T20:27:05.185+0000] {processor.py:179} INFO - Processing /usr/local/lib/python3.10/dist-packages/airflow/example_dags/example_trigger_target_dag.py took 0.125 seconds
[2023-12-20T20:29:14.175+0000] {processor.py:157} INFO - Started process (PID=1478) to work on /usr/local/lib/python3.10/dist-packages/airflow/example_dags/example_trigger_target_dag.py
[2023-12-20T20:29:14.176+0000] {processor.py:829} INFO - Processing file /usr/local/lib/python3.10/dist-packages/airflow/example_dags/example_trigger_target_dag.py for tasks to queue
[2023-12-20T20:29:14.177+0000] {logging_mixin.py:154} INFO - [2023-12-20T20:29:14.176+0000] {dagbag.py:536} INFO - Filling up the DagBag from /usr/local/lib/python3.10/dist-packages/airflow/example_dags/example_trigger_target_dag.py
[2023-12-20T20:29:14.183+0000] {processor.py:839} INFO - DAG(s) dict_keys(['example_trigger_target_dag']) retrieved from /usr/local/lib/python3.10/dist-packages/airflow/example_dags/example_trigger_target_dag.py
[2023-12-20T20:29:14.199+0000] {logging_mixin.py:154} INFO - [2023-12-20T20:29:14.199+0000] {dag.py:2941} INFO - Sync 1 DAGs
[2023-12-20T20:29:14.209+0000] {logging_mixin.py:154} INFO - [2023-12-20T20:29:14.209+0000] {dag.py:3722} INFO - Setting next_dagrun for example_trigger_target_dag to None, run_after=None
[2023-12-20T20:29:14.231+0000] {processor.py:179} INFO - Processing /usr/local/lib/python3.10/dist-packages/airflow/example_dags/example_trigger_target_dag.py took 0.060 seconds
[2023-12-20T20:31:59.926+0000] {processor.py:157} INFO - Started process (PID=1693) to work on /usr/local/lib/python3.10/dist-packages/airflow/example_dags/example_trigger_target_dag.py
[2023-12-20T20:31:59.927+0000] {processor.py:829} INFO - Processing file /usr/local/lib/python3.10/dist-packages/airflow/example_dags/example_trigger_target_dag.py for tasks to queue
[2023-12-20T20:31:59.928+0000] {logging_mixin.py:154} INFO - [2023-12-20T20:31:59.928+0000] {dagbag.py:536} INFO - Filling up the DagBag from /usr/local/lib/python3.10/dist-packages/airflow/example_dags/example_trigger_target_dag.py
[2023-12-20T20:31:59.934+0000] {processor.py:839} INFO - DAG(s) dict_keys(['example_trigger_target_dag']) retrieved from /usr/local/lib/python3.10/dist-packages/airflow/example_dags/example_trigger_target_dag.py
[2023-12-20T20:31:59.950+0000] {logging_mixin.py:154} INFO - [2023-12-20T20:31:59.950+0000] {dag.py:2941} INFO - Sync 1 DAGs
[2023-12-20T20:32:00.114+0000] {logging_mixin.py:154} INFO - [2023-12-20T20:32:00.114+0000] {dag.py:3722} INFO - Setting next_dagrun for example_trigger_target_dag to None, run_after=None
[2023-12-20T20:32:00.141+0000] {processor.py:179} INFO - Processing /usr/local/lib/python3.10/dist-packages/airflow/example_dags/example_trigger_target_dag.py took 0.219 seconds
[2023-12-20T20:35:25.352+0000] {processor.py:157} INFO - Started process (PID=1962) to work on /usr/local/lib/python3.10/dist-packages/airflow/example_dags/example_trigger_target_dag.py
[2023-12-20T20:35:25.353+0000] {processor.py:829} INFO - Processing file /usr/local/lib/python3.10/dist-packages/airflow/example_dags/example_trigger_target_dag.py for tasks to queue
[2023-12-20T20:35:25.354+0000] {logging_mixin.py:154} INFO - [2023-12-20T20:35:25.353+0000] {dagbag.py:536} INFO - Filling up the DagBag from /usr/local/lib/python3.10/dist-packages/airflow/example_dags/example_trigger_target_dag.py
[2023-12-20T20:35:25.360+0000] {processor.py:839} INFO - DAG(s) dict_keys(['example_trigger_target_dag']) retrieved from /usr/local/lib/python3.10/dist-packages/airflow/example_dags/example_trigger_target_dag.py
[2023-12-20T20:35:25.374+0000] {logging_mixin.py:154} INFO - [2023-12-20T20:35:25.374+0000] {dag.py:2941} INFO - Sync 1 DAGs
[2023-12-20T20:35:25.385+0000] {logging_mixin.py:154} INFO - [2023-12-20T20:35:25.385+0000] {dag.py:3722} INFO - Setting next_dagrun for example_trigger_target_dag to None, run_after=None
[2023-12-20T20:35:25.406+0000] {processor.py:179} INFO - Processing /usr/local/lib/python3.10/dist-packages/airflow/example_dags/example_trigger_target_dag.py took 0.057 seconds
[2023-12-20T20:38:45.112+0000] {processor.py:157} INFO - Started process (PID=2221) to work on /usr/local/lib/python3.10/dist-packages/airflow/example_dags/example_trigger_target_dag.py
[2023-12-20T20:38:45.114+0000] {processor.py:829} INFO - Processing file /usr/local/lib/python3.10/dist-packages/airflow/example_dags/example_trigger_target_dag.py for tasks to queue
[2023-12-20T20:38:45.114+0000] {logging_mixin.py:154} INFO - [2023-12-20T20:38:45.114+0000] {dagbag.py:536} INFO - Filling up the DagBag from /usr/local/lib/python3.10/dist-packages/airflow/example_dags/example_trigger_target_dag.py
[2023-12-20T20:38:45.122+0000] {processor.py:839} INFO - DAG(s) dict_keys(['example_trigger_target_dag']) retrieved from /usr/local/lib/python3.10/dist-packages/airflow/example_dags/example_trigger_target_dag.py
[2023-12-20T20:38:45.140+0000] {logging_mixin.py:154} INFO - [2023-12-20T20:38:45.140+0000] {dag.py:2941} INFO - Sync 1 DAGs
[2023-12-20T20:38:45.152+0000] {logging_mixin.py:154} INFO - [2023-12-20T20:38:45.152+0000] {dag.py:3722} INFO - Setting next_dagrun for example_trigger_target_dag to None, run_after=None
[2023-12-20T20:38:45.175+0000] {processor.py:179} INFO - Processing /usr/local/lib/python3.10/dist-packages/airflow/example_dags/example_trigger_target_dag.py took 0.066 seconds
[2023-12-20T20:42:16.660+0000] {processor.py:157} INFO - Started process (PID=2483) to work on /usr/local/lib/python3.10/dist-packages/airflow/example_dags/example_trigger_target_dag.py
[2023-12-20T20:42:16.662+0000] {processor.py:829} INFO - Processing file /usr/local/lib/python3.10/dist-packages/airflow/example_dags/example_trigger_target_dag.py for tasks to queue
[2023-12-20T20:42:16.663+0000] {logging_mixin.py:154} INFO - [2023-12-20T20:42:16.662+0000] {dagbag.py:536} INFO - Filling up the DagBag from /usr/local/lib/python3.10/dist-packages/airflow/example_dags/example_trigger_target_dag.py
[2023-12-20T20:42:16.668+0000] {processor.py:839} INFO - DAG(s) dict_keys(['example_trigger_target_dag']) retrieved from /usr/local/lib/python3.10/dist-packages/airflow/example_dags/example_trigger_target_dag.py
[2023-12-20T20:42:16.685+0000] {logging_mixin.py:154} INFO - [2023-12-20T20:42:16.685+0000] {dag.py:2941} INFO - Sync 1 DAGs
[2023-12-20T20:42:16.696+0000] {logging_mixin.py:154} INFO - [2023-12-20T20:42:16.696+0000] {dag.py:3722} INFO - Setting next_dagrun for example_trigger_target_dag to None, run_after=None
[2023-12-20T20:42:16.715+0000] {processor.py:179} INFO - Processing /usr/local/lib/python3.10/dist-packages/airflow/example_dags/example_trigger_target_dag.py took 0.057 seconds
[2023-12-20T20:45:18.772+0000] {processor.py:157} INFO - Started process (PID=2701) to work on /usr/local/lib/python3.10/dist-packages/airflow/example_dags/example_trigger_target_dag.py
[2023-12-20T20:45:18.773+0000] {processor.py:829} INFO - Processing file /usr/local/lib/python3.10/dist-packages/airflow/example_dags/example_trigger_target_dag.py for tasks to queue
[2023-12-20T20:45:18.774+0000] {logging_mixin.py:154} INFO - [2023-12-20T20:45:18.774+0000] {dagbag.py:536} INFO - Filling up the DagBag from /usr/local/lib/python3.10/dist-packages/airflow/example_dags/example_trigger_target_dag.py
[2023-12-20T20:45:18.781+0000] {processor.py:839} INFO - DAG(s) dict_keys(['example_trigger_target_dag']) retrieved from /usr/local/lib/python3.10/dist-packages/airflow/example_dags/example_trigger_target_dag.py
[2023-12-20T20:45:18.798+0000] {logging_mixin.py:154} INFO - [2023-12-20T20:45:18.798+0000] {dag.py:2941} INFO - Sync 1 DAGs
[2023-12-20T20:45:18.812+0000] {logging_mixin.py:154} INFO - [2023-12-20T20:45:18.812+0000] {dag.py:3722} INFO - Setting next_dagrun for example_trigger_target_dag to None, run_after=None
[2023-12-20T20:45:18.835+0000] {processor.py:179} INFO - Processing /usr/local/lib/python3.10/dist-packages/airflow/example_dags/example_trigger_target_dag.py took 0.066 seconds
[2023-12-20T20:48:13.588+0000] {processor.py:157} INFO - Started process (PID=2903) to work on /usr/local/lib/python3.10/dist-packages/airflow/example_dags/example_trigger_target_dag.py
[2023-12-20T20:48:13.590+0000] {processor.py:829} INFO - Processing file /usr/local/lib/python3.10/dist-packages/airflow/example_dags/example_trigger_target_dag.py for tasks to queue
[2023-12-20T20:48:13.591+0000] {logging_mixin.py:154} INFO - [2023-12-20T20:48:13.591+0000] {dagbag.py:536} INFO - Filling up the DagBag from /usr/local/lib/python3.10/dist-packages/airflow/example_dags/example_trigger_target_dag.py
[2023-12-20T20:48:13.598+0000] {processor.py:839} INFO - DAG(s) dict_keys(['example_trigger_target_dag']) retrieved from /usr/local/lib/python3.10/dist-packages/airflow/example_dags/example_trigger_target_dag.py
[2023-12-20T20:48:13.614+0000] {logging_mixin.py:154} INFO - [2023-12-20T20:48:13.614+0000] {dag.py:2941} INFO - Sync 1 DAGs
[2023-12-20T20:48:13.625+0000] {logging_mixin.py:154} INFO - [2023-12-20T20:48:13.625+0000] {dag.py:3722} INFO - Setting next_dagrun for example_trigger_target_dag to None, run_after=None
[2023-12-20T20:48:13.653+0000] {processor.py:179} INFO - Processing /usr/local/lib/python3.10/dist-packages/airflow/example_dags/example_trigger_target_dag.py took 0.068 seconds
[2023-12-20T20:51:09.574+0000] {processor.py:157} INFO - Started process (PID=3118) to work on /usr/local/lib/python3.10/dist-packages/airflow/example_dags/example_trigger_target_dag.py
[2023-12-20T20:51:09.575+0000] {processor.py:829} INFO - Processing file /usr/local/lib/python3.10/dist-packages/airflow/example_dags/example_trigger_target_dag.py for tasks to queue
[2023-12-20T20:51:09.576+0000] {logging_mixin.py:154} INFO - [2023-12-20T20:51:09.576+0000] {dagbag.py:536} INFO - Filling up the DagBag from /usr/local/lib/python3.10/dist-packages/airflow/example_dags/example_trigger_target_dag.py
[2023-12-20T20:51:09.582+0000] {processor.py:839} INFO - DAG(s) dict_keys(['example_trigger_target_dag']) retrieved from /usr/local/lib/python3.10/dist-packages/airflow/example_dags/example_trigger_target_dag.py
[2023-12-20T20:51:09.599+0000] {logging_mixin.py:154} INFO - [2023-12-20T20:51:09.599+0000] {dag.py:2941} INFO - Sync 1 DAGs
[2023-12-20T20:51:09.615+0000] {logging_mixin.py:154} INFO - [2023-12-20T20:51:09.614+0000] {dag.py:3722} INFO - Setting next_dagrun for example_trigger_target_dag to None, run_after=None
[2023-12-20T20:51:09.638+0000] {processor.py:179} INFO - Processing /usr/local/lib/python3.10/dist-packages/airflow/example_dags/example_trigger_target_dag.py took 0.068 seconds
[2023-12-20T20:54:40.178+0000] {processor.py:157} INFO - Started process (PID=10891) to work on /usr/local/lib/python3.10/dist-packages/airflow/example_dags/example_trigger_target_dag.py
[2023-12-20T20:54:40.183+0000] {processor.py:829} INFO - Processing file /usr/local/lib/python3.10/dist-packages/airflow/example_dags/example_trigger_target_dag.py for tasks to queue
[2023-12-20T20:54:40.185+0000] {logging_mixin.py:154} INFO - [2023-12-20T20:54:40.184+0000] {dagbag.py:536} INFO - Filling up the DagBag from /usr/local/lib/python3.10/dist-packages/airflow/example_dags/example_trigger_target_dag.py
[2023-12-20T20:54:40.195+0000] {processor.py:839} INFO - DAG(s) dict_keys(['example_trigger_target_dag']) retrieved from /usr/local/lib/python3.10/dist-packages/airflow/example_dags/example_trigger_target_dag.py
[2023-12-20T20:54:40.218+0000] {logging_mixin.py:154} INFO - [2023-12-20T20:54:40.218+0000] {dag.py:2941} INFO - Sync 1 DAGs
[2023-12-20T20:54:40.237+0000] {logging_mixin.py:154} INFO - [2023-12-20T20:54:40.236+0000] {dag.py:3722} INFO - Setting next_dagrun for example_trigger_target_dag to None, run_after=None
[2023-12-20T20:54:40.276+0000] {processor.py:179} INFO - Processing /usr/local/lib/python3.10/dist-packages/airflow/example_dags/example_trigger_target_dag.py took 0.101 seconds
[2023-12-20T20:57:43.537+0000] {processor.py:157} INFO - Started process (PID=20343) to work on /usr/local/lib/python3.10/dist-packages/airflow/example_dags/example_trigger_target_dag.py
[2023-12-20T20:57:43.538+0000] {processor.py:829} INFO - Processing file /usr/local/lib/python3.10/dist-packages/airflow/example_dags/example_trigger_target_dag.py for tasks to queue
[2023-12-20T20:57:43.539+0000] {logging_mixin.py:154} INFO - [2023-12-20T20:57:43.539+0000] {dagbag.py:536} INFO - Filling up the DagBag from /usr/local/lib/python3.10/dist-packages/airflow/example_dags/example_trigger_target_dag.py
[2023-12-20T20:57:43.549+0000] {processor.py:839} INFO - DAG(s) dict_keys(['example_trigger_target_dag']) retrieved from /usr/local/lib/python3.10/dist-packages/airflow/example_dags/example_trigger_target_dag.py
[2023-12-20T20:57:43.566+0000] {logging_mixin.py:154} INFO - [2023-12-20T20:57:43.566+0000] {dag.py:2941} INFO - Sync 1 DAGs
[2023-12-20T20:57:43.578+0000] {logging_mixin.py:154} INFO - [2023-12-20T20:57:43.577+0000] {dag.py:3722} INFO - Setting next_dagrun for example_trigger_target_dag to None, run_after=None
[2023-12-20T20:57:43.604+0000] {processor.py:179} INFO - Processing /usr/local/lib/python3.10/dist-packages/airflow/example_dags/example_trigger_target_dag.py took 0.071 seconds
[2023-12-20T20:59:50.548+0000] {processor.py:157} INFO - Started process (PID=20518) to work on /usr/local/lib/python3.10/dist-packages/airflow/example_dags/example_trigger_target_dag.py
[2023-12-20T20:59:50.550+0000] {processor.py:829} INFO - Processing file /usr/local/lib/python3.10/dist-packages/airflow/example_dags/example_trigger_target_dag.py for tasks to queue
[2023-12-20T20:59:50.551+0000] {logging_mixin.py:154} INFO - [2023-12-20T20:59:50.550+0000] {dagbag.py:536} INFO - Filling up the DagBag from /usr/local/lib/python3.10/dist-packages/airflow/example_dags/example_trigger_target_dag.py
[2023-12-20T20:59:50.557+0000] {processor.py:839} INFO - DAG(s) dict_keys(['example_trigger_target_dag']) retrieved from /usr/local/lib/python3.10/dist-packages/airflow/example_dags/example_trigger_target_dag.py
[2023-12-20T20:59:50.573+0000] {logging_mixin.py:154} INFO - [2023-12-20T20:59:50.573+0000] {dag.py:2941} INFO - Sync 1 DAGs
[2023-12-20T20:59:50.584+0000] {logging_mixin.py:154} INFO - [2023-12-20T20:59:50.584+0000] {dag.py:3722} INFO - Setting next_dagrun for example_trigger_target_dag to None, run_after=None
[2023-12-20T20:59:50.605+0000] {processor.py:179} INFO - Processing /usr/local/lib/python3.10/dist-packages/airflow/example_dags/example_trigger_target_dag.py took 0.060 seconds
[2023-12-20T21:01:54.109+0000] {processor.py:157} INFO - Started process (PID=20690) to work on /usr/local/lib/python3.10/dist-packages/airflow/example_dags/example_trigger_target_dag.py
[2023-12-20T21:01:54.113+0000] {processor.py:829} INFO - Processing file /usr/local/lib/python3.10/dist-packages/airflow/example_dags/example_trigger_target_dag.py for tasks to queue
[2023-12-20T21:01:54.114+0000] {logging_mixin.py:154} INFO - [2023-12-20T21:01:54.114+0000] {dagbag.py:536} INFO - Filling up the DagBag from /usr/local/lib/python3.10/dist-packages/airflow/example_dags/example_trigger_target_dag.py
[2023-12-20T21:01:54.125+0000] {processor.py:839} INFO - DAG(s) dict_keys(['example_trigger_target_dag']) retrieved from /usr/local/lib/python3.10/dist-packages/airflow/example_dags/example_trigger_target_dag.py
[2023-12-20T21:01:54.143+0000] {logging_mixin.py:154} INFO - [2023-12-20T21:01:54.143+0000] {dag.py:2941} INFO - Sync 1 DAGs
[2023-12-20T21:01:54.156+0000] {logging_mixin.py:154} INFO - [2023-12-20T21:01:54.155+0000] {dag.py:3722} INFO - Setting next_dagrun for example_trigger_target_dag to None, run_after=None
[2023-12-20T21:01:54.180+0000] {processor.py:179} INFO - Processing /usr/local/lib/python3.10/dist-packages/airflow/example_dags/example_trigger_target_dag.py took 0.074 seconds
[2023-12-20T21:03:47.345+0000] {processor.py:157} INFO - Started process (PID=20853) to work on /usr/local/lib/python3.10/dist-packages/airflow/example_dags/example_trigger_target_dag.py
[2023-12-20T21:03:47.346+0000] {processor.py:829} INFO - Processing file /usr/local/lib/python3.10/dist-packages/airflow/example_dags/example_trigger_target_dag.py for tasks to queue
[2023-12-20T21:03:47.347+0000] {logging_mixin.py:154} INFO - [2023-12-20T21:03:47.346+0000] {dagbag.py:536} INFO - Filling up the DagBag from /usr/local/lib/python3.10/dist-packages/airflow/example_dags/example_trigger_target_dag.py
[2023-12-20T21:03:47.352+0000] {processor.py:839} INFO - DAG(s) dict_keys(['example_trigger_target_dag']) retrieved from /usr/local/lib/python3.10/dist-packages/airflow/example_dags/example_trigger_target_dag.py
[2023-12-20T21:03:47.368+0000] {logging_mixin.py:154} INFO - [2023-12-20T21:03:47.368+0000] {dag.py:2941} INFO - Sync 1 DAGs
[2023-12-20T21:03:47.378+0000] {logging_mixin.py:154} INFO - [2023-12-20T21:03:47.378+0000] {dag.py:3722} INFO - Setting next_dagrun for example_trigger_target_dag to None, run_after=None
[2023-12-20T21:03:47.400+0000] {processor.py:179} INFO - Processing /usr/local/lib/python3.10/dist-packages/airflow/example_dags/example_trigger_target_dag.py took 0.058 seconds
[2023-12-20T21:05:47.568+0000] {processor.py:157} INFO - Started process (PID=21023) to work on /usr/local/lib/python3.10/dist-packages/airflow/example_dags/example_trigger_target_dag.py
[2023-12-20T21:05:47.569+0000] {processor.py:829} INFO - Processing file /usr/local/lib/python3.10/dist-packages/airflow/example_dags/example_trigger_target_dag.py for tasks to queue
[2023-12-20T21:05:47.570+0000] {logging_mixin.py:154} INFO - [2023-12-20T21:05:47.570+0000] {dagbag.py:536} INFO - Filling up the DagBag from /usr/local/lib/python3.10/dist-packages/airflow/example_dags/example_trigger_target_dag.py
[2023-12-20T21:05:47.576+0000] {processor.py:839} INFO - DAG(s) dict_keys(['example_trigger_target_dag']) retrieved from /usr/local/lib/python3.10/dist-packages/airflow/example_dags/example_trigger_target_dag.py
[2023-12-20T21:05:47.590+0000] {logging_mixin.py:154} INFO - [2023-12-20T21:05:47.590+0000] {dag.py:2941} INFO - Sync 1 DAGs
[2023-12-20T21:05:47.600+0000] {logging_mixin.py:154} INFO - [2023-12-20T21:05:47.600+0000] {dag.py:3722} INFO - Setting next_dagrun for example_trigger_target_dag to None, run_after=None
[2023-12-20T21:05:47.619+0000] {processor.py:179} INFO - Processing /usr/local/lib/python3.10/dist-packages/airflow/example_dags/example_trigger_target_dag.py took 0.055 seconds
[2023-12-20T21:07:38.238+0000] {processor.py:157} INFO - Started process (PID=21182) to work on /usr/local/lib/python3.10/dist-packages/airflow/example_dags/example_trigger_target_dag.py
[2023-12-20T21:07:38.240+0000] {processor.py:829} INFO - Processing file /usr/local/lib/python3.10/dist-packages/airflow/example_dags/example_trigger_target_dag.py for tasks to queue
[2023-12-20T21:07:38.240+0000] {logging_mixin.py:154} INFO - [2023-12-20T21:07:38.240+0000] {dagbag.py:536} INFO - Filling up the DagBag from /usr/local/lib/python3.10/dist-packages/airflow/example_dags/example_trigger_target_dag.py
[2023-12-20T21:07:38.247+0000] {processor.py:839} INFO - DAG(s) dict_keys(['example_trigger_target_dag']) retrieved from /usr/local/lib/python3.10/dist-packages/airflow/example_dags/example_trigger_target_dag.py
[2023-12-20T21:07:38.265+0000] {logging_mixin.py:154} INFO - [2023-12-20T21:07:38.264+0000] {dag.py:2941} INFO - Sync 1 DAGs
[2023-12-20T21:07:38.276+0000] {logging_mixin.py:154} INFO - [2023-12-20T21:07:38.276+0000] {dag.py:3722} INFO - Setting next_dagrun for example_trigger_target_dag to None, run_after=None
[2023-12-20T21:07:38.298+0000] {processor.py:179} INFO - Processing /usr/local/lib/python3.10/dist-packages/airflow/example_dags/example_trigger_target_dag.py took 0.063 seconds
[2023-12-20T21:09:36.506+0000] {processor.py:157} INFO - Started process (PID=21365) to work on /usr/local/lib/python3.10/dist-packages/airflow/example_dags/example_trigger_target_dag.py
[2023-12-20T21:09:36.507+0000] {processor.py:829} INFO - Processing file /usr/local/lib/python3.10/dist-packages/airflow/example_dags/example_trigger_target_dag.py for tasks to queue
[2023-12-20T21:09:36.508+0000] {logging_mixin.py:154} INFO - [2023-12-20T21:09:36.508+0000] {dagbag.py:536} INFO - Filling up the DagBag from /usr/local/lib/python3.10/dist-packages/airflow/example_dags/example_trigger_target_dag.py
[2023-12-20T21:09:36.515+0000] {processor.py:839} INFO - DAG(s) dict_keys(['example_trigger_target_dag']) retrieved from /usr/local/lib/python3.10/dist-packages/airflow/example_dags/example_trigger_target_dag.py
[2023-12-20T21:09:36.530+0000] {logging_mixin.py:154} INFO - [2023-12-20T21:09:36.530+0000] {dag.py:2941} INFO - Sync 1 DAGs
[2023-12-20T21:09:36.540+0000] {logging_mixin.py:154} INFO - [2023-12-20T21:09:36.540+0000] {dag.py:3722} INFO - Setting next_dagrun for example_trigger_target_dag to None, run_after=None
[2023-12-20T21:09:36.563+0000] {processor.py:179} INFO - Processing /usr/local/lib/python3.10/dist-packages/airflow/example_dags/example_trigger_target_dag.py took 0.060 seconds
[2023-12-20T21:11:27.611+0000] {processor.py:157} INFO - Started process (PID=21528) to work on /usr/local/lib/python3.10/dist-packages/airflow/example_dags/example_trigger_target_dag.py
[2023-12-20T21:11:27.613+0000] {processor.py:829} INFO - Processing file /usr/local/lib/python3.10/dist-packages/airflow/example_dags/example_trigger_target_dag.py for tasks to queue
[2023-12-20T21:11:27.613+0000] {logging_mixin.py:154} INFO - [2023-12-20T21:11:27.613+0000] {dagbag.py:536} INFO - Filling up the DagBag from /usr/local/lib/python3.10/dist-packages/airflow/example_dags/example_trigger_target_dag.py
[2023-12-20T21:11:27.619+0000] {processor.py:839} INFO - DAG(s) dict_keys(['example_trigger_target_dag']) retrieved from /usr/local/lib/python3.10/dist-packages/airflow/example_dags/example_trigger_target_dag.py
[2023-12-20T21:11:27.638+0000] {logging_mixin.py:154} INFO - [2023-12-20T21:11:27.637+0000] {dag.py:2941} INFO - Sync 1 DAGs
[2023-12-20T21:11:27.648+0000] {logging_mixin.py:154} INFO - [2023-12-20T21:11:27.648+0000] {dag.py:3722} INFO - Setting next_dagrun for example_trigger_target_dag to None, run_after=None
[2023-12-20T21:11:27.680+0000] {processor.py:179} INFO - Processing /usr/local/lib/python3.10/dist-packages/airflow/example_dags/example_trigger_target_dag.py took 0.071 seconds
[2023-12-20T21:13:27.091+0000] {processor.py:157} INFO - Started process (PID=21702) to work on /usr/local/lib/python3.10/dist-packages/airflow/example_dags/example_trigger_target_dag.py
[2023-12-20T21:13:27.093+0000] {processor.py:829} INFO - Processing file /usr/local/lib/python3.10/dist-packages/airflow/example_dags/example_trigger_target_dag.py for tasks to queue
[2023-12-20T21:13:27.093+0000] {logging_mixin.py:154} INFO - [2023-12-20T21:13:27.093+0000] {dagbag.py:536} INFO - Filling up the DagBag from /usr/local/lib/python3.10/dist-packages/airflow/example_dags/example_trigger_target_dag.py
[2023-12-20T21:13:27.099+0000] {processor.py:839} INFO - DAG(s) dict_keys(['example_trigger_target_dag']) retrieved from /usr/local/lib/python3.10/dist-packages/airflow/example_dags/example_trigger_target_dag.py
[2023-12-20T21:13:27.113+0000] {logging_mixin.py:154} INFO - [2023-12-20T21:13:27.113+0000] {dag.py:2941} INFO - Sync 1 DAGs
[2023-12-20T21:13:27.124+0000] {logging_mixin.py:154} INFO - [2023-12-20T21:13:27.124+0000] {dag.py:3722} INFO - Setting next_dagrun for example_trigger_target_dag to None, run_after=None
[2023-12-20T21:13:27.148+0000] {processor.py:179} INFO - Processing /usr/local/lib/python3.10/dist-packages/airflow/example_dags/example_trigger_target_dag.py took 0.060 seconds
[2023-12-20T21:15:15.952+0000] {processor.py:157} INFO - Started process (PID=21862) to work on /usr/local/lib/python3.10/dist-packages/airflow/example_dags/example_trigger_target_dag.py
[2023-12-20T21:15:15.954+0000] {processor.py:829} INFO - Processing file /usr/local/lib/python3.10/dist-packages/airflow/example_dags/example_trigger_target_dag.py for tasks to queue
[2023-12-20T21:15:15.955+0000] {logging_mixin.py:154} INFO - [2023-12-20T21:15:15.954+0000] {dagbag.py:536} INFO - Filling up the DagBag from /usr/local/lib/python3.10/dist-packages/airflow/example_dags/example_trigger_target_dag.py
[2023-12-20T21:15:15.961+0000] {processor.py:839} INFO - DAG(s) dict_keys(['example_trigger_target_dag']) retrieved from /usr/local/lib/python3.10/dist-packages/airflow/example_dags/example_trigger_target_dag.py
[2023-12-20T21:15:15.976+0000] {logging_mixin.py:154} INFO - [2023-12-20T21:15:15.976+0000] {dag.py:2941} INFO - Sync 1 DAGs
[2023-12-20T21:15:15.986+0000] {logging_mixin.py:154} INFO - [2023-12-20T21:15:15.986+0000] {dag.py:3722} INFO - Setting next_dagrun for example_trigger_target_dag to None, run_after=None
[2023-12-20T21:15:16.006+0000] {processor.py:179} INFO - Processing /usr/local/lib/python3.10/dist-packages/airflow/example_dags/example_trigger_target_dag.py took 0.057 seconds
[2023-12-20T21:17:15.238+0000] {processor.py:157} INFO - Started process (PID=22035) to work on /usr/local/lib/python3.10/dist-packages/airflow/example_dags/example_trigger_target_dag.py
[2023-12-20T21:17:15.239+0000] {processor.py:829} INFO - Processing file /usr/local/lib/python3.10/dist-packages/airflow/example_dags/example_trigger_target_dag.py for tasks to queue
[2023-12-20T21:17:15.240+0000] {logging_mixin.py:154} INFO - [2023-12-20T21:17:15.240+0000] {dagbag.py:536} INFO - Filling up the DagBag from /usr/local/lib/python3.10/dist-packages/airflow/example_dags/example_trigger_target_dag.py
[2023-12-20T21:17:15.246+0000] {processor.py:839} INFO - DAG(s) dict_keys(['example_trigger_target_dag']) retrieved from /usr/local/lib/python3.10/dist-packages/airflow/example_dags/example_trigger_target_dag.py
[2023-12-20T21:17:15.261+0000] {logging_mixin.py:154} INFO - [2023-12-20T21:17:15.261+0000] {dag.py:2941} INFO - Sync 1 DAGs
[2023-12-20T21:17:15.272+0000] {logging_mixin.py:154} INFO - [2023-12-20T21:17:15.272+0000] {dag.py:3722} INFO - Setting next_dagrun for example_trigger_target_dag to None, run_after=None
[2023-12-20T21:17:15.293+0000] {processor.py:179} INFO - Processing /usr/local/lib/python3.10/dist-packages/airflow/example_dags/example_trigger_target_dag.py took 0.058 seconds
[2023-12-20T21:19:07.082+0000] {processor.py:157} INFO - Started process (PID=22195) to work on /usr/local/lib/python3.10/dist-packages/airflow/example_dags/example_trigger_target_dag.py
[2023-12-20T21:19:07.083+0000] {processor.py:829} INFO - Processing file /usr/local/lib/python3.10/dist-packages/airflow/example_dags/example_trigger_target_dag.py for tasks to queue
[2023-12-20T21:19:07.084+0000] {logging_mixin.py:154} INFO - [2023-12-20T21:19:07.084+0000] {dagbag.py:536} INFO - Filling up the DagBag from /usr/local/lib/python3.10/dist-packages/airflow/example_dags/example_trigger_target_dag.py
[2023-12-20T21:19:07.091+0000] {processor.py:839} INFO - DAG(s) dict_keys(['example_trigger_target_dag']) retrieved from /usr/local/lib/python3.10/dist-packages/airflow/example_dags/example_trigger_target_dag.py
[2023-12-20T21:19:07.106+0000] {logging_mixin.py:154} INFO - [2023-12-20T21:19:07.106+0000] {dag.py:2941} INFO - Sync 1 DAGs
[2023-12-20T21:19:07.117+0000] {logging_mixin.py:154} INFO - [2023-12-20T21:19:07.117+0000] {dag.py:3722} INFO - Setting next_dagrun for example_trigger_target_dag to None, run_after=None
[2023-12-20T21:19:07.139+0000] {processor.py:179} INFO - Processing /usr/local/lib/python3.10/dist-packages/airflow/example_dags/example_trigger_target_dag.py took 0.060 seconds
[2023-12-20T21:21:07.795+0000] {processor.py:157} INFO - Started process (PID=22365) to work on /usr/local/lib/python3.10/dist-packages/airflow/example_dags/example_trigger_target_dag.py
[2023-12-20T21:21:07.797+0000] {processor.py:829} INFO - Processing file /usr/local/lib/python3.10/dist-packages/airflow/example_dags/example_trigger_target_dag.py for tasks to queue
[2023-12-20T21:21:07.797+0000] {logging_mixin.py:154} INFO - [2023-12-20T21:21:07.797+0000] {dagbag.py:536} INFO - Filling up the DagBag from /usr/local/lib/python3.10/dist-packages/airflow/example_dags/example_trigger_target_dag.py
[2023-12-20T21:21:07.803+0000] {processor.py:839} INFO - DAG(s) dict_keys(['example_trigger_target_dag']) retrieved from /usr/local/lib/python3.10/dist-packages/airflow/example_dags/example_trigger_target_dag.py
[2023-12-20T21:21:07.818+0000] {logging_mixin.py:154} INFO - [2023-12-20T21:21:07.818+0000] {dag.py:2941} INFO - Sync 1 DAGs
[2023-12-20T21:21:07.829+0000] {logging_mixin.py:154} INFO - [2023-12-20T21:21:07.828+0000] {dag.py:3722} INFO - Setting next_dagrun for example_trigger_target_dag to None, run_after=None
[2023-12-20T21:21:07.849+0000] {processor.py:179} INFO - Processing /usr/local/lib/python3.10/dist-packages/airflow/example_dags/example_trigger_target_dag.py took 0.057 seconds
[2023-12-20T21:23:00.966+0000] {processor.py:157} INFO - Started process (PID=22526) to work on /usr/local/lib/python3.10/dist-packages/airflow/example_dags/example_trigger_target_dag.py
[2023-12-20T21:23:00.968+0000] {processor.py:829} INFO - Processing file /usr/local/lib/python3.10/dist-packages/airflow/example_dags/example_trigger_target_dag.py for tasks to queue
[2023-12-20T21:23:00.969+0000] {logging_mixin.py:154} INFO - [2023-12-20T21:23:00.969+0000] {dagbag.py:536} INFO - Filling up the DagBag from /usr/local/lib/python3.10/dist-packages/airflow/example_dags/example_trigger_target_dag.py
[2023-12-20T21:23:00.976+0000] {processor.py:839} INFO - DAG(s) dict_keys(['example_trigger_target_dag']) retrieved from /usr/local/lib/python3.10/dist-packages/airflow/example_dags/example_trigger_target_dag.py
[2023-12-20T21:23:00.992+0000] {logging_mixin.py:154} INFO - [2023-12-20T21:23:00.992+0000] {dag.py:2941} INFO - Sync 1 DAGs
[2023-12-20T21:23:01.004+0000] {logging_mixin.py:154} INFO - [2023-12-20T21:23:01.003+0000] {dag.py:3722} INFO - Setting next_dagrun for example_trigger_target_dag to None, run_after=None
[2023-12-20T21:23:01.026+0000] {processor.py:179} INFO - Processing /usr/local/lib/python3.10/dist-packages/airflow/example_dags/example_trigger_target_dag.py took 0.064 seconds
[2023-12-20T21:25:52.096+0000] {processor.py:157} INFO - Started process (PID=22697) to work on /usr/local/lib/python3.10/dist-packages/airflow/example_dags/example_trigger_target_dag.py
[2023-12-20T21:25:52.098+0000] {processor.py:829} INFO - Processing file /usr/local/lib/python3.10/dist-packages/airflow/example_dags/example_trigger_target_dag.py for tasks to queue
[2023-12-20T21:25:52.099+0000] {logging_mixin.py:154} INFO - [2023-12-20T21:25:52.099+0000] {dagbag.py:536} INFO - Filling up the DagBag from /usr/local/lib/python3.10/dist-packages/airflow/example_dags/example_trigger_target_dag.py
[2023-12-20T21:25:52.106+0000] {processor.py:839} INFO - DAG(s) dict_keys(['example_trigger_target_dag']) retrieved from /usr/local/lib/python3.10/dist-packages/airflow/example_dags/example_trigger_target_dag.py
[2023-12-20T21:25:52.248+0000] {logging_mixin.py:154} INFO - [2023-12-20T21:25:52.247+0000] {dag.py:2941} INFO - Sync 1 DAGs
[2023-12-20T21:25:52.259+0000] {logging_mixin.py:154} INFO - [2023-12-20T21:25:52.259+0000] {dag.py:3722} INFO - Setting next_dagrun for example_trigger_target_dag to None, run_after=None
[2023-12-20T21:25:52.284+0000] {processor.py:179} INFO - Processing /usr/local/lib/python3.10/dist-packages/airflow/example_dags/example_trigger_target_dag.py took 0.191 seconds
[2023-12-20T21:30:22.578+0000] {processor.py:157} INFO - Started process (PID=22881) to work on /usr/local/lib/python3.10/dist-packages/airflow/example_dags/example_trigger_target_dag.py
[2023-12-20T21:30:22.580+0000] {processor.py:829} INFO - Processing file /usr/local/lib/python3.10/dist-packages/airflow/example_dags/example_trigger_target_dag.py for tasks to queue
[2023-12-20T21:30:22.581+0000] {logging_mixin.py:154} INFO - [2023-12-20T21:30:22.580+0000] {dagbag.py:536} INFO - Filling up the DagBag from /usr/local/lib/python3.10/dist-packages/airflow/example_dags/example_trigger_target_dag.py
[2023-12-20T21:30:22.589+0000] {processor.py:839} INFO - DAG(s) dict_keys(['example_trigger_target_dag']) retrieved from /usr/local/lib/python3.10/dist-packages/airflow/example_dags/example_trigger_target_dag.py
[2023-12-20T21:30:22.605+0000] {logging_mixin.py:154} INFO - [2023-12-20T21:30:22.604+0000] {dag.py:2941} INFO - Sync 1 DAGs
[2023-12-20T21:30:22.657+0000] {logging_mixin.py:154} INFO - [2023-12-20T21:30:22.657+0000] {dag.py:3722} INFO - Setting next_dagrun for example_trigger_target_dag to None, run_after=None
[2023-12-20T21:30:22.681+0000] {processor.py:179} INFO - Processing /usr/local/lib/python3.10/dist-packages/airflow/example_dags/example_trigger_target_dag.py took 0.112 seconds
[2023-12-20T21:34:58.328+0000] {processor.py:157} INFO - Started process (PID=23066) to work on /usr/local/lib/python3.10/dist-packages/airflow/example_dags/example_trigger_target_dag.py
[2023-12-20T21:34:58.330+0000] {processor.py:829} INFO - Processing file /usr/local/lib/python3.10/dist-packages/airflow/example_dags/example_trigger_target_dag.py for tasks to queue
[2023-12-20T21:34:58.332+0000] {logging_mixin.py:154} INFO - [2023-12-20T21:34:58.330+0000] {dagbag.py:536} INFO - Filling up the DagBag from /usr/local/lib/python3.10/dist-packages/airflow/example_dags/example_trigger_target_dag.py
[2023-12-20T21:34:58.341+0000] {processor.py:839} INFO - DAG(s) dict_keys(['example_trigger_target_dag']) retrieved from /usr/local/lib/python3.10/dist-packages/airflow/example_dags/example_trigger_target_dag.py
[2023-12-20T21:34:58.368+0000] {logging_mixin.py:154} INFO - [2023-12-20T21:34:58.368+0000] {dag.py:2941} INFO - Sync 1 DAGs
[2023-12-20T21:34:58.413+0000] {logging_mixin.py:154} INFO - [2023-12-20T21:34:58.413+0000] {dag.py:3722} INFO - Setting next_dagrun for example_trigger_target_dag to None, run_after=None
[2023-12-20T21:34:58.487+0000] {processor.py:179} INFO - Processing /usr/local/lib/python3.10/dist-packages/airflow/example_dags/example_trigger_target_dag.py took 0.162 seconds
