[2023-12-20T20:25:16.530+0000] {processor.py:157} INFO - Started process (PID=1187) to work on /usr/local/lib/python3.10/dist-packages/airflow/example_dags/example_external_task_marker_dag.py
[2023-12-20T20:25:16.531+0000] {processor.py:829} INFO - Processing file /usr/local/lib/python3.10/dist-packages/airflow/example_dags/example_external_task_marker_dag.py for tasks to queue
[2023-12-20T20:25:16.532+0000] {logging_mixin.py:154} INFO - [2023-12-20T20:25:16.531+0000] {dagbag.py:536} INFO - Filling up the DagBag from /usr/local/lib/python3.10/dist-packages/airflow/example_dags/example_external_task_marker_dag.py
[2023-12-20T20:25:16.538+0000] {processor.py:839} INFO - DAG(s) dict_keys(['example_external_task_marker_child', 'example_external_task_marker_parent']) retrieved from /usr/local/lib/python3.10/dist-packages/airflow/example_dags/example_external_task_marker_dag.py
[2023-12-20T20:25:16.561+0000] {logging_mixin.py:154} INFO - [2023-12-20T20:25:16.561+0000] {dag.py:2941} INFO - Sync 2 DAGs
[2023-12-20T20:25:16.576+0000] {logging_mixin.py:154} INFO - [2023-12-20T20:25:16.576+0000] {dag.py:3722} INFO - Setting next_dagrun for example_external_task_marker_child to None, run_after=None
[2023-12-20T20:25:16.579+0000] {logging_mixin.py:154} INFO - [2023-12-20T20:25:16.579+0000] {dag.py:3722} INFO - Setting next_dagrun for example_external_task_marker_parent to None, run_after=None
[2023-12-20T20:25:16.600+0000] {processor.py:179} INFO - Processing /usr/local/lib/python3.10/dist-packages/airflow/example_dags/example_external_task_marker_dag.py took 0.073 seconds
[2023-12-20T20:28:11.941+0000] {processor.py:157} INFO - Started process (PID=1396) to work on /usr/local/lib/python3.10/dist-packages/airflow/example_dags/example_external_task_marker_dag.py
[2023-12-20T20:28:11.943+0000] {processor.py:829} INFO - Processing file /usr/local/lib/python3.10/dist-packages/airflow/example_dags/example_external_task_marker_dag.py for tasks to queue
[2023-12-20T20:28:11.944+0000] {logging_mixin.py:154} INFO - [2023-12-20T20:28:11.944+0000] {dagbag.py:536} INFO - Filling up the DagBag from /usr/local/lib/python3.10/dist-packages/airflow/example_dags/example_external_task_marker_dag.py
[2023-12-20T20:28:11.950+0000] {processor.py:839} INFO - DAG(s) dict_keys(['example_external_task_marker_parent', 'example_external_task_marker_child']) retrieved from /usr/local/lib/python3.10/dist-packages/airflow/example_dags/example_external_task_marker_dag.py
[2023-12-20T20:28:11.967+0000] {logging_mixin.py:154} INFO - [2023-12-20T20:28:11.967+0000] {dag.py:2941} INFO - Sync 2 DAGs
[2023-12-20T20:28:11.977+0000] {logging_mixin.py:154} INFO - [2023-12-20T20:28:11.977+0000] {dag.py:3722} INFO - Setting next_dagrun for example_external_task_marker_child to None, run_after=None
[2023-12-20T20:28:11.980+0000] {logging_mixin.py:154} INFO - [2023-12-20T20:28:11.980+0000] {dag.py:3722} INFO - Setting next_dagrun for example_external_task_marker_parent to None, run_after=None
[2023-12-20T20:28:11.997+0000] {processor.py:179} INFO - Processing /usr/local/lib/python3.10/dist-packages/airflow/example_dags/example_external_task_marker_dag.py took 0.058 seconds
[2023-12-20T20:34:10.172+0000] {processor.py:157} INFO - Started process (PID=1857) to work on /usr/local/lib/python3.10/dist-packages/airflow/example_dags/example_external_task_marker_dag.py
[2023-12-20T20:34:10.177+0000] {processor.py:829} INFO - Processing file /usr/local/lib/python3.10/dist-packages/airflow/example_dags/example_external_task_marker_dag.py for tasks to queue
[2023-12-20T20:34:10.178+0000] {logging_mixin.py:154} INFO - [2023-12-20T20:34:10.178+0000] {dagbag.py:536} INFO - Filling up the DagBag from /usr/local/lib/python3.10/dist-packages/airflow/example_dags/example_external_task_marker_dag.py
[2023-12-20T20:34:10.191+0000] {processor.py:839} INFO - DAG(s) dict_keys(['example_external_task_marker_child', 'example_external_task_marker_parent']) retrieved from /usr/local/lib/python3.10/dist-packages/airflow/example_dags/example_external_task_marker_dag.py
[2023-12-20T20:34:10.389+0000] {logging_mixin.py:154} INFO - [2023-12-20T20:34:10.388+0000] {dag.py:2941} INFO - Sync 2 DAGs
[2023-12-20T20:34:10.398+0000] {logging_mixin.py:154} INFO - [2023-12-20T20:34:10.398+0000] {dag.py:3722} INFO - Setting next_dagrun for example_external_task_marker_child to None, run_after=None
[2023-12-20T20:34:10.402+0000] {logging_mixin.py:154} INFO - [2023-12-20T20:34:10.402+0000] {dag.py:3722} INFO - Setting next_dagrun for example_external_task_marker_parent to None, run_after=None
[2023-12-20T20:34:10.423+0000] {processor.py:179} INFO - Processing /usr/local/lib/python3.10/dist-packages/airflow/example_dags/example_external_task_marker_dag.py took 0.261 seconds
[2023-12-20T20:40:50.851+0000] {processor.py:157} INFO - Started process (PID=2375) to work on /usr/local/lib/python3.10/dist-packages/airflow/example_dags/example_external_task_marker_dag.py
[2023-12-20T20:40:50.854+0000] {processor.py:829} INFO - Processing file /usr/local/lib/python3.10/dist-packages/airflow/example_dags/example_external_task_marker_dag.py for tasks to queue
[2023-12-20T20:40:50.854+0000] {logging_mixin.py:154} INFO - [2023-12-20T20:40:50.854+0000] {dagbag.py:536} INFO - Filling up the DagBag from /usr/local/lib/python3.10/dist-packages/airflow/example_dags/example_external_task_marker_dag.py
[2023-12-20T20:40:50.861+0000] {processor.py:839} INFO - DAG(s) dict_keys(['example_external_task_marker_child', 'example_external_task_marker_parent']) retrieved from /usr/local/lib/python3.10/dist-packages/airflow/example_dags/example_external_task_marker_dag.py
[2023-12-20T20:40:50.885+0000] {logging_mixin.py:154} INFO - [2023-12-20T20:40:50.884+0000] {dag.py:2941} INFO - Sync 2 DAGs
[2023-12-20T20:40:50.895+0000] {logging_mixin.py:154} INFO - [2023-12-20T20:40:50.895+0000] {dag.py:3722} INFO - Setting next_dagrun for example_external_task_marker_child to None, run_after=None
[2023-12-20T20:40:50.898+0000] {logging_mixin.py:154} INFO - [2023-12-20T20:40:50.898+0000] {dag.py:3722} INFO - Setting next_dagrun for example_external_task_marker_parent to None, run_after=None
[2023-12-20T20:40:50.921+0000] {processor.py:179} INFO - Processing /usr/local/lib/python3.10/dist-packages/airflow/example_dags/example_external_task_marker_dag.py took 0.073 seconds
[2023-12-20T20:47:10.718+0000] {processor.py:157} INFO - Started process (PID=2830) to work on /usr/local/lib/python3.10/dist-packages/airflow/example_dags/example_external_task_marker_dag.py
[2023-12-20T20:47:10.719+0000] {processor.py:829} INFO - Processing file /usr/local/lib/python3.10/dist-packages/airflow/example_dags/example_external_task_marker_dag.py for tasks to queue
[2023-12-20T20:47:10.720+0000] {logging_mixin.py:154} INFO - [2023-12-20T20:47:10.720+0000] {dagbag.py:536} INFO - Filling up the DagBag from /usr/local/lib/python3.10/dist-packages/airflow/example_dags/example_external_task_marker_dag.py
[2023-12-20T20:47:10.727+0000] {processor.py:839} INFO - DAG(s) dict_keys(['example_external_task_marker_parent', 'example_external_task_marker_child']) retrieved from /usr/local/lib/python3.10/dist-packages/airflow/example_dags/example_external_task_marker_dag.py
[2023-12-20T20:47:10.748+0000] {logging_mixin.py:154} INFO - [2023-12-20T20:47:10.748+0000] {dag.py:2941} INFO - Sync 2 DAGs
[2023-12-20T20:47:10.760+0000] {logging_mixin.py:154} INFO - [2023-12-20T20:47:10.759+0000] {dag.py:3722} INFO - Setting next_dagrun for example_external_task_marker_child to None, run_after=None
[2023-12-20T20:47:10.763+0000] {logging_mixin.py:154} INFO - [2023-12-20T20:47:10.763+0000] {dag.py:3722} INFO - Setting next_dagrun for example_external_task_marker_parent to None, run_after=None
[2023-12-20T20:47:10.788+0000] {processor.py:179} INFO - Processing /usr/local/lib/python3.10/dist-packages/airflow/example_dags/example_external_task_marker_dag.py took 0.074 seconds
[2023-12-20T20:53:09.508+0000] {processor.py:157} INFO - Started process (PID=4076) to work on /usr/local/lib/python3.10/dist-packages/airflow/example_dags/example_external_task_marker_dag.py
[2023-12-20T20:53:09.520+0000] {processor.py:829} INFO - Processing file /usr/local/lib/python3.10/dist-packages/airflow/example_dags/example_external_task_marker_dag.py for tasks to queue
[2023-12-20T20:53:09.521+0000] {logging_mixin.py:154} INFO - [2023-12-20T20:53:09.521+0000] {dagbag.py:536} INFO - Filling up the DagBag from /usr/local/lib/python3.10/dist-packages/airflow/example_dags/example_external_task_marker_dag.py
[2023-12-20T20:53:09.530+0000] {processor.py:839} INFO - DAG(s) dict_keys(['example_external_task_marker_parent', 'example_external_task_marker_child']) retrieved from /usr/local/lib/python3.10/dist-packages/airflow/example_dags/example_external_task_marker_dag.py
[2023-12-20T20:53:09.557+0000] {logging_mixin.py:154} INFO - [2023-12-20T20:53:09.556+0000] {dag.py:2941} INFO - Sync 2 DAGs
[2023-12-20T20:53:09.572+0000] {logging_mixin.py:154} INFO - [2023-12-20T20:53:09.572+0000] {dag.py:3722} INFO - Setting next_dagrun for example_external_task_marker_child to None, run_after=None
[2023-12-20T20:53:09.576+0000] {logging_mixin.py:154} INFO - [2023-12-20T20:53:09.576+0000] {dag.py:3722} INFO - Setting next_dagrun for example_external_task_marker_parent to None, run_after=None
[2023-12-20T20:53:09.611+0000] {processor.py:179} INFO - Processing /usr/local/lib/python3.10/dist-packages/airflow/example_dags/example_external_task_marker_dag.py took 0.107 seconds
[2023-12-20T20:56:37.874+0000] {processor.py:157} INFO - Started process (PID=14815) to work on /usr/local/lib/python3.10/dist-packages/airflow/example_dags/example_external_task_marker_dag.py
[2023-12-20T20:56:37.876+0000] {processor.py:829} INFO - Processing file /usr/local/lib/python3.10/dist-packages/airflow/example_dags/example_external_task_marker_dag.py for tasks to queue
[2023-12-20T20:56:37.877+0000] {logging_mixin.py:154} INFO - [2023-12-20T20:56:37.877+0000] {dagbag.py:536} INFO - Filling up the DagBag from /usr/local/lib/python3.10/dist-packages/airflow/example_dags/example_external_task_marker_dag.py
[2023-12-20T20:56:37.887+0000] {processor.py:839} INFO - DAG(s) dict_keys(['example_external_task_marker_child', 'example_external_task_marker_parent']) retrieved from /usr/local/lib/python3.10/dist-packages/airflow/example_dags/example_external_task_marker_dag.py
[2023-12-20T20:56:37.916+0000] {logging_mixin.py:154} INFO - [2023-12-20T20:56:37.916+0000] {dag.py:2941} INFO - Sync 2 DAGs
[2023-12-20T20:56:37.935+0000] {logging_mixin.py:154} INFO - [2023-12-20T20:56:37.935+0000] {dag.py:3722} INFO - Setting next_dagrun for example_external_task_marker_child to None, run_after=None
[2023-12-20T20:56:37.940+0000] {logging_mixin.py:154} INFO - [2023-12-20T20:56:37.940+0000] {dag.py:3722} INFO - Setting next_dagrun for example_external_task_marker_parent to None, run_after=None
[2023-12-20T20:56:37.974+0000] {processor.py:179} INFO - Processing /usr/local/lib/python3.10/dist-packages/airflow/example_dags/example_external_task_marker_dag.py took 0.105 seconds
[2023-12-20T21:01:02.182+0000] {processor.py:157} INFO - Started process (PID=20617) to work on /usr/local/lib/python3.10/dist-packages/airflow/example_dags/example_external_task_marker_dag.py
[2023-12-20T21:01:02.206+0000] {processor.py:829} INFO - Processing file /usr/local/lib/python3.10/dist-packages/airflow/example_dags/example_external_task_marker_dag.py for tasks to queue
[2023-12-20T21:01:02.207+0000] {logging_mixin.py:154} INFO - [2023-12-20T21:01:02.207+0000] {dagbag.py:536} INFO - Filling up the DagBag from /usr/local/lib/python3.10/dist-packages/airflow/example_dags/example_external_task_marker_dag.py
[2023-12-20T21:01:02.213+0000] {processor.py:839} INFO - DAG(s) dict_keys(['example_external_task_marker_child', 'example_external_task_marker_parent']) retrieved from /usr/local/lib/python3.10/dist-packages/airflow/example_dags/example_external_task_marker_dag.py
[2023-12-20T21:01:02.236+0000] {logging_mixin.py:154} INFO - [2023-12-20T21:01:02.236+0000] {dag.py:2941} INFO - Sync 2 DAGs
[2023-12-20T21:01:02.247+0000] {logging_mixin.py:154} INFO - [2023-12-20T21:01:02.247+0000] {dag.py:3722} INFO - Setting next_dagrun for example_external_task_marker_child to None, run_after=None
[2023-12-20T21:01:02.250+0000] {logging_mixin.py:154} INFO - [2023-12-20T21:01:02.250+0000] {dag.py:3722} INFO - Setting next_dagrun for example_external_task_marker_parent to None, run_after=None
[2023-12-20T21:01:02.273+0000] {processor.py:179} INFO - Processing /usr/local/lib/python3.10/dist-packages/airflow/example_dags/example_external_task_marker_dag.py took 0.095 seconds
[2023-12-20T21:04:56.317+0000] {processor.py:157} INFO - Started process (PID=20950) to work on /usr/local/lib/python3.10/dist-packages/airflow/example_dags/example_external_task_marker_dag.py
[2023-12-20T21:04:56.318+0000] {processor.py:829} INFO - Processing file /usr/local/lib/python3.10/dist-packages/airflow/example_dags/example_external_task_marker_dag.py for tasks to queue
[2023-12-20T21:04:56.319+0000] {logging_mixin.py:154} INFO - [2023-12-20T21:04:56.319+0000] {dagbag.py:536} INFO - Filling up the DagBag from /usr/local/lib/python3.10/dist-packages/airflow/example_dags/example_external_task_marker_dag.py
[2023-12-20T21:04:56.325+0000] {processor.py:839} INFO - DAG(s) dict_keys(['example_external_task_marker_parent', 'example_external_task_marker_child']) retrieved from /usr/local/lib/python3.10/dist-packages/airflow/example_dags/example_external_task_marker_dag.py
[2023-12-20T21:04:56.345+0000] {logging_mixin.py:154} INFO - [2023-12-20T21:04:56.345+0000] {dag.py:2941} INFO - Sync 2 DAGs
[2023-12-20T21:04:56.364+0000] {logging_mixin.py:154} INFO - [2023-12-20T21:04:56.364+0000] {dag.py:3722} INFO - Setting next_dagrun for example_external_task_marker_child to None, run_after=None
[2023-12-20T21:04:56.367+0000] {logging_mixin.py:154} INFO - [2023-12-20T21:04:56.367+0000] {dag.py:3722} INFO - Setting next_dagrun for example_external_task_marker_parent to None, run_after=None
[2023-12-20T21:04:56.388+0000] {processor.py:179} INFO - Processing /usr/local/lib/python3.10/dist-packages/airflow/example_dags/example_external_task_marker_dag.py took 0.075 seconds
[2023-12-20T21:08:46.072+0000] {processor.py:157} INFO - Started process (PID=21292) to work on /usr/local/lib/python3.10/dist-packages/airflow/example_dags/example_external_task_marker_dag.py
[2023-12-20T21:08:46.074+0000] {processor.py:829} INFO - Processing file /usr/local/lib/python3.10/dist-packages/airflow/example_dags/example_external_task_marker_dag.py for tasks to queue
[2023-12-20T21:08:46.075+0000] {logging_mixin.py:154} INFO - [2023-12-20T21:08:46.075+0000] {dagbag.py:536} INFO - Filling up the DagBag from /usr/local/lib/python3.10/dist-packages/airflow/example_dags/example_external_task_marker_dag.py
[2023-12-20T21:08:46.083+0000] {processor.py:839} INFO - DAG(s) dict_keys(['example_external_task_marker_child', 'example_external_task_marker_parent']) retrieved from /usr/local/lib/python3.10/dist-packages/airflow/example_dags/example_external_task_marker_dag.py
[2023-12-20T21:08:46.105+0000] {logging_mixin.py:154} INFO - [2023-12-20T21:08:46.105+0000] {dag.py:2941} INFO - Sync 2 DAGs
[2023-12-20T21:08:46.117+0000] {logging_mixin.py:154} INFO - [2023-12-20T21:08:46.117+0000] {dag.py:3722} INFO - Setting next_dagrun for example_external_task_marker_child to None, run_after=None
[2023-12-20T21:08:46.122+0000] {logging_mixin.py:154} INFO - [2023-12-20T21:08:46.122+0000] {dag.py:3722} INFO - Setting next_dagrun for example_external_task_marker_parent to None, run_after=None
[2023-12-20T21:08:46.146+0000] {processor.py:179} INFO - Processing /usr/local/lib/python3.10/dist-packages/airflow/example_dags/example_external_task_marker_dag.py took 0.078 seconds
[2023-12-20T21:12:34.611+0000] {processor.py:157} INFO - Started process (PID=21625) to work on /usr/local/lib/python3.10/dist-packages/airflow/example_dags/example_external_task_marker_dag.py
[2023-12-20T21:12:34.621+0000] {processor.py:829} INFO - Processing file /usr/local/lib/python3.10/dist-packages/airflow/example_dags/example_external_task_marker_dag.py for tasks to queue
[2023-12-20T21:12:34.622+0000] {logging_mixin.py:154} INFO - [2023-12-20T21:12:34.621+0000] {dagbag.py:536} INFO - Filling up the DagBag from /usr/local/lib/python3.10/dist-packages/airflow/example_dags/example_external_task_marker_dag.py
[2023-12-20T21:12:34.629+0000] {processor.py:839} INFO - DAG(s) dict_keys(['example_external_task_marker_parent', 'example_external_task_marker_child']) retrieved from /usr/local/lib/python3.10/dist-packages/airflow/example_dags/example_external_task_marker_dag.py
[2023-12-20T21:12:34.648+0000] {logging_mixin.py:154} INFO - [2023-12-20T21:12:34.648+0000] {dag.py:2941} INFO - Sync 2 DAGs
[2023-12-20T21:12:34.659+0000] {logging_mixin.py:154} INFO - [2023-12-20T21:12:34.659+0000] {dag.py:3722} INFO - Setting next_dagrun for example_external_task_marker_child to None, run_after=None
[2023-12-20T21:12:34.662+0000] {logging_mixin.py:154} INFO - [2023-12-20T21:12:34.662+0000] {dag.py:3722} INFO - Setting next_dagrun for example_external_task_marker_parent to None, run_after=None
[2023-12-20T21:12:34.683+0000] {processor.py:179} INFO - Processing /usr/local/lib/python3.10/dist-packages/airflow/example_dags/example_external_task_marker_dag.py took 0.077 seconds
[2023-12-20T21:16:24.172+0000] {processor.py:157} INFO - Started process (PID=21959) to work on /usr/local/lib/python3.10/dist-packages/airflow/example_dags/example_external_task_marker_dag.py
[2023-12-20T21:16:24.173+0000] {processor.py:829} INFO - Processing file /usr/local/lib/python3.10/dist-packages/airflow/example_dags/example_external_task_marker_dag.py for tasks to queue
[2023-12-20T21:16:24.174+0000] {logging_mixin.py:154} INFO - [2023-12-20T21:16:24.174+0000] {dagbag.py:536} INFO - Filling up the DagBag from /usr/local/lib/python3.10/dist-packages/airflow/example_dags/example_external_task_marker_dag.py
[2023-12-20T21:16:24.180+0000] {processor.py:839} INFO - DAG(s) dict_keys(['example_external_task_marker_parent', 'example_external_task_marker_child']) retrieved from /usr/local/lib/python3.10/dist-packages/airflow/example_dags/example_external_task_marker_dag.py
[2023-12-20T21:16:24.198+0000] {logging_mixin.py:154} INFO - [2023-12-20T21:16:24.198+0000] {dag.py:2941} INFO - Sync 2 DAGs
[2023-12-20T21:16:24.208+0000] {logging_mixin.py:154} INFO - [2023-12-20T21:16:24.208+0000] {dag.py:3722} INFO - Setting next_dagrun for example_external_task_marker_child to None, run_after=None
[2023-12-20T21:16:24.211+0000] {logging_mixin.py:154} INFO - [2023-12-20T21:16:24.211+0000] {dag.py:3722} INFO - Setting next_dagrun for example_external_task_marker_parent to None, run_after=None
[2023-12-20T21:16:24.231+0000] {processor.py:179} INFO - Processing /usr/local/lib/python3.10/dist-packages/airflow/example_dags/example_external_task_marker_dag.py took 0.062 seconds
[2023-12-20T21:20:15.538+0000] {processor.py:157} INFO - Started process (PID=22292) to work on /usr/local/lib/python3.10/dist-packages/airflow/example_dags/example_external_task_marker_dag.py
[2023-12-20T21:20:15.542+0000] {processor.py:829} INFO - Processing file /usr/local/lib/python3.10/dist-packages/airflow/example_dags/example_external_task_marker_dag.py for tasks to queue
[2023-12-20T21:20:15.543+0000] {logging_mixin.py:154} INFO - [2023-12-20T21:20:15.542+0000] {dagbag.py:536} INFO - Filling up the DagBag from /usr/local/lib/python3.10/dist-packages/airflow/example_dags/example_external_task_marker_dag.py
[2023-12-20T21:20:15.549+0000] {processor.py:839} INFO - DAG(s) dict_keys(['example_external_task_marker_parent', 'example_external_task_marker_child']) retrieved from /usr/local/lib/python3.10/dist-packages/airflow/example_dags/example_external_task_marker_dag.py
[2023-12-20T21:20:15.567+0000] {logging_mixin.py:154} INFO - [2023-12-20T21:20:15.567+0000] {dag.py:2941} INFO - Sync 2 DAGs
[2023-12-20T21:20:15.578+0000] {logging_mixin.py:154} INFO - [2023-12-20T21:20:15.577+0000] {dag.py:3722} INFO - Setting next_dagrun for example_external_task_marker_child to None, run_after=None
[2023-12-20T21:20:15.580+0000] {logging_mixin.py:154} INFO - [2023-12-20T21:20:15.580+0000] {dag.py:3722} INFO - Setting next_dagrun for example_external_task_marker_parent to None, run_after=None
[2023-12-20T21:20:15.599+0000] {processor.py:179} INFO - Processing /usr/local/lib/python3.10/dist-packages/airflow/example_dags/example_external_task_marker_dag.py took 0.064 seconds
[2023-12-20T21:24:08.819+0000] {processor.py:157} INFO - Started process (PID=22623) to work on /usr/local/lib/python3.10/dist-packages/airflow/example_dags/example_external_task_marker_dag.py
[2023-12-20T21:24:08.821+0000] {processor.py:829} INFO - Processing file /usr/local/lib/python3.10/dist-packages/airflow/example_dags/example_external_task_marker_dag.py for tasks to queue
[2023-12-20T21:24:08.822+0000] {logging_mixin.py:154} INFO - [2023-12-20T21:24:08.821+0000] {dagbag.py:536} INFO - Filling up the DagBag from /usr/local/lib/python3.10/dist-packages/airflow/example_dags/example_external_task_marker_dag.py
[2023-12-20T21:24:08.828+0000] {processor.py:839} INFO - DAG(s) dict_keys(['example_external_task_marker_parent', 'example_external_task_marker_child']) retrieved from /usr/local/lib/python3.10/dist-packages/airflow/example_dags/example_external_task_marker_dag.py
[2023-12-20T21:24:08.847+0000] {logging_mixin.py:154} INFO - [2023-12-20T21:24:08.847+0000] {dag.py:2941} INFO - Sync 2 DAGs
[2023-12-20T21:24:08.858+0000] {logging_mixin.py:154} INFO - [2023-12-20T21:24:08.858+0000] {dag.py:3722} INFO - Setting next_dagrun for example_external_task_marker_child to None, run_after=None
[2023-12-20T21:24:08.861+0000] {logging_mixin.py:154} INFO - [2023-12-20T21:24:08.861+0000] {dag.py:3722} INFO - Setting next_dagrun for example_external_task_marker_parent to None, run_after=None
[2023-12-20T21:24:08.881+0000] {processor.py:179} INFO - Processing /usr/local/lib/python3.10/dist-packages/airflow/example_dags/example_external_task_marker_dag.py took 0.066 seconds
[2023-12-20T21:33:09.607+0000] {processor.py:157} INFO - Started process (PID=22993) to work on /usr/local/lib/python3.10/dist-packages/airflow/example_dags/example_external_task_marker_dag.py
[2023-12-20T21:33:09.609+0000] {processor.py:829} INFO - Processing file /usr/local/lib/python3.10/dist-packages/airflow/example_dags/example_external_task_marker_dag.py for tasks to queue
[2023-12-20T21:33:09.610+0000] {logging_mixin.py:154} INFO - [2023-12-20T21:33:09.609+0000] {dagbag.py:536} INFO - Filling up the DagBag from /usr/local/lib/python3.10/dist-packages/airflow/example_dags/example_external_task_marker_dag.py
[2023-12-20T21:33:09.617+0000] {processor.py:839} INFO - DAG(s) dict_keys(['example_external_task_marker_parent', 'example_external_task_marker_child']) retrieved from /usr/local/lib/python3.10/dist-packages/airflow/example_dags/example_external_task_marker_dag.py
[2023-12-20T21:33:09.685+0000] {logging_mixin.py:154} INFO - [2023-12-20T21:33:09.685+0000] {dag.py:2941} INFO - Sync 2 DAGs
[2023-12-20T21:33:09.704+0000] {logging_mixin.py:154} INFO - [2023-12-20T21:33:09.704+0000] {dag.py:3722} INFO - Setting next_dagrun for example_external_task_marker_child to None, run_after=None
[2023-12-20T21:33:09.707+0000] {logging_mixin.py:154} INFO - [2023-12-20T21:33:09.707+0000] {dag.py:3722} INFO - Setting next_dagrun for example_external_task_marker_parent to None, run_after=None
[2023-12-20T21:33:09.729+0000] {processor.py:179} INFO - Processing /usr/local/lib/python3.10/dist-packages/airflow/example_dags/example_external_task_marker_dag.py took 0.160 seconds
