[2023-12-20T20:24:12.182+0000] {processor.py:157} INFO - Started process (PID=1101) to work on /usr/local/lib/python3.10/dist-packages/airflow/example_dags/example_short_circuit_decorator.py
[2023-12-20T20:24:12.182+0000] {processor.py:829} INFO - Processing file /usr/local/lib/python3.10/dist-packages/airflow/example_dags/example_short_circuit_decorator.py for tasks to queue
[2023-12-20T20:24:12.183+0000] {logging_mixin.py:154} INFO - [2023-12-20T20:24:12.183+0000] {dagbag.py:536} INFO - Filling up the DagBag from /usr/local/lib/python3.10/dist-packages/airflow/example_dags/example_short_circuit_decorator.py
[2023-12-20T20:24:12.196+0000] {processor.py:839} INFO - DAG(s) dict_keys(['example_short_circuit_decorator']) retrieved from /usr/local/lib/python3.10/dist-packages/airflow/example_dags/example_short_circuit_decorator.py
[2023-12-20T20:24:12.215+0000] {logging_mixin.py:154} INFO - [2023-12-20T20:24:12.215+0000] {dag.py:2941} INFO - Sync 1 DAGs
[2023-12-20T20:24:12.233+0000] {logging_mixin.py:154} INFO - [2023-12-20T20:24:12.233+0000] {dag.py:3722} INFO - Setting next_dagrun for example_short_circuit_decorator to 2023-12-19T20:24:12.233455+00:00, run_after=2023-12-20T20:24:12.233455+00:00
[2023-12-20T20:24:12.273+0000] {processor.py:179} INFO - Processing /usr/local/lib/python3.10/dist-packages/airflow/example_dags/example_short_circuit_decorator.py took 0.095 seconds
[2023-12-20T20:27:42.492+0000] {processor.py:157} INFO - Started process (PID=1364) to work on /usr/local/lib/python3.10/dist-packages/airflow/example_dags/example_short_circuit_decorator.py
[2023-12-20T20:27:42.493+0000] {processor.py:829} INFO - Processing file /usr/local/lib/python3.10/dist-packages/airflow/example_dags/example_short_circuit_decorator.py for tasks to queue
[2023-12-20T20:27:42.494+0000] {logging_mixin.py:154} INFO - [2023-12-20T20:27:42.493+0000] {dagbag.py:536} INFO - Filling up the DagBag from /usr/local/lib/python3.10/dist-packages/airflow/example_dags/example_short_circuit_decorator.py
[2023-12-20T20:27:42.504+0000] {processor.py:839} INFO - DAG(s) dict_keys(['example_short_circuit_decorator']) retrieved from /usr/local/lib/python3.10/dist-packages/airflow/example_dags/example_short_circuit_decorator.py
[2023-12-20T20:27:42.521+0000] {logging_mixin.py:154} INFO - [2023-12-20T20:27:42.521+0000] {dag.py:2941} INFO - Sync 1 DAGs
[2023-12-20T20:27:42.540+0000] {logging_mixin.py:154} INFO - [2023-12-20T20:27:42.540+0000] {dag.py:3722} INFO - Setting next_dagrun for example_short_circuit_decorator to 2023-12-19T20:27:42.539995+00:00, run_after=2023-12-20T20:27:42.539995+00:00
[2023-12-20T20:27:42.560+0000] {processor.py:179} INFO - Processing /usr/local/lib/python3.10/dist-packages/airflow/example_dags/example_short_circuit_decorator.py took 0.071 seconds
[2023-12-20T20:30:02.690+0000] {processor.py:157} INFO - Started process (PID=1539) to work on /usr/local/lib/python3.10/dist-packages/airflow/example_dags/example_short_circuit_decorator.py
[2023-12-20T20:30:02.714+0000] {processor.py:829} INFO - Processing file /usr/local/lib/python3.10/dist-packages/airflow/example_dags/example_short_circuit_decorator.py for tasks to queue
[2023-12-20T20:30:02.715+0000] {logging_mixin.py:154} INFO - [2023-12-20T20:30:02.715+0000] {dagbag.py:536} INFO - Filling up the DagBag from /usr/local/lib/python3.10/dist-packages/airflow/example_dags/example_short_circuit_decorator.py
[2023-12-20T20:30:02.725+0000] {processor.py:839} INFO - DAG(s) dict_keys(['example_short_circuit_decorator']) retrieved from /usr/local/lib/python3.10/dist-packages/airflow/example_dags/example_short_circuit_decorator.py
[2023-12-20T20:30:02.743+0000] {logging_mixin.py:154} INFO - [2023-12-20T20:30:02.743+0000] {dag.py:2941} INFO - Sync 1 DAGs
[2023-12-20T20:30:02.761+0000] {logging_mixin.py:154} INFO - [2023-12-20T20:30:02.761+0000] {dag.py:3722} INFO - Setting next_dagrun for example_short_circuit_decorator to 2023-12-19T20:30:02.761460+00:00, run_after=2023-12-20T20:30:02.761460+00:00
[2023-12-20T20:30:02.926+0000] {processor.py:179} INFO - Processing /usr/local/lib/python3.10/dist-packages/airflow/example_dags/example_short_circuit_decorator.py took 0.240 seconds
[2023-12-20T20:33:15.835+0000] {processor.py:157} INFO - Started process (PID=1788) to work on /usr/local/lib/python3.10/dist-packages/airflow/example_dags/example_short_circuit_decorator.py
[2023-12-20T20:33:15.836+0000] {processor.py:829} INFO - Processing file /usr/local/lib/python3.10/dist-packages/airflow/example_dags/example_short_circuit_decorator.py for tasks to queue
[2023-12-20T20:33:15.837+0000] {logging_mixin.py:154} INFO - [2023-12-20T20:33:15.836+0000] {dagbag.py:536} INFO - Filling up the DagBag from /usr/local/lib/python3.10/dist-packages/airflow/example_dags/example_short_circuit_decorator.py
[2023-12-20T20:33:15.847+0000] {processor.py:839} INFO - DAG(s) dict_keys(['example_short_circuit_decorator']) retrieved from /usr/local/lib/python3.10/dist-packages/airflow/example_dags/example_short_circuit_decorator.py
[2023-12-20T20:33:15.868+0000] {logging_mixin.py:154} INFO - [2023-12-20T20:33:15.867+0000] {dag.py:2941} INFO - Sync 1 DAGs
[2023-12-20T20:33:16.045+0000] {logging_mixin.py:154} INFO - [2023-12-20T20:33:16.045+0000] {dag.py:3722} INFO - Setting next_dagrun for example_short_circuit_decorator to 2023-12-19T20:33:16.044944+00:00, run_after=2023-12-20T20:33:16.044944+00:00
[2023-12-20T20:33:16.067+0000] {processor.py:179} INFO - Processing /usr/local/lib/python3.10/dist-packages/airflow/example_dags/example_short_circuit_decorator.py took 0.236 seconds
[2023-12-20T20:35:55.853+0000] {processor.py:157} INFO - Started process (PID=2002) to work on /usr/local/lib/python3.10/dist-packages/airflow/example_dags/example_short_circuit_decorator.py
[2023-12-20T20:35:55.854+0000] {processor.py:829} INFO - Processing file /usr/local/lib/python3.10/dist-packages/airflow/example_dags/example_short_circuit_decorator.py for tasks to queue
[2023-12-20T20:35:55.855+0000] {logging_mixin.py:154} INFO - [2023-12-20T20:35:55.854+0000] {dagbag.py:536} INFO - Filling up the DagBag from /usr/local/lib/python3.10/dist-packages/airflow/example_dags/example_short_circuit_decorator.py
[2023-12-20T20:35:55.864+0000] {processor.py:839} INFO - DAG(s) dict_keys(['example_short_circuit_decorator']) retrieved from /usr/local/lib/python3.10/dist-packages/airflow/example_dags/example_short_circuit_decorator.py
[2023-12-20T20:35:55.881+0000] {logging_mixin.py:154} INFO - [2023-12-20T20:35:55.881+0000] {dag.py:2941} INFO - Sync 1 DAGs
[2023-12-20T20:35:55.899+0000] {logging_mixin.py:154} INFO - [2023-12-20T20:35:55.899+0000] {dag.py:3722} INFO - Setting next_dagrun for example_short_circuit_decorator to 2023-12-19T20:35:55.899070+00:00, run_after=2023-12-20T20:35:55.899070+00:00
[2023-12-20T20:35:55.920+0000] {processor.py:179} INFO - Processing /usr/local/lib/python3.10/dist-packages/airflow/example_dags/example_short_circuit_decorator.py took 0.070 seconds
[2023-12-20T20:39:43.168+0000] {processor.py:157} INFO - Started process (PID=2291) to work on /usr/local/lib/python3.10/dist-packages/airflow/example_dags/example_short_circuit_decorator.py
[2023-12-20T20:39:43.170+0000] {processor.py:829} INFO - Processing file /usr/local/lib/python3.10/dist-packages/airflow/example_dags/example_short_circuit_decorator.py for tasks to queue
[2023-12-20T20:39:43.171+0000] {logging_mixin.py:154} INFO - [2023-12-20T20:39:43.170+0000] {dagbag.py:536} INFO - Filling up the DagBag from /usr/local/lib/python3.10/dist-packages/airflow/example_dags/example_short_circuit_decorator.py
[2023-12-20T20:39:43.180+0000] {processor.py:839} INFO - DAG(s) dict_keys(['example_short_circuit_decorator']) retrieved from /usr/local/lib/python3.10/dist-packages/airflow/example_dags/example_short_circuit_decorator.py
[2023-12-20T20:39:43.197+0000] {logging_mixin.py:154} INFO - [2023-12-20T20:39:43.197+0000] {dag.py:2941} INFO - Sync 1 DAGs
[2023-12-20T20:39:43.216+0000] {logging_mixin.py:154} INFO - [2023-12-20T20:39:43.216+0000] {dag.py:3722} INFO - Setting next_dagrun for example_short_circuit_decorator to 2023-12-19T20:39:43.215828+00:00, run_after=2023-12-20T20:39:43.215828+00:00
[2023-12-20T20:39:43.236+0000] {processor.py:179} INFO - Processing /usr/local/lib/python3.10/dist-packages/airflow/example_dags/example_short_circuit_decorator.py took 0.071 seconds
[2023-12-20T20:42:57.672+0000] {processor.py:157} INFO - Started process (PID=2533) to work on /usr/local/lib/python3.10/dist-packages/airflow/example_dags/example_short_circuit_decorator.py
[2023-12-20T20:42:57.673+0000] {processor.py:829} INFO - Processing file /usr/local/lib/python3.10/dist-packages/airflow/example_dags/example_short_circuit_decorator.py for tasks to queue
[2023-12-20T20:42:57.674+0000] {logging_mixin.py:154} INFO - [2023-12-20T20:42:57.674+0000] {dagbag.py:536} INFO - Filling up the DagBag from /usr/local/lib/python3.10/dist-packages/airflow/example_dags/example_short_circuit_decorator.py
[2023-12-20T20:42:57.692+0000] {processor.py:839} INFO - DAG(s) dict_keys(['example_short_circuit_decorator']) retrieved from /usr/local/lib/python3.10/dist-packages/airflow/example_dags/example_short_circuit_decorator.py
[2023-12-20T20:42:57.711+0000] {logging_mixin.py:154} INFO - [2023-12-20T20:42:57.711+0000] {dag.py:2941} INFO - Sync 1 DAGs
[2023-12-20T20:42:57.733+0000] {logging_mixin.py:154} INFO - [2023-12-20T20:42:57.733+0000] {dag.py:3722} INFO - Setting next_dagrun for example_short_circuit_decorator to 2023-12-19T20:42:57.733546+00:00, run_after=2023-12-20T20:42:57.733546+00:00
[2023-12-20T20:42:57.759+0000] {processor.py:179} INFO - Processing /usr/local/lib/python3.10/dist-packages/airflow/example_dags/example_short_circuit_decorator.py took 0.092 seconds
[2023-12-20T20:45:50.587+0000] {processor.py:157} INFO - Started process (PID=2737) to work on /usr/local/lib/python3.10/dist-packages/airflow/example_dags/example_short_circuit_decorator.py
[2023-12-20T20:45:50.596+0000] {processor.py:829} INFO - Processing file /usr/local/lib/python3.10/dist-packages/airflow/example_dags/example_short_circuit_decorator.py for tasks to queue
[2023-12-20T20:45:50.598+0000] {logging_mixin.py:154} INFO - [2023-12-20T20:45:50.597+0000] {dagbag.py:536} INFO - Filling up the DagBag from /usr/local/lib/python3.10/dist-packages/airflow/example_dags/example_short_circuit_decorator.py
[2023-12-20T20:45:50.634+0000] {processor.py:839} INFO - DAG(s) dict_keys(['example_short_circuit_decorator']) retrieved from /usr/local/lib/python3.10/dist-packages/airflow/example_dags/example_short_circuit_decorator.py
[2023-12-20T20:45:50.661+0000] {logging_mixin.py:154} INFO - [2023-12-20T20:45:50.661+0000] {dag.py:2941} INFO - Sync 1 DAGs
[2023-12-20T20:45:50.685+0000] {logging_mixin.py:154} INFO - [2023-12-20T20:45:50.684+0000] {dag.py:3722} INFO - Setting next_dagrun for example_short_circuit_decorator to 2023-12-19T20:45:50.684608+00:00, run_after=2023-12-20T20:45:50.684608+00:00
[2023-12-20T20:45:50.714+0000] {processor.py:179} INFO - Processing /usr/local/lib/python3.10/dist-packages/airflow/example_dags/example_short_circuit_decorator.py took 0.132 seconds
[2023-12-20T20:48:58.681+0000] {processor.py:157} INFO - Started process (PID=2958) to work on /usr/local/lib/python3.10/dist-packages/airflow/example_dags/example_short_circuit_decorator.py
[2023-12-20T20:48:58.725+0000] {processor.py:829} INFO - Processing file /usr/local/lib/python3.10/dist-packages/airflow/example_dags/example_short_circuit_decorator.py for tasks to queue
[2023-12-20T20:48:58.727+0000] {logging_mixin.py:154} INFO - [2023-12-20T20:48:58.726+0000] {dagbag.py:536} INFO - Filling up the DagBag from /usr/local/lib/python3.10/dist-packages/airflow/example_dags/example_short_circuit_decorator.py
[2023-12-20T20:48:58.741+0000] {processor.py:839} INFO - DAG(s) dict_keys(['example_short_circuit_decorator']) retrieved from /usr/local/lib/python3.10/dist-packages/airflow/example_dags/example_short_circuit_decorator.py
[2023-12-20T20:48:58.762+0000] {logging_mixin.py:154} INFO - [2023-12-20T20:48:58.761+0000] {dag.py:2941} INFO - Sync 1 DAGs
[2023-12-20T20:48:58.780+0000] {logging_mixin.py:154} INFO - [2023-12-20T20:48:58.780+0000] {dag.py:3722} INFO - Setting next_dagrun for example_short_circuit_decorator to 2023-12-19T20:48:58.780470+00:00, run_after=2023-12-20T20:48:58.780470+00:00
[2023-12-20T20:48:58.803+0000] {processor.py:179} INFO - Processing /usr/local/lib/python3.10/dist-packages/airflow/example_dags/example_short_circuit_decorator.py took 0.126 seconds
[2023-12-20T20:51:59.034+0000] {processor.py:157} INFO - Started process (PID=3179) to work on /usr/local/lib/python3.10/dist-packages/airflow/example_dags/example_short_circuit_decorator.py
[2023-12-20T20:51:59.036+0000] {processor.py:829} INFO - Processing file /usr/local/lib/python3.10/dist-packages/airflow/example_dags/example_short_circuit_decorator.py for tasks to queue
[2023-12-20T20:51:59.036+0000] {logging_mixin.py:154} INFO - [2023-12-20T20:51:59.036+0000] {dagbag.py:536} INFO - Filling up the DagBag from /usr/local/lib/python3.10/dist-packages/airflow/example_dags/example_short_circuit_decorator.py
[2023-12-20T20:51:59.046+0000] {processor.py:839} INFO - DAG(s) dict_keys(['example_short_circuit_decorator']) retrieved from /usr/local/lib/python3.10/dist-packages/airflow/example_dags/example_short_circuit_decorator.py
[2023-12-20T20:51:59.064+0000] {logging_mixin.py:154} INFO - [2023-12-20T20:51:59.064+0000] {dag.py:2941} INFO - Sync 1 DAGs
[2023-12-20T20:51:59.083+0000] {logging_mixin.py:154} INFO - [2023-12-20T20:51:59.083+0000] {dag.py:3722} INFO - Setting next_dagrun for example_short_circuit_decorator to 2023-12-19T20:51:59.083166+00:00, run_after=2023-12-20T20:51:59.083166+00:00
[2023-12-20T20:51:59.104+0000] {processor.py:179} INFO - Processing /usr/local/lib/python3.10/dist-packages/airflow/example_dags/example_short_circuit_decorator.py took 0.073 seconds
[2023-12-20T20:55:25.289+0000] {processor.py:157} INFO - Started process (PID=12542) to work on /usr/local/lib/python3.10/dist-packages/airflow/example_dags/example_short_circuit_decorator.py
[2023-12-20T20:55:25.305+0000] {processor.py:829} INFO - Processing file /usr/local/lib/python3.10/dist-packages/airflow/example_dags/example_short_circuit_decorator.py for tasks to queue
[2023-12-20T20:55:25.306+0000] {logging_mixin.py:154} INFO - [2023-12-20T20:55:25.305+0000] {dagbag.py:536} INFO - Filling up the DagBag from /usr/local/lib/python3.10/dist-packages/airflow/example_dags/example_short_circuit_decorator.py
[2023-12-20T20:55:25.318+0000] {processor.py:839} INFO - DAG(s) dict_keys(['example_short_circuit_decorator']) retrieved from /usr/local/lib/python3.10/dist-packages/airflow/example_dags/example_short_circuit_decorator.py
[2023-12-20T20:55:25.341+0000] {logging_mixin.py:154} INFO - [2023-12-20T20:55:25.341+0000] {dag.py:2941} INFO - Sync 1 DAGs
[2023-12-20T20:55:25.368+0000] {logging_mixin.py:154} INFO - [2023-12-20T20:55:25.368+0000] {dag.py:3722} INFO - Setting next_dagrun for example_short_circuit_decorator to 2023-12-19T20:55:25.368099+00:00, run_after=2023-12-20T20:55:25.368099+00:00
[2023-12-20T20:55:25.398+0000] {processor.py:179} INFO - Processing /usr/local/lib/python3.10/dist-packages/airflow/example_dags/example_short_circuit_decorator.py took 0.113 seconds
[2023-12-20T20:58:14.374+0000] {processor.py:157} INFO - Started process (PID=20383) to work on /usr/local/lib/python3.10/dist-packages/airflow/example_dags/example_short_circuit_decorator.py
[2023-12-20T20:58:14.379+0000] {processor.py:829} INFO - Processing file /usr/local/lib/python3.10/dist-packages/airflow/example_dags/example_short_circuit_decorator.py for tasks to queue
[2023-12-20T20:58:14.379+0000] {logging_mixin.py:154} INFO - [2023-12-20T20:58:14.379+0000] {dagbag.py:536} INFO - Filling up the DagBag from /usr/local/lib/python3.10/dist-packages/airflow/example_dags/example_short_circuit_decorator.py
[2023-12-20T20:58:14.394+0000] {processor.py:839} INFO - DAG(s) dict_keys(['example_short_circuit_decorator']) retrieved from /usr/local/lib/python3.10/dist-packages/airflow/example_dags/example_short_circuit_decorator.py
[2023-12-20T20:58:14.415+0000] {logging_mixin.py:154} INFO - [2023-12-20T20:58:14.415+0000] {dag.py:2941} INFO - Sync 1 DAGs
[2023-12-20T20:58:14.438+0000] {logging_mixin.py:154} INFO - [2023-12-20T20:58:14.438+0000] {dag.py:3722} INFO - Setting next_dagrun for example_short_circuit_decorator to 2023-12-19T20:58:14.438165+00:00, run_after=2023-12-20T20:58:14.438165+00:00
[2023-12-20T20:58:14.460+0000] {processor.py:179} INFO - Processing /usr/local/lib/python3.10/dist-packages/airflow/example_dags/example_short_circuit_decorator.py took 0.093 seconds
[2023-12-20T21:00:24.659+0000] {processor.py:157} INFO - Started process (PID=20565) to work on /usr/local/lib/python3.10/dist-packages/airflow/example_dags/example_short_circuit_decorator.py
[2023-12-20T21:00:24.662+0000] {processor.py:829} INFO - Processing file /usr/local/lib/python3.10/dist-packages/airflow/example_dags/example_short_circuit_decorator.py for tasks to queue
[2023-12-20T21:00:24.664+0000] {logging_mixin.py:154} INFO - [2023-12-20T21:00:24.663+0000] {dagbag.py:536} INFO - Filling up the DagBag from /usr/local/lib/python3.10/dist-packages/airflow/example_dags/example_short_circuit_decorator.py
[2023-12-20T21:00:24.674+0000] {processor.py:839} INFO - DAG(s) dict_keys(['example_short_circuit_decorator']) retrieved from /usr/local/lib/python3.10/dist-packages/airflow/example_dags/example_short_circuit_decorator.py
[2023-12-20T21:00:24.692+0000] {logging_mixin.py:154} INFO - [2023-12-20T21:00:24.692+0000] {dag.py:2941} INFO - Sync 1 DAGs
[2023-12-20T21:00:24.712+0000] {logging_mixin.py:154} INFO - [2023-12-20T21:00:24.712+0000] {dag.py:3722} INFO - Setting next_dagrun for example_short_circuit_decorator to 2023-12-19T21:00:24.712264+00:00, run_after=2023-12-20T21:00:24.712264+00:00
[2023-12-20T21:00:24.736+0000] {processor.py:179} INFO - Processing /usr/local/lib/python3.10/dist-packages/airflow/example_dags/example_short_circuit_decorator.py took 0.080 seconds
[2023-12-20T21:02:23.744+0000] {processor.py:157} INFO - Started process (PID=20730) to work on /usr/local/lib/python3.10/dist-packages/airflow/example_dags/example_short_circuit_decorator.py
[2023-12-20T21:02:23.745+0000] {processor.py:829} INFO - Processing file /usr/local/lib/python3.10/dist-packages/airflow/example_dags/example_short_circuit_decorator.py for tasks to queue
[2023-12-20T21:02:23.746+0000] {logging_mixin.py:154} INFO - [2023-12-20T21:02:23.745+0000] {dagbag.py:536} INFO - Filling up the DagBag from /usr/local/lib/python3.10/dist-packages/airflow/example_dags/example_short_circuit_decorator.py
[2023-12-20T21:02:23.758+0000] {processor.py:839} INFO - DAG(s) dict_keys(['example_short_circuit_decorator']) retrieved from /usr/local/lib/python3.10/dist-packages/airflow/example_dags/example_short_circuit_decorator.py
[2023-12-20T21:02:23.788+0000] {logging_mixin.py:154} INFO - [2023-12-20T21:02:23.788+0000] {dag.py:2941} INFO - Sync 1 DAGs
[2023-12-20T21:02:23.814+0000] {logging_mixin.py:154} INFO - [2023-12-20T21:02:23.814+0000] {dag.py:3722} INFO - Setting next_dagrun for example_short_circuit_decorator to 2023-12-19T21:02:23.813825+00:00, run_after=2023-12-20T21:02:23.813825+00:00
[2023-12-20T21:02:23.845+0000] {processor.py:179} INFO - Processing /usr/local/lib/python3.10/dist-packages/airflow/example_dags/example_short_circuit_decorator.py took 0.113 seconds
[2023-12-20T21:04:19.595+0000] {processor.py:157} INFO - Started process (PID=20898) to work on /usr/local/lib/python3.10/dist-packages/airflow/example_dags/example_short_circuit_decorator.py
[2023-12-20T21:04:19.597+0000] {processor.py:829} INFO - Processing file /usr/local/lib/python3.10/dist-packages/airflow/example_dags/example_short_circuit_decorator.py for tasks to queue
[2023-12-20T21:04:19.597+0000] {logging_mixin.py:154} INFO - [2023-12-20T21:04:19.597+0000] {dagbag.py:536} INFO - Filling up the DagBag from /usr/local/lib/python3.10/dist-packages/airflow/example_dags/example_short_circuit_decorator.py
[2023-12-20T21:04:19.607+0000] {processor.py:839} INFO - DAG(s) dict_keys(['example_short_circuit_decorator']) retrieved from /usr/local/lib/python3.10/dist-packages/airflow/example_dags/example_short_circuit_decorator.py
[2023-12-20T21:04:19.624+0000] {logging_mixin.py:154} INFO - [2023-12-20T21:04:19.624+0000] {dag.py:2941} INFO - Sync 1 DAGs
[2023-12-20T21:04:19.646+0000] {logging_mixin.py:154} INFO - [2023-12-20T21:04:19.646+0000] {dag.py:3722} INFO - Setting next_dagrun for example_short_circuit_decorator to 2023-12-19T21:04:19.646377+00:00, run_after=2023-12-20T21:04:19.646377+00:00
[2023-12-20T21:04:19.666+0000] {processor.py:179} INFO - Processing /usr/local/lib/python3.10/dist-packages/airflow/example_dags/example_short_circuit_decorator.py took 0.074 seconds
[2023-12-20T21:06:15.253+0000] {processor.py:157} INFO - Started process (PID=21063) to work on /usr/local/lib/python3.10/dist-packages/airflow/example_dags/example_short_circuit_decorator.py
[2023-12-20T21:06:15.255+0000] {processor.py:829} INFO - Processing file /usr/local/lib/python3.10/dist-packages/airflow/example_dags/example_short_circuit_decorator.py for tasks to queue
[2023-12-20T21:06:15.257+0000] {logging_mixin.py:154} INFO - [2023-12-20T21:06:15.256+0000] {dagbag.py:536} INFO - Filling up the DagBag from /usr/local/lib/python3.10/dist-packages/airflow/example_dags/example_short_circuit_decorator.py
[2023-12-20T21:06:15.280+0000] {processor.py:839} INFO - DAG(s) dict_keys(['example_short_circuit_decorator']) retrieved from /usr/local/lib/python3.10/dist-packages/airflow/example_dags/example_short_circuit_decorator.py
[2023-12-20T21:06:15.300+0000] {logging_mixin.py:154} INFO - [2023-12-20T21:06:15.299+0000] {dag.py:2941} INFO - Sync 1 DAGs
[2023-12-20T21:06:15.324+0000] {logging_mixin.py:154} INFO - [2023-12-20T21:06:15.324+0000] {dag.py:3722} INFO - Setting next_dagrun for example_short_circuit_decorator to 2023-12-19T21:06:15.323944+00:00, run_after=2023-12-20T21:06:15.323944+00:00
[2023-12-20T21:06:15.345+0000] {processor.py:179} INFO - Processing /usr/local/lib/python3.10/dist-packages/airflow/example_dags/example_short_circuit_decorator.py took 0.101 seconds
[2023-12-20T21:08:09.424+0000] {processor.py:157} INFO - Started process (PID=21228) to work on /usr/local/lib/python3.10/dist-packages/airflow/example_dags/example_short_circuit_decorator.py
[2023-12-20T21:08:09.426+0000] {processor.py:829} INFO - Processing file /usr/local/lib/python3.10/dist-packages/airflow/example_dags/example_short_circuit_decorator.py for tasks to queue
[2023-12-20T21:08:09.427+0000] {logging_mixin.py:154} INFO - [2023-12-20T21:08:09.427+0000] {dagbag.py:536} INFO - Filling up the DagBag from /usr/local/lib/python3.10/dist-packages/airflow/example_dags/example_short_circuit_decorator.py
[2023-12-20T21:08:09.438+0000] {processor.py:839} INFO - DAG(s) dict_keys(['example_short_circuit_decorator']) retrieved from /usr/local/lib/python3.10/dist-packages/airflow/example_dags/example_short_circuit_decorator.py
[2023-12-20T21:08:09.455+0000] {logging_mixin.py:154} INFO - [2023-12-20T21:08:09.455+0000] {dag.py:2941} INFO - Sync 1 DAGs
[2023-12-20T21:08:09.473+0000] {logging_mixin.py:154} INFO - [2023-12-20T21:08:09.473+0000] {dag.py:3722} INFO - Setting next_dagrun for example_short_circuit_decorator to 2023-12-19T21:08:09.472923+00:00, run_after=2023-12-20T21:08:09.472923+00:00
[2023-12-20T21:08:09.494+0000] {processor.py:179} INFO - Processing /usr/local/lib/python3.10/dist-packages/airflow/example_dags/example_short_circuit_decorator.py took 0.072 seconds
[2023-12-20T21:10:05.913+0000] {processor.py:157} INFO - Started process (PID=21408) to work on /usr/local/lib/python3.10/dist-packages/airflow/example_dags/example_short_circuit_decorator.py
[2023-12-20T21:10:05.918+0000] {processor.py:829} INFO - Processing file /usr/local/lib/python3.10/dist-packages/airflow/example_dags/example_short_circuit_decorator.py for tasks to queue
[2023-12-20T21:10:05.920+0000] {logging_mixin.py:154} INFO - [2023-12-20T21:10:05.918+0000] {dagbag.py:536} INFO - Filling up the DagBag from /usr/local/lib/python3.10/dist-packages/airflow/example_dags/example_short_circuit_decorator.py
[2023-12-20T21:10:05.937+0000] {processor.py:839} INFO - DAG(s) dict_keys(['example_short_circuit_decorator']) retrieved from /usr/local/lib/python3.10/dist-packages/airflow/example_dags/example_short_circuit_decorator.py
[2023-12-20T21:10:05.956+0000] {logging_mixin.py:154} INFO - [2023-12-20T21:10:05.955+0000] {dag.py:2941} INFO - Sync 1 DAGs
[2023-12-20T21:10:05.987+0000] {logging_mixin.py:154} INFO - [2023-12-20T21:10:05.987+0000] {dag.py:3722} INFO - Setting next_dagrun for example_short_circuit_decorator to 2023-12-19T21:10:05.985866+00:00, run_after=2023-12-20T21:10:05.985866+00:00
[2023-12-20T21:10:06.019+0000] {processor.py:179} INFO - Processing /usr/local/lib/python3.10/dist-packages/airflow/example_dags/example_short_circuit_decorator.py took 0.117 seconds
[2023-12-20T21:11:58.533+0000] {processor.py:157} INFO - Started process (PID=21573) to work on /usr/local/lib/python3.10/dist-packages/airflow/example_dags/example_short_circuit_decorator.py
[2023-12-20T21:11:58.534+0000] {processor.py:829} INFO - Processing file /usr/local/lib/python3.10/dist-packages/airflow/example_dags/example_short_circuit_decorator.py for tasks to queue
[2023-12-20T21:11:58.535+0000] {logging_mixin.py:154} INFO - [2023-12-20T21:11:58.535+0000] {dagbag.py:536} INFO - Filling up the DagBag from /usr/local/lib/python3.10/dist-packages/airflow/example_dags/example_short_circuit_decorator.py
[2023-12-20T21:11:58.545+0000] {processor.py:839} INFO - DAG(s) dict_keys(['example_short_circuit_decorator']) retrieved from /usr/local/lib/python3.10/dist-packages/airflow/example_dags/example_short_circuit_decorator.py
[2023-12-20T21:11:58.563+0000] {logging_mixin.py:154} INFO - [2023-12-20T21:11:58.562+0000] {dag.py:2941} INFO - Sync 1 DAGs
[2023-12-20T21:11:58.582+0000] {logging_mixin.py:154} INFO - [2023-12-20T21:11:58.582+0000] {dag.py:3722} INFO - Setting next_dagrun for example_short_circuit_decorator to 2023-12-19T21:11:58.582466+00:00, run_after=2023-12-20T21:11:58.582466+00:00
[2023-12-20T21:11:58.612+0000] {processor.py:179} INFO - Processing /usr/local/lib/python3.10/dist-packages/airflow/example_dags/example_short_circuit_decorator.py took 0.082 seconds
[2023-12-20T21:13:54.637+0000] {processor.py:157} INFO - Started process (PID=21743) to work on /usr/local/lib/python3.10/dist-packages/airflow/example_dags/example_short_circuit_decorator.py
[2023-12-20T21:13:54.638+0000] {processor.py:829} INFO - Processing file /usr/local/lib/python3.10/dist-packages/airflow/example_dags/example_short_circuit_decorator.py for tasks to queue
[2023-12-20T21:13:54.639+0000] {logging_mixin.py:154} INFO - [2023-12-20T21:13:54.639+0000] {dagbag.py:536} INFO - Filling up the DagBag from /usr/local/lib/python3.10/dist-packages/airflow/example_dags/example_short_circuit_decorator.py
[2023-12-20T21:13:54.649+0000] {processor.py:839} INFO - DAG(s) dict_keys(['example_short_circuit_decorator']) retrieved from /usr/local/lib/python3.10/dist-packages/airflow/example_dags/example_short_circuit_decorator.py
[2023-12-20T21:13:54.665+0000] {logging_mixin.py:154} INFO - [2023-12-20T21:13:54.665+0000] {dag.py:2941} INFO - Sync 1 DAGs
[2023-12-20T21:13:54.683+0000] {logging_mixin.py:154} INFO - [2023-12-20T21:13:54.683+0000] {dag.py:3722} INFO - Setting next_dagrun for example_short_circuit_decorator to 2023-12-19T21:13:54.683408+00:00, run_after=2023-12-20T21:13:54.683408+00:00
[2023-12-20T21:13:54.704+0000] {processor.py:179} INFO - Processing /usr/local/lib/python3.10/dist-packages/airflow/example_dags/example_short_circuit_decorator.py took 0.071 seconds
[2023-12-20T21:15:47.689+0000] {processor.py:157} INFO - Started process (PID=21907) to work on /usr/local/lib/python3.10/dist-packages/airflow/example_dags/example_short_circuit_decorator.py
[2023-12-20T21:15:47.690+0000] {processor.py:829} INFO - Processing file /usr/local/lib/python3.10/dist-packages/airflow/example_dags/example_short_circuit_decorator.py for tasks to queue
[2023-12-20T21:15:47.691+0000] {logging_mixin.py:154} INFO - [2023-12-20T21:15:47.690+0000] {dagbag.py:536} INFO - Filling up the DagBag from /usr/local/lib/python3.10/dist-packages/airflow/example_dags/example_short_circuit_decorator.py
[2023-12-20T21:15:47.701+0000] {processor.py:839} INFO - DAG(s) dict_keys(['example_short_circuit_decorator']) retrieved from /usr/local/lib/python3.10/dist-packages/airflow/example_dags/example_short_circuit_decorator.py
[2023-12-20T21:15:47.723+0000] {logging_mixin.py:154} INFO - [2023-12-20T21:15:47.723+0000] {dag.py:2941} INFO - Sync 1 DAGs
[2023-12-20T21:15:47.741+0000] {logging_mixin.py:154} INFO - [2023-12-20T21:15:47.741+0000] {dag.py:3722} INFO - Setting next_dagrun for example_short_circuit_decorator to 2023-12-19T21:15:47.741465+00:00, run_after=2023-12-20T21:15:47.741465+00:00
[2023-12-20T21:15:47.767+0000] {processor.py:179} INFO - Processing /usr/local/lib/python3.10/dist-packages/airflow/example_dags/example_short_circuit_decorator.py took 0.081 seconds
[2023-12-20T21:17:43.855+0000] {processor.py:157} INFO - Started process (PID=22075) to work on /usr/local/lib/python3.10/dist-packages/airflow/example_dags/example_short_circuit_decorator.py
[2023-12-20T21:17:43.856+0000] {processor.py:829} INFO - Processing file /usr/local/lib/python3.10/dist-packages/airflow/example_dags/example_short_circuit_decorator.py for tasks to queue
[2023-12-20T21:17:43.857+0000] {logging_mixin.py:154} INFO - [2023-12-20T21:17:43.856+0000] {dagbag.py:536} INFO - Filling up the DagBag from /usr/local/lib/python3.10/dist-packages/airflow/example_dags/example_short_circuit_decorator.py
[2023-12-20T21:17:43.868+0000] {processor.py:839} INFO - DAG(s) dict_keys(['example_short_circuit_decorator']) retrieved from /usr/local/lib/python3.10/dist-packages/airflow/example_dags/example_short_circuit_decorator.py
[2023-12-20T21:17:43.894+0000] {logging_mixin.py:154} INFO - [2023-12-20T21:17:43.893+0000] {dag.py:2941} INFO - Sync 1 DAGs
[2023-12-20T21:17:43.913+0000] {logging_mixin.py:154} INFO - [2023-12-20T21:17:43.913+0000] {dag.py:3722} INFO - Setting next_dagrun for example_short_circuit_decorator to 2023-12-19T21:17:43.913265+00:00, run_after=2023-12-20T21:17:43.913265+00:00
[2023-12-20T21:17:43.934+0000] {processor.py:179} INFO - Processing /usr/local/lib/python3.10/dist-packages/airflow/example_dags/example_short_circuit_decorator.py took 0.082 seconds
[2023-12-20T21:19:38.741+0000] {processor.py:157} INFO - Started process (PID=22240) to work on /usr/local/lib/python3.10/dist-packages/airflow/example_dags/example_short_circuit_decorator.py
[2023-12-20T21:19:38.743+0000] {processor.py:829} INFO - Processing file /usr/local/lib/python3.10/dist-packages/airflow/example_dags/example_short_circuit_decorator.py for tasks to queue
[2023-12-20T21:19:38.743+0000] {logging_mixin.py:154} INFO - [2023-12-20T21:19:38.743+0000] {dagbag.py:536} INFO - Filling up the DagBag from /usr/local/lib/python3.10/dist-packages/airflow/example_dags/example_short_circuit_decorator.py
[2023-12-20T21:19:38.753+0000] {processor.py:839} INFO - DAG(s) dict_keys(['example_short_circuit_decorator']) retrieved from /usr/local/lib/python3.10/dist-packages/airflow/example_dags/example_short_circuit_decorator.py
[2023-12-20T21:19:38.770+0000] {logging_mixin.py:154} INFO - [2023-12-20T21:19:38.770+0000] {dag.py:2941} INFO - Sync 1 DAGs
[2023-12-20T21:19:38.790+0000] {logging_mixin.py:154} INFO - [2023-12-20T21:19:38.789+0000] {dag.py:3722} INFO - Setting next_dagrun for example_short_circuit_decorator to 2023-12-19T21:19:38.789617+00:00, run_after=2023-12-20T21:19:38.789617+00:00
[2023-12-20T21:19:38.808+0000] {processor.py:179} INFO - Processing /usr/local/lib/python3.10/dist-packages/airflow/example_dags/example_short_circuit_decorator.py took 0.070 seconds
[2023-12-20T21:21:36.812+0000] {processor.py:157} INFO - Started process (PID=22406) to work on /usr/local/lib/python3.10/dist-packages/airflow/example_dags/example_short_circuit_decorator.py
[2023-12-20T21:21:36.813+0000] {processor.py:829} INFO - Processing file /usr/local/lib/python3.10/dist-packages/airflow/example_dags/example_short_circuit_decorator.py for tasks to queue
[2023-12-20T21:21:36.814+0000] {logging_mixin.py:154} INFO - [2023-12-20T21:21:36.813+0000] {dagbag.py:536} INFO - Filling up the DagBag from /usr/local/lib/python3.10/dist-packages/airflow/example_dags/example_short_circuit_decorator.py
[2023-12-20T21:21:36.823+0000] {processor.py:839} INFO - DAG(s) dict_keys(['example_short_circuit_decorator']) retrieved from /usr/local/lib/python3.10/dist-packages/airflow/example_dags/example_short_circuit_decorator.py
[2023-12-20T21:21:36.840+0000] {logging_mixin.py:154} INFO - [2023-12-20T21:21:36.839+0000] {dag.py:2941} INFO - Sync 1 DAGs
[2023-12-20T21:21:36.857+0000] {logging_mixin.py:154} INFO - [2023-12-20T21:21:36.857+0000] {dag.py:3722} INFO - Setting next_dagrun for example_short_circuit_decorator to 2023-12-19T21:21:36.857029+00:00, run_after=2023-12-20T21:21:36.857029+00:00
[2023-12-20T21:21:36.921+0000] {processor.py:179} INFO - Processing /usr/local/lib/python3.10/dist-packages/airflow/example_dags/example_short_circuit_decorator.py took 0.112 seconds
[2023-12-20T21:23:33.257+0000] {processor.py:157} INFO - Started process (PID=22571) to work on /usr/local/lib/python3.10/dist-packages/airflow/example_dags/example_short_circuit_decorator.py
[2023-12-20T21:23:33.258+0000] {processor.py:829} INFO - Processing file /usr/local/lib/python3.10/dist-packages/airflow/example_dags/example_short_circuit_decorator.py for tasks to queue
[2023-12-20T21:23:33.259+0000] {logging_mixin.py:154} INFO - [2023-12-20T21:23:33.259+0000] {dagbag.py:536} INFO - Filling up the DagBag from /usr/local/lib/python3.10/dist-packages/airflow/example_dags/example_short_circuit_decorator.py
[2023-12-20T21:23:33.270+0000] {processor.py:839} INFO - DAG(s) dict_keys(['example_short_circuit_decorator']) retrieved from /usr/local/lib/python3.10/dist-packages/airflow/example_dags/example_short_circuit_decorator.py
[2023-12-20T21:23:33.286+0000] {logging_mixin.py:154} INFO - [2023-12-20T21:23:33.286+0000] {dag.py:2941} INFO - Sync 1 DAGs
[2023-12-20T21:23:33.304+0000] {logging_mixin.py:154} INFO - [2023-12-20T21:23:33.303+0000] {dag.py:3722} INFO - Setting next_dagrun for example_short_circuit_decorator to 2023-12-19T21:23:33.303668+00:00, run_after=2023-12-20T21:23:33.303668+00:00
[2023-12-20T21:23:33.329+0000] {processor.py:179} INFO - Processing /usr/local/lib/python3.10/dist-packages/airflow/example_dags/example_short_circuit_decorator.py took 0.075 seconds
[2023-12-20T21:26:49.945+0000] {processor.py:157} INFO - Started process (PID=22737) to work on /usr/local/lib/python3.10/dist-packages/airflow/example_dags/example_short_circuit_decorator.py
[2023-12-20T21:26:49.946+0000] {processor.py:829} INFO - Processing file /usr/local/lib/python3.10/dist-packages/airflow/example_dags/example_short_circuit_decorator.py for tasks to queue
[2023-12-20T21:26:49.947+0000] {logging_mixin.py:154} INFO - [2023-12-20T21:26:49.946+0000] {dagbag.py:536} INFO - Filling up the DagBag from /usr/local/lib/python3.10/dist-packages/airflow/example_dags/example_short_circuit_decorator.py
[2023-12-20T21:26:49.957+0000] {processor.py:839} INFO - DAG(s) dict_keys(['example_short_circuit_decorator']) retrieved from /usr/local/lib/python3.10/dist-packages/airflow/example_dags/example_short_circuit_decorator.py
[2023-12-20T21:26:49.977+0000] {logging_mixin.py:154} INFO - [2023-12-20T21:26:49.976+0000] {dag.py:2941} INFO - Sync 1 DAGs
[2023-12-20T21:26:49.999+0000] {logging_mixin.py:154} INFO - [2023-12-20T21:26:49.999+0000] {dag.py:3722} INFO - Setting next_dagrun for example_short_circuit_decorator to 2023-12-19T21:26:49.998993+00:00, run_after=2023-12-20T21:26:49.998993+00:00
[2023-12-20T21:26:50.032+0000] {processor.py:179} INFO - Processing /usr/local/lib/python3.10/dist-packages/airflow/example_dags/example_short_circuit_decorator.py took 0.091 seconds
[2023-12-20T21:31:22.540+0000] {processor.py:157} INFO - Started process (PID=22921) to work on /usr/local/lib/python3.10/dist-packages/airflow/example_dags/example_short_circuit_decorator.py
[2023-12-20T21:31:22.541+0000] {processor.py:829} INFO - Processing file /usr/local/lib/python3.10/dist-packages/airflow/example_dags/example_short_circuit_decorator.py for tasks to queue
[2023-12-20T21:31:22.542+0000] {logging_mixin.py:154} INFO - [2023-12-20T21:31:22.542+0000] {dagbag.py:536} INFO - Filling up the DagBag from /usr/local/lib/python3.10/dist-packages/airflow/example_dags/example_short_circuit_decorator.py
[2023-12-20T21:31:22.556+0000] {processor.py:839} INFO - DAG(s) dict_keys(['example_short_circuit_decorator']) retrieved from /usr/local/lib/python3.10/dist-packages/airflow/example_dags/example_short_circuit_decorator.py
[2023-12-20T21:31:22.580+0000] {logging_mixin.py:154} INFO - [2023-12-20T21:31:22.580+0000] {dag.py:2941} INFO - Sync 1 DAGs
[2023-12-20T21:31:22.608+0000] {logging_mixin.py:154} INFO - [2023-12-20T21:31:22.608+0000] {dag.py:3722} INFO - Setting next_dagrun for example_short_circuit_decorator to 2023-12-19T21:31:22.607866+00:00, run_after=2023-12-20T21:31:22.607866+00:00
[2023-12-20T21:31:22.628+0000] {processor.py:179} INFO - Processing /usr/local/lib/python3.10/dist-packages/airflow/example_dags/example_short_circuit_decorator.py took 0.095 seconds
[2023-12-20T21:35:59.071+0000] {processor.py:157} INFO - Started process (PID=23106) to work on /usr/local/lib/python3.10/dist-packages/airflow/example_dags/example_short_circuit_decorator.py
[2023-12-20T21:35:59.072+0000] {processor.py:829} INFO - Processing file /usr/local/lib/python3.10/dist-packages/airflow/example_dags/example_short_circuit_decorator.py for tasks to queue
[2023-12-20T21:35:59.074+0000] {logging_mixin.py:154} INFO - [2023-12-20T21:35:59.073+0000] {dagbag.py:536} INFO - Filling up the DagBag from /usr/local/lib/python3.10/dist-packages/airflow/example_dags/example_short_circuit_decorator.py
[2023-12-20T21:35:59.095+0000] {processor.py:839} INFO - DAG(s) dict_keys(['example_short_circuit_decorator']) retrieved from /usr/local/lib/python3.10/dist-packages/airflow/example_dags/example_short_circuit_decorator.py
[2023-12-20T21:35:59.119+0000] {logging_mixin.py:154} INFO - [2023-12-20T21:35:59.119+0000] {dag.py:2941} INFO - Sync 1 DAGs
[2023-12-20T21:35:59.139+0000] {logging_mixin.py:154} INFO - [2023-12-20T21:35:59.138+0000] {dag.py:3722} INFO - Setting next_dagrun for example_short_circuit_decorator to 2023-12-19T21:35:59.138569+00:00, run_after=2023-12-20T21:35:59.138569+00:00
[2023-12-20T21:35:59.162+0000] {processor.py:179} INFO - Processing /usr/local/lib/python3.10/dist-packages/airflow/example_dags/example_short_circuit_decorator.py took 0.094 seconds
