[2023-12-20T20:22:06.375+0000] {processor.py:157} INFO - Started process (PID=950) to work on /usr/local/lib/python3.10/dist-packages/airflow/example_dags/tutorial_taskflow_api.py
[2023-12-20T20:22:06.376+0000] {processor.py:829} INFO - Processing file /usr/local/lib/python3.10/dist-packages/airflow/example_dags/tutorial_taskflow_api.py for tasks to queue
[2023-12-20T20:22:06.377+0000] {logging_mixin.py:154} INFO - [2023-12-20T20:22:06.376+0000] {dagbag.py:536} INFO - Filling up the DagBag from /usr/local/lib/python3.10/dist-packages/airflow/example_dags/tutorial_taskflow_api.py
[2023-12-20T20:22:06.391+0000] {processor.py:839} INFO - DAG(s) dict_keys(['tutorial_taskflow_api']) retrieved from /usr/local/lib/python3.10/dist-packages/airflow/example_dags/tutorial_taskflow_api.py
[2023-12-20T20:22:06.400+0000] {logging_mixin.py:154} INFO - [2023-12-20T20:22:06.399+0000] {dag.py:2941} INFO - Sync 1 DAGs
[2023-12-20T20:22:06.412+0000] {logging_mixin.py:154} INFO - [2023-12-20T20:22:06.412+0000] {dag.py:3722} INFO - Setting next_dagrun for tutorial_taskflow_api to None, run_after=None
[2023-12-20T20:22:06.437+0000] {processor.py:179} INFO - Processing /usr/local/lib/python3.10/dist-packages/airflow/example_dags/tutorial_taskflow_api.py took 0.065 seconds
[2023-12-20T20:26:36.879+0000] {processor.py:157} INFO - Started process (PID=1285) to work on /usr/local/lib/python3.10/dist-packages/airflow/example_dags/tutorial_taskflow_api.py
[2023-12-20T20:26:36.881+0000] {processor.py:829} INFO - Processing file /usr/local/lib/python3.10/dist-packages/airflow/example_dags/tutorial_taskflow_api.py for tasks to queue
[2023-12-20T20:26:36.881+0000] {logging_mixin.py:154} INFO - [2023-12-20T20:26:36.881+0000] {dagbag.py:536} INFO - Filling up the DagBag from /usr/local/lib/python3.10/dist-packages/airflow/example_dags/tutorial_taskflow_api.py
[2023-12-20T20:26:36.888+0000] {processor.py:839} INFO - DAG(s) dict_keys(['tutorial_taskflow_api']) retrieved from /usr/local/lib/python3.10/dist-packages/airflow/example_dags/tutorial_taskflow_api.py
[2023-12-20T20:26:36.903+0000] {logging_mixin.py:154} INFO - [2023-12-20T20:26:36.903+0000] {dag.py:2941} INFO - Sync 1 DAGs
[2023-12-20T20:26:36.914+0000] {logging_mixin.py:154} INFO - [2023-12-20T20:26:36.914+0000] {dag.py:3722} INFO - Setting next_dagrun for tutorial_taskflow_api to None, run_after=None
[2023-12-20T20:26:36.937+0000] {processor.py:179} INFO - Processing /usr/local/lib/python3.10/dist-packages/airflow/example_dags/tutorial_taskflow_api.py took 0.061 seconds
[2023-12-20T20:28:45.653+0000] {processor.py:157} INFO - Started process (PID=1439) to work on /usr/local/lib/python3.10/dist-packages/airflow/example_dags/tutorial_taskflow_api.py
[2023-12-20T20:28:45.654+0000] {processor.py:829} INFO - Processing file /usr/local/lib/python3.10/dist-packages/airflow/example_dags/tutorial_taskflow_api.py for tasks to queue
[2023-12-20T20:28:45.655+0000] {logging_mixin.py:154} INFO - [2023-12-20T20:28:45.655+0000] {dagbag.py:536} INFO - Filling up the DagBag from /usr/local/lib/python3.10/dist-packages/airflow/example_dags/tutorial_taskflow_api.py
[2023-12-20T20:28:45.663+0000] {processor.py:839} INFO - DAG(s) dict_keys(['tutorial_taskflow_api']) retrieved from /usr/local/lib/python3.10/dist-packages/airflow/example_dags/tutorial_taskflow_api.py
[2023-12-20T20:28:45.679+0000] {logging_mixin.py:154} INFO - [2023-12-20T20:28:45.679+0000] {dag.py:2941} INFO - Sync 1 DAGs
[2023-12-20T20:28:45.690+0000] {logging_mixin.py:154} INFO - [2023-12-20T20:28:45.690+0000] {dag.py:3722} INFO - Setting next_dagrun for tutorial_taskflow_api to None, run_after=None
[2023-12-20T20:28:45.711+0000] {processor.py:179} INFO - Processing /usr/local/lib/python3.10/dist-packages/airflow/example_dags/tutorial_taskflow_api.py took 0.061 seconds
[2023-12-20T20:31:23.786+0000] {processor.py:157} INFO - Started process (PID=1644) to work on /usr/local/lib/python3.10/dist-packages/airflow/example_dags/tutorial_taskflow_api.py
[2023-12-20T20:31:23.795+0000] {processor.py:829} INFO - Processing file /usr/local/lib/python3.10/dist-packages/airflow/example_dags/tutorial_taskflow_api.py for tasks to queue
[2023-12-20T20:31:23.796+0000] {logging_mixin.py:154} INFO - [2023-12-20T20:31:23.795+0000] {dagbag.py:536} INFO - Filling up the DagBag from /usr/local/lib/python3.10/dist-packages/airflow/example_dags/tutorial_taskflow_api.py
[2023-12-20T20:31:23.802+0000] {processor.py:839} INFO - DAG(s) dict_keys(['tutorial_taskflow_api']) retrieved from /usr/local/lib/python3.10/dist-packages/airflow/example_dags/tutorial_taskflow_api.py
[2023-12-20T20:31:23.817+0000] {logging_mixin.py:154} INFO - [2023-12-20T20:31:23.817+0000] {dag.py:2941} INFO - Sync 1 DAGs
[2023-12-20T20:31:23.830+0000] {logging_mixin.py:154} INFO - [2023-12-20T20:31:23.829+0000] {dag.py:3722} INFO - Setting next_dagrun for tutorial_taskflow_api to None, run_after=None
[2023-12-20T20:31:23.987+0000] {processor.py:179} INFO - Processing /usr/local/lib/python3.10/dist-packages/airflow/example_dags/tutorial_taskflow_api.py took 0.204 seconds
[2023-12-20T20:34:49.867+0000] {processor.py:157} INFO - Started process (PID=1913) to work on /usr/local/lib/python3.10/dist-packages/airflow/example_dags/tutorial_taskflow_api.py
[2023-12-20T20:34:49.868+0000] {processor.py:829} INFO - Processing file /usr/local/lib/python3.10/dist-packages/airflow/example_dags/tutorial_taskflow_api.py for tasks to queue
[2023-12-20T20:34:49.869+0000] {logging_mixin.py:154} INFO - [2023-12-20T20:34:49.869+0000] {dagbag.py:536} INFO - Filling up the DagBag from /usr/local/lib/python3.10/dist-packages/airflow/example_dags/tutorial_taskflow_api.py
[2023-12-20T20:34:49.876+0000] {processor.py:839} INFO - DAG(s) dict_keys(['tutorial_taskflow_api']) retrieved from /usr/local/lib/python3.10/dist-packages/airflow/example_dags/tutorial_taskflow_api.py
[2023-12-20T20:34:50.033+0000] {logging_mixin.py:154} INFO - [2023-12-20T20:34:50.033+0000] {dag.py:2941} INFO - Sync 1 DAGs
[2023-12-20T20:34:50.042+0000] {logging_mixin.py:154} INFO - [2023-12-20T20:34:50.042+0000] {dag.py:3722} INFO - Setting next_dagrun for tutorial_taskflow_api to None, run_after=None
[2023-12-20T20:34:50.060+0000] {processor.py:179} INFO - Processing /usr/local/lib/python3.10/dist-packages/airflow/example_dags/tutorial_taskflow_api.py took 0.196 seconds
[2023-12-20T20:38:17.423+0000] {processor.py:157} INFO - Started process (PID=2187) to work on /usr/local/lib/python3.10/dist-packages/airflow/example_dags/tutorial_taskflow_api.py
[2023-12-20T20:38:17.424+0000] {processor.py:829} INFO - Processing file /usr/local/lib/python3.10/dist-packages/airflow/example_dags/tutorial_taskflow_api.py for tasks to queue
[2023-12-20T20:38:17.425+0000] {logging_mixin.py:154} INFO - [2023-12-20T20:38:17.425+0000] {dagbag.py:536} INFO - Filling up the DagBag from /usr/local/lib/python3.10/dist-packages/airflow/example_dags/tutorial_taskflow_api.py
[2023-12-20T20:38:17.432+0000] {processor.py:839} INFO - DAG(s) dict_keys(['tutorial_taskflow_api']) retrieved from /usr/local/lib/python3.10/dist-packages/airflow/example_dags/tutorial_taskflow_api.py
[2023-12-20T20:38:17.448+0000] {logging_mixin.py:154} INFO - [2023-12-20T20:38:17.448+0000] {dag.py:2941} INFO - Sync 1 DAGs
[2023-12-20T20:38:17.462+0000] {logging_mixin.py:154} INFO - [2023-12-20T20:38:17.461+0000] {dag.py:3722} INFO - Setting next_dagrun for tutorial_taskflow_api to None, run_after=None
[2023-12-20T20:38:17.481+0000] {processor.py:179} INFO - Processing /usr/local/lib/python3.10/dist-packages/airflow/example_dags/tutorial_taskflow_api.py took 0.061 seconds
[2023-12-20T20:41:35.154+0000] {processor.py:157} INFO - Started process (PID=2429) to work on /usr/local/lib/python3.10/dist-packages/airflow/example_dags/tutorial_taskflow_api.py
[2023-12-20T20:41:35.155+0000] {processor.py:829} INFO - Processing file /usr/local/lib/python3.10/dist-packages/airflow/example_dags/tutorial_taskflow_api.py for tasks to queue
[2023-12-20T20:41:35.156+0000] {logging_mixin.py:154} INFO - [2023-12-20T20:41:35.156+0000] {dagbag.py:536} INFO - Filling up the DagBag from /usr/local/lib/python3.10/dist-packages/airflow/example_dags/tutorial_taskflow_api.py
[2023-12-20T20:41:35.163+0000] {processor.py:839} INFO - DAG(s) dict_keys(['tutorial_taskflow_api']) retrieved from /usr/local/lib/python3.10/dist-packages/airflow/example_dags/tutorial_taskflow_api.py
[2023-12-20T20:41:35.179+0000] {logging_mixin.py:154} INFO - [2023-12-20T20:41:35.179+0000] {dag.py:2941} INFO - Sync 1 DAGs
[2023-12-20T20:41:35.190+0000] {logging_mixin.py:154} INFO - [2023-12-20T20:41:35.190+0000] {dag.py:3722} INFO - Setting next_dagrun for tutorial_taskflow_api to None, run_after=None
[2023-12-20T20:41:35.213+0000] {processor.py:179} INFO - Processing /usr/local/lib/python3.10/dist-packages/airflow/example_dags/tutorial_taskflow_api.py took 0.061 seconds
[2023-12-20T20:44:40.998+0000] {processor.py:157} INFO - Started process (PID=2657) to work on /usr/local/lib/python3.10/dist-packages/airflow/example_dags/tutorial_taskflow_api.py
[2023-12-20T20:44:40.999+0000] {processor.py:829} INFO - Processing file /usr/local/lib/python3.10/dist-packages/airflow/example_dags/tutorial_taskflow_api.py for tasks to queue
[2023-12-20T20:44:41.000+0000] {logging_mixin.py:154} INFO - [2023-12-20T20:44:41.000+0000] {dagbag.py:536} INFO - Filling up the DagBag from /usr/local/lib/python3.10/dist-packages/airflow/example_dags/tutorial_taskflow_api.py
[2023-12-20T20:44:41.008+0000] {processor.py:839} INFO - DAG(s) dict_keys(['tutorial_taskflow_api']) retrieved from /usr/local/lib/python3.10/dist-packages/airflow/example_dags/tutorial_taskflow_api.py
[2023-12-20T20:44:41.024+0000] {logging_mixin.py:154} INFO - [2023-12-20T20:44:41.023+0000] {dag.py:2941} INFO - Sync 1 DAGs
[2023-12-20T20:44:41.039+0000] {logging_mixin.py:154} INFO - [2023-12-20T20:44:41.039+0000] {dag.py:3722} INFO - Setting next_dagrun for tutorial_taskflow_api to None, run_after=None
[2023-12-20T20:44:41.090+0000] {processor.py:179} INFO - Processing /usr/local/lib/python3.10/dist-packages/airflow/example_dags/tutorial_taskflow_api.py took 0.095 seconds
[2023-12-20T20:47:45.042+0000] {processor.py:157} INFO - Started process (PID=2869) to work on /usr/local/lib/python3.10/dist-packages/airflow/example_dags/tutorial_taskflow_api.py
[2023-12-20T20:47:45.043+0000] {processor.py:829} INFO - Processing file /usr/local/lib/python3.10/dist-packages/airflow/example_dags/tutorial_taskflow_api.py for tasks to queue
[2023-12-20T20:47:45.047+0000] {logging_mixin.py:154} INFO - [2023-12-20T20:47:45.044+0000] {dagbag.py:536} INFO - Filling up the DagBag from /usr/local/lib/python3.10/dist-packages/airflow/example_dags/tutorial_taskflow_api.py
[2023-12-20T20:47:45.055+0000] {processor.py:839} INFO - DAG(s) dict_keys(['tutorial_taskflow_api']) retrieved from /usr/local/lib/python3.10/dist-packages/airflow/example_dags/tutorial_taskflow_api.py
[2023-12-20T20:47:45.074+0000] {logging_mixin.py:154} INFO - [2023-12-20T20:47:45.074+0000] {dag.py:2941} INFO - Sync 1 DAGs
[2023-12-20T20:47:45.085+0000] {logging_mixin.py:154} INFO - [2023-12-20T20:47:45.085+0000] {dag.py:3722} INFO - Setting next_dagrun for tutorial_taskflow_api to None, run_after=None
[2023-12-20T20:47:45.143+0000] {processor.py:179} INFO - Processing /usr/local/lib/python3.10/dist-packages/airflow/example_dags/tutorial_taskflow_api.py took 0.107 seconds
[2023-12-20T20:50:22.233+0000] {processor.py:157} INFO - Started process (PID=3059) to work on /usr/local/lib/python3.10/dist-packages/airflow/example_dags/tutorial_taskflow_api.py
[2023-12-20T20:50:22.239+0000] {processor.py:829} INFO - Processing file /usr/local/lib/python3.10/dist-packages/airflow/example_dags/tutorial_taskflow_api.py for tasks to queue
[2023-12-20T20:50:22.240+0000] {logging_mixin.py:154} INFO - [2023-12-20T20:50:22.240+0000] {dagbag.py:536} INFO - Filling up the DagBag from /usr/local/lib/python3.10/dist-packages/airflow/example_dags/tutorial_taskflow_api.py
[2023-12-20T20:50:22.248+0000] {processor.py:839} INFO - DAG(s) dict_keys(['tutorial_taskflow_api']) retrieved from /usr/local/lib/python3.10/dist-packages/airflow/example_dags/tutorial_taskflow_api.py
[2023-12-20T20:50:22.264+0000] {logging_mixin.py:154} INFO - [2023-12-20T20:50:22.264+0000] {dag.py:2941} INFO - Sync 1 DAGs
[2023-12-20T20:50:22.275+0000] {logging_mixin.py:154} INFO - [2023-12-20T20:50:22.275+0000] {dag.py:3722} INFO - Setting next_dagrun for tutorial_taskflow_api to None, run_after=None
[2023-12-20T20:50:22.296+0000] {processor.py:179} INFO - Processing /usr/local/lib/python3.10/dist-packages/airflow/example_dags/tutorial_taskflow_api.py took 0.066 seconds
[2023-12-20T20:54:16.345+0000] {processor.py:157} INFO - Started process (PID=10264) to work on /usr/local/lib/python3.10/dist-packages/airflow/example_dags/tutorial_taskflow_api.py
[2023-12-20T20:54:16.347+0000] {processor.py:829} INFO - Processing file /usr/local/lib/python3.10/dist-packages/airflow/example_dags/tutorial_taskflow_api.py for tasks to queue
[2023-12-20T20:54:16.348+0000] {logging_mixin.py:154} INFO - [2023-12-20T20:54:16.348+0000] {dagbag.py:536} INFO - Filling up the DagBag from /usr/local/lib/python3.10/dist-packages/airflow/example_dags/tutorial_taskflow_api.py
[2023-12-20T20:54:16.356+0000] {processor.py:839} INFO - DAG(s) dict_keys(['tutorial_taskflow_api']) retrieved from /usr/local/lib/python3.10/dist-packages/airflow/example_dags/tutorial_taskflow_api.py
[2023-12-20T20:54:16.377+0000] {logging_mixin.py:154} INFO - [2023-12-20T20:54:16.376+0000] {dag.py:2941} INFO - Sync 1 DAGs
[2023-12-20T20:54:16.392+0000] {logging_mixin.py:154} INFO - [2023-12-20T20:54:16.392+0000] {dag.py:3722} INFO - Setting next_dagrun for tutorial_taskflow_api to None, run_after=None
[2023-12-20T20:54:16.422+0000] {processor.py:179} INFO - Processing /usr/local/lib/python3.10/dist-packages/airflow/example_dags/tutorial_taskflow_api.py took 0.081 seconds
[2023-12-20T20:57:12.538+0000] {processor.py:157} INFO - Started process (PID=19972) to work on /usr/local/lib/python3.10/dist-packages/airflow/example_dags/tutorial_taskflow_api.py
[2023-12-20T20:57:12.539+0000] {processor.py:829} INFO - Processing file /usr/local/lib/python3.10/dist-packages/airflow/example_dags/tutorial_taskflow_api.py for tasks to queue
[2023-12-20T20:57:12.541+0000] {logging_mixin.py:154} INFO - [2023-12-20T20:57:12.540+0000] {dagbag.py:536} INFO - Filling up the DagBag from /usr/local/lib/python3.10/dist-packages/airflow/example_dags/tutorial_taskflow_api.py
[2023-12-20T20:57:12.562+0000] {processor.py:839} INFO - DAG(s) dict_keys(['tutorial_taskflow_api']) retrieved from /usr/local/lib/python3.10/dist-packages/airflow/example_dags/tutorial_taskflow_api.py
[2023-12-20T20:57:12.596+0000] {logging_mixin.py:154} INFO - [2023-12-20T20:57:12.596+0000] {dag.py:2941} INFO - Sync 1 DAGs
[2023-12-20T20:57:12.612+0000] {logging_mixin.py:154} INFO - [2023-12-20T20:57:12.611+0000] {dag.py:3722} INFO - Setting next_dagrun for tutorial_taskflow_api to None, run_after=None
[2023-12-20T20:57:12.640+0000] {processor.py:179} INFO - Processing /usr/local/lib/python3.10/dist-packages/airflow/example_dags/tutorial_taskflow_api.py took 0.106 seconds
[2023-12-20T20:59:26.827+0000] {processor.py:157} INFO - Started process (PID=20484) to work on /usr/local/lib/python3.10/dist-packages/airflow/example_dags/tutorial_taskflow_api.py
[2023-12-20T20:59:26.829+0000] {processor.py:829} INFO - Processing file /usr/local/lib/python3.10/dist-packages/airflow/example_dags/tutorial_taskflow_api.py for tasks to queue
[2023-12-20T20:59:26.830+0000] {logging_mixin.py:154} INFO - [2023-12-20T20:59:26.830+0000] {dagbag.py:536} INFO - Filling up the DagBag from /usr/local/lib/python3.10/dist-packages/airflow/example_dags/tutorial_taskflow_api.py
[2023-12-20T20:59:26.837+0000] {processor.py:839} INFO - DAG(s) dict_keys(['tutorial_taskflow_api']) retrieved from /usr/local/lib/python3.10/dist-packages/airflow/example_dags/tutorial_taskflow_api.py
[2023-12-20T20:59:26.853+0000] {logging_mixin.py:154} INFO - [2023-12-20T20:59:26.853+0000] {dag.py:2941} INFO - Sync 1 DAGs
[2023-12-20T20:59:26.864+0000] {logging_mixin.py:154} INFO - [2023-12-20T20:59:26.864+0000] {dag.py:3722} INFO - Setting next_dagrun for tutorial_taskflow_api to None, run_after=None
[2023-12-20T20:59:26.888+0000] {processor.py:179} INFO - Processing /usr/local/lib/python3.10/dist-packages/airflow/example_dags/tutorial_taskflow_api.py took 0.063 seconds
[2023-12-20T21:01:26.586+0000] {processor.py:157} INFO - Started process (PID=20651) to work on /usr/local/lib/python3.10/dist-packages/airflow/example_dags/tutorial_taskflow_api.py
[2023-12-20T21:01:26.588+0000] {processor.py:829} INFO - Processing file /usr/local/lib/python3.10/dist-packages/airflow/example_dags/tutorial_taskflow_api.py for tasks to queue
[2023-12-20T21:01:26.589+0000] {logging_mixin.py:154} INFO - [2023-12-20T21:01:26.589+0000] {dagbag.py:536} INFO - Filling up the DagBag from /usr/local/lib/python3.10/dist-packages/airflow/example_dags/tutorial_taskflow_api.py
[2023-12-20T21:01:26.597+0000] {processor.py:839} INFO - DAG(s) dict_keys(['tutorial_taskflow_api']) retrieved from /usr/local/lib/python3.10/dist-packages/airflow/example_dags/tutorial_taskflow_api.py
[2023-12-20T21:01:26.612+0000] {logging_mixin.py:154} INFO - [2023-12-20T21:01:26.612+0000] {dag.py:2941} INFO - Sync 1 DAGs
[2023-12-20T21:01:26.623+0000] {logging_mixin.py:154} INFO - [2023-12-20T21:01:26.623+0000] {dag.py:3722} INFO - Setting next_dagrun for tutorial_taskflow_api to None, run_after=None
[2023-12-20T21:01:26.644+0000] {processor.py:179} INFO - Processing /usr/local/lib/python3.10/dist-packages/airflow/example_dags/tutorial_taskflow_api.py took 0.063 seconds
[2023-12-20T21:03:24.147+0000] {processor.py:157} INFO - Started process (PID=20819) to work on /usr/local/lib/python3.10/dist-packages/airflow/example_dags/tutorial_taskflow_api.py
[2023-12-20T21:03:24.148+0000] {processor.py:829} INFO - Processing file /usr/local/lib/python3.10/dist-packages/airflow/example_dags/tutorial_taskflow_api.py for tasks to queue
[2023-12-20T21:03:24.149+0000] {logging_mixin.py:154} INFO - [2023-12-20T21:03:24.149+0000] {dagbag.py:536} INFO - Filling up the DagBag from /usr/local/lib/python3.10/dist-packages/airflow/example_dags/tutorial_taskflow_api.py
[2023-12-20T21:03:24.156+0000] {processor.py:839} INFO - DAG(s) dict_keys(['tutorial_taskflow_api']) retrieved from /usr/local/lib/python3.10/dist-packages/airflow/example_dags/tutorial_taskflow_api.py
[2023-12-20T21:03:24.173+0000] {logging_mixin.py:154} INFO - [2023-12-20T21:03:24.173+0000] {dag.py:2941} INFO - Sync 1 DAGs
[2023-12-20T21:03:24.188+0000] {logging_mixin.py:154} INFO - [2023-12-20T21:03:24.188+0000] {dag.py:3722} INFO - Setting next_dagrun for tutorial_taskflow_api to None, run_after=None
[2023-12-20T21:03:24.223+0000] {processor.py:179} INFO - Processing /usr/local/lib/python3.10/dist-packages/airflow/example_dags/tutorial_taskflow_api.py took 0.083 seconds
[2023-12-20T21:05:20.533+0000] {processor.py:157} INFO - Started process (PID=20984) to work on /usr/local/lib/python3.10/dist-packages/airflow/example_dags/tutorial_taskflow_api.py
[2023-12-20T21:05:20.534+0000] {processor.py:829} INFO - Processing file /usr/local/lib/python3.10/dist-packages/airflow/example_dags/tutorial_taskflow_api.py for tasks to queue
[2023-12-20T21:05:20.535+0000] {logging_mixin.py:154} INFO - [2023-12-20T21:05:20.535+0000] {dagbag.py:536} INFO - Filling up the DagBag from /usr/local/lib/python3.10/dist-packages/airflow/example_dags/tutorial_taskflow_api.py
[2023-12-20T21:05:20.542+0000] {processor.py:839} INFO - DAG(s) dict_keys(['tutorial_taskflow_api']) retrieved from /usr/local/lib/python3.10/dist-packages/airflow/example_dags/tutorial_taskflow_api.py
[2023-12-20T21:05:20.557+0000] {logging_mixin.py:154} INFO - [2023-12-20T21:05:20.557+0000] {dag.py:2941} INFO - Sync 1 DAGs
[2023-12-20T21:05:20.567+0000] {logging_mixin.py:154} INFO - [2023-12-20T21:05:20.567+0000] {dag.py:3722} INFO - Setting next_dagrun for tutorial_taskflow_api to None, run_after=None
[2023-12-20T21:05:20.586+0000] {processor.py:179} INFO - Processing /usr/local/lib/python3.10/dist-packages/airflow/example_dags/tutorial_taskflow_api.py took 0.057 seconds
[2023-12-20T21:07:15.268+0000] {processor.py:157} INFO - Started process (PID=21148) to work on /usr/local/lib/python3.10/dist-packages/airflow/example_dags/tutorial_taskflow_api.py
[2023-12-20T21:07:15.270+0000] {processor.py:829} INFO - Processing file /usr/local/lib/python3.10/dist-packages/airflow/example_dags/tutorial_taskflow_api.py for tasks to queue
[2023-12-20T21:07:15.270+0000] {logging_mixin.py:154} INFO - [2023-12-20T21:07:15.270+0000] {dagbag.py:536} INFO - Filling up the DagBag from /usr/local/lib/python3.10/dist-packages/airflow/example_dags/tutorial_taskflow_api.py
[2023-12-20T21:07:15.277+0000] {processor.py:839} INFO - DAG(s) dict_keys(['tutorial_taskflow_api']) retrieved from /usr/local/lib/python3.10/dist-packages/airflow/example_dags/tutorial_taskflow_api.py
[2023-12-20T21:07:15.292+0000] {logging_mixin.py:154} INFO - [2023-12-20T21:07:15.291+0000] {dag.py:2941} INFO - Sync 1 DAGs
[2023-12-20T21:07:15.302+0000] {logging_mixin.py:154} INFO - [2023-12-20T21:07:15.302+0000] {dag.py:3722} INFO - Setting next_dagrun for tutorial_taskflow_api to None, run_after=None
[2023-12-20T21:07:15.322+0000] {processor.py:179} INFO - Processing /usr/local/lib/python3.10/dist-packages/airflow/example_dags/tutorial_taskflow_api.py took 0.057 seconds
[2023-12-20T21:09:09.867+0000] {processor.py:157} INFO - Started process (PID=21326) to work on /usr/local/lib/python3.10/dist-packages/airflow/example_dags/tutorial_taskflow_api.py
[2023-12-20T21:09:09.893+0000] {processor.py:829} INFO - Processing file /usr/local/lib/python3.10/dist-packages/airflow/example_dags/tutorial_taskflow_api.py for tasks to queue
[2023-12-20T21:09:09.895+0000] {logging_mixin.py:154} INFO - [2023-12-20T21:09:09.894+0000] {dagbag.py:536} INFO - Filling up the DagBag from /usr/local/lib/python3.10/dist-packages/airflow/example_dags/tutorial_taskflow_api.py
[2023-12-20T21:09:09.903+0000] {processor.py:839} INFO - DAG(s) dict_keys(['tutorial_taskflow_api']) retrieved from /usr/local/lib/python3.10/dist-packages/airflow/example_dags/tutorial_taskflow_api.py
[2023-12-20T21:09:09.919+0000] {logging_mixin.py:154} INFO - [2023-12-20T21:09:09.918+0000] {dag.py:2941} INFO - Sync 1 DAGs
[2023-12-20T21:09:09.930+0000] {logging_mixin.py:154} INFO - [2023-12-20T21:09:09.929+0000] {dag.py:3722} INFO - Setting next_dagrun for tutorial_taskflow_api to None, run_after=None
[2023-12-20T21:09:09.954+0000] {processor.py:179} INFO - Processing /usr/local/lib/python3.10/dist-packages/airflow/example_dags/tutorial_taskflow_api.py took 0.090 seconds
[2023-12-20T21:11:04.180+0000] {processor.py:157} INFO - Started process (PID=21494) to work on /usr/local/lib/python3.10/dist-packages/airflow/example_dags/tutorial_taskflow_api.py
[2023-12-20T21:11:04.181+0000] {processor.py:829} INFO - Processing file /usr/local/lib/python3.10/dist-packages/airflow/example_dags/tutorial_taskflow_api.py for tasks to queue
[2023-12-20T21:11:04.182+0000] {logging_mixin.py:154} INFO - [2023-12-20T21:11:04.182+0000] {dagbag.py:536} INFO - Filling up the DagBag from /usr/local/lib/python3.10/dist-packages/airflow/example_dags/tutorial_taskflow_api.py
[2023-12-20T21:11:04.189+0000] {processor.py:839} INFO - DAG(s) dict_keys(['tutorial_taskflow_api']) retrieved from /usr/local/lib/python3.10/dist-packages/airflow/example_dags/tutorial_taskflow_api.py
[2023-12-20T21:11:04.205+0000] {logging_mixin.py:154} INFO - [2023-12-20T21:11:04.204+0000] {dag.py:2941} INFO - Sync 1 DAGs
[2023-12-20T21:11:04.217+0000] {logging_mixin.py:154} INFO - [2023-12-20T21:11:04.217+0000] {dag.py:3722} INFO - Setting next_dagrun for tutorial_taskflow_api to None, run_after=None
[2023-12-20T21:11:04.238+0000] {processor.py:179} INFO - Processing /usr/local/lib/python3.10/dist-packages/airflow/example_dags/tutorial_taskflow_api.py took 0.061 seconds
[2023-12-20T21:12:58.810+0000] {processor.py:157} INFO - Started process (PID=21662) to work on /usr/local/lib/python3.10/dist-packages/airflow/example_dags/tutorial_taskflow_api.py
[2023-12-20T21:12:58.824+0000] {processor.py:829} INFO - Processing file /usr/local/lib/python3.10/dist-packages/airflow/example_dags/tutorial_taskflow_api.py for tasks to queue
[2023-12-20T21:12:58.825+0000] {logging_mixin.py:154} INFO - [2023-12-20T21:12:58.825+0000] {dagbag.py:536} INFO - Filling up the DagBag from /usr/local/lib/python3.10/dist-packages/airflow/example_dags/tutorial_taskflow_api.py
[2023-12-20T21:12:58.833+0000] {processor.py:839} INFO - DAG(s) dict_keys(['tutorial_taskflow_api']) retrieved from /usr/local/lib/python3.10/dist-packages/airflow/example_dags/tutorial_taskflow_api.py
[2023-12-20T21:12:58.851+0000] {logging_mixin.py:154} INFO - [2023-12-20T21:12:58.851+0000] {dag.py:2941} INFO - Sync 1 DAGs
[2023-12-20T21:12:58.862+0000] {logging_mixin.py:154} INFO - [2023-12-20T21:12:58.862+0000] {dag.py:3722} INFO - Setting next_dagrun for tutorial_taskflow_api to None, run_after=None
[2023-12-20T21:12:58.886+0000] {processor.py:179} INFO - Processing /usr/local/lib/python3.10/dist-packages/airflow/example_dags/tutorial_taskflow_api.py took 0.079 seconds
[2023-12-20T21:14:52.793+0000] {processor.py:157} INFO - Started process (PID=21828) to work on /usr/local/lib/python3.10/dist-packages/airflow/example_dags/tutorial_taskflow_api.py
[2023-12-20T21:14:52.809+0000] {processor.py:829} INFO - Processing file /usr/local/lib/python3.10/dist-packages/airflow/example_dags/tutorial_taskflow_api.py for tasks to queue
[2023-12-20T21:14:52.810+0000] {logging_mixin.py:154} INFO - [2023-12-20T21:14:52.809+0000] {dagbag.py:536} INFO - Filling up the DagBag from /usr/local/lib/python3.10/dist-packages/airflow/example_dags/tutorial_taskflow_api.py
[2023-12-20T21:14:52.817+0000] {processor.py:839} INFO - DAG(s) dict_keys(['tutorial_taskflow_api']) retrieved from /usr/local/lib/python3.10/dist-packages/airflow/example_dags/tutorial_taskflow_api.py
[2023-12-20T21:14:52.833+0000] {logging_mixin.py:154} INFO - [2023-12-20T21:14:52.833+0000] {dag.py:2941} INFO - Sync 1 DAGs
[2023-12-20T21:14:52.844+0000] {logging_mixin.py:154} INFO - [2023-12-20T21:14:52.844+0000] {dag.py:3722} INFO - Setting next_dagrun for tutorial_taskflow_api to None, run_after=None
[2023-12-20T21:14:52.863+0000] {processor.py:179} INFO - Processing /usr/local/lib/python3.10/dist-packages/airflow/example_dags/tutorial_taskflow_api.py took 0.073 seconds
[2023-12-20T21:16:48.298+0000] {processor.py:157} INFO - Started process (PID=21993) to work on /usr/local/lib/python3.10/dist-packages/airflow/example_dags/tutorial_taskflow_api.py
[2023-12-20T21:16:48.300+0000] {processor.py:829} INFO - Processing file /usr/local/lib/python3.10/dist-packages/airflow/example_dags/tutorial_taskflow_api.py for tasks to queue
[2023-12-20T21:16:48.301+0000] {logging_mixin.py:154} INFO - [2023-12-20T21:16:48.301+0000] {dagbag.py:536} INFO - Filling up the DagBag from /usr/local/lib/python3.10/dist-packages/airflow/example_dags/tutorial_taskflow_api.py
[2023-12-20T21:16:48.308+0000] {processor.py:839} INFO - DAG(s) dict_keys(['tutorial_taskflow_api']) retrieved from /usr/local/lib/python3.10/dist-packages/airflow/example_dags/tutorial_taskflow_api.py
[2023-12-20T21:16:48.326+0000] {logging_mixin.py:154} INFO - [2023-12-20T21:16:48.325+0000] {dag.py:2941} INFO - Sync 1 DAGs
[2023-12-20T21:16:48.338+0000] {logging_mixin.py:154} INFO - [2023-12-20T21:16:48.338+0000] {dag.py:3722} INFO - Setting next_dagrun for tutorial_taskflow_api to None, run_after=None
[2023-12-20T21:16:48.361+0000] {processor.py:179} INFO - Processing /usr/local/lib/python3.10/dist-packages/airflow/example_dags/tutorial_taskflow_api.py took 0.071 seconds
[2023-12-20T21:18:44.093+0000] {processor.py:157} INFO - Started process (PID=22161) to work on /usr/local/lib/python3.10/dist-packages/airflow/example_dags/tutorial_taskflow_api.py
[2023-12-20T21:18:44.097+0000] {processor.py:829} INFO - Processing file /usr/local/lib/python3.10/dist-packages/airflow/example_dags/tutorial_taskflow_api.py for tasks to queue
[2023-12-20T21:18:44.097+0000] {logging_mixin.py:154} INFO - [2023-12-20T21:18:44.097+0000] {dagbag.py:536} INFO - Filling up the DagBag from /usr/local/lib/python3.10/dist-packages/airflow/example_dags/tutorial_taskflow_api.py
[2023-12-20T21:18:44.105+0000] {processor.py:839} INFO - DAG(s) dict_keys(['tutorial_taskflow_api']) retrieved from /usr/local/lib/python3.10/dist-packages/airflow/example_dags/tutorial_taskflow_api.py
[2023-12-20T21:18:44.120+0000] {logging_mixin.py:154} INFO - [2023-12-20T21:18:44.120+0000] {dag.py:2941} INFO - Sync 1 DAGs
[2023-12-20T21:18:44.136+0000] {logging_mixin.py:154} INFO - [2023-12-20T21:18:44.136+0000] {dag.py:3722} INFO - Setting next_dagrun for tutorial_taskflow_api to None, run_after=None
[2023-12-20T21:18:44.155+0000] {processor.py:179} INFO - Processing /usr/local/lib/python3.10/dist-packages/airflow/example_dags/tutorial_taskflow_api.py took 0.064 seconds
[2023-12-20T21:20:39.422+0000] {processor.py:157} INFO - Started process (PID=22326) to work on /usr/local/lib/python3.10/dist-packages/airflow/example_dags/tutorial_taskflow_api.py
[2023-12-20T21:20:39.425+0000] {processor.py:829} INFO - Processing file /usr/local/lib/python3.10/dist-packages/airflow/example_dags/tutorial_taskflow_api.py for tasks to queue
[2023-12-20T21:20:39.426+0000] {logging_mixin.py:154} INFO - [2023-12-20T21:20:39.425+0000] {dagbag.py:536} INFO - Filling up the DagBag from /usr/local/lib/python3.10/dist-packages/airflow/example_dags/tutorial_taskflow_api.py
[2023-12-20T21:20:39.432+0000] {processor.py:839} INFO - DAG(s) dict_keys(['tutorial_taskflow_api']) retrieved from /usr/local/lib/python3.10/dist-packages/airflow/example_dags/tutorial_taskflow_api.py
[2023-12-20T21:20:39.448+0000] {logging_mixin.py:154} INFO - [2023-12-20T21:20:39.448+0000] {dag.py:2941} INFO - Sync 1 DAGs
[2023-12-20T21:20:39.459+0000] {logging_mixin.py:154} INFO - [2023-12-20T21:20:39.459+0000] {dag.py:3722} INFO - Setting next_dagrun for tutorial_taskflow_api to None, run_after=None
[2023-12-20T21:20:39.480+0000] {processor.py:179} INFO - Processing /usr/local/lib/python3.10/dist-packages/airflow/example_dags/tutorial_taskflow_api.py took 0.061 seconds
[2023-12-20T21:22:37.721+0000] {processor.py:157} INFO - Started process (PID=22492) to work on /usr/local/lib/python3.10/dist-packages/airflow/example_dags/tutorial_taskflow_api.py
[2023-12-20T21:22:37.723+0000] {processor.py:829} INFO - Processing file /usr/local/lib/python3.10/dist-packages/airflow/example_dags/tutorial_taskflow_api.py for tasks to queue
[2023-12-20T21:22:37.724+0000] {logging_mixin.py:154} INFO - [2023-12-20T21:22:37.723+0000] {dagbag.py:536} INFO - Filling up the DagBag from /usr/local/lib/python3.10/dist-packages/airflow/example_dags/tutorial_taskflow_api.py
[2023-12-20T21:22:37.730+0000] {processor.py:839} INFO - DAG(s) dict_keys(['tutorial_taskflow_api']) retrieved from /usr/local/lib/python3.10/dist-packages/airflow/example_dags/tutorial_taskflow_api.py
[2023-12-20T21:22:37.749+0000] {logging_mixin.py:154} INFO - [2023-12-20T21:22:37.749+0000] {dag.py:2941} INFO - Sync 1 DAGs
[2023-12-20T21:22:37.759+0000] {logging_mixin.py:154} INFO - [2023-12-20T21:22:37.759+0000] {dag.py:3722} INFO - Setting next_dagrun for tutorial_taskflow_api to None, run_after=None
[2023-12-20T21:22:37.783+0000] {processor.py:179} INFO - Processing /usr/local/lib/python3.10/dist-packages/airflow/example_dags/tutorial_taskflow_api.py took 0.064 seconds
[2023-12-20T21:24:54.677+0000] {processor.py:157} INFO - Started process (PID=22657) to work on /usr/local/lib/python3.10/dist-packages/airflow/example_dags/tutorial_taskflow_api.py
[2023-12-20T21:24:54.679+0000] {processor.py:829} INFO - Processing file /usr/local/lib/python3.10/dist-packages/airflow/example_dags/tutorial_taskflow_api.py for tasks to queue
[2023-12-20T21:24:54.680+0000] {logging_mixin.py:154} INFO - [2023-12-20T21:24:54.679+0000] {dagbag.py:536} INFO - Filling up the DagBag from /usr/local/lib/python3.10/dist-packages/airflow/example_dags/tutorial_taskflow_api.py
[2023-12-20T21:24:54.726+0000] {processor.py:839} INFO - DAG(s) dict_keys(['tutorial_taskflow_api']) retrieved from /usr/local/lib/python3.10/dist-packages/airflow/example_dags/tutorial_taskflow_api.py
[2023-12-20T21:24:54.741+0000] {logging_mixin.py:154} INFO - [2023-12-20T21:24:54.740+0000] {dag.py:2941} INFO - Sync 1 DAGs
[2023-12-20T21:24:54.751+0000] {logging_mixin.py:154} INFO - [2023-12-20T21:24:54.751+0000] {dag.py:3722} INFO - Setting next_dagrun for tutorial_taskflow_api to None, run_after=None
[2023-12-20T21:24:54.821+0000] {processor.py:179} INFO - Processing /usr/local/lib/python3.10/dist-packages/airflow/example_dags/tutorial_taskflow_api.py took 0.147 seconds
[2023-12-20T21:29:24.351+0000] {processor.py:157} INFO - Started process (PID=22842) to work on /usr/local/lib/python3.10/dist-packages/airflow/example_dags/tutorial_taskflow_api.py
[2023-12-20T21:29:24.369+0000] {processor.py:829} INFO - Processing file /usr/local/lib/python3.10/dist-packages/airflow/example_dags/tutorial_taskflow_api.py for tasks to queue
[2023-12-20T21:29:24.370+0000] {logging_mixin.py:154} INFO - [2023-12-20T21:29:24.369+0000] {dagbag.py:536} INFO - Filling up the DagBag from /usr/local/lib/python3.10/dist-packages/airflow/example_dags/tutorial_taskflow_api.py
[2023-12-20T21:29:24.382+0000] {processor.py:839} INFO - DAG(s) dict_keys(['tutorial_taskflow_api']) retrieved from /usr/local/lib/python3.10/dist-packages/airflow/example_dags/tutorial_taskflow_api.py
[2023-12-20T21:29:24.398+0000] {logging_mixin.py:154} INFO - [2023-12-20T21:29:24.398+0000] {dag.py:2941} INFO - Sync 1 DAGs
[2023-12-20T21:29:24.408+0000] {logging_mixin.py:154} INFO - [2023-12-20T21:29:24.408+0000] {dag.py:3722} INFO - Setting next_dagrun for tutorial_taskflow_api to None, run_after=None
[2023-12-20T21:29:24.438+0000] {processor.py:179} INFO - Processing /usr/local/lib/python3.10/dist-packages/airflow/example_dags/tutorial_taskflow_api.py took 0.092 seconds
[2023-12-20T21:33:59.524+0000] {processor.py:157} INFO - Started process (PID=23027) to work on /usr/local/lib/python3.10/dist-packages/airflow/example_dags/tutorial_taskflow_api.py
[2023-12-20T21:33:59.526+0000] {processor.py:829} INFO - Processing file /usr/local/lib/python3.10/dist-packages/airflow/example_dags/tutorial_taskflow_api.py for tasks to queue
[2023-12-20T21:33:59.527+0000] {logging_mixin.py:154} INFO - [2023-12-20T21:33:59.527+0000] {dagbag.py:536} INFO - Filling up the DagBag from /usr/local/lib/python3.10/dist-packages/airflow/example_dags/tutorial_taskflow_api.py
[2023-12-20T21:33:59.534+0000] {processor.py:839} INFO - DAG(s) dict_keys(['tutorial_taskflow_api']) retrieved from /usr/local/lib/python3.10/dist-packages/airflow/example_dags/tutorial_taskflow_api.py
[2023-12-20T21:33:59.552+0000] {logging_mixin.py:154} INFO - [2023-12-20T21:33:59.551+0000] {dag.py:2941} INFO - Sync 1 DAGs
[2023-12-20T21:33:59.563+0000] {logging_mixin.py:154} INFO - [2023-12-20T21:33:59.563+0000] {dag.py:3722} INFO - Setting next_dagrun for tutorial_taskflow_api to None, run_after=None
[2023-12-20T21:33:59.615+0000] {processor.py:179} INFO - Processing /usr/local/lib/python3.10/dist-packages/airflow/example_dags/tutorial_taskflow_api.py took 0.094 seconds
