[2023-12-20T20:22:16.522+0000] {processor.py:157} INFO - Started process (PID=962) to work on /usr/local/lib/python3.10/dist-packages/airflow/example_dags/tutorial.py
[2023-12-20T20:22:16.523+0000] {processor.py:829} INFO - Processing file /usr/local/lib/python3.10/dist-packages/airflow/example_dags/tutorial.py for tasks to queue
[2023-12-20T20:22:16.524+0000] {logging_mixin.py:154} INFO - [2023-12-20T20:22:16.524+0000] {dagbag.py:536} INFO - Filling up the DagBag from /usr/local/lib/python3.10/dist-packages/airflow/example_dags/tutorial.py
[2023-12-20T20:22:16.540+0000] {processor.py:839} INFO - DAG(s) dict_keys(['tutorial']) retrieved from /usr/local/lib/python3.10/dist-packages/airflow/example_dags/tutorial.py
[2023-12-20T20:22:16.563+0000] {logging_mixin.py:154} INFO - [2023-12-20T20:22:16.563+0000] {dag.py:2941} INFO - Sync 1 DAGs
[2023-12-20T20:22:16.582+0000] {logging_mixin.py:154} INFO - [2023-12-20T20:22:16.581+0000] {dag.py:3722} INFO - Setting next_dagrun for tutorial to 2023-12-19T20:22:16.581607+00:00, run_after=2023-12-20T20:22:16.581607+00:00
[2023-12-20T20:22:16.607+0000] {processor.py:179} INFO - Processing /usr/local/lib/python3.10/dist-packages/airflow/example_dags/tutorial.py took 0.088 seconds
[2023-12-20T20:26:42.270+0000] {processor.py:157} INFO - Started process (PID=1292) to work on /usr/local/lib/python3.10/dist-packages/airflow/example_dags/tutorial.py
[2023-12-20T20:26:42.271+0000] {processor.py:829} INFO - Processing file /usr/local/lib/python3.10/dist-packages/airflow/example_dags/tutorial.py for tasks to queue
[2023-12-20T20:26:42.272+0000] {logging_mixin.py:154} INFO - [2023-12-20T20:26:42.272+0000] {dagbag.py:536} INFO - Filling up the DagBag from /usr/local/lib/python3.10/dist-packages/airflow/example_dags/tutorial.py
[2023-12-20T20:26:42.279+0000] {processor.py:839} INFO - DAG(s) dict_keys(['tutorial']) retrieved from /usr/local/lib/python3.10/dist-packages/airflow/example_dags/tutorial.py
[2023-12-20T20:26:42.296+0000] {logging_mixin.py:154} INFO - [2023-12-20T20:26:42.296+0000] {dag.py:2941} INFO - Sync 1 DAGs
[2023-12-20T20:26:42.315+0000] {logging_mixin.py:154} INFO - [2023-12-20T20:26:42.315+0000] {dag.py:3722} INFO - Setting next_dagrun for tutorial to 2023-12-19T20:26:42.315316+00:00, run_after=2023-12-20T20:26:42.315316+00:00
[2023-12-20T20:26:42.337+0000] {processor.py:179} INFO - Processing /usr/local/lib/python3.10/dist-packages/airflow/example_dags/tutorial.py took 0.070 seconds
[2023-12-20T20:28:47.323+0000] {processor.py:157} INFO - Started process (PID=1441) to work on /usr/local/lib/python3.10/dist-packages/airflow/example_dags/tutorial.py
[2023-12-20T20:28:47.324+0000] {processor.py:829} INFO - Processing file /usr/local/lib/python3.10/dist-packages/airflow/example_dags/tutorial.py for tasks to queue
[2023-12-20T20:28:47.325+0000] {logging_mixin.py:154} INFO - [2023-12-20T20:28:47.325+0000] {dagbag.py:536} INFO - Filling up the DagBag from /usr/local/lib/python3.10/dist-packages/airflow/example_dags/tutorial.py
[2023-12-20T20:28:47.333+0000] {processor.py:839} INFO - DAG(s) dict_keys(['tutorial']) retrieved from /usr/local/lib/python3.10/dist-packages/airflow/example_dags/tutorial.py
[2023-12-20T20:28:47.347+0000] {logging_mixin.py:154} INFO - [2023-12-20T20:28:47.347+0000] {dag.py:2941} INFO - Sync 1 DAGs
[2023-12-20T20:28:47.366+0000] {logging_mixin.py:154} INFO - [2023-12-20T20:28:47.366+0000] {dag.py:3722} INFO - Setting next_dagrun for tutorial to 2023-12-19T20:28:47.366295+00:00, run_after=2023-12-20T20:28:47.366295+00:00
[2023-12-20T20:28:47.390+0000] {processor.py:179} INFO - Processing /usr/local/lib/python3.10/dist-packages/airflow/example_dags/tutorial.py took 0.070 seconds
[2023-12-20T20:31:33.156+0000] {processor.py:157} INFO - Started process (PID=1656) to work on /usr/local/lib/python3.10/dist-packages/airflow/example_dags/tutorial.py
[2023-12-20T20:31:33.157+0000] {processor.py:829} INFO - Processing file /usr/local/lib/python3.10/dist-packages/airflow/example_dags/tutorial.py for tasks to queue
[2023-12-20T20:31:33.160+0000] {logging_mixin.py:154} INFO - [2023-12-20T20:31:33.159+0000] {dagbag.py:536} INFO - Filling up the DagBag from /usr/local/lib/python3.10/dist-packages/airflow/example_dags/tutorial.py
[2023-12-20T20:31:33.168+0000] {processor.py:839} INFO - DAG(s) dict_keys(['tutorial']) retrieved from /usr/local/lib/python3.10/dist-packages/airflow/example_dags/tutorial.py
[2023-12-20T20:31:33.184+0000] {logging_mixin.py:154} INFO - [2023-12-20T20:31:33.184+0000] {dag.py:2941} INFO - Sync 1 DAGs
[2023-12-20T20:31:33.368+0000] {logging_mixin.py:154} INFO - [2023-12-20T20:31:33.367+0000] {dag.py:3722} INFO - Setting next_dagrun for tutorial to 2023-12-19T20:31:33.367668+00:00, run_after=2023-12-20T20:31:33.367668+00:00
[2023-12-20T20:31:33.410+0000] {processor.py:179} INFO - Processing /usr/local/lib/python3.10/dist-packages/airflow/example_dags/tutorial.py took 0.257 seconds
[2023-12-20T20:34:58.637+0000] {processor.py:157} INFO - Started process (PID=1925) to work on /usr/local/lib/python3.10/dist-packages/airflow/example_dags/tutorial.py
[2023-12-20T20:34:58.638+0000] {processor.py:829} INFO - Processing file /usr/local/lib/python3.10/dist-packages/airflow/example_dags/tutorial.py for tasks to queue
[2023-12-20T20:34:58.639+0000] {logging_mixin.py:154} INFO - [2023-12-20T20:34:58.638+0000] {dagbag.py:536} INFO - Filling up the DagBag from /usr/local/lib/python3.10/dist-packages/airflow/example_dags/tutorial.py
[2023-12-20T20:34:58.647+0000] {processor.py:839} INFO - DAG(s) dict_keys(['tutorial']) retrieved from /usr/local/lib/python3.10/dist-packages/airflow/example_dags/tutorial.py
[2023-12-20T20:34:58.809+0000] {logging_mixin.py:154} INFO - [2023-12-20T20:34:58.809+0000] {dag.py:2941} INFO - Sync 1 DAGs
[2023-12-20T20:34:58.827+0000] {logging_mixin.py:154} INFO - [2023-12-20T20:34:58.827+0000] {dag.py:3722} INFO - Setting next_dagrun for tutorial to 2023-12-19T20:34:58.827234+00:00, run_after=2023-12-20T20:34:58.827234+00:00
[2023-12-20T20:34:58.847+0000] {processor.py:179} INFO - Processing /usr/local/lib/python3.10/dist-packages/airflow/example_dags/tutorial.py took 0.214 seconds
[2023-12-20T20:38:19.773+0000] {processor.py:157} INFO - Started process (PID=2189) to work on /usr/local/lib/python3.10/dist-packages/airflow/example_dags/tutorial.py
[2023-12-20T20:38:19.775+0000] {processor.py:829} INFO - Processing file /usr/local/lib/python3.10/dist-packages/airflow/example_dags/tutorial.py for tasks to queue
[2023-12-20T20:38:19.776+0000] {logging_mixin.py:154} INFO - [2023-12-20T20:38:19.775+0000] {dagbag.py:536} INFO - Filling up the DagBag from /usr/local/lib/python3.10/dist-packages/airflow/example_dags/tutorial.py
[2023-12-20T20:38:19.784+0000] {processor.py:839} INFO - DAG(s) dict_keys(['tutorial']) retrieved from /usr/local/lib/python3.10/dist-packages/airflow/example_dags/tutorial.py
[2023-12-20T20:38:19.821+0000] {logging_mixin.py:154} INFO - [2023-12-20T20:38:19.820+0000] {dag.py:2941} INFO - Sync 1 DAGs
[2023-12-20T20:38:19.850+0000] {logging_mixin.py:154} INFO - [2023-12-20T20:38:19.850+0000] {dag.py:3722} INFO - Setting next_dagrun for tutorial to 2023-12-19T20:38:19.849839+00:00, run_after=2023-12-20T20:38:19.849839+00:00
[2023-12-20T20:38:19.872+0000] {processor.py:179} INFO - Processing /usr/local/lib/python3.10/dist-packages/airflow/example_dags/tutorial.py took 0.103 seconds
[2023-12-20T20:41:48.799+0000] {processor.py:157} INFO - Started process (PID=2446) to work on /usr/local/lib/python3.10/dist-packages/airflow/example_dags/tutorial.py
[2023-12-20T20:41:48.834+0000] {processor.py:829} INFO - Processing file /usr/local/lib/python3.10/dist-packages/airflow/example_dags/tutorial.py for tasks to queue
[2023-12-20T20:41:48.835+0000] {logging_mixin.py:154} INFO - [2023-12-20T20:41:48.835+0000] {dagbag.py:536} INFO - Filling up the DagBag from /usr/local/lib/python3.10/dist-packages/airflow/example_dags/tutorial.py
[2023-12-20T20:41:48.842+0000] {processor.py:839} INFO - DAG(s) dict_keys(['tutorial']) retrieved from /usr/local/lib/python3.10/dist-packages/airflow/example_dags/tutorial.py
[2023-12-20T20:41:48.862+0000] {logging_mixin.py:154} INFO - [2023-12-20T20:41:48.862+0000] {dag.py:2941} INFO - Sync 1 DAGs
[2023-12-20T20:41:48.888+0000] {logging_mixin.py:154} INFO - [2023-12-20T20:41:48.888+0000] {dag.py:3722} INFO - Setting next_dagrun for tutorial to 2023-12-19T20:41:48.888187+00:00, run_after=2023-12-20T20:41:48.888187+00:00
[2023-12-20T20:41:48.910+0000] {processor.py:179} INFO - Processing /usr/local/lib/python3.10/dist-packages/airflow/example_dags/tutorial.py took 0.115 seconds
[2023-12-20T20:44:56.727+0000] {processor.py:157} INFO - Started process (PID=2674) to work on /usr/local/lib/python3.10/dist-packages/airflow/example_dags/tutorial.py
[2023-12-20T20:44:56.729+0000] {processor.py:829} INFO - Processing file /usr/local/lib/python3.10/dist-packages/airflow/example_dags/tutorial.py for tasks to queue
[2023-12-20T20:44:56.730+0000] {logging_mixin.py:154} INFO - [2023-12-20T20:44:56.729+0000] {dagbag.py:536} INFO - Filling up the DagBag from /usr/local/lib/python3.10/dist-packages/airflow/example_dags/tutorial.py
[2023-12-20T20:44:56.740+0000] {processor.py:839} INFO - DAG(s) dict_keys(['tutorial']) retrieved from /usr/local/lib/python3.10/dist-packages/airflow/example_dags/tutorial.py
[2023-12-20T20:44:56.763+0000] {logging_mixin.py:154} INFO - [2023-12-20T20:44:56.762+0000] {dag.py:2941} INFO - Sync 1 DAGs
[2023-12-20T20:44:56.789+0000] {logging_mixin.py:154} INFO - [2023-12-20T20:44:56.789+0000] {dag.py:3722} INFO - Setting next_dagrun for tutorial to 2023-12-19T20:44:56.789485+00:00, run_after=2023-12-20T20:44:56.789485+00:00
[2023-12-20T20:44:56.823+0000] {processor.py:179} INFO - Processing /usr/local/lib/python3.10/dist-packages/airflow/example_dags/tutorial.py took 0.103 seconds
[2023-12-20T20:47:47.551+0000] {processor.py:157} INFO - Started process (PID=2871) to work on /usr/local/lib/python3.10/dist-packages/airflow/example_dags/tutorial.py
[2023-12-20T20:47:47.553+0000] {processor.py:829} INFO - Processing file /usr/local/lib/python3.10/dist-packages/airflow/example_dags/tutorial.py for tasks to queue
[2023-12-20T20:47:47.554+0000] {logging_mixin.py:154} INFO - [2023-12-20T20:47:47.553+0000] {dagbag.py:536} INFO - Filling up the DagBag from /usr/local/lib/python3.10/dist-packages/airflow/example_dags/tutorial.py
[2023-12-20T20:47:47.563+0000] {processor.py:839} INFO - DAG(s) dict_keys(['tutorial']) retrieved from /usr/local/lib/python3.10/dist-packages/airflow/example_dags/tutorial.py
[2023-12-20T20:47:47.595+0000] {logging_mixin.py:154} INFO - [2023-12-20T20:47:47.594+0000] {dag.py:2941} INFO - Sync 1 DAGs
[2023-12-20T20:47:47.631+0000] {logging_mixin.py:154} INFO - [2023-12-20T20:47:47.631+0000] {dag.py:3722} INFO - Setting next_dagrun for tutorial to 2023-12-19T20:47:47.631280+00:00, run_after=2023-12-20T20:47:47.631280+00:00
[2023-12-20T20:47:47.664+0000] {processor.py:179} INFO - Processing /usr/local/lib/python3.10/dist-packages/airflow/example_dags/tutorial.py took 0.119 seconds
[2023-12-20T20:50:31.464+0000] {processor.py:157} INFO - Started process (PID=3071) to work on /usr/local/lib/python3.10/dist-packages/airflow/example_dags/tutorial.py
[2023-12-20T20:50:31.465+0000] {processor.py:829} INFO - Processing file /usr/local/lib/python3.10/dist-packages/airflow/example_dags/tutorial.py for tasks to queue
[2023-12-20T20:50:31.466+0000] {logging_mixin.py:154} INFO - [2023-12-20T20:50:31.466+0000] {dagbag.py:536} INFO - Filling up the DagBag from /usr/local/lib/python3.10/dist-packages/airflow/example_dags/tutorial.py
[2023-12-20T20:50:31.473+0000] {processor.py:839} INFO - DAG(s) dict_keys(['tutorial']) retrieved from /usr/local/lib/python3.10/dist-packages/airflow/example_dags/tutorial.py
[2023-12-20T20:50:31.488+0000] {logging_mixin.py:154} INFO - [2023-12-20T20:50:31.488+0000] {dag.py:2941} INFO - Sync 1 DAGs
[2023-12-20T20:50:31.506+0000] {logging_mixin.py:154} INFO - [2023-12-20T20:50:31.506+0000] {dag.py:3722} INFO - Setting next_dagrun for tutorial to 2023-12-19T20:50:31.506448+00:00, run_after=2023-12-20T20:50:31.506448+00:00
[2023-12-20T20:50:31.542+0000] {processor.py:179} INFO - Processing /usr/local/lib/python3.10/dist-packages/airflow/example_dags/tutorial.py took 0.081 seconds
[2023-12-20T20:54:18.687+0000] {processor.py:157} INFO - Started process (PID=10309) to work on /usr/local/lib/python3.10/dist-packages/airflow/example_dags/tutorial.py
[2023-12-20T20:54:18.689+0000] {processor.py:829} INFO - Processing file /usr/local/lib/python3.10/dist-packages/airflow/example_dags/tutorial.py for tasks to queue
[2023-12-20T20:54:18.690+0000] {logging_mixin.py:154} INFO - [2023-12-20T20:54:18.689+0000] {dagbag.py:536} INFO - Filling up the DagBag from /usr/local/lib/python3.10/dist-packages/airflow/example_dags/tutorial.py
[2023-12-20T20:54:18.701+0000] {processor.py:839} INFO - DAG(s) dict_keys(['tutorial']) retrieved from /usr/local/lib/python3.10/dist-packages/airflow/example_dags/tutorial.py
[2023-12-20T20:54:18.731+0000] {logging_mixin.py:154} INFO - [2023-12-20T20:54:18.731+0000] {dag.py:2941} INFO - Sync 1 DAGs
[2023-12-20T20:54:18.771+0000] {logging_mixin.py:154} INFO - [2023-12-20T20:54:18.770+0000] {dag.py:3722} INFO - Setting next_dagrun for tutorial to 2023-12-19T20:54:18.770276+00:00, run_after=2023-12-20T20:54:18.770276+00:00
[2023-12-20T20:54:18.804+0000] {processor.py:179} INFO - Processing /usr/local/lib/python3.10/dist-packages/airflow/example_dags/tutorial.py took 0.125 seconds
[2023-12-20T20:57:23.883+0000] {processor.py:157} INFO - Started process (PID=20295) to work on /usr/local/lib/python3.10/dist-packages/airflow/example_dags/tutorial.py
[2023-12-20T20:57:23.885+0000] {processor.py:829} INFO - Processing file /usr/local/lib/python3.10/dist-packages/airflow/example_dags/tutorial.py for tasks to queue
[2023-12-20T20:57:23.886+0000] {logging_mixin.py:154} INFO - [2023-12-20T20:57:23.885+0000] {dagbag.py:536} INFO - Filling up the DagBag from /usr/local/lib/python3.10/dist-packages/airflow/example_dags/tutorial.py
[2023-12-20T20:57:23.895+0000] {processor.py:839} INFO - DAG(s) dict_keys(['tutorial']) retrieved from /usr/local/lib/python3.10/dist-packages/airflow/example_dags/tutorial.py
[2023-12-20T20:57:23.914+0000] {logging_mixin.py:154} INFO - [2023-12-20T20:57:23.914+0000] {dag.py:2941} INFO - Sync 1 DAGs
[2023-12-20T20:57:23.940+0000] {logging_mixin.py:154} INFO - [2023-12-20T20:57:23.940+0000] {dag.py:3722} INFO - Setting next_dagrun for tutorial to 2023-12-19T20:57:23.939864+00:00, run_after=2023-12-20T20:57:23.939864+00:00
[2023-12-20T20:57:23.971+0000] {processor.py:179} INFO - Processing /usr/local/lib/python3.10/dist-packages/airflow/example_dags/tutorial.py took 0.092 seconds
[2023-12-20T20:59:32.054+0000] {processor.py:157} INFO - Started process (PID=20491) to work on /usr/local/lib/python3.10/dist-packages/airflow/example_dags/tutorial.py
[2023-12-20T20:59:32.056+0000] {processor.py:829} INFO - Processing file /usr/local/lib/python3.10/dist-packages/airflow/example_dags/tutorial.py for tasks to queue
[2023-12-20T20:59:32.057+0000] {logging_mixin.py:154} INFO - [2023-12-20T20:59:32.057+0000] {dagbag.py:536} INFO - Filling up the DagBag from /usr/local/lib/python3.10/dist-packages/airflow/example_dags/tutorial.py
[2023-12-20T20:59:32.064+0000] {processor.py:839} INFO - DAG(s) dict_keys(['tutorial']) retrieved from /usr/local/lib/python3.10/dist-packages/airflow/example_dags/tutorial.py
[2023-12-20T20:59:32.078+0000] {logging_mixin.py:154} INFO - [2023-12-20T20:59:32.078+0000] {dag.py:2941} INFO - Sync 1 DAGs
[2023-12-20T20:59:32.095+0000] {logging_mixin.py:154} INFO - [2023-12-20T20:59:32.094+0000] {dag.py:3722} INFO - Setting next_dagrun for tutorial to 2023-12-19T20:59:32.094690+00:00, run_after=2023-12-20T20:59:32.094690+00:00
[2023-12-20T20:59:32.118+0000] {processor.py:179} INFO - Processing /usr/local/lib/python3.10/dist-packages/airflow/example_dags/tutorial.py took 0.067 seconds
[2023-12-20T21:01:34.939+0000] {processor.py:157} INFO - Started process (PID=20663) to work on /usr/local/lib/python3.10/dist-packages/airflow/example_dags/tutorial.py
[2023-12-20T21:01:34.941+0000] {processor.py:829} INFO - Processing file /usr/local/lib/python3.10/dist-packages/airflow/example_dags/tutorial.py for tasks to queue
[2023-12-20T21:01:34.942+0000] {logging_mixin.py:154} INFO - [2023-12-20T21:01:34.942+0000] {dagbag.py:536} INFO - Filling up the DagBag from /usr/local/lib/python3.10/dist-packages/airflow/example_dags/tutorial.py
[2023-12-20T21:01:34.949+0000] {processor.py:839} INFO - DAG(s) dict_keys(['tutorial']) retrieved from /usr/local/lib/python3.10/dist-packages/airflow/example_dags/tutorial.py
[2023-12-20T21:01:34.969+0000] {logging_mixin.py:154} INFO - [2023-12-20T21:01:34.969+0000] {dag.py:2941} INFO - Sync 1 DAGs
[2023-12-20T21:01:34.993+0000] {logging_mixin.py:154} INFO - [2023-12-20T21:01:34.993+0000] {dag.py:3722} INFO - Setting next_dagrun for tutorial to 2023-12-19T21:01:34.992972+00:00, run_after=2023-12-20T21:01:34.992972+00:00
[2023-12-20T21:01:35.019+0000] {processor.py:179} INFO - Processing /usr/local/lib/python3.10/dist-packages/airflow/example_dags/tutorial.py took 0.083 seconds
[2023-12-20T21:03:29.128+0000] {processor.py:157} INFO - Started process (PID=20826) to work on /usr/local/lib/python3.10/dist-packages/airflow/example_dags/tutorial.py
[2023-12-20T21:03:29.130+0000] {processor.py:829} INFO - Processing file /usr/local/lib/python3.10/dist-packages/airflow/example_dags/tutorial.py for tasks to queue
[2023-12-20T21:03:29.130+0000] {logging_mixin.py:154} INFO - [2023-12-20T21:03:29.130+0000] {dagbag.py:536} INFO - Filling up the DagBag from /usr/local/lib/python3.10/dist-packages/airflow/example_dags/tutorial.py
[2023-12-20T21:03:29.137+0000] {processor.py:839} INFO - DAG(s) dict_keys(['tutorial']) retrieved from /usr/local/lib/python3.10/dist-packages/airflow/example_dags/tutorial.py
[2023-12-20T21:03:29.152+0000] {logging_mixin.py:154} INFO - [2023-12-20T21:03:29.152+0000] {dag.py:2941} INFO - Sync 1 DAGs
[2023-12-20T21:03:29.171+0000] {logging_mixin.py:154} INFO - [2023-12-20T21:03:29.171+0000] {dag.py:3722} INFO - Setting next_dagrun for tutorial to 2023-12-19T21:03:29.171575+00:00, run_after=2023-12-20T21:03:29.171575+00:00
[2023-12-20T21:03:29.192+0000] {processor.py:179} INFO - Processing /usr/local/lib/python3.10/dist-packages/airflow/example_dags/tutorial.py took 0.066 seconds
[2023-12-20T21:05:28.306+0000] {processor.py:157} INFO - Started process (PID=20996) to work on /usr/local/lib/python3.10/dist-packages/airflow/example_dags/tutorial.py
[2023-12-20T21:05:28.307+0000] {processor.py:829} INFO - Processing file /usr/local/lib/python3.10/dist-packages/airflow/example_dags/tutorial.py for tasks to queue
[2023-12-20T21:05:28.308+0000] {logging_mixin.py:154} INFO - [2023-12-20T21:05:28.308+0000] {dagbag.py:536} INFO - Filling up the DagBag from /usr/local/lib/python3.10/dist-packages/airflow/example_dags/tutorial.py
[2023-12-20T21:05:28.315+0000] {processor.py:839} INFO - DAG(s) dict_keys(['tutorial']) retrieved from /usr/local/lib/python3.10/dist-packages/airflow/example_dags/tutorial.py
[2023-12-20T21:05:28.330+0000] {logging_mixin.py:154} INFO - [2023-12-20T21:05:28.330+0000] {dag.py:2941} INFO - Sync 1 DAGs
[2023-12-20T21:05:28.352+0000] {logging_mixin.py:154} INFO - [2023-12-20T21:05:28.351+0000] {dag.py:3722} INFO - Setting next_dagrun for tutorial to 2023-12-19T21:05:28.351728+00:00, run_after=2023-12-20T21:05:28.351728+00:00
[2023-12-20T21:05:28.372+0000] {processor.py:179} INFO - Processing /usr/local/lib/python3.10/dist-packages/airflow/example_dags/tutorial.py took 0.069 seconds
[2023-12-20T21:07:20.239+0000] {processor.py:157} INFO - Started process (PID=21155) to work on /usr/local/lib/python3.10/dist-packages/airflow/example_dags/tutorial.py
[2023-12-20T21:07:20.241+0000] {processor.py:829} INFO - Processing file /usr/local/lib/python3.10/dist-packages/airflow/example_dags/tutorial.py for tasks to queue
[2023-12-20T21:07:20.242+0000] {logging_mixin.py:154} INFO - [2023-12-20T21:07:20.242+0000] {dagbag.py:536} INFO - Filling up the DagBag from /usr/local/lib/python3.10/dist-packages/airflow/example_dags/tutorial.py
[2023-12-20T21:07:20.249+0000] {processor.py:839} INFO - DAG(s) dict_keys(['tutorial']) retrieved from /usr/local/lib/python3.10/dist-packages/airflow/example_dags/tutorial.py
[2023-12-20T21:07:20.263+0000] {logging_mixin.py:154} INFO - [2023-12-20T21:07:20.263+0000] {dag.py:2941} INFO - Sync 1 DAGs
[2023-12-20T21:07:20.281+0000] {logging_mixin.py:154} INFO - [2023-12-20T21:07:20.281+0000] {dag.py:3722} INFO - Setting next_dagrun for tutorial to 2023-12-19T21:07:20.280956+00:00, run_after=2023-12-20T21:07:20.280956+00:00
[2023-12-20T21:07:20.302+0000] {processor.py:179} INFO - Processing /usr/local/lib/python3.10/dist-packages/airflow/example_dags/tutorial.py took 0.066 seconds
[2023-12-20T21:09:17.969+0000] {processor.py:157} INFO - Started process (PID=21338) to work on /usr/local/lib/python3.10/dist-packages/airflow/example_dags/tutorial.py
[2023-12-20T21:09:17.991+0000] {processor.py:829} INFO - Processing file /usr/local/lib/python3.10/dist-packages/airflow/example_dags/tutorial.py for tasks to queue
[2023-12-20T21:09:17.993+0000] {logging_mixin.py:154} INFO - [2023-12-20T21:09:17.991+0000] {dagbag.py:536} INFO - Filling up the DagBag from /usr/local/lib/python3.10/dist-packages/airflow/example_dags/tutorial.py
[2023-12-20T21:09:18.001+0000] {processor.py:839} INFO - DAG(s) dict_keys(['tutorial']) retrieved from /usr/local/lib/python3.10/dist-packages/airflow/example_dags/tutorial.py
[2023-12-20T21:09:18.016+0000] {logging_mixin.py:154} INFO - [2023-12-20T21:09:18.016+0000] {dag.py:2941} INFO - Sync 1 DAGs
[2023-12-20T21:09:18.038+0000] {logging_mixin.py:154} INFO - [2023-12-20T21:09:18.038+0000] {dag.py:3722} INFO - Setting next_dagrun for tutorial to 2023-12-19T21:09:18.037951+00:00, run_after=2023-12-20T21:09:18.037951+00:00
[2023-12-20T21:09:18.062+0000] {processor.py:179} INFO - Processing /usr/local/lib/python3.10/dist-packages/airflow/example_dags/tutorial.py took 0.096 seconds
[2023-12-20T21:11:09.183+0000] {processor.py:157} INFO - Started process (PID=21501) to work on /usr/local/lib/python3.10/dist-packages/airflow/example_dags/tutorial.py
[2023-12-20T21:11:09.184+0000] {processor.py:829} INFO - Processing file /usr/local/lib/python3.10/dist-packages/airflow/example_dags/tutorial.py for tasks to queue
[2023-12-20T21:11:09.185+0000] {logging_mixin.py:154} INFO - [2023-12-20T21:11:09.185+0000] {dagbag.py:536} INFO - Filling up the DagBag from /usr/local/lib/python3.10/dist-packages/airflow/example_dags/tutorial.py
[2023-12-20T21:11:09.193+0000] {processor.py:839} INFO - DAG(s) dict_keys(['tutorial']) retrieved from /usr/local/lib/python3.10/dist-packages/airflow/example_dags/tutorial.py
[2023-12-20T21:11:09.209+0000] {logging_mixin.py:154} INFO - [2023-12-20T21:11:09.209+0000] {dag.py:2941} INFO - Sync 1 DAGs
[2023-12-20T21:11:09.231+0000] {logging_mixin.py:154} INFO - [2023-12-20T21:11:09.231+0000] {dag.py:3722} INFO - Setting next_dagrun for tutorial to 2023-12-19T21:11:09.231323+00:00, run_after=2023-12-20T21:11:09.231323+00:00
[2023-12-20T21:11:09.256+0000] {processor.py:179} INFO - Processing /usr/local/lib/python3.10/dist-packages/airflow/example_dags/tutorial.py took 0.077 seconds
[2023-12-20T21:13:07.351+0000] {processor.py:157} INFO - Started process (PID=21675) to work on /usr/local/lib/python3.10/dist-packages/airflow/example_dags/tutorial.py
[2023-12-20T21:13:07.352+0000] {processor.py:829} INFO - Processing file /usr/local/lib/python3.10/dist-packages/airflow/example_dags/tutorial.py for tasks to queue
[2023-12-20T21:13:07.353+0000] {logging_mixin.py:154} INFO - [2023-12-20T21:13:07.353+0000] {dagbag.py:536} INFO - Filling up the DagBag from /usr/local/lib/python3.10/dist-packages/airflow/example_dags/tutorial.py
[2023-12-20T21:13:07.361+0000] {processor.py:839} INFO - DAG(s) dict_keys(['tutorial']) retrieved from /usr/local/lib/python3.10/dist-packages/airflow/example_dags/tutorial.py
[2023-12-20T21:13:07.378+0000] {logging_mixin.py:154} INFO - [2023-12-20T21:13:07.378+0000] {dag.py:2941} INFO - Sync 1 DAGs
[2023-12-20T21:13:07.400+0000] {logging_mixin.py:154} INFO - [2023-12-20T21:13:07.399+0000] {dag.py:3722} INFO - Setting next_dagrun for tutorial to 2023-12-19T21:13:07.399650+00:00, run_after=2023-12-20T21:13:07.399650+00:00
[2023-12-20T21:13:07.430+0000] {processor.py:179} INFO - Processing /usr/local/lib/python3.10/dist-packages/airflow/example_dags/tutorial.py took 0.083 seconds
[2023-12-20T21:14:57.791+0000] {processor.py:157} INFO - Started process (PID=21835) to work on /usr/local/lib/python3.10/dist-packages/airflow/example_dags/tutorial.py
[2023-12-20T21:14:57.792+0000] {processor.py:829} INFO - Processing file /usr/local/lib/python3.10/dist-packages/airflow/example_dags/tutorial.py for tasks to queue
[2023-12-20T21:14:57.793+0000] {logging_mixin.py:154} INFO - [2023-12-20T21:14:57.793+0000] {dagbag.py:536} INFO - Filling up the DagBag from /usr/local/lib/python3.10/dist-packages/airflow/example_dags/tutorial.py
[2023-12-20T21:14:57.799+0000] {processor.py:839} INFO - DAG(s) dict_keys(['tutorial']) retrieved from /usr/local/lib/python3.10/dist-packages/airflow/example_dags/tutorial.py
[2023-12-20T21:14:57.813+0000] {logging_mixin.py:154} INFO - [2023-12-20T21:14:57.813+0000] {dag.py:2941} INFO - Sync 1 DAGs
[2023-12-20T21:14:57.830+0000] {logging_mixin.py:154} INFO - [2023-12-20T21:14:57.830+0000] {dag.py:3722} INFO - Setting next_dagrun for tutorial to 2023-12-19T21:14:57.830212+00:00, run_after=2023-12-20T21:14:57.830212+00:00
[2023-12-20T21:14:57.851+0000] {processor.py:179} INFO - Processing /usr/local/lib/python3.10/dist-packages/airflow/example_dags/tutorial.py took 0.063 seconds
[2023-12-20T21:16:56.936+0000] {processor.py:157} INFO - Started process (PID=22005) to work on /usr/local/lib/python3.10/dist-packages/airflow/example_dags/tutorial.py
[2023-12-20T21:16:56.937+0000] {processor.py:829} INFO - Processing file /usr/local/lib/python3.10/dist-packages/airflow/example_dags/tutorial.py for tasks to queue
[2023-12-20T21:16:56.938+0000] {logging_mixin.py:154} INFO - [2023-12-20T21:16:56.938+0000] {dagbag.py:536} INFO - Filling up the DagBag from /usr/local/lib/python3.10/dist-packages/airflow/example_dags/tutorial.py
[2023-12-20T21:16:56.945+0000] {processor.py:839} INFO - DAG(s) dict_keys(['tutorial']) retrieved from /usr/local/lib/python3.10/dist-packages/airflow/example_dags/tutorial.py
[2023-12-20T21:16:56.958+0000] {logging_mixin.py:154} INFO - [2023-12-20T21:16:56.958+0000] {dag.py:2941} INFO - Sync 1 DAGs
[2023-12-20T21:16:56.975+0000] {logging_mixin.py:154} INFO - [2023-12-20T21:16:56.975+0000] {dag.py:3722} INFO - Setting next_dagrun for tutorial to 2023-12-19T21:16:56.975008+00:00, run_after=2023-12-20T21:16:56.975008+00:00
[2023-12-20T21:16:56.994+0000] {processor.py:179} INFO - Processing /usr/local/lib/python3.10/dist-packages/airflow/example_dags/tutorial.py took 0.061 seconds
[2023-12-20T21:18:49.052+0000] {processor.py:157} INFO - Started process (PID=22168) to work on /usr/local/lib/python3.10/dist-packages/airflow/example_dags/tutorial.py
[2023-12-20T21:18:49.054+0000] {processor.py:829} INFO - Processing file /usr/local/lib/python3.10/dist-packages/airflow/example_dags/tutorial.py for tasks to queue
[2023-12-20T21:18:49.054+0000] {logging_mixin.py:154} INFO - [2023-12-20T21:18:49.054+0000] {dagbag.py:536} INFO - Filling up the DagBag from /usr/local/lib/python3.10/dist-packages/airflow/example_dags/tutorial.py
[2023-12-20T21:18:49.062+0000] {processor.py:839} INFO - DAG(s) dict_keys(['tutorial']) retrieved from /usr/local/lib/python3.10/dist-packages/airflow/example_dags/tutorial.py
[2023-12-20T21:18:49.077+0000] {logging_mixin.py:154} INFO - [2023-12-20T21:18:49.076+0000] {dag.py:2941} INFO - Sync 1 DAGs
[2023-12-20T21:18:49.096+0000] {logging_mixin.py:154} INFO - [2023-12-20T21:18:49.096+0000] {dag.py:3722} INFO - Setting next_dagrun for tutorial to 2023-12-19T21:18:49.096479+00:00, run_after=2023-12-20T21:18:49.096479+00:00
[2023-12-20T21:18:49.116+0000] {processor.py:179} INFO - Processing /usr/local/lib/python3.10/dist-packages/airflow/example_dags/tutorial.py took 0.067 seconds
[2023-12-20T21:20:48.643+0000] {processor.py:157} INFO - Started process (PID=22338) to work on /usr/local/lib/python3.10/dist-packages/airflow/example_dags/tutorial.py
[2023-12-20T21:20:48.645+0000] {processor.py:829} INFO - Processing file /usr/local/lib/python3.10/dist-packages/airflow/example_dags/tutorial.py for tasks to queue
[2023-12-20T21:20:48.646+0000] {logging_mixin.py:154} INFO - [2023-12-20T21:20:48.645+0000] {dagbag.py:536} INFO - Filling up the DagBag from /usr/local/lib/python3.10/dist-packages/airflow/example_dags/tutorial.py
[2023-12-20T21:20:48.654+0000] {processor.py:839} INFO - DAG(s) dict_keys(['tutorial']) retrieved from /usr/local/lib/python3.10/dist-packages/airflow/example_dags/tutorial.py
[2023-12-20T21:20:48.672+0000] {logging_mixin.py:154} INFO - [2023-12-20T21:20:48.672+0000] {dag.py:2941} INFO - Sync 1 DAGs
[2023-12-20T21:20:48.696+0000] {logging_mixin.py:154} INFO - [2023-12-20T21:20:48.696+0000] {dag.py:3722} INFO - Setting next_dagrun for tutorial to 2023-12-19T21:20:48.695689+00:00, run_after=2023-12-20T21:20:48.695689+00:00
[2023-12-20T21:20:48.722+0000] {processor.py:179} INFO - Processing /usr/local/lib/python3.10/dist-packages/airflow/example_dags/tutorial.py took 0.083 seconds
[2023-12-20T21:22:42.723+0000] {processor.py:157} INFO - Started process (PID=22499) to work on /usr/local/lib/python3.10/dist-packages/airflow/example_dags/tutorial.py
[2023-12-20T21:22:42.724+0000] {processor.py:829} INFO - Processing file /usr/local/lib/python3.10/dist-packages/airflow/example_dags/tutorial.py for tasks to queue
[2023-12-20T21:22:42.725+0000] {logging_mixin.py:154} INFO - [2023-12-20T21:22:42.725+0000] {dagbag.py:536} INFO - Filling up the DagBag from /usr/local/lib/python3.10/dist-packages/airflow/example_dags/tutorial.py
[2023-12-20T21:22:42.732+0000] {processor.py:839} INFO - DAG(s) dict_keys(['tutorial']) retrieved from /usr/local/lib/python3.10/dist-packages/airflow/example_dags/tutorial.py
[2023-12-20T21:22:42.759+0000] {logging_mixin.py:154} INFO - [2023-12-20T21:22:42.757+0000] {dag.py:2941} INFO - Sync 1 DAGs
[2023-12-20T21:22:42.790+0000] {logging_mixin.py:154} INFO - [2023-12-20T21:22:42.790+0000] {dag.py:3722} INFO - Setting next_dagrun for tutorial to 2023-12-19T21:22:42.788056+00:00, run_after=2023-12-20T21:22:42.788056+00:00
[2023-12-20T21:22:42.838+0000] {processor.py:179} INFO - Processing /usr/local/lib/python3.10/dist-packages/airflow/example_dags/tutorial.py took 0.119 seconds
[2023-12-20T21:25:13.295+0000] {processor.py:157} INFO - Started process (PID=22670) to work on /usr/local/lib/python3.10/dist-packages/airflow/example_dags/tutorial.py
[2023-12-20T21:25:13.298+0000] {processor.py:829} INFO - Processing file /usr/local/lib/python3.10/dist-packages/airflow/example_dags/tutorial.py for tasks to queue
[2023-12-20T21:25:13.301+0000] {logging_mixin.py:154} INFO - [2023-12-20T21:25:13.298+0000] {dagbag.py:536} INFO - Filling up the DagBag from /usr/local/lib/python3.10/dist-packages/airflow/example_dags/tutorial.py
[2023-12-20T21:25:13.312+0000] {processor.py:839} INFO - DAG(s) dict_keys(['tutorial']) retrieved from /usr/local/lib/python3.10/dist-packages/airflow/example_dags/tutorial.py
[2023-12-20T21:25:13.373+0000] {logging_mixin.py:154} INFO - [2023-12-20T21:25:13.373+0000] {dag.py:2941} INFO - Sync 1 DAGs
[2023-12-20T21:25:13.405+0000] {logging_mixin.py:154} INFO - [2023-12-20T21:25:13.404+0000] {dag.py:3722} INFO - Setting next_dagrun for tutorial to 2023-12-19T21:25:13.404678+00:00, run_after=2023-12-20T21:25:13.404678+00:00
[2023-12-20T21:25:13.462+0000] {processor.py:179} INFO - Processing /usr/local/lib/python3.10/dist-packages/airflow/example_dags/tutorial.py took 0.172 seconds
[2023-12-20T21:29:43.000+0000] {processor.py:157} INFO - Started process (PID=22854) to work on /usr/local/lib/python3.10/dist-packages/airflow/example_dags/tutorial.py
[2023-12-20T21:29:43.002+0000] {processor.py:829} INFO - Processing file /usr/local/lib/python3.10/dist-packages/airflow/example_dags/tutorial.py for tasks to queue
[2023-12-20T21:29:43.045+0000] {logging_mixin.py:154} INFO - [2023-12-20T21:29:43.045+0000] {dagbag.py:536} INFO - Filling up the DagBag from /usr/local/lib/python3.10/dist-packages/airflow/example_dags/tutorial.py
[2023-12-20T21:29:43.057+0000] {processor.py:839} INFO - DAG(s) dict_keys(['tutorial']) retrieved from /usr/local/lib/python3.10/dist-packages/airflow/example_dags/tutorial.py
[2023-12-20T21:29:43.082+0000] {logging_mixin.py:154} INFO - [2023-12-20T21:29:43.082+0000] {dag.py:2941} INFO - Sync 1 DAGs
[2023-12-20T21:29:43.141+0000] {logging_mixin.py:154} INFO - [2023-12-20T21:29:43.141+0000] {dag.py:3722} INFO - Setting next_dagrun for tutorial to 2023-12-19T21:29:43.141435+00:00, run_after=2023-12-20T21:29:43.141435+00:00
[2023-12-20T21:29:43.176+0000] {processor.py:179} INFO - Processing /usr/local/lib/python3.10/dist-packages/airflow/example_dags/tutorial.py took 0.179 seconds
[2023-12-20T21:34:18.735+0000] {processor.py:157} INFO - Started process (PID=23039) to work on /usr/local/lib/python3.10/dist-packages/airflow/example_dags/tutorial.py
[2023-12-20T21:34:18.736+0000] {processor.py:829} INFO - Processing file /usr/local/lib/python3.10/dist-packages/airflow/example_dags/tutorial.py for tasks to queue
[2023-12-20T21:34:18.737+0000] {logging_mixin.py:154} INFO - [2023-12-20T21:34:18.736+0000] {dagbag.py:536} INFO - Filling up the DagBag from /usr/local/lib/python3.10/dist-packages/airflow/example_dags/tutorial.py
[2023-12-20T21:34:18.747+0000] {processor.py:839} INFO - DAG(s) dict_keys(['tutorial']) retrieved from /usr/local/lib/python3.10/dist-packages/airflow/example_dags/tutorial.py
[2023-12-20T21:34:18.809+0000] {logging_mixin.py:154} INFO - [2023-12-20T21:34:18.809+0000] {dag.py:2941} INFO - Sync 1 DAGs
[2023-12-20T21:34:18.855+0000] {logging_mixin.py:154} INFO - [2023-12-20T21:34:18.855+0000] {dag.py:3722} INFO - Setting next_dagrun for tutorial to 2023-12-19T21:34:18.854798+00:00, run_after=2023-12-20T21:34:18.854798+00:00
[2023-12-20T21:34:18.909+0000] {processor.py:179} INFO - Processing /usr/local/lib/python3.10/dist-packages/airflow/example_dags/tutorial.py took 0.178 seconds
